UserWarning: Using SDL2 binaries from pysdl2-dll 2.32.0
[agent] Loaded ROM: /Users/bdougie/code/pcc-labs/autotune/rom/Pokemon - Red Version (USA, Europe) (SGB Enhanced).gb
[agent] Strategy: medium
[agent] Evolve params: {"stuck_threshold": 4, "door_cooldown": 10, "waypoint_skip_distance": 3, "axis_preference_map_0": "y", "bt_max_snapshots": 8, "bt_restore_threshold": 19, "bt_max_attempts": 3, "bt_snapshot_interval": 34, "hp_run_threshold": 0.2, "hp_heal_threshold": 0.15, "unknown_move_score": 10.0, "status_move_score": 0.0}
[agent] Running headless — no display
[17:31:28] Agent starting.
[17:31:28] Loaded save state from /Users/bdougie/code/pcc-labs/autotune/states/route1.state. Skipping intro.
[17:31:28] QUEST | map=12 pos=(10,34) facing=up parcel_quest phase=TO_MART map=12 parcel=False pokedex=False target=pilot-north
[17:31:28] OVERWORLD | Map: 12 | Pos: (10, 34) | Badges: 0 | Party: 1 | Action: up | Stuck: 0 | WP: 0→(10,28)
[17:31:28] BATTLE | Lv3 Rattata (normal) | Player HP: 6/22 | Action: fight
[17:31:28] BATTLE | Lv3 Rattata (normal) | Player HP: 22/22 | Action: fight
[17:31:28] BATTLE | Lv3 Rattata (normal) | Player HP: 19/22 | Action: fight
[17:31:28] BATTLE | Lv3 Rattata (normal) | Player HP: 19/22 | Action: fight
[17:31:28] Battle ended. Won: True. Total wins: 1
[17:31:28] STUCK | Map: 12 | Pos: (15, 28) | Last move: left | Streak: 2
[17:31:28] BATTLE | Lv5 Pidgey (normal/flying) | Player HP: 19/22 | Action: fight
[17:31:28] BATTLE | Lv5 Pidgey (normal/flying) | Player HP: 19/22 | Action: fight
[17:31:28] BATTLE | Lv5 Pidgey (normal/flying) | Player HP: 14/22 | Action: fight
[17:31:28] BATTLE | Lv5 Pidgey (normal/flying) | Player HP: 14/22 | Action: fight
[17:31:28] BATTLE | Lv5 Pidgey (normal/flying) | Player HP: 9/22 | Action: fight
[17:31:28] BATTLE | Lv5 Pidgey (normal/flying) | Player HP: 9/22 | Action: fight
[17:31:28] BATTLE | Lv5 Pidgey (normal/flying) | Player HP: 4/22 | Action: run
[17:31:28] BATTLE | Lv5 Pidgey (normal/flying) | Player HP: 6/24 | Action: fight
[17:31:28] Battle ended. Won: True. Total wins: 2
[17:31:29] LEVEL UP | Lv6 -> Lv7
[17:31:29] STUCK | Map: 12 | Pos: (14, 20) | Last move: left | Streak: 2
[17:31:29] STUCK | Map: 12 | Pos: (8, 20) | Last move: right | Streak: 2
[17:31:29] STUCK | Map: 12 | Pos: (14, 20) | Last move: right | Streak: 5
[17:31:29] OVERWORLD | Map: 12 | Pos: (17, 20) | Badges: 0 | Party: 1 | Action: left | Stuck: 7 | WP: 0→(10,28)
[17:31:29] STUCK | Map: 12 | Pos: (12, 20) | Last move: left | Streak: 10
[17:31:29] STUCK | Map: 12 | Pos: (16, 20) | Last move: right | Streak: 20
[17:31:29] OVERWORLD | Map: 12 | Pos: (6, 20) | Badges: 0 | Party: 1 | Action: right | Stuck: 57 | WP: 0→(10,28)
[17:31:29] OVERWORLD | Map: 12 | Pos: (14, 20) | Badges: 0 | Party: 1 | Action: left | Stuck: 107 | WP: 0→(10,28)
[17:31:29] OVERWORLD | Map: 12 | Pos: (10, 20) | Badges: 0 | Party: 1 | Action: right | Stuck: 157 | WP: 0→(10,28)
[17:31:29] OVERWORLD | Map: 12 | Pos: (10, 20) | Badges: 0 | Party: 1 | Action: left | Stuck: 207 | WP: 0→(10,28)
[17:31:29] OVERWORLD | Map: 12 | Pos: (14, 20) | Badges: 0 | Party: 1 | Action: right | Stuck: 257 | WP: 0→(10,28)
[17:31:30] OVERWORLD | Map: 12 | Pos: (6, 20) | Badges: 0 | Party: 1 | Action: left | Stuck: 307 | WP: 0→(10,28)
[17:31:30] OVERWORLD | Map: 12 | Pos: (17, 20) | Badges: 0 | Party: 1 | Action: left | Stuck: 357 | WP: 0→(10,28)
[17:31:30] OVERWORLD | Map: 12 | Pos: (6, 20) | Badges: 0 | Party: 1 | Action: right | Stuck: 407 | WP: 0→(10,28)
[17:31:30] OVERWORLD | Map: 12 | Pos: (14, 20) | Badges: 0 | Party: 1 | Action: left | Stuck: 457 | WP: 0→(10,28)
[17:31:30] OVERWORLD | Map: 12 | Pos: (10, 20) | Badges: 0 | Party: 1 | Action: right | Stuck: 507 | WP: 0→(10,28)
[17:31:30] OVERWORLD | Map: 12 | Pos: (10, 20) | Badges: 0 | Party: 1 | Action: left | Stuck: 557 | WP: 0→(10,28)
[17:31:31] OVERWORLD | Map: 12 | Pos: (14, 20) | Badges: 0 | Party: 1 | Action: right | Stuck: 607 | WP: 0→(10,28)
[17:31:31] OVERWORLD | Map: 12 | Pos: (6, 20) | Badges: 0 | Party: 1 | Action: left | Stuck: 657 | WP: 0→(10,28)
[17:31:31] OVERWORLD | Map: 12 | Pos: (17, 20) | Badges: 0 | Party: 1 | Action: left | Stuck: 707 | WP: 0→(10,28)
[17:31:31] OVERWORLD | Map: 12 | Pos: (6, 20) | Badges: 0 | Party: 1 | Action: right | Stuck: 757 | WP: 0→(10,28)
[17:31:31] OVERWORLD | Map: 12 | Pos: (14, 20) | Badges: 0 | Party: 1 | Action: left | Stuck: 807 | WP: 0→(10,28)
[17:31:31] OVERWORLD | Map: 12 | Pos: (10, 20) | Badges: 0 | Party: 1 | Action: right | Stuck: 857 | WP: 0→(10,28)
[17:31:32] OVERWORLD | Map: 12 | Pos: (10, 20) | Badges: 0 | Party: 1 | Action: left | Stuck: 907 | WP: 0→(10,28)
[17:31:32] OVERWORLD | Map: 12 | Pos: (14, 20) | Badges: 0 | Party: 1 | Action: right | Stuck: 957 | WP: 0→(10,28)
[17:31:32] OVERWORLD | Map: 12 | Pos: (6, 20) | Badges: 0 | Party: 1 | Action: left | Stuck: 1007 | WP: 0→(10,28)
[17:31:32] OVERWORLD | Map: 12 | Pos: (17, 20) | Badges: 0 | Party: 1 | Action: left | Stuck: 1057 | WP: 0→(10,28)
[17:31:32] OVERWORLD | Map: 12 | Pos: (6, 20) | Badges: 0 | Party: 1 | Action: right | Stuck: 1107 | WP: 0→(10,28)
[17:31:32] OVERWORLD | Map: 12 | Pos: (14, 20) | Badges: 0 | Party: 1 | Action: left | Stuck: 1157 | WP: 0→(10,28)
[17:31:33] OVERWORLD | Map: 12 | Pos: (10, 20) | Badges: 0 | Party: 1 | Action: right | Stuck: 1207 | WP: 0→(10,28)
[17:31:33] OVERWORLD | Map: 12 | Pos: (10, 20) | Badges: 0 | Party: 1 | Action: left | Stuck: 1257 | WP: 0→(10,28)
[17:31:33] OVERWORLD | Map: 12 | Pos: (14, 20) | Badges: 0 | Party: 1 | Action: right | Stuck: 1307 | WP: 0→(10,28)
[17:31:33] OVERWORLD | Map: 12 | Pos: (6, 20) | Badges: 0 | Party: 1 | Action: left | Stuck: 1357 | WP: 0→(10,28)
[17:31:33] OVERWORLD | Map: 12 | Pos: (17, 20) | Badges: 0 | Party: 1 | Action: left | Stuck: 1407 | WP: 0→(10,28)
[17:31:33] OVERWORLD | Map: 12 | Pos: (6, 20) | Badges: 0 | Party: 1 | Action: right | Stuck: 1457 | WP: 0→(10,28)
[17:31:34] OVERWORLD | Map: 12 | Pos: (14, 20) | Badges: 0 | Party: 1 | Action: left | Stuck: 1507 | WP: 0→(10,28)
[17:31:34] OVERWORLD | Map: 12 | Pos: (10, 20) | Badges: 0 | Party: 1 | Action: right | Stuck: 1557 | WP: 0→(10,28)
[17:31:34] OVERWORLD | Map: 12 | Pos: (10, 20) | Badges: 0 | Party: 1 | Action: left | Stuck: 1607 | WP: 0→(10,28)
[17:31:34] OVERWORLD | Map: 12 | Pos: (14, 20) | Badges: 0 | Party: 1 | Action: right | Stuck: 1657 | WP: 0→(10,28)
[17:31:34] OVERWORLD | Map: 12 | Pos: (6, 20) | Badges: 0 | Party: 1 | Action: left | Stuck: 1707 | WP: 0→(10,28)
[17:31:34] OVERWORLD | Map: 12 | Pos: (17, 20) | Badges: 0 | Party: 1 | Action: left | Stuck: 1757 | WP: 0→(10,28)
[17:31:35] OVERWORLD | Map: 12 | Pos: (6, 20) | Badges: 0 | Party: 1 | Action: right | Stuck: 1807 | WP: 0→(10,28)
[17:31:35] OVERWORLD | Map: 12 | Pos: (14, 20) | Badges: 0 | Party: 1 | Action: left | Stuck: 1857 | WP: 0→(10,28)
[17:31:35] OVERWORLD | Map: 12 | Pos: (10, 20) | Badges: 0 | Party: 1 | Action: right | Stuck: 1907 | WP: 0→(10,28)
[17:31:35] OVERWORLD | Map: 12 | Pos: (10, 20) | Badges: 0 | Party: 1 | Action: left | Stuck: 1957 | WP: 0→(10,28)
[17:31:35] OVERWORLD | Map: 12 | Pos: (14, 20) | Badges: 0 | Party: 1 | Action: right | Stuck: 2007 | WP: 0→(10,28)
[17:31:35] OVERWORLD | Map: 12 | Pos: (6, 20) | Badges: 0 | Party: 1 | Action: left | Stuck: 2057 | WP: 0→(10,28)
[17:31:36] OVERWORLD | Map: 12 | Pos: (17, 20) | Badges: 0 | Party: 1 | Action: left | Stuck: 2107 | WP: 0→(10,28)
[17:31:36] OVERWORLD | Map: 12 | Pos: (6, 20) | Badges: 0 | Party: 1 | Action: right | Stuck: 2157 | WP: 0→(10,28)
[17:31:36] OVERWORLD | Map: 12 | Pos: (14, 20) | Badges: 0 | Party: 1 | Action: left | Stuck: 2207 | WP: 0→(10,28)
[17:31:36] OVERWORLD | Map: 12 | Pos: (10, 20) | Badges: 0 | Party: 1 | Action: right | Stuck: 2257 | WP: 0→(10,28)
[17:31:36] OVERWORLD | Map: 12 | Pos: (10, 20) | Badges: 0 | Party: 1 | Action: left | Stuck: 2307 | WP: 0→(10,28)
[17:31:36] OVERWORLD | Map: 12 | Pos: (14, 20) | Badges: 0 | Party: 1 | Action: right | Stuck: 2357 | WP: 0→(10,28)
[17:31:37] OVERWORLD | Map: 12 | Pos: (6, 20) | Badges: 0 | Party: 1 | Action: left | Stuck: 2407 | WP: 0→(10,28)
[17:31:37] OVERWORLD | Map: 12 | Pos: (17, 20) | Badges: 0 | Party: 1 | Action: left | Stuck: 2457 | WP: 0→(10,28)
[17:31:37] OVERWORLD | Map: 12 | Pos: (6, 20) | Badges: 0 | Party: 1 | Action: right | Stuck: 2507 | WP: 0→(10,28)
[17:31:37] OVERWORLD | Map: 12 | Pos: (14, 20) | Badges: 0 | Party: 1 | Action: left | Stuck: 2557 | WP: 0→(10,28)
[17:31:37] OVERWORLD | Map: 12 | Pos: (10, 20) | Badges: 0 | Party: 1 | Action: right | Stuck: 2607 | WP: 0→(10,28)
[17:31:37] OVERWORLD | Map: 12 | Pos: (10, 20) | Badges: 0 | Party: 1 | Action: left | Stuck: 2657 | WP: 0→(10,28)
[17:31:38] OVERWORLD | Map: 12 | Pos: (14, 20) | Badges: 0 | Party: 1 | Action: right | Stuck: 2707 | WP: 0→(10,28)
[17:31:38] OVERWORLD | Map: 12 | Pos: (6, 20) | Badges: 0 | Party: 1 | Action: left | Stuck: 2757 | WP: 0→(10,28)
[17:31:38] OVERWORLD | Map: 12 | Pos: (17, 20) | Badges: 0 | Party: 1 | Action: left | Stuck: 2807 | WP: 0→(10,28)
[17:31:38] OVERWORLD | Map: 12 | Pos: (6, 20) | Badges: 0 | Party: 1 | Action: right | Stuck: 2857 | WP: 0→(10,28)
[17:31:38] OVERWORLD | Map: 12 | Pos: (14, 20) | Badges: 0 | Party: 1 | Action: left | Stuck: 2907 | WP: 0→(10,28)
[17:31:38] OVERWORLD | Map: 12 | Pos: (10, 20) | Badges: 0 | Party: 1 | Action: right | Stuck: 2957 | WP: 0→(10,28)
[17:31:39] OVERWORLD | Map: 12 | Pos: (10, 20) | Badges: 0 | Party: 1 | Action: left | Stuck: 3007 | WP: 0→(10,28)
[17:31:39] OVERWORLD | Map: 12 | Pos: (14, 20) | Badges: 0 | Party: 1 | Action: right | Stuck: 3057 | WP: 0→(10,28)
[17:31:39] OVERWORLD | Map: 12 | Pos: (6, 20) | Badges: 0 | Party: 1 | Action: left | Stuck: 3107 | WP: 0→(10,28)
[17:31:39] OVERWORLD | Map: 12 | Pos: (17, 20) | Badges: 0 | Party: 1 | Action: left | Stuck: 3157 | WP: 0→(10,28)
[17:31:39] OVERWORLD | Map: 12 | Pos: (6, 20) | Badges: 0 | Party: 1 | Action: right | Stuck: 3207 | WP: 0→(10,28)
[17:31:39] OVERWORLD | Map: 12 | Pos: (14, 20) | Badges: 0 | Party: 1 | Action: left | Stuck: 3257 | WP: 0→(10,28)
[17:31:40] OVERWORLD | Map: 12 | Pos: (10, 20) | Badges: 0 | Party: 1 | Action: right | Stuck: 3307 | WP: 0→(10,28)
[17:31:40] OVERWORLD | Map: 12 | Pos: (10, 20) | Badges: 0 | Party: 1 | Action: left | Stuck: 3357 | WP: 0→(10,28)
[17:31:40] OVERWORLD | Map: 12 | Pos: (14, 20) | Badges: 0 | Party: 1 | Action: right | Stuck: 3407 | WP: 0→(10,28)
[17:31:40] OVERWORLD | Map: 12 | Pos: (6, 20) | Badges: 0 | Party: 1 | Action: left | Stuck: 3457 | WP: 0→(10,28)
[17:31:40] OVERWORLD | Map: 12 | Pos: (17, 20) | Badges: 0 | Party: 1 | Action: left | Stuck: 3507 | WP: 0→(10,28)
[17:31:41] OVERWORLD | Map: 12 | Pos: (6, 20) | Badges: 0 | Party: 1 | Action: right | Stuck: 3557 | WP: 0→(10,28)
[17:31:41] OVERWORLD | Map: 12 | Pos: (14, 20) | Badges: 0 | Party: 1 | Action: left | Stuck: 3607 | WP: 0→(10,28)
[17:31:41] OVERWORLD | Map: 12 | Pos: (10, 20) | Badges: 0 | Party: 1 | Action: right | Stuck: 3657 | WP: 0→(10,28)
[17:31:41] OVERWORLD | Map: 12 | Pos: (10, 20) | Badges: 0 | Party: 1 | Action: left | Stuck: 3707 | WP: 0→(10,28)
[17:31:41] OVERWORLD | Map: 12 | Pos: (14, 20) | Badges: 0 | Party: 1 | Action: right | Stuck: 3757 | WP: 0→(10,28)
[17:31:41] OVERWORLD | Map: 12 | Pos: (6, 20) | Badges: 0 | Party: 1 | Action: left | Stuck: 3807 | WP: 0→(10,28)
[17:31:42] OVERWORLD | Map: 12 | Pos: (17, 20) | Badges: 0 | Party: 1 | Action: left | Stuck: 3857 | WP: 0→(10,28)
[17:31:42] OVERWORLD | Map: 12 | Pos: (6, 20) | Badges: 0 | Party: 1 | Action: right | Stuck: 3907 | WP: 0→(10,28)
[17:31:42] OVERWORLD | Map: 12 | Pos: (14, 20) | Badges: 0 | Party: 1 | Action: left | Stuck: 3957 | WP: 0→(10,28)
[17:31:42] OVERWORLD | Map: 12 | Pos: (10, 20) | Badges: 0 | Party: 1 | Action: right | Stuck: 4007 | WP: 0→(10,28)
[17:31:42] OVERWORLD | Map: 12 | Pos: (10, 20) | Badges: 0 | Party: 1 | Action: left | Stuck: 4057 | WP: 0→(10,28)
[17:31:42] OVERWORLD | Map: 12 | Pos: (14, 20) | Badges: 0 | Party: 1 | Action: right | Stuck: 4107 | WP: 0→(10,28)
[17:31:43] OVERWORLD | Map: 12 | Pos: (6, 20) | Badges: 0 | Party: 1 | Action: left | Stuck: 4157 | WP: 0→(10,28)
[17:31:43] OVERWORLD | Map: 12 | Pos: (17, 20) | Badges: 0 | Party: 1 | Action: left | Stuck: 4207 | WP: 0→(10,28)
[17:31:43] OVERWORLD | Map: 12 | Pos: (6, 20) | Badges: 0 | Party: 1 | Action: right | Stuck: 4257 | WP: 0→(10,28)
[17:31:43] OVERWORLD | Map: 12 | Pos: (14, 20) | Badges: 0 | Party: 1 | Action: left | Stuck: 4307 | WP: 0→(10,28)
[17:31:43] OVERWORLD | Map: 12 | Pos: (10, 20) | Badges: 0 | Party: 1 | Action: right | Stuck: 4357 | WP: 0→(10,28)
[17:31:43] OVERWORLD | Map: 12 | Pos: (10, 20) | Badges: 0 | Party: 1 | Action: left | Stuck: 4407 | WP: 0→(10,28)
[17:31:44] OVERWORLD | Map: 12 | Pos: (14, 20) | Badges: 0 | Party: 1 | Action: right | Stuck: 4457 | WP: 0→(10,28)
[17:31:44] OVERWORLD | Map: 12 | Pos: (6, 20) | Badges: 0 | Party: 1 | Action: left | Stuck: 4507 | WP: 0→(10,28)
[17:31:44] OVERWORLD | Map: 12 | Pos: (17, 20) | Badges: 0 | Party: 1 | Action: left | Stuck: 4557 | WP: 0→(10,28)
[17:31:44] OVERWORLD | Map: 12 | Pos: (6, 20) | Badges: 0 | Party: 1 | Action: right | Stuck: 4607 | WP: 0→(10,28)
[17:31:44] OVERWORLD | Map: 12 | Pos: (14, 20) | Badges: 0 | Party: 1 | Action: left | Stuck: 4657 | WP: 0→(10,28)
[17:31:44] OVERWORLD | Map: 12 | Pos: (10, 20) | Badges: 0 | Party: 1 | Action: right | Stuck: 4707 | WP: 0→(10,28)
[17:31:45] OVERWORLD | Map: 12 | Pos: (10, 20) | Badges: 0 | Party: 1 | Action: left | Stuck: 4757 | WP: 0→(10,28)
[17:31:45] OVERWORLD | Map: 12 | Pos: (14, 20) | Badges: 0 | Party: 1 | Action: right | Stuck: 4807 | WP: 0→(10,28)
[17:31:45] OVERWORLD | Map: 12 | Pos: (6, 20) | Badges: 0 | Party: 1 | Action: left | Stuck: 4857 | WP: 0→(10,28)
[17:31:45] OVERWORLD | Map: 12 | Pos: (17, 20) | Badges: 0 | Party: 1 | Action: left | Stuck: 4907 | WP: 0→(10,28)
[17:31:45] OVERWORLD | Map: 12 | Pos: (6, 20) | Badges: 0 | Party: 1 | Action: right | Stuck: 4957 | WP: 0→(10,28)
[17:31:45] OVERWORLD | Map: 12 | Pos: (14, 20) | Badges: 0 | Party: 1 | Action: left | Stuck: 5007 | WP: 0→(10,28)
[17:31:46] OVERWORLD | Map: 12 | Pos: (10, 20) | Badges: 0 | Party: 1 | Action: right | Stuck: 5057 | WP: 0→(10,28)
[17:31:46] OVERWORLD | Map: 12 | Pos: (10, 20) | Badges: 0 | Party: 1 | Action: left | Stuck: 5107 | WP: 0→(10,28)
[17:31:46] OVERWORLD | Map: 12 | Pos: (14, 20) | Badges: 0 | Party: 1 | Action: right | Stuck: 5157 | WP: 0→(10,28)
[17:31:46] OVERWORLD | Map: 12 | Pos: (6, 20) | Badges: 0 | Party: 1 | Action: left | Stuck: 5207 | WP: 0→(10,28)
[17:31:46] OVERWORLD | Map: 12 | Pos: (17, 20) | Badges: 0 | Party: 1 | Action: left | Stuck: 5257 | WP: 0→(10,28)
[17:31:46] OVERWORLD | Map: 12 | Pos: (6, 20) | Badges: 0 | Party: 1 | Action: right | Stuck: 5307 | WP: 0→(10,28)
[17:31:47] OVERWORLD | Map: 12 | Pos: (14, 20) | Badges: 0 | Party: 1 | Action: left | Stuck: 5357 | WP: 0→(10,28)
[17:31:47] OVERWORLD | Map: 12 | Pos: (10, 20) | Badges: 0 | Party: 1 | Action: right | Stuck: 5407 | WP: 0→(10,28)
[17:31:47] OVERWORLD | Map: 12 | Pos: (10, 20) | Badges: 0 | Party: 1 | Action: left | Stuck: 5457 | WP: 0→(10,28)
[17:31:47] OVERWORLD | Map: 12 | Pos: (14, 20) | Badges: 0 | Party: 1 | Action: right | Stuck: 5507 | WP: 0→(10,28)
[17:31:47] OVERWORLD | Map: 12 | Pos: (6, 20) | Badges: 0 | Party: 1 | Action: left | Stuck: 5557 | WP: 0→(10,28)
[17:31:47] OVERWORLD | Map: 12 | Pos: (17, 20) | Badges: 0 | Party: 1 | Action: left | Stuck: 5607 | WP: 0→(10,28)
[17:31:48] OVERWORLD | Map: 12 | Pos: (6, 20) | Badges: 0 | Party: 1 | Action: right | Stuck: 5657 | WP: 0→(10,28)
[17:31:48] OVERWORLD | Map: 12 | Pos: (14, 20) | Badges: 0 | Party: 1 | Action: left | Stuck: 5707 | WP: 0→(10,28)
[17:31:48] OVERWORLD | Map: 12 | Pos: (10, 20) | Badges: 0 | Party: 1 | Action: right | Stuck: 5757 | WP: 0→(10,28)
[17:31:48] OVERWORLD | Map: 12 | Pos: (10, 20) | Badges: 0 | Party: 1 | Action: left | Stuck: 5807 | WP: 0→(10,28)
[17:31:48] OVERWORLD | Map: 12 | Pos: (14, 20) | Badges: 0 | Party: 1 | Action: right | Stuck: 5857 | WP: 0→(10,28)
[17:31:48] OVERWORLD | Map: 12 | Pos: (6, 20) | Badges: 0 | Party: 1 | Action: left | Stuck: 5907 | WP: 0→(10,28)
[17:31:49] Session complete. Turns: 6000 | Wins: 2
[17:31:49] POKEDEX | Wrote /Users/bdougie/code/pcc-labs/pokemon-kafka/pokedex/log204.md
