UserWarning: Using SDL2 binaries from pysdl2-dll 2.32.0
[agent] Loaded ROM: /Users/bdougie/code/pcc-labs/pokemon-kafka/../autotune/rom/Pokemon - Red Version (USA, Europe) (SGB Enhanced).gb
[agent] Strategy: medium
[agent] Evolve params: {"stuck_threshold": 4, "door_cooldown": 10, "waypoint_skip_distance": 3, "axis_preference_map_0": "y", "bt_max_snapshots": 8, "bt_restore_threshold": 19, "bt_max_attempts": 3, "bt_snapshot_interval": 34, "hp_run_threshold": 0.2, "hp_heal_threshold": 0.15, "unknown_move_score": 10.0, "status_move_score": 0.0}
[agent] Running headless — no display
[18:12:30] Agent starting.
[18:12:30] Loaded save state from /Users/bdougie/code/pcc-labs/autotune/states/route1.state. Skipping intro.
[18:12:30] QUEST | map=12 pos=(10,34) facing=up parcel_quest phase=TO_MART map=12 parcel=False pokedex=False target=pilot-north
[18:12:30] OVERWORLD | Map: 12 | Pos: (10, 34) | Badges: 0 | Party: 1 | Action: up | Stuck: 0 | WP: 0→(10,28)
[18:12:30] BATTLE | Lv3 Rattata (normal) | Player HP: 6/22 | Action: fight
[18:12:30] BATTLE | Lv3 Rattata (normal) | Player HP: 22/22 | Action: fight
[18:12:30] BATTLE | Lv3 Rattata (normal) | Player HP: 19/22 | Action: fight
[18:12:30] BATTLE | Lv3 Rattata (normal) | Player HP: 16/22 | Action: fight
[18:12:30] BATTLE | Lv3 Rattata (normal) | Player HP: 16/22 | Action: fight
[18:12:30] Battle ended. Won: True. Total wins: 1
[18:12:30] OVERWORLD | Map: 12 | Pos: (14, 3) | Badges: 0 | Party: 1 | Action: up | Stuck: 0 | WP: 0→(10,28)
[18:12:30] MILESTONE | Reached Viridian City!
[18:12:30] MAP CHANGE | 12 -> 1 | Pos: (21, 35)
[18:12:30] QUEST | map=1 pos=(21,35) facing=up parcel_quest phase=TO_MART map=1 parcel=False pokedex=False target=Viridian Mart door
[18:12:30] STUCK | Map: 1 | Pos: (30, 28) | Last move: right | Streak: 2
[18:12:30] STUCK | Map: 1 | Pos: (29, 28) | Last move: left | Streak: 5
[18:12:30] STUCK | Map: 1 | Pos: (30, 28) | Last move: right | Streak: 10
[18:12:30] STUCK | Map: 1 | Pos: (30, 28) | Last move: right | Streak: 20
[18:12:30] OVERWORLD | Map: 1 | Pos: (29, 28) | Badges: 0 | Party: 1 | Action: right | Stuck: 27 | WP: 0→(17,17)
[18:12:31] OVERWORLD | Map: 1 | Pos: (29, 28) | Badges: 0 | Party: 1 | Action: right | Stuck: 77 | WP: 0→(17,17)
[18:12:31] OVERWORLD | Map: 1 | Pos: (29, 28) | Badges: 0 | Party: 1 | Action: right | Stuck: 127 | WP: 0→(17,17)
[18:12:31] OVERWORLD | Map: 1 | Pos: (29, 28) | Badges: 0 | Party: 1 | Action: right | Stuck: 177 | WP: 0→(17,17)
[18:12:31] OVERWORLD | Map: 1 | Pos: (29, 28) | Badges: 0 | Party: 1 | Action: right | Stuck: 227 | WP: 0→(17,17)
[18:12:31] OVERWORLD | Map: 1 | Pos: (29, 28) | Badges: 0 | Party: 1 | Action: right | Stuck: 277 | WP: 0→(17,17)
[18:12:31] OVERWORLD | Map: 1 | Pos: (29, 28) | Badges: 0 | Party: 1 | Action: right | Stuck: 327 | WP: 0→(17,17)
[18:12:32] OVERWORLD | Map: 1 | Pos: (29, 28) | Badges: 0 | Party: 1 | Action: right | Stuck: 377 | WP: 0→(17,17)
[18:12:32] OVERWORLD | Map: 1 | Pos: (29, 28) | Badges: 0 | Party: 1 | Action: right | Stuck: 427 | WP: 0→(17,17)
[18:12:32] OVERWORLD | Map: 1 | Pos: (29, 28) | Badges: 0 | Party: 1 | Action: right | Stuck: 477 | WP: 0→(17,17)
[18:12:32] OVERWORLD | Map: 1 | Pos: (29, 28) | Badges: 0 | Party: 1 | Action: right | Stuck: 527 | WP: 0→(17,17)
[18:12:32] OVERWORLD | Map: 1 | Pos: (29, 28) | Badges: 0 | Party: 1 | Action: right | Stuck: 577 | WP: 0→(17,17)
[18:12:33] OVERWORLD | Map: 1 | Pos: (29, 28) | Badges: 0 | Party: 1 | Action: right | Stuck: 627 | WP: 0→(17,17)
[18:12:33] OVERWORLD | Map: 1 | Pos: (29, 28) | Badges: 0 | Party: 1 | Action: right | Stuck: 677 | WP: 0→(17,17)
[18:12:33] OVERWORLD | Map: 1 | Pos: (29, 28) | Badges: 0 | Party: 1 | Action: right | Stuck: 727 | WP: 0→(17,17)
[18:12:33] OVERWORLD | Map: 1 | Pos: (29, 28) | Badges: 0 | Party: 1 | Action: right | Stuck: 777 | WP: 0→(17,17)
[18:12:33] OVERWORLD | Map: 1 | Pos: (29, 28) | Badges: 0 | Party: 1 | Action: right | Stuck: 827 | WP: 0→(17,17)
[18:12:33] OVERWORLD | Map: 1 | Pos: (29, 28) | Badges: 0 | Party: 1 | Action: right | Stuck: 877 | WP: 0→(17,17)
[18:12:34] OVERWORLD | Map: 1 | Pos: (29, 28) | Badges: 0 | Party: 1 | Action: right | Stuck: 927 | WP: 0→(17,17)
[18:12:34] OVERWORLD | Map: 1 | Pos: (29, 28) | Badges: 0 | Party: 1 | Action: right | Stuck: 977 | WP: 0→(17,17)
[18:12:34] OVERWORLD | Map: 1 | Pos: (29, 28) | Badges: 0 | Party: 1 | Action: right | Stuck: 1027 | WP: 0→(17,17)
[18:12:34] OVERWORLD | Map: 1 | Pos: (29, 28) | Badges: 0 | Party: 1 | Action: right | Stuck: 1077 | WP: 0→(17,17)
[18:12:34] OVERWORLD | Map: 1 | Pos: (29, 28) | Badges: 0 | Party: 1 | Action: right | Stuck: 1127 | WP: 0→(17,17)
[18:12:35] OVERWORLD | Map: 1 | Pos: (29, 28) | Badges: 0 | Party: 1 | Action: right | Stuck: 1177 | WP: 0→(17,17)
[18:12:35] OVERWORLD | Map: 1 | Pos: (29, 28) | Badges: 0 | Party: 1 | Action: right | Stuck: 1227 | WP: 0→(17,17)
[18:12:35] OVERWORLD | Map: 1 | Pos: (29, 28) | Badges: 0 | Party: 1 | Action: right | Stuck: 1277 | WP: 0→(17,17)
[18:12:35] OVERWORLD | Map: 1 | Pos: (29, 28) | Badges: 0 | Party: 1 | Action: right | Stuck: 1327 | WP: 0→(17,17)
[18:12:35] OVERWORLD | Map: 1 | Pos: (29, 28) | Badges: 0 | Party: 1 | Action: right | Stuck: 1377 | WP: 0→(17,17)
[18:12:35] OVERWORLD | Map: 1 | Pos: (29, 28) | Badges: 0 | Party: 1 | Action: right | Stuck: 1427 | WP: 0→(17,17)
[18:12:36] OVERWORLD | Map: 1 | Pos: (29, 28) | Badges: 0 | Party: 1 | Action: right | Stuck: 1477 | WP: 0→(17,17)
[18:12:36] OVERWORLD | Map: 1 | Pos: (29, 28) | Badges: 0 | Party: 1 | Action: right | Stuck: 1527 | WP: 0→(17,17)
[18:12:36] OVERWORLD | Map: 1 | Pos: (29, 28) | Badges: 0 | Party: 1 | Action: right | Stuck: 1577 | WP: 0→(17,17)
[18:12:36] OVERWORLD | Map: 1 | Pos: (29, 28) | Badges: 0 | Party: 1 | Action: right | Stuck: 1627 | WP: 0→(17,17)
[18:12:36] OVERWORLD | Map: 1 | Pos: (29, 28) | Badges: 0 | Party: 1 | Action: right | Stuck: 1677 | WP: 0→(17,17)
[18:12:37] OVERWORLD | Map: 1 | Pos: (29, 28) | Badges: 0 | Party: 1 | Action: right | Stuck: 1727 | WP: 0→(17,17)
[18:12:37] OVERWORLD | Map: 1 | Pos: (29, 28) | Badges: 0 | Party: 1 | Action: right | Stuck: 1777 | WP: 0→(17,17)
[18:12:37] OVERWORLD | Map: 1 | Pos: (29, 28) | Badges: 0 | Party: 1 | Action: right | Stuck: 1827 | WP: 0→(17,17)
[18:12:37] OVERWORLD | Map: 1 | Pos: (29, 28) | Badges: 0 | Party: 1 | Action: right | Stuck: 1877 | WP: 0→(17,17)
[18:12:37] OVERWORLD | Map: 1 | Pos: (29, 28) | Badges: 0 | Party: 1 | Action: right | Stuck: 1927 | WP: 0→(17,17)
[18:12:37] OVERWORLD | Map: 1 | Pos: (29, 28) | Badges: 0 | Party: 1 | Action: right | Stuck: 1977 | WP: 0→(17,17)
[18:12:38] OVERWORLD | Map: 1 | Pos: (29, 28) | Badges: 0 | Party: 1 | Action: right | Stuck: 2027 | WP: 0→(17,17)
[18:12:38] OVERWORLD | Map: 1 | Pos: (29, 28) | Badges: 0 | Party: 1 | Action: right | Stuck: 2077 | WP: 0→(17,17)
[18:12:38] OVERWORLD | Map: 1 | Pos: (29, 28) | Badges: 0 | Party: 1 | Action: right | Stuck: 2127 | WP: 0→(17,17)
[18:12:38] OVERWORLD | Map: 1 | Pos: (29, 28) | Badges: 0 | Party: 1 | Action: right | Stuck: 2177 | WP: 0→(17,17)
[18:12:38] OVERWORLD | Map: 1 | Pos: (29, 28) | Badges: 0 | Party: 1 | Action: right | Stuck: 2227 | WP: 0→(17,17)
[18:12:39] OVERWORLD | Map: 1 | Pos: (29, 28) | Badges: 0 | Party: 1 | Action: right | Stuck: 2277 | WP: 0→(17,17)
[18:12:39] OVERWORLD | Map: 1 | Pos: (29, 28) | Badges: 0 | Party: 1 | Action: right | Stuck: 2327 | WP: 0→(17,17)
[18:12:39] OVERWORLD | Map: 1 | Pos: (29, 28) | Badges: 0 | Party: 1 | Action: right | Stuck: 2377 | WP: 0→(17,17)
[18:12:39] OVERWORLD | Map: 1 | Pos: (29, 28) | Badges: 0 | Party: 1 | Action: right | Stuck: 2427 | WP: 0→(17,17)
[18:12:39] OVERWORLD | Map: 1 | Pos: (29, 28) | Badges: 0 | Party: 1 | Action: right | Stuck: 2477 | WP: 0→(17,17)
[18:12:39] OVERWORLD | Map: 1 | Pos: (29, 28) | Badges: 0 | Party: 1 | Action: right | Stuck: 2527 | WP: 0→(17,17)
[18:12:40] OVERWORLD | Map: 1 | Pos: (29, 28) | Badges: 0 | Party: 1 | Action: right | Stuck: 2577 | WP: 0→(17,17)
[18:12:40] OVERWORLD | Map: 1 | Pos: (29, 28) | Badges: 0 | Party: 1 | Action: right | Stuck: 2627 | WP: 0→(17,17)
[18:12:40] OVERWORLD | Map: 1 | Pos: (29, 28) | Badges: 0 | Party: 1 | Action: right | Stuck: 2677 | WP: 0→(17,17)
[18:12:40] OVERWORLD | Map: 1 | Pos: (29, 28) | Badges: 0 | Party: 1 | Action: right | Stuck: 2727 | WP: 0→(17,17)
[18:12:40] OVERWORLD | Map: 1 | Pos: (29, 28) | Badges: 0 | Party: 1 | Action: right | Stuck: 2777 | WP: 0→(17,17)
[18:12:41] OVERWORLD | Map: 1 | Pos: (29, 28) | Badges: 0 | Party: 1 | Action: right | Stuck: 2827 | WP: 0→(17,17)
[18:12:41] OVERWORLD | Map: 1 | Pos: (29, 28) | Badges: 0 | Party: 1 | Action: right | Stuck: 2877 | WP: 0→(17,17)
[18:12:41] OVERWORLD | Map: 1 | Pos: (29, 28) | Badges: 0 | Party: 1 | Action: right | Stuck: 2927 | WP: 0→(17,17)
[18:12:41] OVERWORLD | Map: 1 | Pos: (29, 28) | Badges: 0 | Party: 1 | Action: right | Stuck: 2977 | WP: 0→(17,17)
[18:12:41] OVERWORLD | Map: 1 | Pos: (29, 28) | Badges: 0 | Party: 1 | Action: right | Stuck: 3027 | WP: 0→(17,17)
[18:12:41] OVERWORLD | Map: 1 | Pos: (29, 28) | Badges: 0 | Party: 1 | Action: right | Stuck: 3077 | WP: 0→(17,17)
[18:12:42] OVERWORLD | Map: 1 | Pos: (29, 28) | Badges: 0 | Party: 1 | Action: right | Stuck: 3127 | WP: 0→(17,17)
[18:12:42] OVERWORLD | Map: 1 | Pos: (29, 28) | Badges: 0 | Party: 1 | Action: right | Stuck: 3177 | WP: 0→(17,17)
[18:12:42] OVERWORLD | Map: 1 | Pos: (29, 28) | Badges: 0 | Party: 1 | Action: right | Stuck: 3227 | WP: 0→(17,17)
[18:12:42] OVERWORLD | Map: 1 | Pos: (29, 28) | Badges: 0 | Party: 1 | Action: right | Stuck: 3277 | WP: 0→(17,17)
[18:12:42] OVERWORLD | Map: 1 | Pos: (29, 28) | Badges: 0 | Party: 1 | Action: right | Stuck: 3327 | WP: 0→(17,17)
[18:12:43] OVERWORLD | Map: 1 | Pos: (29, 28) | Badges: 0 | Party: 1 | Action: right | Stuck: 3377 | WP: 0→(17,17)
[18:12:43] OVERWORLD | Map: 1 | Pos: (29, 28) | Badges: 0 | Party: 1 | Action: right | Stuck: 3427 | WP: 0→(17,17)
[18:12:43] OVERWORLD | Map: 1 | Pos: (29, 28) | Badges: 0 | Party: 1 | Action: right | Stuck: 3477 | WP: 0→(17,17)
[18:12:43] OVERWORLD | Map: 1 | Pos: (29, 28) | Badges: 0 | Party: 1 | Action: right | Stuck: 3527 | WP: 0→(17,17)
[18:12:43] OVERWORLD | Map: 1 | Pos: (29, 28) | Badges: 0 | Party: 1 | Action: right | Stuck: 3577 | WP: 0→(17,17)
[18:12:43] OVERWORLD | Map: 1 | Pos: (29, 28) | Badges: 0 | Party: 1 | Action: right | Stuck: 3627 | WP: 0→(17,17)
[18:12:44] OVERWORLD | Map: 1 | Pos: (29, 28) | Badges: 0 | Party: 1 | Action: right | Stuck: 3677 | WP: 0→(17,17)
[18:12:44] OVERWORLD | Map: 1 | Pos: (29, 28) | Badges: 0 | Party: 1 | Action: right | Stuck: 3727 | WP: 0→(17,17)
[18:12:44] OVERWORLD | Map: 1 | Pos: (29, 28) | Badges: 0 | Party: 1 | Action: right | Stuck: 3777 | WP: 0→(17,17)
[18:12:44] OVERWORLD | Map: 1 | Pos: (29, 28) | Badges: 0 | Party: 1 | Action: right | Stuck: 3827 | WP: 0→(17,17)
[18:12:44] OVERWORLD | Map: 1 | Pos: (29, 28) | Badges: 0 | Party: 1 | Action: right | Stuck: 3877 | WP: 0→(17,17)
[18:12:45] OVERWORLD | Map: 1 | Pos: (29, 28) | Badges: 0 | Party: 1 | Action: right | Stuck: 3927 | WP: 0→(17,17)
[18:12:45] OVERWORLD | Map: 1 | Pos: (29, 28) | Badges: 0 | Party: 1 | Action: right | Stuck: 3977 | WP: 0→(17,17)
[18:12:45] OVERWORLD | Map: 1 | Pos: (29, 28) | Badges: 0 | Party: 1 | Action: right | Stuck: 4027 | WP: 0→(17,17)
[18:12:45] OVERWORLD | Map: 1 | Pos: (29, 28) | Badges: 0 | Party: 1 | Action: right | Stuck: 4077 | WP: 0→(17,17)
[18:12:45] OVERWORLD | Map: 1 | Pos: (29, 28) | Badges: 0 | Party: 1 | Action: right | Stuck: 4127 | WP: 0→(17,17)
[18:12:45] OVERWORLD | Map: 1 | Pos: (29, 28) | Badges: 0 | Party: 1 | Action: right | Stuck: 4177 | WP: 0→(17,17)
[18:12:46] OVERWORLD | Map: 1 | Pos: (29, 28) | Badges: 0 | Party: 1 | Action: right | Stuck: 4227 | WP: 0→(17,17)
[18:12:46] OVERWORLD | Map: 1 | Pos: (29, 28) | Badges: 0 | Party: 1 | Action: right | Stuck: 4277 | WP: 0→(17,17)
[18:12:46] OVERWORLD | Map: 1 | Pos: (29, 28) | Badges: 0 | Party: 1 | Action: right | Stuck: 4327 | WP: 0→(17,17)
[18:12:46] OVERWORLD | Map: 1 | Pos: (29, 28) | Badges: 0 | Party: 1 | Action: right | Stuck: 4377 | WP: 0→(17,17)
[18:12:46] OVERWORLD | Map: 1 | Pos: (29, 28) | Badges: 0 | Party: 1 | Action: right | Stuck: 4427 | WP: 0→(17,17)
[18:12:47] OVERWORLD | Map: 1 | Pos: (29, 28) | Badges: 0 | Party: 1 | Action: right | Stuck: 4477 | WP: 0→(17,17)
[18:12:47] OVERWORLD | Map: 1 | Pos: (29, 28) | Badges: 0 | Party: 1 | Action: right | Stuck: 4527 | WP: 0→(17,17)
[18:12:47] OVERWORLD | Map: 1 | Pos: (29, 28) | Badges: 0 | Party: 1 | Action: right | Stuck: 4577 | WP: 0→(17,17)
[18:12:47] OVERWORLD | Map: 1 | Pos: (29, 28) | Badges: 0 | Party: 1 | Action: right | Stuck: 4627 | WP: 0→(17,17)
[18:12:47] OVERWORLD | Map: 1 | Pos: (29, 28) | Badges: 0 | Party: 1 | Action: right | Stuck: 4677 | WP: 0→(17,17)
[18:12:47] OVERWORLD | Map: 1 | Pos: (29, 28) | Badges: 0 | Party: 1 | Action: right | Stuck: 4727 | WP: 0→(17,17)
[18:12:48] OVERWORLD | Map: 1 | Pos: (29, 28) | Badges: 0 | Party: 1 | Action: right | Stuck: 4777 | WP: 0→(17,17)
[18:12:48] OVERWORLD | Map: 1 | Pos: (29, 28) | Badges: 0 | Party: 1 | Action: right | Stuck: 4827 | WP: 0→(17,17)
[18:12:48] OVERWORLD | Map: 1 | Pos: (29, 28) | Badges: 0 | Party: 1 | Action: right | Stuck: 4877 | WP: 0→(17,17)
[18:12:48] OVERWORLD | Map: 1 | Pos: (29, 28) | Badges: 0 | Party: 1 | Action: right | Stuck: 4927 | WP: 0→(17,17)
[18:12:48] OVERWORLD | Map: 1 | Pos: (29, 28) | Badges: 0 | Party: 1 | Action: right | Stuck: 4977 | WP: 0→(17,17)
[18:12:49] OVERWORLD | Map: 1 | Pos: (29, 28) | Badges: 0 | Party: 1 | Action: right | Stuck: 5027 | WP: 0→(17,17)
[18:12:49] OVERWORLD | Map: 1 | Pos: (29, 28) | Badges: 0 | Party: 1 | Action: right | Stuck: 5077 | WP: 0→(17,17)
[18:12:49] OVERWORLD | Map: 1 | Pos: (29, 28) | Badges: 0 | Party: 1 | Action: right | Stuck: 5127 | WP: 0→(17,17)
[18:12:49] OVERWORLD | Map: 1 | Pos: (29, 28) | Badges: 0 | Party: 1 | Action: right | Stuck: 5177 | WP: 0→(17,17)
[18:12:49] OVERWORLD | Map: 1 | Pos: (29, 28) | Badges: 0 | Party: 1 | Action: right | Stuck: 5227 | WP: 0→(17,17)
[18:12:49] OVERWORLD | Map: 1 | Pos: (29, 28) | Badges: 0 | Party: 1 | Action: right | Stuck: 5277 | WP: 0→(17,17)
[18:12:50] OVERWORLD | Map: 1 | Pos: (29, 28) | Badges: 0 | Party: 1 | Action: right | Stuck: 5327 | WP: 0→(17,17)
[18:12:50] OVERWORLD | Map: 1 | Pos: (29, 28) | Badges: 0 | Party: 1 | Action: right | Stuck: 5377 | WP: 0→(17,17)
[18:12:50] OVERWORLD | Map: 1 | Pos: (29, 28) | Badges: 0 | Party: 1 | Action: right | Stuck: 5427 | WP: 0→(17,17)
[18:12:50] OVERWORLD | Map: 1 | Pos: (29, 28) | Badges: 0 | Party: 1 | Action: right | Stuck: 5477 | WP: 0→(17,17)
[18:12:50] OVERWORLD | Map: 1 | Pos: (29, 28) | Badges: 0 | Party: 1 | Action: right | Stuck: 5527 | WP: 0→(17,17)
[18:12:51] OVERWORLD | Map: 1 | Pos: (29, 28) | Badges: 0 | Party: 1 | Action: right | Stuck: 5577 | WP: 0→(17,17)
[18:12:51] OVERWORLD | Map: 1 | Pos: (29, 28) | Badges: 0 | Party: 1 | Action: right | Stuck: 5627 | WP: 0→(17,17)
[18:12:51] OVERWORLD | Map: 1 | Pos: (29, 28) | Badges: 0 | Party: 1 | Action: right | Stuck: 5677 | WP: 0→(17,17)
[18:12:51] OVERWORLD | Map: 1 | Pos: (29, 28) | Badges: 0 | Party: 1 | Action: right | Stuck: 5727 | WP: 0→(17,17)
[18:12:51] OVERWORLD | Map: 1 | Pos: (29, 28) | Badges: 0 | Party: 1 | Action: right | Stuck: 5777 | WP: 0→(17,17)
[18:12:51] OVERWORLD | Map: 1 | Pos: (29, 28) | Badges: 0 | Party: 1 | Action: right | Stuck: 5827 | WP: 0→(17,17)
[18:12:52] OVERWORLD | Map: 1 | Pos: (29, 28) | Badges: 0 | Party: 1 | Action: right | Stuck: 5877 | WP: 0→(17,17)
[18:12:52] OVERWORLD | Map: 1 | Pos: (29, 28) | Badges: 0 | Party: 1 | Action: right | Stuck: 5927 | WP: 0→(17,17)
[18:12:52] OVERWORLD | Map: 1 | Pos: (29, 28) | Badges: 0 | Party: 1 | Action: right | Stuck: 5977 | WP: 0→(17,17)
[18:12:52] OVERWORLD | Map: 1 | Pos: (29, 28) | Badges: 0 | Party: 1 | Action: right | Stuck: 6027 | WP: 0→(17,17)
[18:12:52] OVERWORLD | Map: 1 | Pos: (29, 28) | Badges: 0 | Party: 1 | Action: right | Stuck: 6077 | WP: 0→(17,17)
[18:12:53] OVERWORLD | Map: 1 | Pos: (29, 28) | Badges: 0 | Party: 1 | Action: right | Stuck: 6127 | WP: 0→(17,17)
[18:12:53] OVERWORLD | Map: 1 | Pos: (29, 28) | Badges: 0 | Party: 1 | Action: right | Stuck: 6177 | WP: 0→(17,17)
[18:12:53] OVERWORLD | Map: 1 | Pos: (29, 28) | Badges: 0 | Party: 1 | Action: right | Stuck: 6227 | WP: 0→(17,17)
[18:12:53] OVERWORLD | Map: 1 | Pos: (29, 28) | Badges: 0 | Party: 1 | Action: right | Stuck: 6277 | WP: 0→(17,17)
[18:12:53] OVERWORLD | Map: 1 | Pos: (29, 28) | Badges: 0 | Party: 1 | Action: right | Stuck: 6327 | WP: 0→(17,17)
[18:12:53] OVERWORLD | Map: 1 | Pos: (29, 28) | Badges: 0 | Party: 1 | Action: right | Stuck: 6377 | WP: 0→(17,17)
[18:12:54] OVERWORLD | Map: 1 | Pos: (29, 28) | Badges: 0 | Party: 1 | Action: right | Stuck: 6427 | WP: 0→(17,17)
[18:12:54] OVERWORLD | Map: 1 | Pos: (29, 28) | Badges: 0 | Party: 1 | Action: right | Stuck: 6477 | WP: 0→(17,17)
[18:12:54] OVERWORLD | Map: 1 | Pos: (29, 28) | Badges: 0 | Party: 1 | Action: right | Stuck: 6527 | WP: 0→(17,17)
[18:12:54] OVERWORLD | Map: 1 | Pos: (29, 28) | Badges: 0 | Party: 1 | Action: right | Stuck: 6577 | WP: 0→(17,17)
[18:12:54] OVERWORLD | Map: 1 | Pos: (29, 28) | Badges: 0 | Party: 1 | Action: right | Stuck: 6627 | WP: 0→(17,17)
[18:12:55] OVERWORLD | Map: 1 | Pos: (29, 28) | Badges: 0 | Party: 1 | Action: right | Stuck: 6677 | WP: 0→(17,17)
[18:12:55] OVERWORLD | Map: 1 | Pos: (29, 28) | Badges: 0 | Party: 1 | Action: right | Stuck: 6727 | WP: 0→(17,17)
[18:12:55] OVERWORLD | Map: 1 | Pos: (29, 28) | Badges: 0 | Party: 1 | Action: right | Stuck: 6777 | WP: 0→(17,17)
[18:12:55] OVERWORLD | Map: 1 | Pos: (29, 28) | Badges: 0 | Party: 1 | Action: right | Stuck: 6827 | WP: 0→(17,17)
[18:12:55] OVERWORLD | Map: 1 | Pos: (29, 28) | Badges: 0 | Party: 1 | Action: right | Stuck: 6877 | WP: 0→(17,17)
[18:12:55] OVERWORLD | Map: 1 | Pos: (29, 28) | Badges: 0 | Party: 1 | Action: right | Stuck: 6927 | WP: 0→(17,17)
[18:12:56] OVERWORLD | Map: 1 | Pos: (29, 28) | Badges: 0 | Party: 1 | Action: right | Stuck: 6977 | WP: 0→(17,17)
[18:12:56] OVERWORLD | Map: 1 | Pos: (29, 28) | Badges: 0 | Party: 1 | Action: right | Stuck: 7027 | WP: 0→(17,17)
[18:12:56] OVERWORLD | Map: 1 | Pos: (29, 28) | Badges: 0 | Party: 1 | Action: right | Stuck: 7077 | WP: 0→(17,17)
[18:12:56] OVERWORLD | Map: 1 | Pos: (29, 28) | Badges: 0 | Party: 1 | Action: right | Stuck: 7127 | WP: 0→(17,17)
[18:12:56] OVERWORLD | Map: 1 | Pos: (29, 28) | Badges: 0 | Party: 1 | Action: right | Stuck: 7177 | WP: 0→(17,17)
[18:12:57] OVERWORLD | Map: 1 | Pos: (29, 28) | Badges: 0 | Party: 1 | Action: right | Stuck: 7227 | WP: 0→(17,17)
[18:12:57] OVERWORLD | Map: 1 | Pos: (29, 28) | Badges: 0 | Party: 1 | Action: right | Stuck: 7277 | WP: 0→(17,17)
[18:12:57] OVERWORLD | Map: 1 | Pos: (29, 28) | Badges: 0 | Party: 1 | Action: right | Stuck: 7327 | WP: 0→(17,17)
[18:12:57] OVERWORLD | Map: 1 | Pos: (29, 28) | Badges: 0 | Party: 1 | Action: right | Stuck: 7377 | WP: 0→(17,17)
[18:12:57] OVERWORLD | Map: 1 | Pos: (29, 28) | Badges: 0 | Party: 1 | Action: right | Stuck: 7427 | WP: 0→(17,17)
[18:12:57] OVERWORLD | Map: 1 | Pos: (29, 28) | Badges: 0 | Party: 1 | Action: right | Stuck: 7477 | WP: 0→(17,17)
[18:12:58] OVERWORLD | Map: 1 | Pos: (29, 28) | Badges: 0 | Party: 1 | Action: right | Stuck: 7527 | WP: 0→(17,17)
[18:12:58] OVERWORLD | Map: 1 | Pos: (29, 28) | Badges: 0 | Party: 1 | Action: right | Stuck: 7577 | WP: 0→(17,17)
[18:12:58] OVERWORLD | Map: 1 | Pos: (29, 28) | Badges: 0 | Party: 1 | Action: right | Stuck: 7627 | WP: 0→(17,17)
[18:12:58] OVERWORLD | Map: 1 | Pos: (29, 28) | Badges: 0 | Party: 1 | Action: right | Stuck: 7677 | WP: 0→(17,17)
[18:12:58] OVERWORLD | Map: 1 | Pos: (29, 28) | Badges: 0 | Party: 1 | Action: right | Stuck: 7727 | WP: 0→(17,17)
[18:12:59] OVERWORLD | Map: 1 | Pos: (29, 28) | Badges: 0 | Party: 1 | Action: right | Stuck: 7777 | WP: 0→(17,17)
[18:12:59] OVERWORLD | Map: 1 | Pos: (29, 28) | Badges: 0 | Party: 1 | Action: right | Stuck: 7827 | WP: 0→(17,17)
[18:12:59] OVERWORLD | Map: 1 | Pos: (29, 28) | Badges: 0 | Party: 1 | Action: right | Stuck: 7877 | WP: 0→(17,17)
[18:12:59] OVERWORLD | Map: 1 | Pos: (29, 28) | Badges: 0 | Party: 1 | Action: right | Stuck: 7927 | WP: 0→(17,17)
[18:12:59] OVERWORLD | Map: 1 | Pos: (29, 28) | Badges: 0 | Party: 1 | Action: right | Stuck: 7977 | WP: 0→(17,17)
[18:12:59] OVERWORLD | Map: 1 | Pos: (29, 28) | Badges: 0 | Party: 1 | Action: right | Stuck: 8027 | WP: 0→(17,17)
[18:13:00] OVERWORLD | Map: 1 | Pos: (29, 28) | Badges: 0 | Party: 1 | Action: right | Stuck: 8077 | WP: 0→(17,17)
[18:13:00] OVERWORLD | Map: 1 | Pos: (29, 28) | Badges: 0 | Party: 1 | Action: right | Stuck: 8127 | WP: 0→(17,17)
[18:13:00] OVERWORLD | Map: 1 | Pos: (29, 28) | Badges: 0 | Party: 1 | Action: right | Stuck: 8177 | WP: 0→(17,17)
[18:13:00] OVERWORLD | Map: 1 | Pos: (29, 28) | Badges: 0 | Party: 1 | Action: right | Stuck: 8227 | WP: 0→(17,17)
[18:13:00] OVERWORLD | Map: 1 | Pos: (29, 28) | Badges: 0 | Party: 1 | Action: right | Stuck: 8277 | WP: 0→(17,17)
[18:13:01] OVERWORLD | Map: 1 | Pos: (29, 28) | Badges: 0 | Party: 1 | Action: right | Stuck: 8327 | WP: 0→(17,17)
[18:13:01] OVERWORLD | Map: 1 | Pos: (29, 28) | Badges: 0 | Party: 1 | Action: right | Stuck: 8377 | WP: 0→(17,17)
[18:13:01] OVERWORLD | Map: 1 | Pos: (29, 28) | Badges: 0 | Party: 1 | Action: right | Stuck: 8427 | WP: 0→(17,17)
[18:13:01] OVERWORLD | Map: 1 | Pos: (29, 28) | Badges: 0 | Party: 1 | Action: right | Stuck: 8477 | WP: 0→(17,17)
[18:13:01] OVERWORLD | Map: 1 | Pos: (29, 28) | Badges: 0 | Party: 1 | Action: right | Stuck: 8527 | WP: 0→(17,17)
[18:13:01] OVERWORLD | Map: 1 | Pos: (29, 28) | Badges: 0 | Party: 1 | Action: right | Stuck: 8577 | WP: 0→(17,17)
[18:13:02] OVERWORLD | Map: 1 | Pos: (29, 28) | Badges: 0 | Party: 1 | Action: right | Stuck: 8627 | WP: 0→(17,17)
[18:13:02] OVERWORLD | Map: 1 | Pos: (29, 28) | Badges: 0 | Party: 1 | Action: right | Stuck: 8677 | WP: 0→(17,17)
[18:13:02] OVERWORLD | Map: 1 | Pos: (29, 28) | Badges: 0 | Party: 1 | Action: right | Stuck: 8727 | WP: 0→(17,17)
[18:13:02] OVERWORLD | Map: 1 | Pos: (29, 28) | Badges: 0 | Party: 1 | Action: right | Stuck: 8777 | WP: 0→(17,17)
[18:13:02] OVERWORLD | Map: 1 | Pos: (29, 28) | Badges: 0 | Party: 1 | Action: right | Stuck: 8827 | WP: 0→(17,17)
[18:13:03] OVERWORLD | Map: 1 | Pos: (29, 28) | Badges: 0 | Party: 1 | Action: right | Stuck: 8877 | WP: 0→(17,17)
[18:13:03] OVERWORLD | Map: 1 | Pos: (29, 28) | Badges: 0 | Party: 1 | Action: right | Stuck: 8927 | WP: 0→(17,17)
[18:13:03] OVERWORLD | Map: 1 | Pos: (29, 28) | Badges: 0 | Party: 1 | Action: right | Stuck: 8977 | WP: 0→(17,17)
[18:13:03] OVERWORLD | Map: 1 | Pos: (29, 28) | Badges: 0 | Party: 1 | Action: right | Stuck: 9027 | WP: 0→(17,17)
[18:13:03] OVERWORLD | Map: 1 | Pos: (29, 28) | Badges: 0 | Party: 1 | Action: right | Stuck: 9077 | WP: 0→(17,17)
[18:13:03] OVERWORLD | Map: 1 | Pos: (29, 28) | Badges: 0 | Party: 1 | Action: right | Stuck: 9127 | WP: 0→(17,17)
[18:13:04] OVERWORLD | Map: 1 | Pos: (29, 28) | Badges: 0 | Party: 1 | Action: right | Stuck: 9177 | WP: 0→(17,17)
[18:13:04] OVERWORLD | Map: 1 | Pos: (29, 28) | Badges: 0 | Party: 1 | Action: right | Stuck: 9227 | WP: 0→(17,17)
[18:13:04] OVERWORLD | Map: 1 | Pos: (29, 28) | Badges: 0 | Party: 1 | Action: right | Stuck: 9277 | WP: 0→(17,17)
[18:13:04] OVERWORLD | Map: 1 | Pos: (29, 28) | Badges: 0 | Party: 1 | Action: right | Stuck: 9327 | WP: 0→(17,17)
[18:13:04] OVERWORLD | Map: 1 | Pos: (29, 28) | Badges: 0 | Party: 1 | Action: right | Stuck: 9377 | WP: 0→(17,17)
[18:13:05] OVERWORLD | Map: 1 | Pos: (29, 28) | Badges: 0 | Party: 1 | Action: right | Stuck: 9427 | WP: 0→(17,17)
[18:13:05] OVERWORLD | Map: 1 | Pos: (29, 28) | Badges: 0 | Party: 1 | Action: right | Stuck: 9477 | WP: 0→(17,17)
[18:13:05] OVERWORLD | Map: 1 | Pos: (29, 28) | Badges: 0 | Party: 1 | Action: right | Stuck: 9527 | WP: 0→(17,17)
[18:13:05] OVERWORLD | Map: 1 | Pos: (29, 28) | Badges: 0 | Party: 1 | Action: right | Stuck: 9577 | WP: 0→(17,17)
[18:13:05] OVERWORLD | Map: 1 | Pos: (29, 28) | Badges: 0 | Party: 1 | Action: right | Stuck: 9627 | WP: 0→(17,17)
[18:13:05] OVERWORLD | Map: 1 | Pos: (29, 28) | Badges: 0 | Party: 1 | Action: right | Stuck: 9677 | WP: 0→(17,17)
[18:13:06] OVERWORLD | Map: 1 | Pos: (29, 28) | Badges: 0 | Party: 1 | Action: right | Stuck: 9727 | WP: 0→(17,17)
[18:13:06] OVERWORLD | Map: 1 | Pos: (29, 28) | Badges: 0 | Party: 1 | Action: right | Stuck: 9777 | WP: 0→(17,17)
[18:13:06] OVERWORLD | Map: 1 | Pos: (29, 28) | Badges: 0 | Party: 1 | Action: right | Stuck: 9827 | WP: 0→(17,17)
[18:13:06] OVERWORLD | Map: 1 | Pos: (29, 28) | Badges: 0 | Party: 1 | Action: right | Stuck: 9877 | WP: 0→(17,17)
[18:13:06] OVERWORLD | Map: 1 | Pos: (29, 28) | Badges: 0 | Party: 1 | Action: right | Stuck: 9927 | WP: 0→(17,17)
[18:13:07] OVERWORLD | Map: 1 | Pos: (29, 28) | Badges: 0 | Party: 1 | Action: right | Stuck: 9977 | WP: 0→(17,17)
[18:13:07] OVERWORLD | Map: 1 | Pos: (29, 28) | Badges: 0 | Party: 1 | Action: right | Stuck: 10027 | WP: 0→(17,17)
[18:13:07] OVERWORLD | Map: 1 | Pos: (29, 28) | Badges: 0 | Party: 1 | Action: right | Stuck: 10077 | WP: 0→(17,17)
[18:13:07] OVERWORLD | Map: 1 | Pos: (29, 28) | Badges: 0 | Party: 1 | Action: right | Stuck: 10127 | WP: 0→(17,17)
[18:13:07] OVERWORLD | Map: 1 | Pos: (29, 28) | Badges: 0 | Party: 1 | Action: right | Stuck: 10177 | WP: 0→(17,17)
[18:13:07] OVERWORLD | Map: 1 | Pos: (29, 28) | Badges: 0 | Party: 1 | Action: right | Stuck: 10227 | WP: 0→(17,17)
[18:13:08] OVERWORLD | Map: 1 | Pos: (29, 28) | Badges: 0 | Party: 1 | Action: right | Stuck: 10277 | WP: 0→(17,17)
[18:13:08] OVERWORLD | Map: 1 | Pos: (29, 28) | Badges: 0 | Party: 1 | Action: right | Stuck: 10327 | WP: 0→(17,17)
[18:13:08] OVERWORLD | Map: 1 | Pos: (29, 28) | Badges: 0 | Party: 1 | Action: right | Stuck: 10377 | WP: 0→(17,17)
[18:13:08] OVERWORLD | Map: 1 | Pos: (29, 28) | Badges: 0 | Party: 1 | Action: right | Stuck: 10427 | WP: 0→(17,17)
[18:13:08] OVERWORLD | Map: 1 | Pos: (29, 28) | Badges: 0 | Party: 1 | Action: right | Stuck: 10477 | WP: 0→(17,17)
[18:13:09] OVERWORLD | Map: 1 | Pos: (29, 28) | Badges: 0 | Party: 1 | Action: right | Stuck: 10527 | WP: 0→(17,17)
[18:13:09] OVERWORLD | Map: 1 | Pos: (29, 28) | Badges: 0 | Party: 1 | Action: right | Stuck: 10577 | WP: 0→(17,17)
[18:13:09] OVERWORLD | Map: 1 | Pos: (29, 28) | Badges: 0 | Party: 1 | Action: right | Stuck: 10627 | WP: 0→(17,17)
[18:13:09] OVERWORLD | Map: 1 | Pos: (29, 28) | Badges: 0 | Party: 1 | Action: right | Stuck: 10677 | WP: 0→(17,17)
[18:13:09] OVERWORLD | Map: 1 | Pos: (29, 28) | Badges: 0 | Party: 1 | Action: right | Stuck: 10727 | WP: 0→(17,17)
[18:13:10] OVERWORLD | Map: 1 | Pos: (29, 28) | Badges: 0 | Party: 1 | Action: right | Stuck: 10777 | WP: 0→(17,17)
[18:13:10] OVERWORLD | Map: 1 | Pos: (29, 28) | Badges: 0 | Party: 1 | Action: right | Stuck: 10827 | WP: 0→(17,17)
[18:13:10] OVERWORLD | Map: 1 | Pos: (29, 28) | Badges: 0 | Party: 1 | Action: right | Stuck: 10877 | WP: 0→(17,17)
[18:13:10] OVERWORLD | Map: 1 | Pos: (29, 28) | Badges: 0 | Party: 1 | Action: right | Stuck: 10927 | WP: 0→(17,17)
[18:13:10] OVERWORLD | Map: 1 | Pos: (29, 28) | Badges: 0 | Party: 1 | Action: right | Stuck: 10977 | WP: 0→(17,17)
[18:13:10] OVERWORLD | Map: 1 | Pos: (29, 28) | Badges: 0 | Party: 1 | Action: right | Stuck: 11027 | WP: 0→(17,17)
[18:13:11] OVERWORLD | Map: 1 | Pos: (29, 28) | Badges: 0 | Party: 1 | Action: right | Stuck: 11077 | WP: 0→(17,17)
[18:13:11] OVERWORLD | Map: 1 | Pos: (29, 28) | Badges: 0 | Party: 1 | Action: right | Stuck: 11127 | WP: 0→(17,17)
[18:13:11] OVERWORLD | Map: 1 | Pos: (29, 28) | Badges: 0 | Party: 1 | Action: right | Stuck: 11177 | WP: 0→(17,17)
[18:13:11] OVERWORLD | Map: 1 | Pos: (29, 28) | Badges: 0 | Party: 1 | Action: right | Stuck: 11227 | WP: 0→(17,17)
[18:13:11] OVERWORLD | Map: 1 | Pos: (29, 28) | Badges: 0 | Party: 1 | Action: right | Stuck: 11277 | WP: 0→(17,17)
[18:13:12] OVERWORLD | Map: 1 | Pos: (29, 28) | Badges: 0 | Party: 1 | Action: right | Stuck: 11327 | WP: 0→(17,17)
[18:13:12] OVERWORLD | Map: 1 | Pos: (29, 28) | Badges: 0 | Party: 1 | Action: right | Stuck: 11377 | WP: 0→(17,17)
[18:13:12] OVERWORLD | Map: 1 | Pos: (29, 28) | Badges: 0 | Party: 1 | Action: right | Stuck: 11427 | WP: 0→(17,17)
[18:13:12] OVERWORLD | Map: 1 | Pos: (29, 28) | Badges: 0 | Party: 1 | Action: right | Stuck: 11477 | WP: 0→(17,17)
[18:13:12] OVERWORLD | Map: 1 | Pos: (29, 28) | Badges: 0 | Party: 1 | Action: right | Stuck: 11527 | WP: 0→(17,17)
[18:13:12] OVERWORLD | Map: 1 | Pos: (29, 28) | Badges: 0 | Party: 1 | Action: right | Stuck: 11577 | WP: 0→(17,17)
[18:13:13] OVERWORLD | Map: 1 | Pos: (29, 28) | Badges: 0 | Party: 1 | Action: right | Stuck: 11627 | WP: 0→(17,17)
[18:13:13] OVERWORLD | Map: 1 | Pos: (29, 28) | Badges: 0 | Party: 1 | Action: right | Stuck: 11677 | WP: 0→(17,17)
[18:13:13] OVERWORLD | Map: 1 | Pos: (29, 28) | Badges: 0 | Party: 1 | Action: right | Stuck: 11727 | WP: 0→(17,17)
[18:13:13] OVERWORLD | Map: 1 | Pos: (29, 28) | Badges: 0 | Party: 1 | Action: right | Stuck: 11777 | WP: 0→(17,17)
[18:13:13] OVERWORLD | Map: 1 | Pos: (29, 28) | Badges: 0 | Party: 1 | Action: right | Stuck: 11827 | WP: 0→(17,17)
[18:13:14] OVERWORLD | Map: 1 | Pos: (29, 28) | Badges: 0 | Party: 1 | Action: right | Stuck: 11877 | WP: 0→(17,17)
[18:13:14] OVERWORLD | Map: 1 | Pos: (29, 28) | Badges: 0 | Party: 1 | Action: right | Stuck: 11927 | WP: 0→(17,17)
[18:13:14] OVERWORLD | Map: 1 | Pos: (29, 28) | Badges: 0 | Party: 1 | Action: right | Stuck: 11977 | WP: 0→(17,17)
[18:13:14] OVERWORLD | Map: 1 | Pos: (29, 28) | Badges: 0 | Party: 1 | Action: right | Stuck: 12027 | WP: 0→(17,17)
[18:13:14] OVERWORLD | Map: 1 | Pos: (29, 28) | Badges: 0 | Party: 1 | Action: right | Stuck: 12077 | WP: 0→(17,17)
[18:13:14] OVERWORLD | Map: 1 | Pos: (29, 28) | Badges: 0 | Party: 1 | Action: right | Stuck: 12127 | WP: 0→(17,17)
[18:13:15] OVERWORLD | Map: 1 | Pos: (29, 28) | Badges: 0 | Party: 1 | Action: right | Stuck: 12177 | WP: 0→(17,17)
[18:13:15] OVERWORLD | Map: 1 | Pos: (29, 28) | Badges: 0 | Party: 1 | Action: right | Stuck: 12227 | WP: 0→(17,17)
[18:13:15] OVERWORLD | Map: 1 | Pos: (29, 28) | Badges: 0 | Party: 1 | Action: right | Stuck: 12277 | WP: 0→(17,17)
[18:13:15] OVERWORLD | Map: 1 | Pos: (29, 28) | Badges: 0 | Party: 1 | Action: right | Stuck: 12327 | WP: 0→(17,17)
[18:13:15] OVERWORLD | Map: 1 | Pos: (29, 28) | Badges: 0 | Party: 1 | Action: right | Stuck: 12377 | WP: 0→(17,17)
[18:13:16] OVERWORLD | Map: 1 | Pos: (29, 28) | Badges: 0 | Party: 1 | Action: right | Stuck: 12427 | WP: 0→(17,17)
[18:13:16] OVERWORLD | Map: 1 | Pos: (29, 28) | Badges: 0 | Party: 1 | Action: right | Stuck: 12477 | WP: 0→(17,17)
[18:13:16] OVERWORLD | Map: 1 | Pos: (29, 28) | Badges: 0 | Party: 1 | Action: right | Stuck: 12527 | WP: 0→(17,17)
[18:13:16] OVERWORLD | Map: 1 | Pos: (29, 28) | Badges: 0 | Party: 1 | Action: right | Stuck: 12577 | WP: 0→(17,17)
[18:13:16] OVERWORLD | Map: 1 | Pos: (29, 28) | Badges: 0 | Party: 1 | Action: right | Stuck: 12627 | WP: 0→(17,17)
[18:13:16] OVERWORLD | Map: 1 | Pos: (29, 28) | Badges: 0 | Party: 1 | Action: right | Stuck: 12677 | WP: 0→(17,17)
[18:13:17] OVERWORLD | Map: 1 | Pos: (29, 28) | Badges: 0 | Party: 1 | Action: right | Stuck: 12727 | WP: 0→(17,17)
[18:13:17] OVERWORLD | Map: 1 | Pos: (29, 28) | Badges: 0 | Party: 1 | Action: right | Stuck: 12777 | WP: 0→(17,17)
[18:13:17] OVERWORLD | Map: 1 | Pos: (29, 28) | Badges: 0 | Party: 1 | Action: right | Stuck: 12827 | WP: 0→(17,17)
[18:13:17] OVERWORLD | Map: 1 | Pos: (29, 28) | Badges: 0 | Party: 1 | Action: right | Stuck: 12877 | WP: 0→(17,17)
[18:13:17] OVERWORLD | Map: 1 | Pos: (29, 28) | Badges: 0 | Party: 1 | Action: right | Stuck: 12927 | WP: 0→(17,17)
[18:13:18] OVERWORLD | Map: 1 | Pos: (29, 28) | Badges: 0 | Party: 1 | Action: right | Stuck: 12977 | WP: 0→(17,17)
[18:13:18] OVERWORLD | Map: 1 | Pos: (29, 28) | Badges: 0 | Party: 1 | Action: right | Stuck: 13027 | WP: 0→(17,17)
[18:13:18] OVERWORLD | Map: 1 | Pos: (29, 28) | Badges: 0 | Party: 1 | Action: right | Stuck: 13077 | WP: 0→(17,17)
[18:13:18] OVERWORLD | Map: 1 | Pos: (29, 28) | Badges: 0 | Party: 1 | Action: right | Stuck: 13127 | WP: 0→(17,17)
[18:13:18] OVERWORLD | Map: 1 | Pos: (29, 28) | Badges: 0 | Party: 1 | Action: right | Stuck: 13177 | WP: 0→(17,17)
[18:13:18] OVERWORLD | Map: 1 | Pos: (29, 28) | Badges: 0 | Party: 1 | Action: right | Stuck: 13227 | WP: 0→(17,17)
[18:13:19] OVERWORLD | Map: 1 | Pos: (29, 28) | Badges: 0 | Party: 1 | Action: right | Stuck: 13277 | WP: 0→(17,17)
[18:13:19] OVERWORLD | Map: 1 | Pos: (29, 28) | Badges: 0 | Party: 1 | Action: right | Stuck: 13327 | WP: 0→(17,17)
[18:13:19] OVERWORLD | Map: 1 | Pos: (29, 28) | Badges: 0 | Party: 1 | Action: right | Stuck: 13377 | WP: 0→(17,17)
[18:13:19] OVERWORLD | Map: 1 | Pos: (29, 28) | Badges: 0 | Party: 1 | Action: right | Stuck: 13427 | WP: 0→(17,17)
[18:13:19] OVERWORLD | Map: 1 | Pos: (29, 28) | Badges: 0 | Party: 1 | Action: right | Stuck: 13477 | WP: 0→(17,17)
[18:13:20] OVERWORLD | Map: 1 | Pos: (29, 28) | Badges: 0 | Party: 1 | Action: right | Stuck: 13527 | WP: 0→(17,17)
[18:13:20] OVERWORLD | Map: 1 | Pos: (29, 28) | Badges: 0 | Party: 1 | Action: right | Stuck: 13577 | WP: 0→(17,17)
[18:13:20] OVERWORLD | Map: 1 | Pos: (29, 28) | Badges: 0 | Party: 1 | Action: right | Stuck: 13627 | WP: 0→(17,17)
[18:13:20] OVERWORLD | Map: 1 | Pos: (29, 28) | Badges: 0 | Party: 1 | Action: right | Stuck: 13677 | WP: 0→(17,17)
[18:13:20] OVERWORLD | Map: 1 | Pos: (29, 28) | Badges: 0 | Party: 1 | Action: right | Stuck: 13727 | WP: 0→(17,17)
[18:13:20] OVERWORLD | Map: 1 | Pos: (29, 28) | Badges: 0 | Party: 1 | Action: right | Stuck: 13777 | WP: 0→(17,17)
[18:13:21] OVERWORLD | Map: 1 | Pos: (29, 28) | Badges: 0 | Party: 1 | Action: right | Stuck: 13827 | WP: 0→(17,17)
[18:13:21] OVERWORLD | Map: 1 | Pos: (29, 28) | Badges: 0 | Party: 1 | Action: right | Stuck: 13877 | WP: 0→(17,17)
[18:13:21] Session complete. Turns: 14000 | Wins: 1
[18:13:21] POKEDEX | Wrote /Users/bdougie/code/pcc-labs/pokemon-kafka/pokedex/log220.md
