UserWarning: Using SDL2 binaries from pysdl2-dll 2.32.0
[agent] Loaded ROM: /Users/bdougie/code/pcc-labs/autotune/rom/Pokemon - Red Version (USA, Europe) (SGB Enhanced).gb
[agent] Strategy: medium
[agent] Evolve params: {"stuck_threshold": 4, "door_cooldown": 10, "waypoint_skip_distance": 3, "axis_preference_map_0": "y", "bt_max_snapshots": 8, "bt_restore_threshold": 19, "bt_max_attempts": 3, "bt_snapshot_interval": 34, "hp_run_threshold": 0.2, "hp_heal_threshold": 0.15, "unknown_move_score": 10.0, "status_move_score": 0.0}
[agent] Running headless — no display
[16:35:23] Agent starting.
[16:35:23] Loaded save state from /Users/bdougie/code/pcc-labs/autotune/states/route1.state. Skipping intro.
[16:35:23] QUEST | map=12 pos=(10,34) facing=up parcel_quest phase=TO_MART map=12 parcel=False pokedex=False target=north
[16:35:23] OVERWORLD | Map: 12 | Pos: (10, 34) | Badges: 0 | Party: 1 | Action: up | Stuck: 0 | WP: 0→(5,33)
[16:35:23] STUCK | Map: 12 | Pos: (10, 28) | Last move: up | Streak: 2
[16:35:23] STUCK | Map: 12 | Pos: (10, 28) | Last move: up | Streak: 5
[16:35:23] STUCK | Map: 12 | Pos: (11, 28) | Last move: up | Streak: 2
[16:35:23] STUCK | Map: 12 | Pos: (11, 28) | Last move: up | Streak: 5
[16:35:23] STUCK | Map: 12 | Pos: (13, 28) | Last move: up | Streak: 2
[16:35:23] STUCK | Map: 12 | Pos: (13, 28) | Last move: up | Streak: 5
[16:35:23] STUCK | Map: 12 | Pos: (15, 28) | Last move: up | Streak: 2
[16:35:23] STUCK | Map: 12 | Pos: (15, 28) | Last move: up | Streak: 5
[16:35:23] BATTLE | Lv2 Pidgey (normal/flying) | Player HP: 6/22 | Action: fight
[16:35:23] BATTLE | Lv2 Pidgey (normal/flying) | Player HP: 22/22 | Action: fight
[16:35:23] BATTLE | Lv2 Pidgey (normal/flying) | Player HP: 20/22 | Action: fight
[16:35:23] BATTLE | Lv2 Pidgey (normal/flying) | Player HP: 18/22 | Action: fight
[16:35:23] Battle ended. Won: True. Total wins: 1
[16:35:23] STUCK | Map: 12 | Pos: (17, 28) | Last move: up | Streak: 2
[16:35:23] OVERWORLD | Map: 12 | Pos: (17, 28) | Badges: 0 | Party: 1 | Action: up | Stuck: 3 | WP: 0→(5,33)
[16:35:23] STUCK | Map: 12 | Pos: (17, 28) | Last move: up | Streak: 5
[16:35:23] STUCK | Map: 12 | Pos: (17, 28) | Last move: right | Streak: 10
[16:35:23] STUCK | Map: 12 | Pos: (17, 28) | Last move: up | Streak: 2
[16:35:23] STUCK | Map: 12 | Pos: (17, 28) | Last move: up | Streak: 5
[16:35:23] STUCK | Map: 12 | Pos: (17, 28) | Last move: right | Streak: 10
[16:35:23] STUCK | Map: 12 | Pos: (15, 28) | Last move: up | Streak: 2
[16:35:23] STUCK | Map: 12 | Pos: (15, 28) | Last move: up | Streak: 5
[16:35:23] BATTLE | Lv4 Rattata (normal) | Player HP: 18/22 | Action: fight
[16:35:23] BATTLE | Lv4 Rattata (normal) | Player HP: 18/22 | Action: fight
[16:35:24] BATTLE | Lv4 Rattata (normal) | Player HP: 18/22 | Action: fight
[16:35:24] BATTLE | Lv4 Rattata (normal) | Player HP: 18/22 | Action: fight
[16:35:24] BATTLE | Lv4 Rattata (normal) | Player HP: 12/22 | Action: fight
[16:35:24] BATTLE | Lv4 Rattata (normal) | Player HP: 14/24 | Action: fight
[16:35:24] Battle ended. Won: True. Total wins: 2
[16:35:24] LEVEL UP | Lv6 -> Lv7
[16:35:24] STUCK | Map: 12 | Pos: (16, 28) | Last move: up | Streak: 2
[16:35:24] STUCK | Map: 12 | Pos: (16, 28) | Last move: up | Streak: 5
[16:35:24] STUCK | Map: 12 | Pos: (17, 28) | Last move: up | Streak: 2
[16:35:24] OVERWORLD | Map: 12 | Pos: (17, 28) | Badges: 0 | Party: 1 | Action: up | Stuck: 3 | WP: 0→(5,33)
[16:35:24] STUCK | Map: 12 | Pos: (17, 28) | Last move: up | Streak: 5
[16:35:24] STUCK | Map: 12 | Pos: (17, 28) | Last move: right | Streak: 10
[16:35:24] STUCK | Map: 12 | Pos: (17, 28) | Last move: up | Streak: 2
[16:35:24] STUCK | Map: 12 | Pos: (17, 28) | Last move: up | Streak: 5
[16:35:24] STUCK | Map: 12 | Pos: (17, 28) | Last move: right | Streak: 10
[16:35:24] BATTLE | Lv3 Rattata (normal) | Player HP: 14/24 | Action: fight
[16:35:24] BATTLE | Lv3 Rattata (normal) | Player HP: 14/24 | Action: fight
[16:35:24] BATTLE | Lv3 Rattata (normal) | Player HP: 11/24 | Action: fight
[16:35:24] BATTLE | Lv3 Rattata (normal) | Player HP: 8/24 | Action: fight
[16:35:24] Battle ended. Won: True. Total wins: 3
[16:35:24] STUCK | Map: 12 | Pos: (15, 28) | Last move: up | Streak: 2
[16:35:24] STUCK | Map: 12 | Pos: (15, 28) | Last move: up | Streak: 5
[16:35:24] STUCK | Map: 12 | Pos: (16, 28) | Last move: up | Streak: 2
[16:35:24] STUCK | Map: 12 | Pos: (16, 28) | Last move: up | Streak: 5
[16:35:24] STUCK | Map: 12 | Pos: (17, 28) | Last move: up | Streak: 2
[16:35:24] OVERWORLD | Map: 12 | Pos: (17, 28) | Badges: 0 | Party: 1 | Action: up | Stuck: 4 | WP: 0→(5,33)
[16:35:24] STUCK | Map: 12 | Pos: (17, 28) | Last move: up | Streak: 5
[16:35:24] STUCK | Map: 12 | Pos: (17, 28) | Last move: right | Streak: 10
[16:35:24] STUCK | Map: 12 | Pos: (17, 28) | Last move: up | Streak: 2
[16:35:24] STUCK | Map: 12 | Pos: (17, 28) | Last move: up | Streak: 5
[16:35:24] BATTLE | Lv3 Pidgey (normal/flying) | Player HP: 8/24 | Action: fight
[16:35:24] BATTLE | Lv3 Pidgey (normal/flying) | Player HP: 8/24 | Action: fight
[16:35:24] BATTLE | Lv3 Pidgey (normal/flying) | Player HP: 5/24 | Action: fight
[16:35:24] BATTLE | Lv3 Pidgey (normal/flying) | Player HP: 2/24 | Action: run
[16:35:24] BATTLE | Lv3 Pidgey (normal/flying) | Player HP: 0/24 | Action: run
[16:35:24] Battle ended. Won: True. Total wins: 4
[16:35:24] MAP CHANGE | 12 -> 0 | Pos: (5, 6)
[16:35:24] QUEST | map=0 pos=(5,6) facing=right parcel_quest phase=TO_MART map=0 parcel=False pokedex=False target=north
[16:35:24] MAP CHANGE | 0 -> 37 | Pos: (5, 5)
[16:35:24] SCREENSHOT | /Users/bdougie/code/pcc-labs/pokemon-kafka/frames/turn173_house_1f.png
[16:35:24] DIAG | House 1F at (5,5) collision map:
[16:35:24] # # # # # # # # # #
# # # # # # # # # #
# # # # # # # # # #
# # # # # # # # # #
# # # # @ # # # # #
# # # # # # # # # #
# # # # # # # # # #
# # # # # # # # # #
# # # # # # # # # #
[16:35:24] QUEST | map=37 pos=(5,5) facing=up parcel_quest phase=TO_MART map=37 parcel=False pokedex=False target=None
[16:35:24] STUCK | Map: 37 | Pos: (2, 7) | Last move: left | Streak: 2
[16:35:24] MAP CHANGE | 37 -> 0 | Pos: (5, 5)
[16:35:25] OVERWORLD | Map: 0 | Pos: (5, 6) | Badges: 0 | Party: 1 | Action: a | Stuck: 0 | WP: 0→(8,10)
[16:35:25] STUCK | Map: 0 | Pos: (5, 6) | Last move: a | Streak: 2
[16:35:25] STUCK | Map: 0 | Pos: (5, 8) | Last move: down | Streak: 2
[16:35:25] STUCK | Map: 0 | Pos: (5, 8) | Last move: left | Streak: 5
[16:35:25] QUEST | map=0 pos=(5,8) facing=left parcel_quest phase=TO_MART map=0 parcel=False pokedex=False target=north
[16:35:25] OVERWORLD | Map: 0 | Pos: (5, 8) | Badges: 0 | Party: 1 | Action: up | Stuck: 5 | WP: 0→(8,10)
[16:35:25] MAP CHANGE | 0 -> 37 | Pos: (5, 5)
[16:35:25] QUEST | map=37 pos=(5,5) facing=up parcel_quest phase=TO_MART map=37 parcel=False pokedex=False target=None
[16:35:25] STUCK | Map: 37 | Pos: (2, 7) | Last move: left | Streak: 2
[16:35:25] MAP CHANGE | 37 -> 0 | Pos: (5, 5)
[16:35:25] OVERWORLD | Map: 0 | Pos: (5, 6) | Badges: 0 | Party: 1 | Action: a | Stuck: 1 | WP: 0→(8,10)
[16:35:25] STUCK | Map: 0 | Pos: (5, 6) | Last move: a | Streak: 2
[16:35:25] STUCK | Map: 0 | Pos: (5, 8) | Last move: down | Streak: 2
[16:35:25] QUEST | map=0 pos=(1,8) facing=left parcel_quest phase=TO_MART map=0 parcel=False pokedex=False target=north
[16:35:25] OVERWORLD | Map: 0 | Pos: (1, 7) | Badges: 0 | Party: 1 | Action: up | Stuck: 0 | WP: 0→(8,10)
[16:35:25] STUCK | Map: 0 | Pos: (1, 2) | Last move: up | Streak: 2
[16:35:25] STUCK | Map: 0 | Pos: (1, 2) | Last move: up | Streak: 5
[16:35:25] OVERWORLD | Map: 0 | Pos: (1, 2) | Badges: 0 | Party: 1 | Action: up | Stuck: 7 | WP: 0→(8,10)
[16:35:25] STUCK | Map: 0 | Pos: (2, 2) | Last move: up | Streak: 2
[16:35:25] STUCK | Map: 0 | Pos: (2, 2) | Last move: up | Streak: 5
[16:35:25] OVERWORLD | Map: 0 | Pos: (2, 2) | Badges: 0 | Party: 1 | Action: up | Stuck: 7 | WP: 0→(8,10)
[16:35:25] STUCK | Map: 0 | Pos: (4, 2) | Last move: up | Streak: 2
[16:35:25] STUCK | Map: 0 | Pos: (4, 2) | Last move: up | Streak: 5
[16:35:25] OVERWORLD | Map: 0 | Pos: (4, 2) | Badges: 0 | Party: 1 | Action: up | Stuck: 7 | WP: 0→(8,10)
[16:35:25] STUCK | Map: 0 | Pos: (6, 2) | Last move: up | Streak: 2
[16:35:25] STUCK | Map: 0 | Pos: (6, 2) | Last move: up | Streak: 5
[16:35:25] OVERWORLD | Map: 0 | Pos: (6, 2) | Badges: 0 | Party: 1 | Action: up | Stuck: 7 | WP: 0→(8,10)
[16:35:25] STUCK | Map: 0 | Pos: (8, 2) | Last move: up | Streak: 2
[16:35:25] STUCK | Map: 0 | Pos: (8, 2) | Last move: up | Streak: 5
[16:35:25] OVERWORLD | Map: 0 | Pos: (8, 2) | Badges: 0 | Party: 1 | Action: up | Stuck: 7 | WP: 0→(8,10)
[16:35:25] MAP CHANGE | 0 -> 12 | Pos: (10, 34)
[16:35:25] QUEST | map=12 pos=(10,34) facing=up parcel_quest phase=TO_MART map=12 parcel=False pokedex=False target=north
[16:35:25] STUCK | Map: 12 | Pos: (10, 28) | Last move: up | Streak: 2
[16:35:25] STUCK | Map: 12 | Pos: (10, 28) | Last move: up | Streak: 5
[16:35:25] STUCK | Map: 12 | Pos: (12, 28) | Last move: up | Streak: 2
[16:35:25] STUCK | Map: 12 | Pos: (12, 28) | Last move: up | Streak: 5
[16:35:25] STUCK | Map: 12 | Pos: (14, 28) | Last move: up | Streak: 2
[16:35:25] STUCK | Map: 12 | Pos: (14, 28) | Last move: up | Streak: 5
[16:35:25] STUCK | Map: 12 | Pos: (16, 28) | Last move: up | Streak: 2
[16:35:25] OVERWORLD | Map: 12 | Pos: (16, 28) | Badges: 0 | Party: 1 | Action: up | Stuck: 2 | WP: 0→(5,33)
[16:35:25] STUCK | Map: 12 | Pos: (16, 28) | Last move: up | Streak: 5
[16:35:25] BATTLE | Lv4 Rattata (normal) | Player HP: 0/24 | Action: run
[16:35:25] BATTLE | Lv4 Rattata (normal) | Player HP: 24/24 | Action: fight
[16:35:25] BATTLE | Lv4 Rattata (normal) | Player HP: 21/24 | Action: fight
[16:35:25] BATTLE | Lv4 Rattata (normal) | Player HP: 21/24 | Action: fight
[16:35:25] BATTLE | Lv4 Rattata (normal) | Player HP: 21/24 | Action: fight
[16:35:25] BATTLE | Lv4 Rattata (normal) | Player HP: 16/24 | Action: fight
[16:35:25] BATTLE | Lv4 Rattata (normal) | Player HP: 10/24 | Action: fight
[16:35:25] Battle ended. Won: True. Total wins: 5
[16:35:25] STUCK | Map: 12 | Pos: (17, 28) | Last move: up | Streak: 2
[16:35:25] STUCK | Map: 12 | Pos: (17, 28) | Last move: up | Streak: 5
[16:35:25] STUCK | Map: 12 | Pos: (17, 28) | Last move: right | Streak: 10
[16:35:25] STUCK | Map: 12 | Pos: (17, 28) | Last move: up | Streak: 2
[16:35:25] STUCK | Map: 12 | Pos: (17, 28) | Last move: up | Streak: 5
[16:35:25] STUCK | Map: 12 | Pos: (17, 28) | Last move: right | Streak: 10
[16:35:25] STUCK | Map: 12 | Pos: (15, 28) | Last move: up | Streak: 2
[16:35:25] STUCK | Map: 12 | Pos: (15, 28) | Last move: up | Streak: 5
[16:35:25] OVERWORLD | Map: 12 | Pos: (16, 28) | Badges: 0 | Party: 1 | Action: up | Stuck: 1 | WP: 0→(5,33)
[16:35:25] STUCK | Map: 12 | Pos: (16, 28) | Last move: up | Streak: 2
[16:35:25] STUCK | Map: 12 | Pos: (16, 28) | Last move: up | Streak: 5
[16:35:25] BATTLE | Lv4 Pidgey (normal/flying) | Player HP: 10/24 | Action: fight
[16:35:25] BATTLE | Lv4 Pidgey (normal/flying) | Player HP: 10/24 | Action: fight
[16:35:26] BATTLE | Lv4 Pidgey (normal/flying) | Player HP: 7/24 | Action: fight
[16:35:26] BATTLE | Lv4 Pidgey (normal/flying) | Player HP: 4/24 | Action: run
[16:35:26] BATTLE | Lv4 Pidgey (normal/flying) | Player HP: 1/24 | Action: run
[16:35:26] BATTLE | Lv4 Pidgey (normal/flying) | Player HP: 3/26 | Action: run
[16:35:26] Battle ended. Won: True. Total wins: 6
[16:35:26] LEVEL UP | Lv7 -> Lv8
[16:35:26] STUCK | Map: 12 | Pos: (16, 28) | Last move: right | Streak: 10
[16:35:26] STUCK | Map: 12 | Pos: (16, 28) | Last move: up | Streak: 2
[16:35:26] STUCK | Map: 12 | Pos: (16, 28) | Last move: up | Streak: 5
[16:35:26] BATTLE | Lv3 Rattata (normal) | Player HP: 3/26 | Action: run
[16:35:26] BATTLE | Lv3 Rattata (normal) | Player HP: 3/26 | Action: run
[16:35:26] BATTLE | Lv3 Rattata (normal) | Player HP: 3/26 | Action: run
[16:35:26] BATTLE | Lv3 Rattata (normal) | Player HP: 0/26 | Action: fight
[16:35:26] Battle ended. Won: True. Total wins: 7
[16:35:26] MAP CHANGE | 12 -> 0 | Pos: (5, 6)
[16:35:26] QUEST | map=0 pos=(5,6) facing=right parcel_quest phase=TO_MART map=0 parcel=False pokedex=False target=north
[16:35:26] OVERWORLD | Map: 0 | Pos: (5, 6) | Badges: 0 | Party: 1 | Action: up | Stuck: 0 | WP: 0→(8,10)
[16:35:26] MAP CHANGE | 0 -> 37 | Pos: (5, 5)
[16:35:26] QUEST | map=37 pos=(5,5) facing=up parcel_quest phase=TO_MART map=37 parcel=False pokedex=False target=None
[16:35:26] STUCK | Map: 37 | Pos: (2, 7) | Last move: left | Streak: 2
[16:35:26] MAP CHANGE | 37 -> 0 | Pos: (5, 5)
[16:35:26] STUCK | Map: 0 | Pos: (5, 6) | Last move: a | Streak: 2
[16:35:26] OVERWORLD | Map: 0 | Pos: (5, 6) | Badges: 0 | Party: 1 | Action: a | Stuck: 2 | WP: 0→(8,10)
[16:35:26] STUCK | Map: 0 | Pos: (5, 8) | Last move: down | Streak: 2
[16:35:26] QUEST | map=0 pos=(1,8) facing=left parcel_quest phase=TO_MART map=0 parcel=False pokedex=False target=north
[16:35:26] OVERWORLD | Map: 0 | Pos: (1, 5) | Badges: 0 | Party: 1 | Action: up | Stuck: 0 | WP: 0→(8,10)
[16:35:26] STUCK | Map: 0 | Pos: (1, 2) | Last move: up | Streak: 2
[16:35:26] STUCK | Map: 0 | Pos: (1, 2) | Last move: up | Streak: 5
[16:35:26] OVERWORLD | Map: 0 | Pos: (1, 2) | Badges: 0 | Party: 1 | Action: up | Stuck: 8 | WP: 0→(8,10)
[16:35:26] STUCK | Map: 0 | Pos: (2, 2) | Last move: up | Streak: 2
[16:35:26] STUCK | Map: 0 | Pos: (2, 2) | Last move: up | Streak: 5
[16:35:26] OVERWORLD | Map: 0 | Pos: (2, 2) | Badges: 0 | Party: 1 | Action: up | Stuck: 8 | WP: 0→(8,10)
[16:35:26] STUCK | Map: 0 | Pos: (4, 2) | Last move: up | Streak: 2
[16:35:26] STUCK | Map: 0 | Pos: (4, 2) | Last move: up | Streak: 5
[16:35:26] OVERWORLD | Map: 0 | Pos: (4, 2) | Badges: 0 | Party: 1 | Action: up | Stuck: 8 | WP: 0→(8,10)
[16:35:26] STUCK | Map: 0 | Pos: (6, 2) | Last move: up | Streak: 2
[16:35:26] STUCK | Map: 0 | Pos: (6, 2) | Last move: up | Streak: 5
[16:35:26] OVERWORLD | Map: 0 | Pos: (6, 2) | Badges: 0 | Party: 1 | Action: up | Stuck: 8 | WP: 0→(8,10)
[16:35:26] STUCK | Map: 0 | Pos: (8, 2) | Last move: up | Streak: 2
[16:35:26] STUCK | Map: 0 | Pos: (8, 2) | Last move: up | Streak: 5
[16:35:26] OVERWORLD | Map: 0 | Pos: (8, 2) | Badges: 0 | Party: 1 | Action: up | Stuck: 8 | WP: 0→(8,10)
[16:35:26] BATTLE | Lv3 Pidgey (normal/flying) | Player HP: 0/26 | Action: run
[16:35:26] BATTLE | Lv3 Pidgey (normal/flying) | Player HP: 26/26 | Action: fight
[16:35:26] BATTLE | Lv3 Pidgey (normal/flying) | Player HP: 26/26 | Action: fight
[16:35:26] BATTLE | Lv3 Pidgey (normal/flying) | Player HP: 23/26 | Action: fight
[16:35:26] Battle ended. Won: True. Total wins: 8
[16:35:26] MAP CHANGE | 0 -> 12 | Pos: (10, 34)
[16:35:26] QUEST | map=12 pos=(10,34) facing=up parcel_quest phase=TO_MART map=12 parcel=False pokedex=False target=north
[16:35:26] STUCK | Map: 12 | Pos: (10, 28) | Last move: up | Streak: 2
[16:35:26] STUCK | Map: 12 | Pos: (10, 28) | Last move: up | Streak: 5
[16:35:26] STUCK | Map: 12 | Pos: (12, 28) | Last move: up | Streak: 2
[16:35:26] STUCK | Map: 12 | Pos: (12, 28) | Last move: up | Streak: 5
[16:35:26] STUCK | Map: 12 | Pos: (14, 28) | Last move: up | Streak: 2
[16:35:26] STUCK | Map: 12 | Pos: (14, 28) | Last move: up | Streak: 5
[16:35:26] BATTLE | Lv3 Pidgey (normal/flying) | Player HP: 23/26 | Action: fight
[16:35:27] BATTLE | Lv3 Pidgey (normal/flying) | Player HP: 23/26 | Action: fight
[16:35:27] BATTLE | Lv3 Pidgey (normal/flying) | Player HP: 21/26 | Action: fight
[16:35:27] Battle ended. Won: True. Total wins: 9
[16:35:27] STUCK | Map: 12 | Pos: (15, 28) | Last move: up | Streak: 2
[16:35:27] STUCK | Map: 12 | Pos: (15, 28) | Last move: up | Streak: 5
[16:35:27] OVERWORLD | Map: 12 | Pos: (15, 28) | Badges: 0 | Party: 1 | Action: up | Stuck: 6 | WP: 0→(5,33)
[16:35:27] STUCK | Map: 12 | Pos: (17, 28) | Last move: up | Streak: 2
[16:35:27] STUCK | Map: 12 | Pos: (17, 28) | Last move: up | Streak: 5
[16:35:27] STUCK | Map: 12 | Pos: (17, 28) | Last move: right | Streak: 10
[16:35:27] STUCK | Map: 12 | Pos: (17, 28) | Last move: up | Streak: 2
[16:35:27] STUCK | Map: 12 | Pos: (17, 28) | Last move: up | Streak: 5
[16:35:27] BATTLE | Lv3 Rattata (normal) | Player HP: 21/26 | Action: fight
[16:35:27] BATTLE | Lv3 Rattata (normal) | Player HP: 21/26 | Action: fight
[16:35:27] BATTLE | Lv3 Rattata (normal) | Player HP: 21/26 | Action: fight
[16:35:27] Battle ended. Won: True. Total wins: 10
[16:35:27] STUCK | Map: 12 | Pos: (17, 28) | Last move: right | Streak: 10
[16:35:27] BATTLE | Lv2 Rattata (normal) | Player HP: 21/26 | Action: fight
[16:35:27] BATTLE | Lv2 Rattata (normal) | Player HP: 21/26 | Action: fight
[16:35:27] BATTLE | Lv2 Rattata (normal) | Player HP: 21/26 | Action: fight
[16:35:27] BATTLE | Lv2 Rattata (normal) | Player HP: 24/29 | Action: fight
[16:35:27] Battle ended. Won: True. Total wins: 11
[16:35:27] LEVEL UP | Lv8 -> Lv9
[16:35:27] STUCK | Map: 12 | Pos: (15, 28) | Last move: up | Streak: 2
[16:35:27] STUCK | Map: 12 | Pos: (15, 28) | Last move: up | Streak: 5
[16:35:27] STUCK | Map: 12 | Pos: (16, 28) | Last move: up | Streak: 2
[16:35:27] OVERWORLD | Map: 12 | Pos: (16, 28) | Badges: 0 | Party: 1 | Action: up | Stuck: 4 | WP: 0→(5,33)
[16:35:27] STUCK | Map: 12 | Pos: (16, 28) | Last move: up | Streak: 5
[16:35:27] BATTLE | Lv3 Rattata (normal) | Player HP: 24/29 | Action: fight
[16:35:27] BATTLE | Lv3 Rattata (normal) | Player HP: 24/29 | Action: fight
[16:35:27] BATTLE | Lv3 Rattata (normal) | Player HP: 22/29 | Action: fight
[16:35:27] Battle ended. Won: True. Total wins: 12
[16:35:27] STUCK | Map: 12 | Pos: (17, 28) | Last move: up | Streak: 2
[16:35:27] STUCK | Map: 12 | Pos: (17, 28) | Last move: up | Streak: 5
[16:35:27] STUCK | Map: 12 | Pos: (17, 28) | Last move: right | Streak: 10
[16:35:27] STUCK | Map: 12 | Pos: (17, 28) | Last move: up | Streak: 2
[16:35:27] STUCK | Map: 12 | Pos: (17, 28) | Last move: up | Streak: 5
[16:35:27] STUCK | Map: 12 | Pos: (17, 28) | Last move: right | Streak: 10
[16:35:27] STUCK | Map: 12 | Pos: (15, 28) | Last move: up | Streak: 2
[16:35:27] STUCK | Map: 12 | Pos: (15, 28) | Last move: up | Streak: 5
[16:35:27] STUCK | Map: 12 | Pos: (17, 28) | Last move: right | Streak: 10
[16:35:27] BATTLE | Lv3 Rattata (normal) | Player HP: 22/29 | Action: fight
[16:35:28] BATTLE | Lv3 Rattata (normal) | Player HP: 22/29 | Action: fight
[16:35:28] BATTLE | Lv3 Rattata (normal) | Player HP: 22/29 | Action: fight
[16:35:28] Battle ended. Won: True. Total wins: 13
[16:35:28] OVERWORLD | Map: 12 | Pos: (16, 28) | Badges: 0 | Party: 1 | Action: up | Stuck: 0 | WP: 0→(5,33)
[16:35:28] STUCK | Map: 12 | Pos: (16, 28) | Last move: up | Streak: 2
[16:35:28] STUCK | Map: 12 | Pos: (16, 28) | Last move: up | Streak: 5
[16:35:28] STUCK | Map: 12 | Pos: (17, 28) | Last move: right | Streak: 10
[16:35:28] STUCK | Map: 12 | Pos: (17, 28) | Last move: up | Streak: 2
[16:35:28] STUCK | Map: 12 | Pos: (17, 28) | Last move: up | Streak: 5
[16:35:28] STUCK | Map: 12 | Pos: (17, 28) | Last move: right | Streak: 10
[16:35:28] STUCK | Map: 12 | Pos: (15, 28) | Last move: up | Streak: 2
[16:35:28] STUCK | Map: 12 | Pos: (15, 28) | Last move: up | Streak: 5
[16:35:28] BATTLE | Lv3 Rattata (normal) | Player HP: 22/29 | Action: fight
[16:35:28] BATTLE | Lv3 Rattata (normal) | Player HP: 22/29 | Action: fight
[16:35:28] BATTLE | Lv3 Rattata (normal) | Player HP: 22/29 | Action: fight
[16:35:28] BATTLE | Lv3 Rattata (normal) | Player HP: 22/29 | Action: fight
[16:35:28] Battle ended. Won: True. Total wins: 14
[16:35:28] STUCK | Map: 12 | Pos: (16, 28) | Last move: up | Streak: 2
[16:35:28] STUCK | Map: 12 | Pos: (16, 28) | Last move: up | Streak: 5
[16:35:28] STUCK | Map: 12 | Pos: (17, 28) | Last move: up | Streak: 2
[16:35:28] OVERWORLD | Map: 12 | Pos: (17, 28) | Badges: 0 | Party: 1 | Action: up | Stuck: 2 | WP: 0→(5,33)
[16:35:28] STUCK | Map: 12 | Pos: (17, 28) | Last move: up | Streak: 5
[16:35:28] STUCK | Map: 12 | Pos: (17, 28) | Last move: right | Streak: 10
[16:35:28] STUCK | Map: 12 | Pos: (17, 28) | Last move: up | Streak: 2
[16:35:28] STUCK | Map: 12 | Pos: (17, 28) | Last move: up | Streak: 5
[16:35:28] STUCK | Map: 12 | Pos: (17, 28) | Last move: right | Streak: 10
[16:35:28] BATTLE | Lv3 Pidgey (normal/flying) | Player HP: 22/29 | Action: fight
[16:35:28] BATTLE | Lv3 Pidgey (normal/flying) | Player HP: 22/29 | Action: fight
[16:35:28] BATTLE | Lv3 Pidgey (normal/flying) | Player HP: 19/29 | Action: fight
[16:35:28] BATTLE | Lv3 Pidgey (normal/flying) | Player HP: 16/29 | Action: fight
[16:35:28] Battle ended. Won: True. Total wins: 15
[16:35:28] STUCK | Map: 12 | Pos: (15, 28) | Last move: up | Streak: 2
[16:35:28] STUCK | Map: 12 | Pos: (15, 28) | Last move: up | Streak: 5
[16:35:28] STUCK | Map: 12 | Pos: (17, 28) | Last move: right | Streak: 10
[16:35:28] STUCK | Map: 12 | Pos: (17, 28) | Last move: up | Streak: 2
[16:35:28] STUCK | Map: 12 | Pos: (17, 28) | Last move: up | Streak: 5
[16:35:28] STUCK | Map: 12 | Pos: (17, 28) | Last move: right | Streak: 10
[16:35:28] OVERWORLD | Map: 12 | Pos: (15, 28) | Badges: 0 | Party: 1 | Action: up | Stuck: 1 | WP: 0→(5,33)
[16:35:28] STUCK | Map: 12 | Pos: (15, 28) | Last move: up | Streak: 2
[16:35:28] STUCK | Map: 12 | Pos: (15, 28) | Last move: up | Streak: 5
[16:35:28] STUCK | Map: 12 | Pos: (17, 28) | Last move: right | Streak: 10
[16:35:28] BATTLE | Lv3 Rattata (normal) | Player HP: 16/29 | Action: fight
[16:35:28] BATTLE | Lv3 Rattata (normal) | Player HP: 16/29 | Action: fight
[16:35:28] BATTLE | Lv3 Rattata (normal) | Player HP: 16/29 | Action: fight
[16:35:29] Battle ended. Won: True. Total wins: 16
[16:35:29] BATTLE | Lv3 Rattata (normal) | Player HP: 16/29 | Action: fight
[16:35:29] BATTLE | Lv3 Rattata (normal) | Player HP: 16/29 | Action: fight
[16:35:29] BATTLE | Lv3 Rattata (normal) | Player HP: 16/29 | Action: fight
[16:35:29] Battle ended. Won: True. Total wins: 17
[16:35:29] LEVEL UP | Lv9 -> Lv10
[16:35:29] STUCK | Map: 12 | Pos: (17, 28) | Last move: up | Streak: 2
[16:35:29] STUCK | Map: 12 | Pos: (17, 28) | Last move: up | Streak: 5
[16:35:29] STUCK | Map: 12 | Pos: (17, 28) | Last move: right | Streak: 10
[16:35:29] STUCK | Map: 12 | Pos: (15, 28) | Last move: up | Streak: 2
[16:35:29] STUCK | Map: 12 | Pos: (15, 28) | Last move: up | Streak: 5
[16:35:29] STUCK | Map: 12 | Pos: (16, 28) | Last move: up | Streak: 2
[16:35:29] STUCK | Map: 12 | Pos: (16, 28) | Last move: up | Streak: 5
[16:35:29] OVERWORLD | Map: 12 | Pos: (16, 28) | Badges: 0 | Party: 1 | Action: up | Stuck: 5 | WP: 0→(5,33)
[16:35:29] STUCK | Map: 12 | Pos: (17, 28) | Last move: up | Streak: 2
[16:35:29] STUCK | Map: 12 | Pos: (17, 28) | Last move: up | Streak: 5
[16:35:29] STUCK | Map: 12 | Pos: (17, 28) | Last move: right | Streak: 10
[16:35:29] STUCK | Map: 12 | Pos: (17, 28) | Last move: up | Streak: 2
[16:35:29] STUCK | Map: 12 | Pos: (17, 28) | Last move: up | Streak: 5
[16:35:29] STUCK | Map: 12 | Pos: (17, 28) | Last move: right | Streak: 10
[16:35:29] STUCK | Map: 12 | Pos: (15, 28) | Last move: up | Streak: 2
[16:35:29] STUCK | Map: 12 | Pos: (15, 28) | Last move: up | Streak: 5
[16:35:29] STUCK | Map: 12 | Pos: (16, 28) | Last move: up | Streak: 2
[16:35:29] STUCK | Map: 12 | Pos: (16, 28) | Last move: up | Streak: 5
[16:35:29] OVERWORLD | Map: 12 | Pos: (17, 28) | Badges: 0 | Party: 1 | Action: up | Stuck: 1 | WP: 0→(5,33)
[16:35:29] STUCK | Map: 12 | Pos: (17, 28) | Last move: up | Streak: 2
[16:35:29] STUCK | Map: 12 | Pos: (17, 28) | Last move: up | Streak: 5
[16:35:29] STUCK | Map: 12 | Pos: (17, 28) | Last move: right | Streak: 10
[16:35:29] STUCK | Map: 12 | Pos: (17, 28) | Last move: up | Streak: 2
[16:35:29] STUCK | Map: 12 | Pos: (17, 28) | Last move: up | Streak: 5
[16:35:29] STUCK | Map: 12 | Pos: (17, 28) | Last move: right | Streak: 10
[16:35:29] STUCK | Map: 12 | Pos: (15, 28) | Last move: up | Streak: 2
[16:35:29] STUCK | Map: 12 | Pos: (15, 28) | Last move: up | Streak: 5
[16:35:29] BATTLE | Lv3 Pidgey (normal/flying) | Player HP: 18/31 | Action: fight
[16:35:29] BATTLE | Lv3 Pidgey (normal/flying) | Player HP: 18/31 | Action: fight
[16:35:29] BATTLE | Lv3 Pidgey (normal/flying) | Player HP: 16/31 | Action: fight
[16:35:29] BATTLE | Lv3 Pidgey (normal/flying) | Player HP: 14/31 | Action: fight
[16:35:29] Battle ended. Won: True. Total wins: 18
[16:35:29] STUCK | Map: 12 | Pos: (15, 28) | Last move: right | Streak: 10
[16:35:29] STUCK | Map: 12 | Pos: (15, 28) | Last move: up | Streak: 2
[16:35:29] STUCK | Map: 12 | Pos: (15, 28) | Last move: up | Streak: 5
[16:35:29] BATTLE | Lv3 Pidgey (normal/flying) | Player HP: 14/31 | Action: fight
[16:35:29] BATTLE | Lv3 Pidgey (normal/flying) | Player HP: 14/31 | Action: fight
[16:35:29] BATTLE | Lv3 Pidgey (normal/flying) | Player HP: 12/31 | Action: fight
[16:35:29] BATTLE | Lv3 Pidgey (normal/flying) | Player HP: 10/31 | Action: fight
[16:35:29] Battle ended. Won: True. Total wins: 19
[16:35:30] STUCK | Map: 12 | Pos: (15, 28) | Last move: right | Streak: 10
[16:35:30] STUCK | Map: 12 | Pos: (15, 28) | Last move: up | Streak: 2
[16:35:30] STUCK | Map: 12 | Pos: (15, 28) | Last move: up | Streak: 5
[16:35:30] STUCK | Map: 12 | Pos: (16, 28) | Last move: up | Streak: 2
[16:35:30] STUCK | Map: 12 | Pos: (16, 28) | Last move: up | Streak: 5
[16:35:30] STUCK | Map: 12 | Pos: (17, 28) | Last move: up | Streak: 2
[16:35:30] STUCK | Map: 12 | Pos: (17, 28) | Last move: up | Streak: 5
[16:35:30] STUCK | Map: 12 | Pos: (17, 28) | Last move: right | Streak: 10
[16:35:30] STUCK | Map: 12 | Pos: (17, 28) | Last move: up | Streak: 2
[16:35:30] STUCK | Map: 12 | Pos: (17, 28) | Last move: up | Streak: 5
[16:35:30] STUCK | Map: 12 | Pos: (17, 28) | Last move: right | Streak: 10
[16:35:30] STUCK | Map: 12 | Pos: (15, 28) | Last move: up | Streak: 2
[16:35:30] OVERWORLD | Map: 12 | Pos: (15, 28) | Badges: 0 | Party: 1 | Action: up | Stuck: 3 | WP: 0→(5,33)
[16:35:30] STUCK | Map: 12 | Pos: (15, 28) | Last move: up | Streak: 5
[16:35:30] STUCK | Map: 12 | Pos: (16, 28) | Last move: up | Streak: 2
[16:35:30] STUCK | Map: 12 | Pos: (16, 28) | Last move: up | Streak: 5
[16:35:30] BATTLE | Lv3 Rattata (normal) | Player HP: 10/31 | Action: fight
[16:35:30] BATTLE | Lv3 Rattata (normal) | Player HP: 10/31 | Action: fight
[16:35:30] Battle ended. Won: True. Total wins: 20
[16:35:30] STUCK | Map: 12 | Pos: (17, 28) | Last move: up | Streak: 2
[16:35:30] STUCK | Map: 12 | Pos: (17, 28) | Last move: up | Streak: 5
[16:35:30] STUCK | Map: 12 | Pos: (17, 28) | Last move: right | Streak: 10
[16:35:30] STUCK | Map: 12 | Pos: (17, 28) | Last move: up | Streak: 2
[16:35:30] STUCK | Map: 12 | Pos: (17, 28) | Last move: up | Streak: 5
[16:35:30] STUCK | Map: 12 | Pos: (17, 28) | Last move: right | Streak: 10
[16:35:30] BATTLE | Lv3 Rattata (normal) | Player HP: 10/31 | Action: fight
[16:35:30] BATTLE | Lv3 Rattata (normal) | Player HP: 10/31 | Action: fight
[16:35:30] BATTLE | Lv3 Rattata (normal) | Player HP: 8/31 | Action: fight
[16:35:30] Battle ended. Won: True. Total wins: 21
[16:35:30] OVERWORLD | Map: 12 | Pos: (15, 28) | Badges: 0 | Party: 1 | Action: up | Stuck: 0 | WP: 0→(5,33)
[16:35:30] STUCK | Map: 12 | Pos: (15, 28) | Last move: up | Streak: 2
[16:35:30] STUCK | Map: 12 | Pos: (15, 28) | Last move: up | Streak: 5
[16:35:30] STUCK | Map: 12 | Pos: (16, 28) | Last move: up | Streak: 2
[16:35:30] STUCK | Map: 12 | Pos: (16, 28) | Last move: up | Streak: 5
[16:35:30] BATTLE | Lv3 Pidgey (normal/flying) | Player HP: 8/31 | Action: fight
[16:35:30] BATTLE | Lv3 Pidgey (normal/flying) | Player HP: 8/31 | Action: fight
[16:35:30] BATTLE | Lv3 Pidgey (normal/flying) | Player HP: 6/31 | Action: run
[16:35:30] Battle ended. Won: True. Total wins: 22
[16:35:30] STUCK | Map: 12 | Pos: (16, 28) | Last move: right | Streak: 10
[16:35:30] STUCK | Map: 12 | Pos: (16, 28) | Last move: up | Streak: 2
[16:35:30] STUCK | Map: 12 | Pos: (16, 28) | Last move: up | Streak: 5
[16:35:30] BATTLE | Lv2 Pidgey (normal/flying) | Player HP: 6/31 | Action: run
[16:35:30] BATTLE | Lv2 Pidgey (normal/flying) | Player HP: 6/31 | Action: run
[16:35:30] BATTLE | Lv2 Pidgey (normal/flying) | Player HP: 6/31 | Action: run
[16:35:30] BATTLE | Lv2 Pidgey (normal/flying) | Player HP: 6/31 | Action: fight
[16:35:31] BATTLE | Lv2 Pidgey (normal/flying) | Player HP: 6/31 | Action: fight
[16:35:31] BATTLE | Lv2 Pidgey (normal/flying) | Player HP: 6/31 | Action: fight
[16:35:31] BATTLE | Lv2 Pidgey (normal/flying) | Player HP: 6/31 | Action: fight
[16:35:31] BATTLE | Lv2 Pidgey (normal/flying) | Player HP: 6/31 | Action: fight
[16:35:31] BATTLE | Lv2 Pidgey (normal/flying) | Player HP: 6/31 | Action: fight
[16:35:31] BATTLE | Lv2 Pidgey (normal/flying) | Player HP: 6/31 | Action: fight
[16:35:31] BATTLE | Lv2 Pidgey (normal/flying) | Player HP: 6/31 | Action: fight
[16:35:31] BATTLE | Lv2 Pidgey (normal/flying) | Player HP: 6/31 | Action: fight
[16:35:31] BATTLE | Lv2 Pidgey (normal/flying) | Player HP: 6/31 | Action: fight
[16:35:31] BATTLE | Lv2 Pidgey (normal/flying) | Player HP: 6/31 | Action: fight
[16:35:31] BATTLE | Lv2 Pidgey (normal/flying) | Player HP: 6/31 | Action: fight
[16:35:31] BATTLE | Lv2 Pidgey (normal/flying) | Player HP: 6/31 | Action: fight
[16:35:31] BATTLE | Lv2 Pidgey (normal/flying) | Player HP: 6/31 | Action: fight
[16:35:31] BATTLE | Lv2 Pidgey (normal/flying) | Player HP: 6/31 | Action: fight
[16:35:31] BATTLE | Lv2 Pidgey (normal/flying) | Player HP: 6/31 | Action: fight
[16:35:31] BATTLE | Lv2 Pidgey (normal/flying) | Player HP: 6/31 | Action: fight
[16:35:31] BATTLE | Lv2 Pidgey (normal/flying) | Player HP: 6/31 | Action: fight
[16:35:32] BATTLE | Lv2 Pidgey (normal/flying) | Player HP: 6/31 | Action: fight
[16:35:32] BATTLE | Lv2 Pidgey (normal/flying) | Player HP: 6/31 | Action: fight
[16:35:32] BATTLE | Lv2 Pidgey (normal/flying) | Player HP: 6/31 | Action: fight
[16:35:32] BATTLE | Lv2 Pidgey (normal/flying) | Player HP: 6/31 | Action: fight
[16:35:32] BATTLE | Lv2 Pidgey (normal/flying) | Player HP: 6/31 | Action: fight
[16:35:32] BATTLE | Lv2 Pidgey (normal/flying) | Player HP: 6/31 | Action: fight
[16:35:32] BATTLE | Lv2 Pidgey (normal/flying) | Player HP: 6/31 | Action: fight
[16:35:32] BATTLE | Lv2 Pidgey (normal/flying) | Player HP: 6/31 | Action: fight
[16:35:32] BATTLE | Lv2 Pidgey (normal/flying) | Player HP: 6/31 | Action: fight
[16:35:32] BATTLE | Lv2 Pidgey (normal/flying) | Player HP: 6/31 | Action: fight
[16:35:32] BATTLE | Lv2 Pidgey (normal/flying) | Player HP: 6/31 | Action: fight
[16:35:32] BATTLE | Lv2 Pidgey (normal/flying) | Player HP: 6/31 | Action: fight
[16:35:32] BATTLE | Lv2 Pidgey (normal/flying) | Player HP: 6/31 | Action: fight
[16:35:32] BATTLE | Lv2 Pidgey (normal/flying) | Player HP: 6/31 | Action: fight
[16:35:32] BATTLE | Lv2 Pidgey (normal/flying) | Player HP: 6/31 | Action: fight
[16:35:32] BATTLE | Lv2 Pidgey (normal/flying) | Player HP: 6/31 | Action: fight
[16:35:32] BATTLE | Lv2 Pidgey (normal/flying) | Player HP: 6/31 | Action: fight
[16:35:33] BATTLE | Lv2 Pidgey (normal/flying) | Player HP: 6/31 | Action: fight
[16:35:33] BATTLE | Lv2 Pidgey (normal/flying) | Player HP: 6/31 | Action: fight
[16:35:33] BATTLE | Lv2 Pidgey (normal/flying) | Player HP: 6/31 | Action: fight
[16:35:33] BATTLE | Lv2 Pidgey (normal/flying) | Player HP: 6/31 | Action: fight
[16:35:33] BATTLE | Lv2 Pidgey (normal/flying) | Player HP: 6/31 | Action: fight
[16:35:33] BATTLE | Lv2 Pidgey (normal/flying) | Player HP: 6/31 | Action: fight
[16:35:33] BATTLE | Lv2 Pidgey (normal/flying) | Player HP: 6/31 | Action: fight
[16:35:33] BATTLE | Lv2 Pidgey (normal/flying) | Player HP: 6/31 | Action: fight
[16:35:33] BATTLE | Lv2 Pidgey (normal/flying) | Player HP: 6/31 | Action: fight
[16:35:33] BATTLE | Lv2 Pidgey (normal/flying) | Player HP: 6/31 | Action: fight
[16:35:33] BATTLE | Lv2 Pidgey (normal/flying) | Player HP: 6/31 | Action: fight
[16:35:33] BATTLE | Lv2 Pidgey (normal/flying) | Player HP: 6/31 | Action: fight
[16:35:33] BATTLE | Lv2 Pidgey (normal/flying) | Player HP: 6/31 | Action: fight
[16:35:33] BATTLE | Lv2 Pidgey (normal/flying) | Player HP: 6/31 | Action: fight
[16:35:33] BATTLE | Lv2 Pidgey (normal/flying) | Player HP: 6/31 | Action: fight
[16:35:33] BATTLE | Lv2 Pidgey (normal/flying) | Player HP: 6/31 | Action: fight
[16:35:33] BATTLE | Lv2 Pidgey (normal/flying) | Player HP: 6/31 | Action: fight
[16:35:34] BATTLE | Lv2 Pidgey (normal/flying) | Player HP: 6/31 | Action: fight
[16:35:34] BATTLE | Lv2 Pidgey (normal/flying) | Player HP: 6/31 | Action: fight
[16:35:34] BATTLE | Lv2 Pidgey (normal/flying) | Player HP: 6/31 | Action: fight
[16:35:34] BATTLE | Lv2 Pidgey (normal/flying) | Player HP: 6/31 | Action: fight
[16:35:34] BATTLE | Lv2 Pidgey (normal/flying) | Player HP: 6/31 | Action: fight
[16:35:34] BATTLE | Lv2 Pidgey (normal/flying) | Player HP: 6/31 | Action: fight
[16:35:34] BATTLE | Lv2 Pidgey (normal/flying) | Player HP: 6/31 | Action: fight
[16:35:34] BATTLE | Lv2 Pidgey (normal/flying) | Player HP: 6/31 | Action: fight
[16:35:34] BATTLE | Lv2 Pidgey (normal/flying) | Player HP: 6/31 | Action: fight
[16:35:34] BATTLE | Lv2 Pidgey (normal/flying) | Player HP: 6/31 | Action: fight
[16:35:34] BATTLE | Lv2 Pidgey (normal/flying) | Player HP: 6/31 | Action: fight
[16:35:34] BATTLE | Lv2 Pidgey (normal/flying) | Player HP: 6/31 | Action: fight
[16:35:34] BATTLE | Lv2 Pidgey (normal/flying) | Player HP: 6/31 | Action: fight
[16:35:34] BATTLE | Lv2 Pidgey (normal/flying) | Player HP: 6/31 | Action: fight
[16:35:34] BATTLE | Lv2 Pidgey (normal/flying) | Player HP: 6/31 | Action: fight
[16:35:34] BATTLE | Lv2 Pidgey (normal/flying) | Player HP: 6/31 | Action: fight
[16:35:34] BATTLE | Lv2 Pidgey (normal/flying) | Player HP: 6/31 | Action: fight
[16:35:35] BATTLE | Lv2 Pidgey (normal/flying) | Player HP: 6/31 | Action: fight
[16:35:35] BATTLE | Lv2 Pidgey (normal/flying) | Player HP: 6/31 | Action: fight
[16:35:35] BATTLE | Lv2 Pidgey (normal/flying) | Player HP: 6/31 | Action: fight
[16:35:35] BATTLE | Lv2 Pidgey (normal/flying) | Player HP: 6/31 | Action: fight
[16:35:35] BATTLE | Lv2 Pidgey (normal/flying) | Player HP: 6/31 | Action: fight
[16:35:35] BATTLE | Lv2 Pidgey (normal/flying) | Player HP: 6/31 | Action: fight
[16:35:35] BATTLE | Lv2 Pidgey (normal/flying) | Player HP: 6/31 | Action: fight
[16:35:35] BATTLE | Lv2 Pidgey (normal/flying) | Player HP: 6/31 | Action: fight
[16:35:35] BATTLE | Lv2 Pidgey (normal/flying) | Player HP: 6/31 | Action: fight
[16:35:35] BATTLE | Lv2 Pidgey (normal/flying) | Player HP: 6/31 | Action: fight
[16:35:35] BATTLE | Lv2 Pidgey (normal/flying) | Player HP: 6/31 | Action: fight
[16:35:35] BATTLE | Lv2 Pidgey (normal/flying) | Player HP: 6/31 | Action: fight
[16:35:35] BATTLE | Lv2 Pidgey (normal/flying) | Player HP: 6/31 | Action: fight
[16:35:35] BATTLE | Lv2 Pidgey (normal/flying) | Player HP: 6/31 | Action: fight
[16:35:35] BATTLE | Lv2 Pidgey (normal/flying) | Player HP: 6/31 | Action: fight
[16:35:35] BATTLE | Lv2 Pidgey (normal/flying) | Player HP: 6/31 | Action: fight
[16:35:35] BATTLE | Lv2 Pidgey (normal/flying) | Player HP: 6/31 | Action: fight
[16:35:36] BATTLE | Lv2 Pidgey (normal/flying) | Player HP: 6/31 | Action: fight
[16:35:36] BATTLE | Lv2 Pidgey (normal/flying) | Player HP: 6/31 | Action: fight
[16:35:36] BATTLE | Lv2 Pidgey (normal/flying) | Player HP: 6/31 | Action: fight
[16:35:36] BATTLE | Lv2 Pidgey (normal/flying) | Player HP: 6/31 | Action: fight
[16:35:36] BATTLE | Lv2 Pidgey (normal/flying) | Player HP: 6/31 | Action: fight
[16:35:36] BATTLE | Lv2 Pidgey (normal/flying) | Player HP: 6/31 | Action: fight
[16:35:36] BATTLE | Lv2 Pidgey (normal/flying) | Player HP: 6/31 | Action: fight
[16:35:36] BATTLE | Lv2 Pidgey (normal/flying) | Player HP: 6/31 | Action: fight
[16:35:36] BATTLE | Lv2 Pidgey (normal/flying) | Player HP: 6/31 | Action: fight
[16:35:36] BATTLE | Lv2 Pidgey (normal/flying) | Player HP: 6/31 | Action: fight
[16:35:36] BATTLE | Lv2 Pidgey (normal/flying) | Player HP: 6/31 | Action: fight
[16:35:36] BATTLE | Lv2 Pidgey (normal/flying) | Player HP: 6/31 | Action: fight
[16:35:36] BATTLE | Lv2 Pidgey (normal/flying) | Player HP: 6/31 | Action: fight
[16:35:36] BATTLE | Lv2 Pidgey (normal/flying) | Player HP: 6/31 | Action: fight
[16:35:36] BATTLE | Lv2 Pidgey (normal/flying) | Player HP: 6/31 | Action: fight
[16:35:36] BATTLE | Lv2 Pidgey (normal/flying) | Player HP: 6/31 | Action: fight
[16:35:36] BATTLE | Lv2 Pidgey (normal/flying) | Player HP: 6/31 | Action: fight
[16:35:37] BATTLE | Lv2 Pidgey (normal/flying) | Player HP: 6/31 | Action: fight
[16:35:37] BATTLE | Lv2 Pidgey (normal/flying) | Player HP: 6/31 | Action: fight
[16:35:37] BATTLE | Lv2 Pidgey (normal/flying) | Player HP: 6/31 | Action: fight
[16:35:37] BATTLE | Lv2 Pidgey (normal/flying) | Player HP: 6/31 | Action: fight
[16:35:37] BATTLE | Lv2 Pidgey (normal/flying) | Player HP: 6/31 | Action: fight
[16:35:37] BATTLE | Lv2 Pidgey (normal/flying) | Player HP: 6/31 | Action: fight
[16:35:37] BATTLE | Lv2 Pidgey (normal/flying) | Player HP: 6/31 | Action: fight
[16:35:37] BATTLE | Lv2 Pidgey (normal/flying) | Player HP: 6/31 | Action: fight
[16:35:37] BATTLE | Lv2 Pidgey (normal/flying) | Player HP: 6/31 | Action: fight
[16:35:37] BATTLE | Lv2 Pidgey (normal/flying) | Player HP: 6/31 | Action: fight
[16:35:37] BATTLE | Lv2 Pidgey (normal/flying) | Player HP: 6/31 | Action: fight
[16:35:37] BATTLE | Lv2 Pidgey (normal/flying) | Player HP: 6/31 | Action: fight
[16:35:37] BATTLE | Lv2 Pidgey (normal/flying) | Player HP: 6/31 | Action: fight
[16:35:37] BATTLE | Lv2 Pidgey (normal/flying) | Player HP: 6/31 | Action: fight
[16:35:37] BATTLE | Lv2 Pidgey (normal/flying) | Player HP: 6/31 | Action: fight
[16:35:37] BATTLE | Lv2 Pidgey (normal/flying) | Player HP: 6/31 | Action: fight
[16:35:37] BATTLE | Lv2 Pidgey (normal/flying) | Player HP: 6/31 | Action: fight
[16:35:38] BATTLE | Lv2 Pidgey (normal/flying) | Player HP: 6/31 | Action: fight
[16:35:38] BATTLE | Lv2 Pidgey (normal/flying) | Player HP: 6/31 | Action: fight
[16:35:38] BATTLE | Lv2 Pidgey (normal/flying) | Player HP: 6/31 | Action: fight
[16:35:38] BATTLE | Lv2 Pidgey (normal/flying) | Player HP: 6/31 | Action: fight
[16:35:38] BATTLE | Lv2 Pidgey (normal/flying) | Player HP: 6/31 | Action: fight
[16:35:38] BATTLE | Lv2 Pidgey (normal/flying) | Player HP: 6/31 | Action: fight
[16:35:38] BATTLE | Lv2 Pidgey (normal/flying) | Player HP: 6/31 | Action: fight
[16:35:38] BATTLE | Lv2 Pidgey (normal/flying) | Player HP: 6/31 | Action: fight
[16:35:38] BATTLE | Lv2 Pidgey (normal/flying) | Player HP: 6/31 | Action: fight
[16:35:38] BATTLE | Lv2 Pidgey (normal/flying) | Player HP: 6/31 | Action: fight
[16:35:38] BATTLE | Lv2 Pidgey (normal/flying) | Player HP: 6/31 | Action: fight
[16:35:38] BATTLE | Lv2 Pidgey (normal/flying) | Player HP: 6/31 | Action: fight
[16:35:38] BATTLE | Lv2 Pidgey (normal/flying) | Player HP: 6/31 | Action: fight
[16:35:38] BATTLE | Lv2 Pidgey (normal/flying) | Player HP: 6/31 | Action: fight
[16:35:38] BATTLE | Lv2 Pidgey (normal/flying) | Player HP: 6/31 | Action: fight
[16:35:38] BATTLE | Lv2 Pidgey (normal/flying) | Player HP: 6/31 | Action: fight
[16:35:38] BATTLE | Lv2 Pidgey (normal/flying) | Player HP: 6/31 | Action: fight
[16:35:39] BATTLE | Lv2 Pidgey (normal/flying) | Player HP: 6/31 | Action: fight
[16:35:39] BATTLE | Lv2 Pidgey (normal/flying) | Player HP: 6/31 | Action: fight
[16:35:39] BATTLE | Lv2 Pidgey (normal/flying) | Player HP: 6/31 | Action: fight
[16:35:39] BATTLE | Lv2 Pidgey (normal/flying) | Player HP: 6/31 | Action: fight
[16:35:39] BATTLE | Lv2 Pidgey (normal/flying) | Player HP: 6/31 | Action: fight
[16:35:39] BATTLE | Lv2 Pidgey (normal/flying) | Player HP: 6/31 | Action: fight
[16:35:39] BATTLE | Lv2 Pidgey (normal/flying) | Player HP: 6/31 | Action: fight
[16:35:39] BATTLE | Lv2 Pidgey (normal/flying) | Player HP: 6/31 | Action: fight
[16:35:39] BATTLE | Lv2 Pidgey (normal/flying) | Player HP: 6/31 | Action: fight
[16:35:39] BATTLE | Lv2 Pidgey (normal/flying) | Player HP: 6/31 | Action: fight
[16:35:39] BATTLE | Lv2 Pidgey (normal/flying) | Player HP: 6/31 | Action: fight
[16:35:39] BATTLE | Lv2 Pidgey (normal/flying) | Player HP: 6/31 | Action: fight
[16:35:39] BATTLE | Lv2 Pidgey (normal/flying) | Player HP: 6/31 | Action: fight
[16:35:39] BATTLE | Lv2 Pidgey (normal/flying) | Player HP: 6/31 | Action: fight
[16:35:39] BATTLE | Lv2 Pidgey (normal/flying) | Player HP: 6/31 | Action: fight
[16:35:39] BATTLE | Lv2 Pidgey (normal/flying) | Player HP: 6/31 | Action: fight
[16:35:39] BATTLE | Lv2 Pidgey (normal/flying) | Player HP: 6/31 | Action: fight
[16:35:40] BATTLE | Lv2 Pidgey (normal/flying) | Player HP: 6/31 | Action: fight
[16:35:40] BATTLE | Lv2 Pidgey (normal/flying) | Player HP: 6/31 | Action: fight
[16:35:40] BATTLE | Lv2 Pidgey (normal/flying) | Player HP: 6/31 | Action: fight
[16:35:40] BATTLE | Lv2 Pidgey (normal/flying) | Player HP: 6/31 | Action: fight
[16:35:40] BATTLE | Lv2 Pidgey (normal/flying) | Player HP: 6/31 | Action: fight
[16:35:40] BATTLE | Lv2 Pidgey (normal/flying) | Player HP: 6/31 | Action: fight
[16:35:40] BATTLE | Lv2 Pidgey (normal/flying) | Player HP: 6/31 | Action: fight
[16:35:40] BATTLE | Lv2 Pidgey (normal/flying) | Player HP: 6/31 | Action: fight
[16:35:40] BATTLE | Lv2 Pidgey (normal/flying) | Player HP: 6/31 | Action: fight
[16:35:40] BATTLE | Lv2 Pidgey (normal/flying) | Player HP: 6/31 | Action: fight
[16:35:40] BATTLE | Lv2 Pidgey (normal/flying) | Player HP: 6/31 | Action: fight
[16:35:40] BATTLE | Lv2 Pidgey (normal/flying) | Player HP: 6/31 | Action: fight
[16:35:40] BATTLE | Lv2 Pidgey (normal/flying) | Player HP: 6/31 | Action: fight
[16:35:40] BATTLE | Lv2 Pidgey (normal/flying) | Player HP: 6/31 | Action: fight
[16:35:40] BATTLE | Lv2 Pidgey (normal/flying) | Player HP: 6/31 | Action: fight
[16:35:40] BATTLE | Lv2 Pidgey (normal/flying) | Player HP: 6/31 | Action: fight
[16:35:40] BATTLE | Lv2 Pidgey (normal/flying) | Player HP: 6/31 | Action: fight
[16:35:41] BATTLE | Lv2 Pidgey (normal/flying) | Player HP: 6/31 | Action: fight
[16:35:41] BATTLE | Lv2 Pidgey (normal/flying) | Player HP: 6/31 | Action: fight
[16:35:41] BATTLE | Lv2 Pidgey (normal/flying) | Player HP: 6/31 | Action: fight
[16:35:41] BATTLE | Lv2 Pidgey (normal/flying) | Player HP: 6/31 | Action: fight
[16:35:41] BATTLE | Lv2 Pidgey (normal/flying) | Player HP: 6/31 | Action: fight
[16:35:41] BATTLE | Lv2 Pidgey (normal/flying) | Player HP: 6/31 | Action: fight
[16:35:41] BATTLE | Lv2 Pidgey (normal/flying) | Player HP: 6/31 | Action: fight
[16:35:41] BATTLE | Lv2 Pidgey (normal/flying) | Player HP: 6/31 | Action: fight
[16:35:41] BATTLE | Lv2 Pidgey (normal/flying) | Player HP: 6/31 | Action: fight
[16:35:41] BATTLE | Lv2 Pidgey (normal/flying) | Player HP: 6/31 | Action: fight
[16:35:41] BATTLE | Lv2 Pidgey (normal/flying) | Player HP: 6/31 | Action: fight
[16:35:41] BATTLE | Lv2 Pidgey (normal/flying) | Player HP: 6/31 | Action: fight
[16:35:41] BATTLE | Lv2 Pidgey (normal/flying) | Player HP: 6/31 | Action: fight
[16:35:41] BATTLE | Lv2 Pidgey (normal/flying) | Player HP: 6/31 | Action: fight
[16:35:41] BATTLE | Lv2 Pidgey (normal/flying) | Player HP: 6/31 | Action: fight
[16:35:41] BATTLE | Lv2 Pidgey (normal/flying) | Player HP: 6/31 | Action: fight
[16:35:41] BATTLE | Lv2 Pidgey (normal/flying) | Player HP: 6/31 | Action: fight
[16:35:42] BATTLE | Lv2 Pidgey (normal/flying) | Player HP: 6/31 | Action: fight
[16:35:42] BATTLE | Lv2 Pidgey (normal/flying) | Player HP: 6/31 | Action: fight
[16:35:42] BATTLE | Lv2 Pidgey (normal/flying) | Player HP: 6/31 | Action: fight
[16:35:42] BATTLE | Lv2 Pidgey (normal/flying) | Player HP: 6/31 | Action: fight
[16:35:42] BATTLE | Lv2 Pidgey (normal/flying) | Player HP: 6/31 | Action: fight
[16:35:42] BATTLE | Lv2 Pidgey (normal/flying) | Player HP: 6/31 | Action: fight
[16:35:42] BATTLE | Lv2 Pidgey (normal/flying) | Player HP: 6/31 | Action: fight
[16:35:42] BATTLE | Lv2 Pidgey (normal/flying) | Player HP: 6/31 | Action: fight
[16:35:42] BATTLE | Lv2 Pidgey (normal/flying) | Player HP: 6/31 | Action: fight
[16:35:42] BATTLE | Lv2 Pidgey (normal/flying) | Player HP: 6/31 | Action: fight
[16:35:42] BATTLE | Lv2 Pidgey (normal/flying) | Player HP: 6/31 | Action: fight
[16:35:42] BATTLE | Lv2 Pidgey (normal/flying) | Player HP: 6/31 | Action: fight
[16:35:42] BATTLE | Lv2 Pidgey (normal/flying) | Player HP: 6/31 | Action: fight
[16:35:42] BATTLE | Lv2 Pidgey (normal/flying) | Player HP: 6/31 | Action: fight
[16:35:42] BATTLE | Lv2 Pidgey (normal/flying) | Player HP: 6/31 | Action: fight
[16:35:42] BATTLE | Lv2 Pidgey (normal/flying) | Player HP: 6/31 | Action: fight
[16:35:42] BATTLE | Lv2 Pidgey (normal/flying) | Player HP: 6/31 | Action: fight
[16:35:43] BATTLE | Lv2 Pidgey (normal/flying) | Player HP: 6/31 | Action: fight
[16:35:43] BATTLE | Lv2 Pidgey (normal/flying) | Player HP: 6/31 | Action: fight
[16:35:43] BATTLE | Lv2 Pidgey (normal/flying) | Player HP: 6/31 | Action: fight
[16:35:43] BATTLE | Lv2 Pidgey (normal/flying) | Player HP: 6/31 | Action: fight
[16:35:43] BATTLE | Lv2 Pidgey (normal/flying) | Player HP: 6/31 | Action: fight
[16:35:43] BATTLE | Lv2 Pidgey (normal/flying) | Player HP: 6/31 | Action: fight
[16:35:43] BATTLE | Lv2 Pidgey (normal/flying) | Player HP: 6/31 | Action: fight
[16:35:43] BATTLE | Lv2 Pidgey (normal/flying) | Player HP: 6/31 | Action: fight
[16:35:43] BATTLE | Lv2 Pidgey (normal/flying) | Player HP: 6/31 | Action: fight
[16:35:43] BATTLE | Lv2 Pidgey (normal/flying) | Player HP: 6/31 | Action: fight
[16:35:43] BATTLE | Lv2 Pidgey (normal/flying) | Player HP: 6/31 | Action: fight
[16:35:43] BATTLE | Lv2 Pidgey (normal/flying) | Player HP: 6/31 | Action: fight
[16:35:43] BATTLE | Lv2 Pidgey (normal/flying) | Player HP: 6/31 | Action: fight
[16:35:43] BATTLE | Lv2 Pidgey (normal/flying) | Player HP: 6/31 | Action: fight
[16:35:43] BATTLE | Lv2 Pidgey (normal/flying) | Player HP: 6/31 | Action: fight
[16:35:43] BATTLE | Lv2 Pidgey (normal/flying) | Player HP: 6/31 | Action: fight
[16:35:43] BATTLE | Lv2 Pidgey (normal/flying) | Player HP: 6/31 | Action: fight
[16:35:44] BATTLE | Lv2 Pidgey (normal/flying) | Player HP: 6/31 | Action: fight
[16:35:44] BATTLE | Lv2 Pidgey (normal/flying) | Player HP: 6/31 | Action: fight
[16:35:44] BATTLE | Lv2 Pidgey (normal/flying) | Player HP: 6/31 | Action: fight
[16:35:44] BATTLE | Lv2 Pidgey (normal/flying) | Player HP: 6/31 | Action: fight
[16:35:44] BATTLE | Lv2 Pidgey (normal/flying) | Player HP: 6/31 | Action: fight
[16:35:44] BATTLE | Lv2 Pidgey (normal/flying) | Player HP: 6/31 | Action: fight
[16:35:44] BATTLE | Lv2 Pidgey (normal/flying) | Player HP: 6/31 | Action: fight
[16:35:44] BATTLE | Lv2 Pidgey (normal/flying) | Player HP: 6/31 | Action: fight
[16:35:44] BATTLE | Lv2 Pidgey (normal/flying) | Player HP: 6/31 | Action: fight
[16:35:44] BATTLE | Lv2 Pidgey (normal/flying) | Player HP: 6/31 | Action: fight
[16:35:44] BATTLE | Lv2 Pidgey (normal/flying) | Player HP: 6/31 | Action: fight
[16:35:44] BATTLE | Lv2 Pidgey (normal/flying) | Player HP: 6/31 | Action: fight
[16:35:44] BATTLE | Lv2 Pidgey (normal/flying) | Player HP: 6/31 | Action: fight
[16:35:44] BATTLE | Lv2 Pidgey (normal/flying) | Player HP: 6/31 | Action: fight
[16:35:44] BATTLE | Lv2 Pidgey (normal/flying) | Player HP: 6/31 | Action: fight
[16:35:44] BATTLE | Lv2 Pidgey (normal/flying) | Player HP: 6/31 | Action: fight
[16:35:44] BATTLE | Lv2 Pidgey (normal/flying) | Player HP: 6/31 | Action: fight
[16:35:45] BATTLE | Lv2 Pidgey (normal/flying) | Player HP: 6/31 | Action: fight
[16:35:45] BATTLE | Lv2 Pidgey (normal/flying) | Player HP: 6/31 | Action: fight
[16:35:45] BATTLE | Lv2 Pidgey (normal/flying) | Player HP: 6/31 | Action: fight
[16:35:45] BATTLE | Lv2 Pidgey (normal/flying) | Player HP: 6/31 | Action: fight
[16:35:45] BATTLE | Lv2 Pidgey (normal/flying) | Player HP: 6/31 | Action: fight
[16:35:45] BATTLE | Lv2 Pidgey (normal/flying) | Player HP: 6/31 | Action: fight
[16:35:45] BATTLE | Lv2 Pidgey (normal/flying) | Player HP: 6/31 | Action: fight
[16:35:45] BATTLE | Lv2 Pidgey (normal/flying) | Player HP: 6/31 | Action: fight
[16:35:45] BATTLE | Lv2 Pidgey (normal/flying) | Player HP: 6/31 | Action: fight
[16:35:45] BATTLE | Lv2 Pidgey (normal/flying) | Player HP: 6/31 | Action: fight
[16:35:45] BATTLE | Lv2 Pidgey (normal/flying) | Player HP: 6/31 | Action: fight
[16:35:45] BATTLE | Lv2 Pidgey (normal/flying) | Player HP: 6/31 | Action: fight
[16:35:45] BATTLE | Lv2 Pidgey (normal/flying) | Player HP: 6/31 | Action: fight
[16:35:45] BATTLE | Lv2 Pidgey (normal/flying) | Player HP: 6/31 | Action: fight
[16:35:45] BATTLE | Lv2 Pidgey (normal/flying) | Player HP: 6/31 | Action: fight
[16:35:45] BATTLE | Lv2 Pidgey (normal/flying) | Player HP: 6/31 | Action: fight
[16:35:45] BATTLE | Lv2 Pidgey (normal/flying) | Player HP: 6/31 | Action: fight
[16:35:46] BATTLE | Lv2 Pidgey (normal/flying) | Player HP: 6/31 | Action: fight
[16:35:46] BATTLE | Lv2 Pidgey (normal/flying) | Player HP: 6/31 | Action: fight
[16:35:46] BATTLE | Lv2 Pidgey (normal/flying) | Player HP: 6/31 | Action: fight
[16:35:46] BATTLE | Lv2 Pidgey (normal/flying) | Player HP: 6/31 | Action: fight
[16:35:46] BATTLE | Lv2 Pidgey (normal/flying) | Player HP: 6/31 | Action: fight
[16:35:46] BATTLE | Lv2 Pidgey (normal/flying) | Player HP: 6/31 | Action: fight
[16:35:46] BATTLE | Lv2 Pidgey (normal/flying) | Player HP: 6/31 | Action: fight
[16:35:46] BATTLE | Lv2 Pidgey (normal/flying) | Player HP: 6/31 | Action: fight
[16:35:46] BATTLE | Lv2 Pidgey (normal/flying) | Player HP: 6/31 | Action: fight
[16:35:46] BATTLE | Lv2 Pidgey (normal/flying) | Player HP: 6/31 | Action: fight
[16:35:46] BATTLE | Lv2 Pidgey (normal/flying) | Player HP: 6/31 | Action: fight
[16:35:46] BATTLE | Lv2 Pidgey (normal/flying) | Player HP: 6/31 | Action: fight
[16:35:46] BATTLE | Lv2 Pidgey (normal/flying) | Player HP: 6/31 | Action: fight
[16:35:46] BATTLE | Lv2 Pidgey (normal/flying) | Player HP: 6/31 | Action: fight
[16:35:46] BATTLE | Lv2 Pidgey (normal/flying) | Player HP: 6/31 | Action: fight
[16:35:46] BATTLE | Lv2 Pidgey (normal/flying) | Player HP: 6/31 | Action: fight
[16:35:46] BATTLE | Lv2 Pidgey (normal/flying) | Player HP: 6/31 | Action: fight
[16:35:47] BATTLE | Lv2 Pidgey (normal/flying) | Player HP: 6/31 | Action: fight
[16:35:47] BATTLE | Lv2 Pidgey (normal/flying) | Player HP: 6/31 | Action: fight
[16:35:47] BATTLE | Lv2 Pidgey (normal/flying) | Player HP: 6/31 | Action: fight
[16:35:47] BATTLE | Lv2 Pidgey (normal/flying) | Player HP: 6/31 | Action: fight
[16:35:47] BATTLE | Lv2 Pidgey (normal/flying) | Player HP: 6/31 | Action: fight
[16:35:47] BATTLE | Lv2 Pidgey (normal/flying) | Player HP: 6/31 | Action: fight
[16:35:47] BATTLE | Lv2 Pidgey (normal/flying) | Player HP: 6/31 | Action: fight
[16:35:47] BATTLE | Lv2 Pidgey (normal/flying) | Player HP: 6/31 | Action: fight
[16:35:47] BATTLE | Lv2 Pidgey (normal/flying) | Player HP: 6/31 | Action: fight
[16:35:47] BATTLE | Lv2 Pidgey (normal/flying) | Player HP: 6/31 | Action: fight
[16:35:47] BATTLE | Lv2 Pidgey (normal/flying) | Player HP: 6/31 | Action: fight
[16:35:47] BATTLE | Lv2 Pidgey (normal/flying) | Player HP: 6/31 | Action: fight
[16:35:47] BATTLE | Lv2 Pidgey (normal/flying) | Player HP: 6/31 | Action: fight
[16:35:47] BATTLE | Lv2 Pidgey (normal/flying) | Player HP: 6/31 | Action: fight
[16:35:47] BATTLE | Lv2 Pidgey (normal/flying) | Player HP: 6/31 | Action: fight
[16:35:47] BATTLE | Lv2 Pidgey (normal/flying) | Player HP: 6/31 | Action: fight
[16:35:47] BATTLE | Lv2 Pidgey (normal/flying) | Player HP: 6/31 | Action: fight
[16:35:48] BATTLE | Lv2 Pidgey (normal/flying) | Player HP: 6/31 | Action: fight
[16:35:48] BATTLE | Lv2 Pidgey (normal/flying) | Player HP: 6/31 | Action: fight
[16:35:48] BATTLE | Lv2 Pidgey (normal/flying) | Player HP: 6/31 | Action: fight
[16:35:48] BATTLE | Lv2 Pidgey (normal/flying) | Player HP: 6/31 | Action: fight
[16:35:48] BATTLE | Lv2 Pidgey (normal/flying) | Player HP: 6/31 | Action: fight
[16:35:48] BATTLE | Lv2 Pidgey (normal/flying) | Player HP: 6/31 | Action: fight
[16:35:48] BATTLE | Lv2 Pidgey (normal/flying) | Player HP: 6/31 | Action: fight
[16:35:48] BATTLE | Lv2 Pidgey (normal/flying) | Player HP: 6/31 | Action: fight
[16:35:48] BATTLE | Lv2 Pidgey (normal/flying) | Player HP: 6/31 | Action: fight
[16:35:48] BATTLE | Lv2 Pidgey (normal/flying) | Player HP: 6/31 | Action: fight
[16:35:48] BATTLE | Lv2 Pidgey (normal/flying) | Player HP: 6/31 | Action: fight
[16:35:48] BATTLE | Lv2 Pidgey (normal/flying) | Player HP: 6/31 | Action: fight
[16:35:48] BATTLE | Lv2 Pidgey (normal/flying) | Player HP: 6/31 | Action: fight
[16:35:48] BATTLE | Lv2 Pidgey (normal/flying) | Player HP: 6/31 | Action: fight
[16:35:48] BATTLE | Lv2 Pidgey (normal/flying) | Player HP: 6/31 | Action: fight
[16:35:48] BATTLE | Lv2 Pidgey (normal/flying) | Player HP: 6/31 | Action: fight
[16:35:48] BATTLE | Lv2 Pidgey (normal/flying) | Player HP: 6/31 | Action: fight
[16:35:49] BATTLE | Lv2 Pidgey (normal/flying) | Player HP: 6/31 | Action: fight
[16:35:49] BATTLE | Lv2 Pidgey (normal/flying) | Player HP: 6/31 | Action: fight
[16:35:49] BATTLE | Lv2 Pidgey (normal/flying) | Player HP: 6/31 | Action: fight
[16:35:49] BATTLE | Lv2 Pidgey (normal/flying) | Player HP: 6/31 | Action: fight
[16:35:49] BATTLE | Lv2 Pidgey (normal/flying) | Player HP: 6/31 | Action: fight
[16:35:49] BATTLE | Lv2 Pidgey (normal/flying) | Player HP: 6/31 | Action: fight
[16:35:49] BATTLE | Lv2 Pidgey (normal/flying) | Player HP: 6/31 | Action: fight
[16:35:49] BATTLE | Lv2 Pidgey (normal/flying) | Player HP: 6/31 | Action: fight
[16:35:49] BATTLE | Lv2 Pidgey (normal/flying) | Player HP: 6/31 | Action: fight
[16:35:49] BATTLE | Lv2 Pidgey (normal/flying) | Player HP: 6/31 | Action: fight
[16:35:49] BATTLE | Lv2 Pidgey (normal/flying) | Player HP: 6/31 | Action: fight
[16:35:49] BATTLE | Lv2 Pidgey (normal/flying) | Player HP: 6/31 | Action: fight
[16:35:49] BATTLE | Lv2 Pidgey (normal/flying) | Player HP: 6/31 | Action: fight
[16:35:49] BATTLE | Lv2 Pidgey (normal/flying) | Player HP: 6/31 | Action: fight
[16:35:49] BATTLE | Lv2 Pidgey (normal/flying) | Player HP: 6/31 | Action: fight
[16:35:49] BATTLE | Lv2 Pidgey (normal/flying) | Player HP: 6/31 | Action: fight
[16:35:49] BATTLE | Lv2 Pidgey (normal/flying) | Player HP: 6/31 | Action: fight
[16:35:50] BATTLE | Lv2 Pidgey (normal/flying) | Player HP: 6/31 | Action: fight
[16:35:50] BATTLE | Lv2 Pidgey (normal/flying) | Player HP: 6/31 | Action: fight
[16:35:50] BATTLE | Lv2 Pidgey (normal/flying) | Player HP: 6/31 | Action: fight
[16:35:50] BATTLE | Lv2 Pidgey (normal/flying) | Player HP: 6/31 | Action: fight
[16:35:50] BATTLE | Lv2 Pidgey (normal/flying) | Player HP: 6/31 | Action: fight
[16:35:50] BATTLE | Lv2 Pidgey (normal/flying) | Player HP: 6/31 | Action: fight
[16:35:50] BATTLE | Lv2 Pidgey (normal/flying) | Player HP: 6/31 | Action: fight
[16:35:50] BATTLE | Lv2 Pidgey (normal/flying) | Player HP: 6/31 | Action: fight
[16:35:50] BATTLE | Lv2 Pidgey (normal/flying) | Player HP: 6/31 | Action: fight
[16:35:50] BATTLE | Lv2 Pidgey (normal/flying) | Player HP: 6/31 | Action: fight
[16:35:50] BATTLE | Lv2 Pidgey (normal/flying) | Player HP: 6/31 | Action: fight
[16:35:50] BATTLE | Lv2 Pidgey (normal/flying) | Player HP: 6/31 | Action: fight
[16:35:50] BATTLE | Lv2 Pidgey (normal/flying) | Player HP: 6/31 | Action: fight
[16:35:50] BATTLE | Lv2 Pidgey (normal/flying) | Player HP: 6/31 | Action: fight
[16:35:50] BATTLE | Lv2 Pidgey (normal/flying) | Player HP: 6/31 | Action: fight
[16:35:50] BATTLE | Lv2 Pidgey (normal/flying) | Player HP: 6/31 | Action: fight
[16:35:50] BATTLE | Lv2 Pidgey (normal/flying) | Player HP: 6/31 | Action: fight
[16:35:51] BATTLE | Lv2 Pidgey (normal/flying) | Player HP: 6/31 | Action: fight
[16:35:51] BATTLE | Lv2 Pidgey (normal/flying) | Player HP: 6/31 | Action: fight
[16:35:51] BATTLE | Lv2 Pidgey (normal/flying) | Player HP: 6/31 | Action: fight
[16:35:51] BATTLE | Lv2 Pidgey (normal/flying) | Player HP: 6/31 | Action: fight
[16:35:51] BATTLE | Lv2 Pidgey (normal/flying) | Player HP: 6/31 | Action: fight
[16:35:51] BATTLE | Lv2 Pidgey (normal/flying) | Player HP: 6/31 | Action: fight
[16:35:51] BATTLE | Lv2 Pidgey (normal/flying) | Player HP: 6/31 | Action: fight
[16:35:51] BATTLE | Lv2 Pidgey (normal/flying) | Player HP: 6/31 | Action: fight
[16:35:51] BATTLE | Lv2 Pidgey (normal/flying) | Player HP: 6/31 | Action: fight
[16:35:51] BATTLE | Lv2 Pidgey (normal/flying) | Player HP: 6/31 | Action: fight
[16:35:51] BATTLE | Lv2 Pidgey (normal/flying) | Player HP: 6/31 | Action: fight
[16:35:51] BATTLE | Lv2 Pidgey (normal/flying) | Player HP: 6/31 | Action: fight
[16:35:51] BATTLE | Lv2 Pidgey (normal/flying) | Player HP: 6/31 | Action: fight
[16:35:51] BATTLE | Lv2 Pidgey (normal/flying) | Player HP: 6/31 | Action: fight
[16:35:51] BATTLE | Lv2 Pidgey (normal/flying) | Player HP: 6/31 | Action: fight
[16:35:51] BATTLE | Lv2 Pidgey (normal/flying) | Player HP: 6/31 | Action: fight
[16:35:52] BATTLE | Lv2 Pidgey (normal/flying) | Player HP: 6/31 | Action: fight
[16:35:52] BATTLE | Lv2 Pidgey (normal/flying) | Player HP: 6/31 | Action: fight
[16:35:52] BATTLE | Lv2 Pidgey (normal/flying) | Player HP: 6/31 | Action: fight
[16:35:52] BATTLE | Lv2 Pidgey (normal/flying) | Player HP: 6/31 | Action: fight
[16:35:52] BATTLE | Lv2 Pidgey (normal/flying) | Player HP: 6/31 | Action: fight
[16:35:52] BATTLE | Lv2 Pidgey (normal/flying) | Player HP: 6/31 | Action: fight
[16:35:52] BATTLE | Lv2 Pidgey (normal/flying) | Player HP: 6/31 | Action: fight
[16:35:52] BATTLE | Lv2 Pidgey (normal/flying) | Player HP: 6/31 | Action: fight
[16:35:52] BATTLE | Lv2 Pidgey (normal/flying) | Player HP: 6/31 | Action: fight
[16:35:52] BATTLE | Lv2 Pidgey (normal/flying) | Player HP: 6/31 | Action: fight
[16:35:52] BATTLE | Lv2 Pidgey (normal/flying) | Player HP: 6/31 | Action: fight
[16:35:52] BATTLE | Lv2 Pidgey (normal/flying) | Player HP: 6/31 | Action: fight
[16:35:52] BATTLE | Lv2 Pidgey (normal/flying) | Player HP: 6/31 | Action: fight
[16:35:52] BATTLE | Lv2 Pidgey (normal/flying) | Player HP: 6/31 | Action: fight
[16:35:52] BATTLE | Lv2 Pidgey (normal/flying) | Player HP: 6/31 | Action: fight
[16:35:52] BATTLE | Lv2 Pidgey (normal/flying) | Player HP: 6/31 | Action: fight
[16:35:52] BATTLE | Lv2 Pidgey (normal/flying) | Player HP: 6/31 | Action: fight
[16:35:53] BATTLE | Lv2 Pidgey (normal/flying) | Player HP: 6/31 | Action: fight
[16:35:53] BATTLE | Lv2 Pidgey (normal/flying) | Player HP: 6/31 | Action: fight
[16:35:53] BATTLE | Lv2 Pidgey (normal/flying) | Player HP: 6/31 | Action: fight
[16:35:53] BATTLE | Lv2 Pidgey (normal/flying) | Player HP: 6/31 | Action: fight
[16:35:53] BATTLE | Lv2 Pidgey (normal/flying) | Player HP: 6/31 | Action: fight
[16:35:53] BATTLE | Lv2 Pidgey (normal/flying) | Player HP: 6/31 | Action: fight
[16:35:53] BATTLE | Lv2 Pidgey (normal/flying) | Player HP: 6/31 | Action: fight
[16:35:53] BATTLE | Lv2 Pidgey (normal/flying) | Player HP: 6/31 | Action: fight
[16:35:53] BATTLE | Lv2 Pidgey (normal/flying) | Player HP: 6/31 | Action: fight
[16:35:53] BATTLE | Lv2 Pidgey (normal/flying) | Player HP: 6/31 | Action: fight
[16:35:53] BATTLE | Lv2 Pidgey (normal/flying) | Player HP: 6/31 | Action: fight
[16:35:53] BATTLE | Lv2 Pidgey (normal/flying) | Player HP: 6/31 | Action: fight
[16:35:53] BATTLE | Lv2 Pidgey (normal/flying) | Player HP: 6/31 | Action: fight
[16:35:53] BATTLE | Lv2 Pidgey (normal/flying) | Player HP: 6/31 | Action: fight
[16:35:53] BATTLE | Lv2 Pidgey (normal/flying) | Player HP: 6/31 | Action: fight
[16:35:53] BATTLE | Lv2 Pidgey (normal/flying) | Player HP: 6/31 | Action: fight
[16:35:53] BATTLE | Lv2 Pidgey (normal/flying) | Player HP: 6/31 | Action: fight
[16:35:54] BATTLE | Lv2 Pidgey (normal/flying) | Player HP: 6/31 | Action: fight
[16:35:54] BATTLE | Lv2 Pidgey (normal/flying) | Player HP: 6/31 | Action: fight
[16:35:54] BATTLE | Lv2 Pidgey (normal/flying) | Player HP: 6/31 | Action: fight
[16:35:54] BATTLE | Lv2 Pidgey (normal/flying) | Player HP: 6/31 | Action: fight
[16:35:54] BATTLE | Lv2 Pidgey (normal/flying) | Player HP: 6/31 | Action: fight
[16:35:54] BATTLE | Lv2 Pidgey (normal/flying) | Player HP: 6/31 | Action: fight
[16:35:54] BATTLE | Lv2 Pidgey (normal/flying) | Player HP: 6/31 | Action: fight
[16:35:54] BATTLE | Lv2 Pidgey (normal/flying) | Player HP: 6/31 | Action: fight
[16:35:54] BATTLE | Lv2 Pidgey (normal/flying) | Player HP: 6/31 | Action: fight
[16:35:54] BATTLE | Lv2 Pidgey (normal/flying) | Player HP: 6/31 | Action: fight
[16:35:54] BATTLE | Lv2 Pidgey (normal/flying) | Player HP: 6/31 | Action: fight
[16:35:54] BATTLE | Lv2 Pidgey (normal/flying) | Player HP: 6/31 | Action: fight
[16:35:54] BATTLE | Lv2 Pidgey (normal/flying) | Player HP: 6/31 | Action: fight
[16:35:54] BATTLE | Lv2 Pidgey (normal/flying) | Player HP: 6/31 | Action: fight
[16:35:54] BATTLE | Lv2 Pidgey (normal/flying) | Player HP: 6/31 | Action: fight
[16:35:54] BATTLE | Lv2 Pidgey (normal/flying) | Player HP: 6/31 | Action: fight
[16:35:54] BATTLE | Lv2 Pidgey (normal/flying) | Player HP: 6/31 | Action: fight
[16:35:55] BATTLE | Lv2 Pidgey (normal/flying) | Player HP: 6/31 | Action: fight
[16:35:55] BATTLE | Lv2 Pidgey (normal/flying) | Player HP: 6/31 | Action: fight
[16:35:55] BATTLE | Lv2 Pidgey (normal/flying) | Player HP: 6/31 | Action: fight
[16:35:55] BATTLE | Lv2 Pidgey (normal/flying) | Player HP: 6/31 | Action: fight
[16:35:55] BATTLE | Lv2 Pidgey (normal/flying) | Player HP: 6/31 | Action: fight
[16:35:55] BATTLE | Lv2 Pidgey (normal/flying) | Player HP: 6/31 | Action: fight
[16:35:55] BATTLE | Lv2 Pidgey (normal/flying) | Player HP: 6/31 | Action: fight
[16:35:55] BATTLE | Lv2 Pidgey (normal/flying) | Player HP: 6/31 | Action: fight
[16:35:55] BATTLE | Lv2 Pidgey (normal/flying) | Player HP: 6/31 | Action: fight
[16:35:55] BATTLE | Lv2 Pidgey (normal/flying) | Player HP: 6/31 | Action: fight
[16:35:55] BATTLE | Lv2 Pidgey (normal/flying) | Player HP: 6/31 | Action: fight
[16:35:55] BATTLE | Lv2 Pidgey (normal/flying) | Player HP: 6/31 | Action: fight
[16:35:55] BATTLE | Lv2 Pidgey (normal/flying) | Player HP: 6/31 | Action: fight
[16:35:55] BATTLE | Lv2 Pidgey (normal/flying) | Player HP: 6/31 | Action: fight
[16:35:55] BATTLE | Lv2 Pidgey (normal/flying) | Player HP: 6/31 | Action: fight
[16:35:55] BATTLE | Lv2 Pidgey (normal/flying) | Player HP: 6/31 | Action: fight
[16:35:55] BATTLE | Lv2 Pidgey (normal/flying) | Player HP: 6/31 | Action: fight
[16:35:56] BATTLE | Lv2 Pidgey (normal/flying) | Player HP: 6/31 | Action: fight
[16:35:56] BATTLE | Lv2 Pidgey (normal/flying) | Player HP: 6/31 | Action: fight
[16:35:56] BATTLE | Lv2 Pidgey (normal/flying) | Player HP: 6/31 | Action: fight
[16:35:56] BATTLE | Lv2 Pidgey (normal/flying) | Player HP: 6/31 | Action: fight
[16:35:56] BATTLE | Lv2 Pidgey (normal/flying) | Player HP: 6/31 | Action: fight
[16:35:56] BATTLE | Lv2 Pidgey (normal/flying) | Player HP: 6/31 | Action: fight
[16:35:56] BATTLE | Lv2 Pidgey (normal/flying) | Player HP: 6/31 | Action: fight
[16:35:56] BATTLE | Lv2 Pidgey (normal/flying) | Player HP: 6/31 | Action: fight
[16:35:56] BATTLE | Lv2 Pidgey (normal/flying) | Player HP: 6/31 | Action: fight
[16:35:56] BATTLE | Lv2 Pidgey (normal/flying) | Player HP: 6/31 | Action: fight
[16:35:56] BATTLE | Lv2 Pidgey (normal/flying) | Player HP: 6/31 | Action: fight
[16:35:56] BATTLE | Lv2 Pidgey (normal/flying) | Player HP: 6/31 | Action: fight
[16:35:56] BATTLE | Lv2 Pidgey (normal/flying) | Player HP: 6/31 | Action: fight
[16:35:56] BATTLE | Lv2 Pidgey (normal/flying) | Player HP: 6/31 | Action: fight
[16:35:56] BATTLE | Lv2 Pidgey (normal/flying) | Player HP: 6/31 | Action: fight
[16:35:56] BATTLE | Lv2 Pidgey (normal/flying) | Player HP: 6/31 | Action: fight
[16:35:56] BATTLE | Lv2 Pidgey (normal/flying) | Player HP: 6/31 | Action: fight
[16:35:57] BATTLE | Lv2 Pidgey (normal/flying) | Player HP: 6/31 | Action: fight
[16:35:57] BATTLE | Lv2 Pidgey (normal/flying) | Player HP: 6/31 | Action: fight
[16:35:57] BATTLE | Lv2 Pidgey (normal/flying) | Player HP: 6/31 | Action: fight
[16:35:57] BATTLE | Lv2 Pidgey (normal/flying) | Player HP: 6/31 | Action: fight
[16:35:57] BATTLE | Lv2 Pidgey (normal/flying) | Player HP: 6/31 | Action: fight
[16:35:57] BATTLE | Lv2 Pidgey (normal/flying) | Player HP: 6/31 | Action: fight
[16:35:57] BATTLE | Lv2 Pidgey (normal/flying) | Player HP: 6/31 | Action: fight
[16:35:57] BATTLE | Lv2 Pidgey (normal/flying) | Player HP: 6/31 | Action: fight
[16:35:57] BATTLE | Lv2 Pidgey (normal/flying) | Player HP: 6/31 | Action: fight
[16:35:57] BATTLE | Lv2 Pidgey (normal/flying) | Player HP: 6/31 | Action: fight
[16:35:57] BATTLE | Lv2 Pidgey (normal/flying) | Player HP: 6/31 | Action: fight
[16:35:57] BATTLE | Lv2 Pidgey (normal/flying) | Player HP: 6/31 | Action: fight
[16:35:57] BATTLE | Lv2 Pidgey (normal/flying) | Player HP: 6/31 | Action: fight
[16:35:57] BATTLE | Lv2 Pidgey (normal/flying) | Player HP: 6/31 | Action: fight
[16:35:57] BATTLE | Lv2 Pidgey (normal/flying) | Player HP: 6/31 | Action: fight
[16:35:57] BATTLE | Lv2 Pidgey (normal/flying) | Player HP: 6/31 | Action: fight
[16:35:57] BATTLE | Lv2 Pidgey (normal/flying) | Player HP: 6/31 | Action: fight
[16:35:58] BATTLE | Lv2 Pidgey (normal/flying) | Player HP: 6/31 | Action: fight
[16:35:58] BATTLE | Lv2 Pidgey (normal/flying) | Player HP: 6/31 | Action: fight
[16:35:58] BATTLE | Lv2 Pidgey (normal/flying) | Player HP: 6/31 | Action: fight
[16:35:58] BATTLE | Lv2 Pidgey (normal/flying) | Player HP: 6/31 | Action: fight
[16:35:58] BATTLE | Lv2 Pidgey (normal/flying) | Player HP: 6/31 | Action: fight
[16:35:58] BATTLE | Lv2 Pidgey (normal/flying) | Player HP: 6/31 | Action: fight
[16:35:58] BATTLE | Lv2 Pidgey (normal/flying) | Player HP: 6/31 | Action: fight
[16:35:58] BATTLE | Lv2 Pidgey (normal/flying) | Player HP: 6/31 | Action: fight
[16:35:58] BATTLE | Lv2 Pidgey (normal/flying) | Player HP: 6/31 | Action: fight
[16:35:58] BATTLE | Lv2 Pidgey (normal/flying) | Player HP: 6/31 | Action: fight
[16:35:58] BATTLE | Lv2 Pidgey (normal/flying) | Player HP: 6/31 | Action: fight
[16:35:58] BATTLE | Lv2 Pidgey (normal/flying) | Player HP: 6/31 | Action: fight
[16:35:58] BATTLE | Lv2 Pidgey (normal/flying) | Player HP: 6/31 | Action: fight
[16:35:58] BATTLE | Lv2 Pidgey (normal/flying) | Player HP: 6/31 | Action: fight
[16:35:58] BATTLE | Lv2 Pidgey (normal/flying) | Player HP: 6/31 | Action: fight
[16:35:58] BATTLE | Lv2 Pidgey (normal/flying) | Player HP: 6/31 | Action: fight
[16:35:58] BATTLE | Lv2 Pidgey (normal/flying) | Player HP: 6/31 | Action: fight
[16:35:59] BATTLE | Lv2 Pidgey (normal/flying) | Player HP: 6/31 | Action: fight
[16:35:59] BATTLE | Lv2 Pidgey (normal/flying) | Player HP: 6/31 | Action: fight
[16:35:59] BATTLE | Lv2 Pidgey (normal/flying) | Player HP: 6/31 | Action: fight
[16:35:59] BATTLE | Lv2 Pidgey (normal/flying) | Player HP: 6/31 | Action: fight
[16:35:59] BATTLE | Lv2 Pidgey (normal/flying) | Player HP: 6/31 | Action: fight
[16:35:59] BATTLE | Lv2 Pidgey (normal/flying) | Player HP: 6/31 | Action: fight
[16:35:59] BATTLE | Lv2 Pidgey (normal/flying) | Player HP: 6/31 | Action: fight
[16:35:59] BATTLE | Lv2 Pidgey (normal/flying) | Player HP: 6/31 | Action: fight
[16:35:59] BATTLE | Lv2 Pidgey (normal/flying) | Player HP: 6/31 | Action: fight
[16:35:59] BATTLE | Lv2 Pidgey (normal/flying) | Player HP: 6/31 | Action: fight
[16:35:59] BATTLE | Lv2 Pidgey (normal/flying) | Player HP: 6/31 | Action: fight
[16:35:59] BATTLE | Lv2 Pidgey (normal/flying) | Player HP: 6/31 | Action: fight
[16:35:59] BATTLE | Lv2 Pidgey (normal/flying) | Player HP: 6/31 | Action: fight
[16:35:59] BATTLE | Lv2 Pidgey (normal/flying) | Player HP: 6/31 | Action: fight
[16:35:59] BATTLE | Lv2 Pidgey (normal/flying) | Player HP: 6/31 | Action: fight
[16:35:59] BATTLE | Lv2 Pidgey (normal/flying) | Player HP: 6/31 | Action: fight
[16:35:59] BATTLE | Lv2 Pidgey (normal/flying) | Player HP: 6/31 | Action: fight
[16:36:00] BATTLE | Lv2 Pidgey (normal/flying) | Player HP: 6/31 | Action: fight
[16:36:00] BATTLE | Lv2 Pidgey (normal/flying) | Player HP: 6/31 | Action: fight
[16:36:00] BATTLE | Lv2 Pidgey (normal/flying) | Player HP: 6/31 | Action: fight
[16:36:00] BATTLE | Lv2 Pidgey (normal/flying) | Player HP: 6/31 | Action: fight
[16:36:00] BATTLE | Lv2 Pidgey (normal/flying) | Player HP: 6/31 | Action: fight
[16:36:00] BATTLE | Lv2 Pidgey (normal/flying) | Player HP: 6/31 | Action: fight
[16:36:00] BATTLE | Lv2 Pidgey (normal/flying) | Player HP: 6/31 | Action: fight
[16:36:00] BATTLE | Lv2 Pidgey (normal/flying) | Player HP: 6/31 | Action: fight
[16:36:00] BATTLE | Lv2 Pidgey (normal/flying) | Player HP: 6/31 | Action: fight
[16:36:00] BATTLE | Lv2 Pidgey (normal/flying) | Player HP: 6/31 | Action: fight
[16:36:00] BATTLE | Lv2 Pidgey (normal/flying) | Player HP: 6/31 | Action: fight
[16:36:00] BATTLE | Lv2 Pidgey (normal/flying) | Player HP: 6/31 | Action: fight
[16:36:00] BATTLE | Lv2 Pidgey (normal/flying) | Player HP: 6/31 | Action: fight
[16:36:00] BATTLE | Lv2 Pidgey (normal/flying) | Player HP: 6/31 | Action: fight
[16:36:00] BATTLE | Lv2 Pidgey (normal/flying) | Player HP: 6/31 | Action: fight
[16:36:00] BATTLE | Lv2 Pidgey (normal/flying) | Player HP: 6/31 | Action: fight
[16:36:01] BATTLE | Lv2 Pidgey (normal/flying) | Player HP: 6/31 | Action: fight
[16:36:01] BATTLE | Lv2 Pidgey (normal/flying) | Player HP: 6/31 | Action: fight
[16:36:01] BATTLE | Lv2 Pidgey (normal/flying) | Player HP: 6/31 | Action: fight
[16:36:01] Session complete. Turns: 1500 | Wins: 22
[16:36:01] POKEDEX | Wrote /Users/bdougie/code/pcc-labs/pokemon-kafka/pokedex/log198.md
