UserWarning: Using SDL2 binaries from pysdl2-dll 2.32.0
[agent] Loaded ROM: /Users/bdougie/code/pcc-labs/autotune/rom/Pokemon - Red Version (USA, Europe) (SGB Enhanced).gb
[agent] Strategy: medium
[agent] Evolve params: {"stuck_threshold": 4, "door_cooldown": 10, "waypoint_skip_distance": 3, "axis_preference_map_0": "y", "bt_max_snapshots": 8, "bt_restore_threshold": 19, "bt_max_attempts": 3, "bt_snapshot_interval": 34, "hp_run_threshold": 0.2, "hp_heal_threshold": 0.15, "unknown_move_score": 10.0, "status_move_score": 0.0}
[agent] Running headless — no display
[18:46:16] Agent starting.
[18:46:16] Loaded save state from /Users/bdougie/code/pcc-labs/autotune/states/route1.state. Skipping intro.
[18:46:16] QUEST | map=12 pos=(10,34) facing=up parcel_quest phase=TO_MART map=12 parcel=False pokedex=False target=pilot-north
[18:46:16] OVERWORLD | Map: 12 | Pos: (10, 34) | Badges: 0 | Party: 1 | Action: up | Stuck: 0 | WP: 0→(10,28)
[18:46:16] BATTLE | Lv3 Rattata (normal) | Player HP: 6/22 | Action: fight
[18:46:16] BATTLE | Lv3 Rattata (normal) | Player HP: 22/22 | Action: fight
[18:46:16] BATTLE | Lv3 Rattata (normal) | Player HP: 19/22 | Action: fight
[18:46:17] BATTLE | Lv3 Rattata (normal) | Player HP: 16/22 | Action: fight
[18:46:17] BATTLE | Lv3 Rattata (normal) | Player HP: 16/22 | Action: fight
[18:46:17] Battle ended. Won: True. Total wins: 1
[18:46:17] STUCK | Map: 12 | Pos: (9, 14) | Last move: right | Streak: 2
[18:46:17] STUCK | Map: 12 | Pos: (14, 14) | Last move: up | Streak: 2
[18:46:17] STUCK | Map: 12 | Pos: (14, 14) | Last move: up | Streak: 5
[18:46:17] OVERWORLD | Map: 12 | Pos: (14, 14) | Badges: 0 | Party: 1 | Action: up | Stuck: 7 | WP: 0→(10,28)
[18:46:17] STUCK | Map: 12 | Pos: (14, 14) | Last move: up | Streak: 10
[18:46:17] BATTLE | Lv2 Pidgey (normal/flying) | Player HP: 16/22 | Action: fight
[18:46:17] BATTLE | Lv2 Pidgey (normal/flying) | Player HP: 16/22 | Action: fight
[18:46:17] BATTLE | Lv2 Pidgey (normal/flying) | Player HP: 14/22 | Action: fight
[18:46:17] BATTLE | Lv2 Pidgey (normal/flying) | Player HP: 12/22 | Action: fight
[18:46:17] Battle ended. Won: True. Total wins: 2
[18:46:17] LEVEL UP | Lv6 -> Lv7
[18:46:17] STUCK | Map: 12 | Pos: (14, 2) | Last move: up | Streak: 2
[18:46:17] STUCK | Map: 12 | Pos: (14, 3) | Last move: down | Streak: 5
[18:46:17] STUCK | Map: 12 | Pos: (14, 2) | Last move: up | Streak: 10
[18:46:17] STUCK | Map: 12 | Pos: (14, 2) | Last move: up | Streak: 20
[18:46:17] OVERWORLD | Map: 12 | Pos: (14, 3) | Badges: 0 | Party: 1 | Action: up | Stuck: 25 | WP: 0→(10,28)
[18:46:18] OVERWORLD | Map: 12 | Pos: (14, 3) | Badges: 0 | Party: 1 | Action: up | Stuck: 75 | WP: 0→(10,28)
[18:46:18] OVERWORLD | Map: 12 | Pos: (14, 3) | Badges: 0 | Party: 1 | Action: up | Stuck: 125 | WP: 0→(10,28)
[18:46:19] OVERWORLD | Map: 12 | Pos: (14, 3) | Badges: 0 | Party: 1 | Action: up | Stuck: 175 | WP: 0→(10,28)
[18:46:19] OVERWORLD | Map: 12 | Pos: (14, 3) | Badges: 0 | Party: 1 | Action: up | Stuck: 225 | WP: 0→(10,28)
[18:46:20] OVERWORLD | Map: 12 | Pos: (14, 3) | Badges: 0 | Party: 1 | Action: up | Stuck: 275 | WP: 0→(10,28)
[18:46:20] OVERWORLD | Map: 12 | Pos: (14, 3) | Badges: 0 | Party: 1 | Action: up | Stuck: 325 | WP: 0→(10,28)
[18:46:21] OVERWORLD | Map: 12 | Pos: (14, 3) | Badges: 0 | Party: 1 | Action: up | Stuck: 375 | WP: 0→(10,28)
[18:46:21] OVERWORLD | Map: 12 | Pos: (14, 3) | Badges: 0 | Party: 1 | Action: up | Stuck: 425 | WP: 0→(10,28)
[18:46:22] OVERWORLD | Map: 12 | Pos: (14, 3) | Badges: 0 | Party: 1 | Action: up | Stuck: 475 | WP: 0→(10,28)
[18:46:22] OVERWORLD | Map: 12 | Pos: (14, 3) | Badges: 0 | Party: 1 | Action: up | Stuck: 525 | WP: 0→(10,28)
[18:46:22] OVERWORLD | Map: 12 | Pos: (14, 3) | Badges: 0 | Party: 1 | Action: up | Stuck: 575 | WP: 0→(10,28)
[18:46:23] OVERWORLD | Map: 12 | Pos: (14, 3) | Badges: 0 | Party: 1 | Action: up | Stuck: 625 | WP: 0→(10,28)
[18:46:23] OVERWORLD | Map: 12 | Pos: (14, 3) | Badges: 0 | Party: 1 | Action: up | Stuck: 675 | WP: 0→(10,28)
[18:46:24] OVERWORLD | Map: 12 | Pos: (14, 3) | Badges: 0 | Party: 1 | Action: up | Stuck: 725 | WP: 0→(10,28)
[18:46:24] OVERWORLD | Map: 12 | Pos: (14, 3) | Badges: 0 | Party: 1 | Action: up | Stuck: 775 | WP: 0→(10,28)
[18:46:25] OVERWORLD | Map: 12 | Pos: (14, 3) | Badges: 0 | Party: 1 | Action: up | Stuck: 825 | WP: 0→(10,28)
[18:46:25] OVERWORLD | Map: 12 | Pos: (14, 3) | Badges: 0 | Party: 1 | Action: up | Stuck: 875 | WP: 0→(10,28)
[18:46:26] OVERWORLD | Map: 12 | Pos: (14, 3) | Badges: 0 | Party: 1 | Action: up | Stuck: 925 | WP: 0→(10,28)
[18:46:26] OVERWORLD | Map: 12 | Pos: (14, 3) | Badges: 0 | Party: 1 | Action: up | Stuck: 975 | WP: 0→(10,28)
[18:46:27] OVERWORLD | Map: 12 | Pos: (14, 3) | Badges: 0 | Party: 1 | Action: up | Stuck: 1025 | WP: 0→(10,28)
[18:46:27] OVERWORLD | Map: 12 | Pos: (14, 3) | Badges: 0 | Party: 1 | Action: up | Stuck: 1075 | WP: 0→(10,28)
[18:46:28] OVERWORLD | Map: 12 | Pos: (14, 3) | Badges: 0 | Party: 1 | Action: up | Stuck: 1125 | WP: 0→(10,28)
[18:46:28] OVERWORLD | Map: 12 | Pos: (14, 3) | Badges: 0 | Party: 1 | Action: up | Stuck: 1175 | WP: 0→(10,28)
[18:46:29] OVERWORLD | Map: 12 | Pos: (14, 3) | Badges: 0 | Party: 1 | Action: up | Stuck: 1225 | WP: 0→(10,28)
[18:46:29] OVERWORLD | Map: 12 | Pos: (14, 3) | Badges: 0 | Party: 1 | Action: up | Stuck: 1275 | WP: 0→(10,28)
[18:46:30] OVERWORLD | Map: 12 | Pos: (14, 3) | Badges: 0 | Party: 1 | Action: up | Stuck: 1325 | WP: 0→(10,28)
[18:46:30] OVERWORLD | Map: 12 | Pos: (14, 3) | Badges: 0 | Party: 1 | Action: up | Stuck: 1375 | WP: 0→(10,28)
[18:46:30] OVERWORLD | Map: 12 | Pos: (14, 3) | Badges: 0 | Party: 1 | Action: up | Stuck: 1425 | WP: 0→(10,28)
[18:46:31] OVERWORLD | Map: 12 | Pos: (14, 3) | Badges: 0 | Party: 1 | Action: up | Stuck: 1475 | WP: 0→(10,28)
[18:46:31] OVERWORLD | Map: 12 | Pos: (14, 3) | Badges: 0 | Party: 1 | Action: up | Stuck: 1525 | WP: 0→(10,28)
[18:46:32] OVERWORLD | Map: 12 | Pos: (14, 3) | Badges: 0 | Party: 1 | Action: up | Stuck: 1575 | WP: 0→(10,28)
[18:46:32] OVERWORLD | Map: 12 | Pos: (14, 3) | Badges: 0 | Party: 1 | Action: up | Stuck: 1625 | WP: 0→(10,28)
[18:46:33] OVERWORLD | Map: 12 | Pos: (14, 3) | Badges: 0 | Party: 1 | Action: up | Stuck: 1675 | WP: 0→(10,28)
[18:46:33] OVERWORLD | Map: 12 | Pos: (14, 3) | Badges: 0 | Party: 1 | Action: up | Stuck: 1725 | WP: 0→(10,28)
[18:46:34] OVERWORLD | Map: 12 | Pos: (14, 3) | Badges: 0 | Party: 1 | Action: up | Stuck: 1775 | WP: 0→(10,28)
[18:46:34] OVERWORLD | Map: 12 | Pos: (14, 3) | Badges: 0 | Party: 1 | Action: up | Stuck: 1825 | WP: 0→(10,28)
[18:46:35] OVERWORLD | Map: 12 | Pos: (14, 3) | Badges: 0 | Party: 1 | Action: up | Stuck: 1875 | WP: 0→(10,28)
[18:46:35] OVERWORLD | Map: 12 | Pos: (14, 3) | Badges: 0 | Party: 1 | Action: up | Stuck: 1925 | WP: 0→(10,28)
[18:46:36] OVERWORLD | Map: 12 | Pos: (14, 3) | Badges: 0 | Party: 1 | Action: up | Stuck: 1975 | WP: 0→(10,28)
[18:46:36] OVERWORLD | Map: 12 | Pos: (14, 3) | Badges: 0 | Party: 1 | Action: up | Stuck: 2025 | WP: 0→(10,28)
[18:46:37] OVERWORLD | Map: 12 | Pos: (14, 3) | Badges: 0 | Party: 1 | Action: up | Stuck: 2075 | WP: 0→(10,28)
[18:46:37] OVERWORLD | Map: 12 | Pos: (14, 3) | Badges: 0 | Party: 1 | Action: up | Stuck: 2125 | WP: 0→(10,28)
[18:46:38] OVERWORLD | Map: 12 | Pos: (14, 3) | Badges: 0 | Party: 1 | Action: up | Stuck: 2175 | WP: 0→(10,28)
[18:46:38] OVERWORLD | Map: 12 | Pos: (14, 3) | Badges: 0 | Party: 1 | Action: up | Stuck: 2225 | WP: 0→(10,28)
[18:46:39] OVERWORLD | Map: 12 | Pos: (14, 3) | Badges: 0 | Party: 1 | Action: up | Stuck: 2275 | WP: 0→(10,28)
[18:46:39] OVERWORLD | Map: 12 | Pos: (14, 3) | Badges: 0 | Party: 1 | Action: up | Stuck: 2325 | WP: 0→(10,28)
[18:46:40] OVERWORLD | Map: 12 | Pos: (14, 3) | Badges: 0 | Party: 1 | Action: up | Stuck: 2375 | WP: 0→(10,28)
[18:46:40] OVERWORLD | Map: 12 | Pos: (14, 3) | Badges: 0 | Party: 1 | Action: up | Stuck: 2425 | WP: 0→(10,28)
[18:46:41] OVERWORLD | Map: 12 | Pos: (14, 3) | Badges: 0 | Party: 1 | Action: up | Stuck: 2475 | WP: 0→(10,28)
[18:46:41] OVERWORLD | Map: 12 | Pos: (14, 3) | Badges: 0 | Party: 1 | Action: up | Stuck: 2525 | WP: 0→(10,28)
[18:46:41] OVERWORLD | Map: 12 | Pos: (14, 3) | Badges: 0 | Party: 1 | Action: up | Stuck: 2575 | WP: 0→(10,28)
[18:46:42] OVERWORLD | Map: 12 | Pos: (14, 3) | Badges: 0 | Party: 1 | Action: up | Stuck: 2625 | WP: 0→(10,28)
[18:46:42] OVERWORLD | Map: 12 | Pos: (14, 3) | Badges: 0 | Party: 1 | Action: up | Stuck: 2675 | WP: 0→(10,28)
[18:46:43] OVERWORLD | Map: 12 | Pos: (14, 3) | Badges: 0 | Party: 1 | Action: up | Stuck: 2725 | WP: 0→(10,28)
[18:46:43] OVERWORLD | Map: 12 | Pos: (14, 3) | Badges: 0 | Party: 1 | Action: up | Stuck: 2775 | WP: 0→(10,28)
[18:46:44] OVERWORLD | Map: 12 | Pos: (14, 3) | Badges: 0 | Party: 1 | Action: up | Stuck: 2825 | WP: 0→(10,28)
[18:46:44] OVERWORLD | Map: 12 | Pos: (14, 3) | Badges: 0 | Party: 1 | Action: up | Stuck: 2875 | WP: 0→(10,28)
[18:46:45] OVERWORLD | Map: 12 | Pos: (14, 3) | Badges: 0 | Party: 1 | Action: up | Stuck: 2925 | WP: 0→(10,28)
[18:46:45] OVERWORLD | Map: 12 | Pos: (14, 3) | Badges: 0 | Party: 1 | Action: up | Stuck: 2975 | WP: 0→(10,28)
[18:46:46] OVERWORLD | Map: 12 | Pos: (14, 3) | Badges: 0 | Party: 1 | Action: up | Stuck: 3025 | WP: 0→(10,28)
[18:46:46] OVERWORLD | Map: 12 | Pos: (14, 3) | Badges: 0 | Party: 1 | Action: up | Stuck: 3075 | WP: 0→(10,28)
[18:46:47] OVERWORLD | Map: 12 | Pos: (14, 3) | Badges: 0 | Party: 1 | Action: up | Stuck: 3125 | WP: 0→(10,28)
[18:46:47] OVERWORLD | Map: 12 | Pos: (14, 3) | Badges: 0 | Party: 1 | Action: up | Stuck: 3175 | WP: 0→(10,28)
[18:46:48] OVERWORLD | Map: 12 | Pos: (14, 3) | Badges: 0 | Party: 1 | Action: up | Stuck: 3225 | WP: 0→(10,28)
[18:46:48] OVERWORLD | Map: 12 | Pos: (14, 3) | Badges: 0 | Party: 1 | Action: up | Stuck: 3275 | WP: 0→(10,28)
[18:46:49] OVERWORLD | Map: 12 | Pos: (14, 3) | Badges: 0 | Party: 1 | Action: up | Stuck: 3325 | WP: 0→(10,28)
[18:46:49] OVERWORLD | Map: 12 | Pos: (14, 3) | Badges: 0 | Party: 1 | Action: up | Stuck: 3375 | WP: 0→(10,28)
[18:46:50] OVERWORLD | Map: 12 | Pos: (14, 3) | Badges: 0 | Party: 1 | Action: up | Stuck: 3425 | WP: 0→(10,28)
[18:46:50] OVERWORLD | Map: 12 | Pos: (14, 3) | Badges: 0 | Party: 1 | Action: up | Stuck: 3475 | WP: 0→(10,28)
[18:46:51] OVERWORLD | Map: 12 | Pos: (14, 3) | Badges: 0 | Party: 1 | Action: up | Stuck: 3525 | WP: 0→(10,28)
[18:46:51] OVERWORLD | Map: 12 | Pos: (14, 3) | Badges: 0 | Party: 1 | Action: up | Stuck: 3575 | WP: 0→(10,28)
[18:46:51] OVERWORLD | Map: 12 | Pos: (14, 3) | Badges: 0 | Party: 1 | Action: up | Stuck: 3625 | WP: 0→(10,28)
[18:46:52] OVERWORLD | Map: 12 | Pos: (14, 3) | Badges: 0 | Party: 1 | Action: up | Stuck: 3675 | WP: 0→(10,28)
[18:46:52] OVERWORLD | Map: 12 | Pos: (14, 3) | Badges: 0 | Party: 1 | Action: up | Stuck: 3725 | WP: 0→(10,28)
[18:46:53] OVERWORLD | Map: 12 | Pos: (14, 3) | Badges: 0 | Party: 1 | Action: up | Stuck: 3775 | WP: 0→(10,28)
[18:46:53] OVERWORLD | Map: 12 | Pos: (14, 3) | Badges: 0 | Party: 1 | Action: up | Stuck: 3825 | WP: 0→(10,28)
[18:46:54] OVERWORLD | Map: 12 | Pos: (14, 3) | Badges: 0 | Party: 1 | Action: up | Stuck: 3875 | WP: 0→(10,28)
[18:46:54] OVERWORLD | Map: 12 | Pos: (14, 3) | Badges: 0 | Party: 1 | Action: up | Stuck: 3925 | WP: 0→(10,28)
[18:46:55] OVERWORLD | Map: 12 | Pos: (14, 3) | Badges: 0 | Party: 1 | Action: up | Stuck: 3975 | WP: 0→(10,28)
[18:46:55] OVERWORLD | Map: 12 | Pos: (14, 3) | Badges: 0 | Party: 1 | Action: up | Stuck: 4025 | WP: 0→(10,28)
[18:46:56] OVERWORLD | Map: 12 | Pos: (14, 3) | Badges: 0 | Party: 1 | Action: up | Stuck: 4075 | WP: 0→(10,28)
[18:46:56] OVERWORLD | Map: 12 | Pos: (14, 3) | Badges: 0 | Party: 1 | Action: up | Stuck: 4125 | WP: 0→(10,28)
[18:46:57] OVERWORLD | Map: 12 | Pos: (14, 3) | Badges: 0 | Party: 1 | Action: up | Stuck: 4175 | WP: 0→(10,28)
[18:46:57] OVERWORLD | Map: 12 | Pos: (14, 3) | Badges: 0 | Party: 1 | Action: up | Stuck: 4225 | WP: 0→(10,28)
[18:46:58] OVERWORLD | Map: 12 | Pos: (14, 3) | Badges: 0 | Party: 1 | Action: up | Stuck: 4275 | WP: 0→(10,28)
[18:46:58] OVERWORLD | Map: 12 | Pos: (14, 3) | Badges: 0 | Party: 1 | Action: up | Stuck: 4325 | WP: 0→(10,28)
[18:46:59] OVERWORLD | Map: 12 | Pos: (14, 3) | Badges: 0 | Party: 1 | Action: up | Stuck: 4375 | WP: 0→(10,28)
[18:46:59] OVERWORLD | Map: 12 | Pos: (14, 3) | Badges: 0 | Party: 1 | Action: up | Stuck: 4425 | WP: 0→(10,28)
[18:47:00] OVERWORLD | Map: 12 | Pos: (14, 3) | Badges: 0 | Party: 1 | Action: up | Stuck: 4475 | WP: 0→(10,28)
[18:47:00] OVERWORLD | Map: 12 | Pos: (14, 3) | Badges: 0 | Party: 1 | Action: up | Stuck: 4525 | WP: 0→(10,28)
[18:47:01] OVERWORLD | Map: 12 | Pos: (14, 3) | Badges: 0 | Party: 1 | Action: up | Stuck: 4575 | WP: 0→(10,28)
[18:47:01] OVERWORLD | Map: 12 | Pos: (14, 3) | Badges: 0 | Party: 1 | Action: up | Stuck: 4625 | WP: 0→(10,28)
[18:47:01] OVERWORLD | Map: 12 | Pos: (14, 3) | Badges: 0 | Party: 1 | Action: up | Stuck: 4675 | WP: 0→(10,28)
[18:47:02] OVERWORLD | Map: 12 | Pos: (14, 3) | Badges: 0 | Party: 1 | Action: up | Stuck: 4725 | WP: 0→(10,28)
[18:47:02] OVERWORLD | Map: 12 | Pos: (14, 3) | Badges: 0 | Party: 1 | Action: up | Stuck: 4775 | WP: 0→(10,28)
[18:47:03] OVERWORLD | Map: 12 | Pos: (14, 3) | Badges: 0 | Party: 1 | Action: up | Stuck: 4825 | WP: 0→(10,28)
[18:47:03] OVERWORLD | Map: 12 | Pos: (14, 3) | Badges: 0 | Party: 1 | Action: up | Stuck: 4875 | WP: 0→(10,28)
[18:47:04] OVERWORLD | Map: 12 | Pos: (14, 3) | Badges: 0 | Party: 1 | Action: up | Stuck: 4925 | WP: 0→(10,28)
[18:47:04] OVERWORLD | Map: 12 | Pos: (14, 3) | Badges: 0 | Party: 1 | Action: up | Stuck: 4975 | WP: 0→(10,28)
[18:47:05] OVERWORLD | Map: 12 | Pos: (14, 3) | Badges: 0 | Party: 1 | Action: up | Stuck: 5025 | WP: 0→(10,28)
[18:47:05] OVERWORLD | Map: 12 | Pos: (14, 3) | Badges: 0 | Party: 1 | Action: up | Stuck: 5075 | WP: 0→(10,28)
[18:47:06] OVERWORLD | Map: 12 | Pos: (14, 3) | Badges: 0 | Party: 1 | Action: up | Stuck: 5125 | WP: 0→(10,28)
[18:47:06] OVERWORLD | Map: 12 | Pos: (14, 3) | Badges: 0 | Party: 1 | Action: up | Stuck: 5175 | WP: 0→(10,28)
[18:47:07] OVERWORLD | Map: 12 | Pos: (14, 3) | Badges: 0 | Party: 1 | Action: up | Stuck: 5225 | WP: 0→(10,28)
[18:47:07] OVERWORLD | Map: 12 | Pos: (14, 3) | Badges: 0 | Party: 1 | Action: up | Stuck: 5275 | WP: 0→(10,28)
[18:47:08] OVERWORLD | Map: 12 | Pos: (14, 3) | Badges: 0 | Party: 1 | Action: up | Stuck: 5325 | WP: 0→(10,28)
[18:47:08] OVERWORLD | Map: 12 | Pos: (14, 3) | Badges: 0 | Party: 1 | Action: up | Stuck: 5375 | WP: 0→(10,28)
[18:47:09] OVERWORLD | Map: 12 | Pos: (14, 3) | Badges: 0 | Party: 1 | Action: up | Stuck: 5425 | WP: 0→(10,28)
[18:47:09] OVERWORLD | Map: 12 | Pos: (14, 3) | Badges: 0 | Party: 1 | Action: up | Stuck: 5475 | WP: 0→(10,28)
[18:47:10] OVERWORLD | Map: 12 | Pos: (14, 3) | Badges: 0 | Party: 1 | Action: up | Stuck: 5525 | WP: 0→(10,28)
[18:47:10] OVERWORLD | Map: 12 | Pos: (14, 3) | Badges: 0 | Party: 1 | Action: up | Stuck: 5575 | WP: 0→(10,28)
[18:47:11] OVERWORLD | Map: 12 | Pos: (14, 3) | Badges: 0 | Party: 1 | Action: up | Stuck: 5625 | WP: 0→(10,28)
[18:47:11] OVERWORLD | Map: 12 | Pos: (14, 3) | Badges: 0 | Party: 1 | Action: up | Stuck: 5675 | WP: 0→(10,28)
[18:47:12] OVERWORLD | Map: 12 | Pos: (14, 3) | Badges: 0 | Party: 1 | Action: up | Stuck: 5725 | WP: 0→(10,28)
[18:47:12] OVERWORLD | Map: 12 | Pos: (14, 3) | Badges: 0 | Party: 1 | Action: up | Stuck: 5775 | WP: 0→(10,28)
[18:47:12] OVERWORLD | Map: 12 | Pos: (14, 3) | Badges: 0 | Party: 1 | Action: up | Stuck: 5825 | WP: 0→(10,28)
[18:47:13] OVERWORLD | Map: 12 | Pos: (14, 3) | Badges: 0 | Party: 1 | Action: up | Stuck: 5875 | WP: 0→(10,28)
[18:47:13] OVERWORLD | Map: 12 | Pos: (14, 3) | Badges: 0 | Party: 1 | Action: up | Stuck: 5925 | WP: 0→(10,28)
[18:47:14] OVERWORLD | Map: 12 | Pos: (14, 3) | Badges: 0 | Party: 1 | Action: up | Stuck: 5975 | WP: 0→(10,28)
[18:47:14] OVERWORLD | Map: 12 | Pos: (14, 3) | Badges: 0 | Party: 1 | Action: up | Stuck: 6025 | WP: 0→(10,28)
[18:47:15] OVERWORLD | Map: 12 | Pos: (14, 3) | Badges: 0 | Party: 1 | Action: up | Stuck: 6075 | WP: 0→(10,28)
[18:47:15] OVERWORLD | Map: 12 | Pos: (14, 3) | Badges: 0 | Party: 1 | Action: up | Stuck: 6125 | WP: 0→(10,28)
[18:47:16] OVERWORLD | Map: 12 | Pos: (14, 3) | Badges: 0 | Party: 1 | Action: up | Stuck: 6175 | WP: 0→(10,28)
[18:47:16] OVERWORLD | Map: 12 | Pos: (14, 3) | Badges: 0 | Party: 1 | Action: up | Stuck: 6225 | WP: 0→(10,28)
[18:47:17] OVERWORLD | Map: 12 | Pos: (14, 3) | Badges: 0 | Party: 1 | Action: up | Stuck: 6275 | WP: 0→(10,28)
[18:47:17] OVERWORLD | Map: 12 | Pos: (14, 3) | Badges: 0 | Party: 1 | Action: up | Stuck: 6325 | WP: 0→(10,28)
[18:47:18] OVERWORLD | Map: 12 | Pos: (14, 3) | Badges: 0 | Party: 1 | Action: up | Stuck: 6375 | WP: 0→(10,28)
[18:47:18] OVERWORLD | Map: 12 | Pos: (14, 3) | Badges: 0 | Party: 1 | Action: up | Stuck: 6425 | WP: 0→(10,28)
[18:47:19] OVERWORLD | Map: 12 | Pos: (14, 3) | Badges: 0 | Party: 1 | Action: up | Stuck: 6475 | WP: 0→(10,28)
[18:47:19] OVERWORLD | Map: 12 | Pos: (14, 3) | Badges: 0 | Party: 1 | Action: up | Stuck: 6525 | WP: 0→(10,28)
[18:47:20] OVERWORLD | Map: 12 | Pos: (14, 3) | Badges: 0 | Party: 1 | Action: up | Stuck: 6575 | WP: 0→(10,28)
[18:47:20] OVERWORLD | Map: 12 | Pos: (14, 3) | Badges: 0 | Party: 1 | Action: up | Stuck: 6625 | WP: 0→(10,28)
[18:47:21] OVERWORLD | Map: 12 | Pos: (14, 3) | Badges: 0 | Party: 1 | Action: up | Stuck: 6675 | WP: 0→(10,28)
[18:47:21] OVERWORLD | Map: 12 | Pos: (14, 3) | Badges: 0 | Party: 1 | Action: up | Stuck: 6725 | WP: 0→(10,28)
[18:47:22] OVERWORLD | Map: 12 | Pos: (14, 3) | Badges: 0 | Party: 1 | Action: up | Stuck: 6775 | WP: 0→(10,28)
[18:47:22] OVERWORLD | Map: 12 | Pos: (14, 3) | Badges: 0 | Party: 1 | Action: up | Stuck: 6825 | WP: 0→(10,28)
[18:47:22] OVERWORLD | Map: 12 | Pos: (14, 3) | Badges: 0 | Party: 1 | Action: up | Stuck: 6875 | WP: 0→(10,28)
[18:47:23] OVERWORLD | Map: 12 | Pos: (14, 3) | Badges: 0 | Party: 1 | Action: up | Stuck: 6925 | WP: 0→(10,28)
[18:47:23] OVERWORLD | Map: 12 | Pos: (14, 3) | Badges: 0 | Party: 1 | Action: up | Stuck: 6975 | WP: 0→(10,28)
[18:47:24] OVERWORLD | Map: 12 | Pos: (14, 3) | Badges: 0 | Party: 1 | Action: up | Stuck: 7025 | WP: 0→(10,28)
[18:47:24] OVERWORLD | Map: 12 | Pos: (14, 3) | Badges: 0 | Party: 1 | Action: up | Stuck: 7075 | WP: 0→(10,28)
[18:47:25] OVERWORLD | Map: 12 | Pos: (14, 3) | Badges: 0 | Party: 1 | Action: up | Stuck: 7125 | WP: 0→(10,28)
[18:47:25] OVERWORLD | Map: 12 | Pos: (14, 3) | Badges: 0 | Party: 1 | Action: up | Stuck: 7175 | WP: 0→(10,28)
[18:47:26] OVERWORLD | Map: 12 | Pos: (14, 3) | Badges: 0 | Party: 1 | Action: up | Stuck: 7225 | WP: 0→(10,28)
[18:47:26] OVERWORLD | Map: 12 | Pos: (14, 3) | Badges: 0 | Party: 1 | Action: up | Stuck: 7275 | WP: 0→(10,28)
[18:47:27] OVERWORLD | Map: 12 | Pos: (14, 3) | Badges: 0 | Party: 1 | Action: up | Stuck: 7325 | WP: 0→(10,28)
[18:47:27] OVERWORLD | Map: 12 | Pos: (14, 3) | Badges: 0 | Party: 1 | Action: up | Stuck: 7375 | WP: 0→(10,28)
[18:47:28] OVERWORLD | Map: 12 | Pos: (14, 3) | Badges: 0 | Party: 1 | Action: up | Stuck: 7425 | WP: 0→(10,28)
[18:47:28] OVERWORLD | Map: 12 | Pos: (14, 3) | Badges: 0 | Party: 1 | Action: up | Stuck: 7475 | WP: 0→(10,28)
[18:47:29] OVERWORLD | Map: 12 | Pos: (14, 3) | Badges: 0 | Party: 1 | Action: up | Stuck: 7525 | WP: 0→(10,28)
[18:47:29] OVERWORLD | Map: 12 | Pos: (14, 3) | Badges: 0 | Party: 1 | Action: up | Stuck: 7575 | WP: 0→(10,28)
[18:47:30] OVERWORLD | Map: 12 | Pos: (14, 3) | Badges: 0 | Party: 1 | Action: up | Stuck: 7625 | WP: 0→(10,28)
[18:47:30] OVERWORLD | Map: 12 | Pos: (14, 3) | Badges: 0 | Party: 1 | Action: up | Stuck: 7675 | WP: 0→(10,28)
[18:47:31] OVERWORLD | Map: 12 | Pos: (14, 3) | Badges: 0 | Party: 1 | Action: up | Stuck: 7725 | WP: 0→(10,28)
[18:47:31] OVERWORLD | Map: 12 | Pos: (14, 3) | Badges: 0 | Party: 1 | Action: up | Stuck: 7775 | WP: 0→(10,28)
[18:47:32] OVERWORLD | Map: 12 | Pos: (14, 3) | Badges: 0 | Party: 1 | Action: up | Stuck: 7825 | WP: 0→(10,28)
[18:47:32] OVERWORLD | Map: 12 | Pos: (14, 3) | Badges: 0 | Party: 1 | Action: up | Stuck: 7875 | WP: 0→(10,28)
[18:47:32] OVERWORLD | Map: 12 | Pos: (14, 3) | Badges: 0 | Party: 1 | Action: up | Stuck: 7925 | WP: 0→(10,28)
[18:47:33] OVERWORLD | Map: 12 | Pos: (14, 3) | Badges: 0 | Party: 1 | Action: up | Stuck: 7975 | WP: 0→(10,28)
[18:47:33] OVERWORLD | Map: 12 | Pos: (14, 3) | Badges: 0 | Party: 1 | Action: up | Stuck: 8025 | WP: 0→(10,28)
[18:47:34] OVERWORLD | Map: 12 | Pos: (14, 3) | Badges: 0 | Party: 1 | Action: up | Stuck: 8075 | WP: 0→(10,28)
[18:47:34] OVERWORLD | Map: 12 | Pos: (14, 3) | Badges: 0 | Party: 1 | Action: up | Stuck: 8125 | WP: 0→(10,28)
[18:47:35] OVERWORLD | Map: 12 | Pos: (14, 3) | Badges: 0 | Party: 1 | Action: up | Stuck: 8175 | WP: 0→(10,28)
[18:47:35] OVERWORLD | Map: 12 | Pos: (14, 3) | Badges: 0 | Party: 1 | Action: up | Stuck: 8225 | WP: 0→(10,28)
[18:47:36] OVERWORLD | Map: 12 | Pos: (14, 3) | Badges: 0 | Party: 1 | Action: up | Stuck: 8275 | WP: 0→(10,28)
[18:47:36] OVERWORLD | Map: 12 | Pos: (14, 3) | Badges: 0 | Party: 1 | Action: up | Stuck: 8325 | WP: 0→(10,28)
[18:47:37] OVERWORLD | Map: 12 | Pos: (14, 3) | Badges: 0 | Party: 1 | Action: up | Stuck: 8375 | WP: 0→(10,28)
[18:47:37] OVERWORLD | Map: 12 | Pos: (14, 3) | Badges: 0 | Party: 1 | Action: up | Stuck: 8425 | WP: 0→(10,28)
[18:47:38] OVERWORLD | Map: 12 | Pos: (14, 3) | Badges: 0 | Party: 1 | Action: up | Stuck: 8475 | WP: 0→(10,28)
[18:47:38] OVERWORLD | Map: 12 | Pos: (14, 3) | Badges: 0 | Party: 1 | Action: up | Stuck: 8525 | WP: 0→(10,28)
[18:47:39] OVERWORLD | Map: 12 | Pos: (14, 3) | Badges: 0 | Party: 1 | Action: up | Stuck: 8575 | WP: 0→(10,28)
[18:47:39] OVERWORLD | Map: 12 | Pos: (14, 3) | Badges: 0 | Party: 1 | Action: up | Stuck: 8625 | WP: 0→(10,28)
[18:47:40] OVERWORLD | Map: 12 | Pos: (14, 3) | Badges: 0 | Party: 1 | Action: up | Stuck: 8675 | WP: 0→(10,28)
[18:47:40] OVERWORLD | Map: 12 | Pos: (14, 3) | Badges: 0 | Party: 1 | Action: up | Stuck: 8725 | WP: 0→(10,28)
[18:47:41] OVERWORLD | Map: 12 | Pos: (14, 3) | Badges: 0 | Party: 1 | Action: up | Stuck: 8775 | WP: 0→(10,28)
[18:47:41] OVERWORLD | Map: 12 | Pos: (14, 3) | Badges: 0 | Party: 1 | Action: up | Stuck: 8825 | WP: 0→(10,28)
[18:47:41] OVERWORLD | Map: 12 | Pos: (14, 3) | Badges: 0 | Party: 1 | Action: up | Stuck: 8875 | WP: 0→(10,28)
[18:47:42] OVERWORLD | Map: 12 | Pos: (14, 3) | Badges: 0 | Party: 1 | Action: up | Stuck: 8925 | WP: 0→(10,28)
[18:47:42] OVERWORLD | Map: 12 | Pos: (14, 3) | Badges: 0 | Party: 1 | Action: up | Stuck: 8975 | WP: 0→(10,28)
[18:47:43] OVERWORLD | Map: 12 | Pos: (14, 3) | Badges: 0 | Party: 1 | Action: up | Stuck: 9025 | WP: 0→(10,28)
[18:47:43] OVERWORLD | Map: 12 | Pos: (14, 3) | Badges: 0 | Party: 1 | Action: up | Stuck: 9075 | WP: 0→(10,28)
[18:47:44] OVERWORLD | Map: 12 | Pos: (14, 3) | Badges: 0 | Party: 1 | Action: up | Stuck: 9125 | WP: 0→(10,28)
[18:47:44] OVERWORLD | Map: 12 | Pos: (14, 3) | Badges: 0 | Party: 1 | Action: up | Stuck: 9175 | WP: 0→(10,28)
[18:47:45] OVERWORLD | Map: 12 | Pos: (14, 3) | Badges: 0 | Party: 1 | Action: up | Stuck: 9225 | WP: 0→(10,28)
[18:47:45] OVERWORLD | Map: 12 | Pos: (14, 3) | Badges: 0 | Party: 1 | Action: up | Stuck: 9275 | WP: 0→(10,28)
[18:47:46] OVERWORLD | Map: 12 | Pos: (14, 3) | Badges: 0 | Party: 1 | Action: up | Stuck: 9325 | WP: 0→(10,28)
[18:47:46] OVERWORLD | Map: 12 | Pos: (14, 3) | Badges: 0 | Party: 1 | Action: up | Stuck: 9375 | WP: 0→(10,28)
[18:47:47] OVERWORLD | Map: 12 | Pos: (14, 3) | Badges: 0 | Party: 1 | Action: up | Stuck: 9425 | WP: 0→(10,28)
[18:47:47] OVERWORLD | Map: 12 | Pos: (14, 3) | Badges: 0 | Party: 1 | Action: up | Stuck: 9475 | WP: 0→(10,28)
[18:47:48] OVERWORLD | Map: 12 | Pos: (14, 3) | Badges: 0 | Party: 1 | Action: up | Stuck: 9525 | WP: 0→(10,28)
[18:47:48] OVERWORLD | Map: 12 | Pos: (14, 3) | Badges: 0 | Party: 1 | Action: up | Stuck: 9575 | WP: 0→(10,28)
[18:47:49] OVERWORLD | Map: 12 | Pos: (14, 3) | Badges: 0 | Party: 1 | Action: up | Stuck: 9625 | WP: 0→(10,28)
[18:47:49] OVERWORLD | Map: 12 | Pos: (14, 3) | Badges: 0 | Party: 1 | Action: up | Stuck: 9675 | WP: 0→(10,28)
[18:47:50] OVERWORLD | Map: 12 | Pos: (14, 3) | Badges: 0 | Party: 1 | Action: up | Stuck: 9725 | WP: 0→(10,28)
[18:47:50] OVERWORLD | Map: 12 | Pos: (14, 3) | Badges: 0 | Party: 1 | Action: up | Stuck: 9775 | WP: 0→(10,28)
[18:47:51] OVERWORLD | Map: 12 | Pos: (14, 3) | Badges: 0 | Party: 1 | Action: up | Stuck: 9825 | WP: 0→(10,28)
[18:47:51] OVERWORLD | Map: 12 | Pos: (14, 3) | Badges: 0 | Party: 1 | Action: up | Stuck: 9875 | WP: 0→(10,28)
[18:47:51] OVERWORLD | Map: 12 | Pos: (14, 3) | Badges: 0 | Party: 1 | Action: up | Stuck: 9925 | WP: 0→(10,28)
[18:47:52] OVERWORLD | Map: 12 | Pos: (14, 3) | Badges: 0 | Party: 1 | Action: up | Stuck: 9975 | WP: 0→(10,28)
[18:47:52] OVERWORLD | Map: 12 | Pos: (14, 3) | Badges: 0 | Party: 1 | Action: up | Stuck: 10025 | WP: 0→(10,28)
[18:47:53] OVERWORLD | Map: 12 | Pos: (14, 3) | Badges: 0 | Party: 1 | Action: up | Stuck: 10075 | WP: 0→(10,28)
[18:47:53] OVERWORLD | Map: 12 | Pos: (14, 3) | Badges: 0 | Party: 1 | Action: up | Stuck: 10125 | WP: 0→(10,28)
[18:47:54] OVERWORLD | Map: 12 | Pos: (14, 3) | Badges: 0 | Party: 1 | Action: up | Stuck: 10175 | WP: 0→(10,28)
[18:47:54] OVERWORLD | Map: 12 | Pos: (14, 3) | Badges: 0 | Party: 1 | Action: up | Stuck: 10225 | WP: 0→(10,28)
[18:47:55] OVERWORLD | Map: 12 | Pos: (14, 3) | Badges: 0 | Party: 1 | Action: up | Stuck: 10275 | WP: 0→(10,28)
[18:47:55] OVERWORLD | Map: 12 | Pos: (14, 3) | Badges: 0 | Party: 1 | Action: up | Stuck: 10325 | WP: 0→(10,28)
[18:47:56] OVERWORLD | Map: 12 | Pos: (14, 3) | Badges: 0 | Party: 1 | Action: up | Stuck: 10375 | WP: 0→(10,28)
[18:47:56] OVERWORLD | Map: 12 | Pos: (14, 3) | Badges: 0 | Party: 1 | Action: up | Stuck: 10425 | WP: 0→(10,28)
[18:47:57] OVERWORLD | Map: 12 | Pos: (14, 3) | Badges: 0 | Party: 1 | Action: up | Stuck: 10475 | WP: 0→(10,28)
[18:47:57] OVERWORLD | Map: 12 | Pos: (14, 3) | Badges: 0 | Party: 1 | Action: up | Stuck: 10525 | WP: 0→(10,28)
[18:47:58] OVERWORLD | Map: 12 | Pos: (14, 3) | Badges: 0 | Party: 1 | Action: up | Stuck: 10575 | WP: 0→(10,28)
[18:47:58] OVERWORLD | Map: 12 | Pos: (14, 3) | Badges: 0 | Party: 1 | Action: up | Stuck: 10625 | WP: 0→(10,28)
[18:47:59] OVERWORLD | Map: 12 | Pos: (14, 3) | Badges: 0 | Party: 1 | Action: up | Stuck: 10675 | WP: 0→(10,28)
[18:47:59] OVERWORLD | Map: 12 | Pos: (14, 3) | Badges: 0 | Party: 1 | Action: up | Stuck: 10725 | WP: 0→(10,28)
[18:48:00] OVERWORLD | Map: 12 | Pos: (14, 3) | Badges: 0 | Party: 1 | Action: up | Stuck: 10775 | WP: 0→(10,28)
[18:48:00] OVERWORLD | Map: 12 | Pos: (14, 3) | Badges: 0 | Party: 1 | Action: up | Stuck: 10825 | WP: 0→(10,28)
[18:48:01] OVERWORLD | Map: 12 | Pos: (14, 3) | Badges: 0 | Party: 1 | Action: up | Stuck: 10875 | WP: 0→(10,28)
[18:48:01] OVERWORLD | Map: 12 | Pos: (14, 3) | Badges: 0 | Party: 1 | Action: up | Stuck: 10925 | WP: 0→(10,28)
[18:48:01] OVERWORLD | Map: 12 | Pos: (14, 3) | Badges: 0 | Party: 1 | Action: up | Stuck: 10975 | WP: 0→(10,28)
[18:48:02] OVERWORLD | Map: 12 | Pos: (14, 3) | Badges: 0 | Party: 1 | Action: up | Stuck: 11025 | WP: 0→(10,28)
[18:48:02] OVERWORLD | Map: 12 | Pos: (14, 3) | Badges: 0 | Party: 1 | Action: up | Stuck: 11075 | WP: 0→(10,28)
[18:48:03] OVERWORLD | Map: 12 | Pos: (14, 3) | Badges: 0 | Party: 1 | Action: up | Stuck: 11125 | WP: 0→(10,28)
[18:48:03] OVERWORLD | Map: 12 | Pos: (14, 3) | Badges: 0 | Party: 1 | Action: up | Stuck: 11175 | WP: 0→(10,28)
[18:48:04] OVERWORLD | Map: 12 | Pos: (14, 3) | Badges: 0 | Party: 1 | Action: up | Stuck: 11225 | WP: 0→(10,28)
[18:48:04] OVERWORLD | Map: 12 | Pos: (14, 3) | Badges: 0 | Party: 1 | Action: up | Stuck: 11275 | WP: 0→(10,28)
[18:48:05] OVERWORLD | Map: 12 | Pos: (14, 3) | Badges: 0 | Party: 1 | Action: up | Stuck: 11325 | WP: 0→(10,28)
[18:48:05] OVERWORLD | Map: 12 | Pos: (14, 3) | Badges: 0 | Party: 1 | Action: up | Stuck: 11375 | WP: 0→(10,28)
[18:48:06] OVERWORLD | Map: 12 | Pos: (14, 3) | Badges: 0 | Party: 1 | Action: up | Stuck: 11425 | WP: 0→(10,28)
[18:48:06] OVERWORLD | Map: 12 | Pos: (14, 3) | Badges: 0 | Party: 1 | Action: up | Stuck: 11475 | WP: 0→(10,28)
[18:48:07] OVERWORLD | Map: 12 | Pos: (14, 3) | Badges: 0 | Party: 1 | Action: up | Stuck: 11525 | WP: 0→(10,28)
[18:48:07] OVERWORLD | Map: 12 | Pos: (14, 3) | Badges: 0 | Party: 1 | Action: up | Stuck: 11575 | WP: 0→(10,28)
[18:48:08] OVERWORLD | Map: 12 | Pos: (14, 3) | Badges: 0 | Party: 1 | Action: up | Stuck: 11625 | WP: 0→(10,28)
[18:48:08] OVERWORLD | Map: 12 | Pos: (14, 3) | Badges: 0 | Party: 1 | Action: up | Stuck: 11675 | WP: 0→(10,28)
[18:48:09] OVERWORLD | Map: 12 | Pos: (14, 3) | Badges: 0 | Party: 1 | Action: up | Stuck: 11725 | WP: 0→(10,28)
[18:48:09] OVERWORLD | Map: 12 | Pos: (14, 3) | Badges: 0 | Party: 1 | Action: up | Stuck: 11775 | WP: 0→(10,28)
[18:48:10] OVERWORLD | Map: 12 | Pos: (14, 3) | Badges: 0 | Party: 1 | Action: up | Stuck: 11825 | WP: 0→(10,28)
[18:48:10] OVERWORLD | Map: 12 | Pos: (14, 3) | Badges: 0 | Party: 1 | Action: up | Stuck: 11875 | WP: 0→(10,28)
[18:48:11] OVERWORLD | Map: 12 | Pos: (14, 3) | Badges: 0 | Party: 1 | Action: up | Stuck: 11925 | WP: 0→(10,28)
[18:48:11] OVERWORLD | Map: 12 | Pos: (14, 3) | Badges: 0 | Party: 1 | Action: up | Stuck: 11975 | WP: 0→(10,28)
[18:48:11] OVERWORLD | Map: 12 | Pos: (14, 3) | Badges: 0 | Party: 1 | Action: up | Stuck: 12025 | WP: 0→(10,28)
[18:48:12] OVERWORLD | Map: 12 | Pos: (14, 3) | Badges: 0 | Party: 1 | Action: up | Stuck: 12075 | WP: 0→(10,28)
[18:48:12] OVERWORLD | Map: 12 | Pos: (14, 3) | Badges: 0 | Party: 1 | Action: up | Stuck: 12125 | WP: 0→(10,28)
[18:48:13] OVERWORLD | Map: 12 | Pos: (14, 3) | Badges: 0 | Party: 1 | Action: up | Stuck: 12175 | WP: 0→(10,28)
[18:48:13] OVERWORLD | Map: 12 | Pos: (14, 3) | Badges: 0 | Party: 1 | Action: up | Stuck: 12225 | WP: 0→(10,28)
[18:48:14] OVERWORLD | Map: 12 | Pos: (14, 3) | Badges: 0 | Party: 1 | Action: up | Stuck: 12275 | WP: 0→(10,28)
[18:48:14] OVERWORLD | Map: 12 | Pos: (14, 3) | Badges: 0 | Party: 1 | Action: up | Stuck: 12325 | WP: 0→(10,28)
[18:48:15] OVERWORLD | Map: 12 | Pos: (14, 3) | Badges: 0 | Party: 1 | Action: up | Stuck: 12375 | WP: 0→(10,28)
[18:48:15] OVERWORLD | Map: 12 | Pos: (14, 3) | Badges: 0 | Party: 1 | Action: up | Stuck: 12425 | WP: 0→(10,28)
[18:48:16] OVERWORLD | Map: 12 | Pos: (14, 3) | Badges: 0 | Party: 1 | Action: up | Stuck: 12475 | WP: 0→(10,28)
[18:48:16] OVERWORLD | Map: 12 | Pos: (14, 3) | Badges: 0 | Party: 1 | Action: up | Stuck: 12525 | WP: 0→(10,28)
[18:48:17] OVERWORLD | Map: 12 | Pos: (14, 3) | Badges: 0 | Party: 1 | Action: up | Stuck: 12575 | WP: 0→(10,28)
[18:48:17] OVERWORLD | Map: 12 | Pos: (14, 3) | Badges: 0 | Party: 1 | Action: up | Stuck: 12625 | WP: 0→(10,28)
[18:48:18] OVERWORLD | Map: 12 | Pos: (14, 3) | Badges: 0 | Party: 1 | Action: up | Stuck: 12675 | WP: 0→(10,28)
[18:48:18] OVERWORLD | Map: 12 | Pos: (14, 3) | Badges: 0 | Party: 1 | Action: up | Stuck: 12725 | WP: 0→(10,28)
[18:48:19] OVERWORLD | Map: 12 | Pos: (14, 3) | Badges: 0 | Party: 1 | Action: up | Stuck: 12775 | WP: 0→(10,28)
[18:48:19] OVERWORLD | Map: 12 | Pos: (14, 3) | Badges: 0 | Party: 1 | Action: up | Stuck: 12825 | WP: 0→(10,28)
[18:48:20] OVERWORLD | Map: 12 | Pos: (14, 3) | Badges: 0 | Party: 1 | Action: up | Stuck: 12875 | WP: 0→(10,28)
[18:48:20] OVERWORLD | Map: 12 | Pos: (14, 3) | Badges: 0 | Party: 1 | Action: up | Stuck: 12925 | WP: 0→(10,28)
[18:48:21] OVERWORLD | Map: 12 | Pos: (14, 3) | Badges: 0 | Party: 1 | Action: up | Stuck: 12975 | WP: 0→(10,28)
[18:48:21] OVERWORLD | Map: 12 | Pos: (14, 3) | Badges: 0 | Party: 1 | Action: up | Stuck: 13025 | WP: 0→(10,28)
[18:48:21] OVERWORLD | Map: 12 | Pos: (14, 3) | Badges: 0 | Party: 1 | Action: up | Stuck: 13075 | WP: 0→(10,28)
[18:48:22] OVERWORLD | Map: 12 | Pos: (14, 3) | Badges: 0 | Party: 1 | Action: up | Stuck: 13125 | WP: 0→(10,28)
[18:48:22] OVERWORLD | Map: 12 | Pos: (14, 3) | Badges: 0 | Party: 1 | Action: up | Stuck: 13175 | WP: 0→(10,28)
[18:48:23] OVERWORLD | Map: 12 | Pos: (14, 3) | Badges: 0 | Party: 1 | Action: up | Stuck: 13225 | WP: 0→(10,28)
[18:48:23] OVERWORLD | Map: 12 | Pos: (14, 3) | Badges: 0 | Party: 1 | Action: up | Stuck: 13275 | WP: 0→(10,28)
[18:48:24] OVERWORLD | Map: 12 | Pos: (14, 3) | Badges: 0 | Party: 1 | Action: up | Stuck: 13325 | WP: 0→(10,28)
[18:48:24] OVERWORLD | Map: 12 | Pos: (14, 3) | Badges: 0 | Party: 1 | Action: up | Stuck: 13375 | WP: 0→(10,28)
[18:48:25] OVERWORLD | Map: 12 | Pos: (14, 3) | Badges: 0 | Party: 1 | Action: up | Stuck: 13425 | WP: 0→(10,28)
[18:48:25] OVERWORLD | Map: 12 | Pos: (14, 3) | Badges: 0 | Party: 1 | Action: up | Stuck: 13475 | WP: 0→(10,28)
[18:48:26] OVERWORLD | Map: 12 | Pos: (14, 3) | Badges: 0 | Party: 1 | Action: up | Stuck: 13525 | WP: 0→(10,28)
[18:48:26] OVERWORLD | Map: 12 | Pos: (14, 3) | Badges: 0 | Party: 1 | Action: up | Stuck: 13575 | WP: 0→(10,28)
[18:48:27] OVERWORLD | Map: 12 | Pos: (14, 3) | Badges: 0 | Party: 1 | Action: up | Stuck: 13625 | WP: 0→(10,28)
[18:48:27] OVERWORLD | Map: 12 | Pos: (14, 3) | Badges: 0 | Party: 1 | Action: up | Stuck: 13675 | WP: 0→(10,28)
[18:48:28] OVERWORLD | Map: 12 | Pos: (14, 3) | Badges: 0 | Party: 1 | Action: up | Stuck: 13725 | WP: 0→(10,28)
[18:48:28] OVERWORLD | Map: 12 | Pos: (14, 3) | Badges: 0 | Party: 1 | Action: up | Stuck: 13775 | WP: 0→(10,28)
[18:48:29] OVERWORLD | Map: 12 | Pos: (14, 3) | Badges: 0 | Party: 1 | Action: up | Stuck: 13825 | WP: 0→(10,28)
[18:48:29] OVERWORLD | Map: 12 | Pos: (14, 3) | Badges: 0 | Party: 1 | Action: up | Stuck: 13875 | WP: 0→(10,28)
[18:48:30] OVERWORLD | Map: 12 | Pos: (14, 3) | Badges: 0 | Party: 1 | Action: up | Stuck: 13925 | WP: 0→(10,28)
[18:48:30] OVERWORLD | Map: 12 | Pos: (14, 3) | Badges: 0 | Party: 1 | Action: up | Stuck: 13975 | WP: 0→(10,28)
[18:48:31] OVERWORLD | Map: 12 | Pos: (14, 3) | Badges: 0 | Party: 1 | Action: up | Stuck: 14025 | WP: 0→(10,28)
[18:48:31] OVERWORLD | Map: 12 | Pos: (14, 3) | Badges: 0 | Party: 1 | Action: up | Stuck: 14075 | WP: 0→(10,28)
[18:48:31] OVERWORLD | Map: 12 | Pos: (14, 3) | Badges: 0 | Party: 1 | Action: up | Stuck: 14125 | WP: 0→(10,28)
[18:48:32] OVERWORLD | Map: 12 | Pos: (14, 3) | Badges: 0 | Party: 1 | Action: up | Stuck: 14175 | WP: 0→(10,28)
[18:48:32] OVERWORLD | Map: 12 | Pos: (14, 3) | Badges: 0 | Party: 1 | Action: up | Stuck: 14225 | WP: 0→(10,28)
[18:48:33] OVERWORLD | Map: 12 | Pos: (14, 3) | Badges: 0 | Party: 1 | Action: up | Stuck: 14275 | WP: 0→(10,28)
[18:48:33] OVERWORLD | Map: 12 | Pos: (14, 3) | Badges: 0 | Party: 1 | Action: up | Stuck: 14325 | WP: 0→(10,28)
[18:48:34] OVERWORLD | Map: 12 | Pos: (14, 3) | Badges: 0 | Party: 1 | Action: up | Stuck: 14375 | WP: 0→(10,28)
[18:48:34] OVERWORLD | Map: 12 | Pos: (14, 3) | Badges: 0 | Party: 1 | Action: up | Stuck: 14425 | WP: 0→(10,28)
[18:48:35] OVERWORLD | Map: 12 | Pos: (14, 3) | Badges: 0 | Party: 1 | Action: up | Stuck: 14475 | WP: 0→(10,28)
[18:48:35] OVERWORLD | Map: 12 | Pos: (14, 3) | Badges: 0 | Party: 1 | Action: up | Stuck: 14525 | WP: 0→(10,28)
[18:48:36] OVERWORLD | Map: 12 | Pos: (14, 3) | Badges: 0 | Party: 1 | Action: up | Stuck: 14575 | WP: 0→(10,28)
[18:48:36] OVERWORLD | Map: 12 | Pos: (14, 3) | Badges: 0 | Party: 1 | Action: up | Stuck: 14625 | WP: 0→(10,28)
[18:48:37] OVERWORLD | Map: 12 | Pos: (14, 3) | Badges: 0 | Party: 1 | Action: up | Stuck: 14675 | WP: 0→(10,28)
[18:48:37] OVERWORLD | Map: 12 | Pos: (14, 3) | Badges: 0 | Party: 1 | Action: up | Stuck: 14725 | WP: 0→(10,28)
[18:48:38] OVERWORLD | Map: 12 | Pos: (14, 3) | Badges: 0 | Party: 1 | Action: up | Stuck: 14775 | WP: 0→(10,28)
[18:48:38] OVERWORLD | Map: 12 | Pos: (14, 3) | Badges: 0 | Party: 1 | Action: up | Stuck: 14825 | WP: 0→(10,28)
[18:48:39] OVERWORLD | Map: 12 | Pos: (14, 3) | Badges: 0 | Party: 1 | Action: up | Stuck: 14875 | WP: 0→(10,28)
[18:48:39] OVERWORLD | Map: 12 | Pos: (14, 3) | Badges: 0 | Party: 1 | Action: up | Stuck: 14925 | WP: 0→(10,28)
[18:48:40] OVERWORLD | Map: 12 | Pos: (14, 3) | Badges: 0 | Party: 1 | Action: up | Stuck: 14975 | WP: 0→(10,28)
[18:48:40] OVERWORLD | Map: 12 | Pos: (14, 3) | Badges: 0 | Party: 1 | Action: up | Stuck: 15025 | WP: 0→(10,28)
[18:48:41] OVERWORLD | Map: 12 | Pos: (14, 3) | Badges: 0 | Party: 1 | Action: up | Stuck: 15075 | WP: 0→(10,28)
[18:48:41] OVERWORLD | Map: 12 | Pos: (14, 3) | Badges: 0 | Party: 1 | Action: up | Stuck: 15125 | WP: 0→(10,28)
[18:48:41] OVERWORLD | Map: 12 | Pos: (14, 3) | Badges: 0 | Party: 1 | Action: up | Stuck: 15175 | WP: 0→(10,28)
[18:48:42] OVERWORLD | Map: 12 | Pos: (14, 3) | Badges: 0 | Party: 1 | Action: up | Stuck: 15225 | WP: 0→(10,28)
[18:48:42] OVERWORLD | Map: 12 | Pos: (14, 3) | Badges: 0 | Party: 1 | Action: up | Stuck: 15275 | WP: 0→(10,28)
[18:48:43] OVERWORLD | Map: 12 | Pos: (14, 3) | Badges: 0 | Party: 1 | Action: up | Stuck: 15325 | WP: 0→(10,28)
[18:48:43] OVERWORLD | Map: 12 | Pos: (14, 3) | Badges: 0 | Party: 1 | Action: up | Stuck: 15375 | WP: 0→(10,28)
[18:48:44] OVERWORLD | Map: 12 | Pos: (14, 3) | Badges: 0 | Party: 1 | Action: up | Stuck: 15425 | WP: 0→(10,28)
[18:48:44] OVERWORLD | Map: 12 | Pos: (14, 3) | Badges: 0 | Party: 1 | Action: up | Stuck: 15475 | WP: 0→(10,28)
[18:48:45] OVERWORLD | Map: 12 | Pos: (14, 3) | Badges: 0 | Party: 1 | Action: up | Stuck: 15525 | WP: 0→(10,28)
[18:48:45] OVERWORLD | Map: 12 | Pos: (14, 3) | Badges: 0 | Party: 1 | Action: up | Stuck: 15575 | WP: 0→(10,28)
[18:48:46] OVERWORLD | Map: 12 | Pos: (14, 3) | Badges: 0 | Party: 1 | Action: up | Stuck: 15625 | WP: 0→(10,28)
[18:48:46] OVERWORLD | Map: 12 | Pos: (14, 3) | Badges: 0 | Party: 1 | Action: up | Stuck: 15675 | WP: 0→(10,28)
[18:48:47] OVERWORLD | Map: 12 | Pos: (14, 3) | Badges: 0 | Party: 1 | Action: up | Stuck: 15725 | WP: 0→(10,28)
[18:48:47] OVERWORLD | Map: 12 | Pos: (14, 3) | Badges: 0 | Party: 1 | Action: up | Stuck: 15775 | WP: 0→(10,28)
[18:48:48] OVERWORLD | Map: 12 | Pos: (14, 3) | Badges: 0 | Party: 1 | Action: up | Stuck: 15825 | WP: 0→(10,28)
[18:48:48] OVERWORLD | Map: 12 | Pos: (14, 3) | Badges: 0 | Party: 1 | Action: up | Stuck: 15875 | WP: 0→(10,28)
[18:48:49] Session complete. Turns: 16000 | Wins: 2
[18:48:49] POKEDEX | Wrote /Users/bdougie/code/pcc-labs/pokemon-kafka/pokedex/log227.md
