UserWarning: Using SDL2 binaries from pysdl2-dll 2.32.0
[agent] Loaded ROM: /Users/bdougie/code/pcc-labs/autotune/rom/Pokemon - Red Version (USA, Europe) (SGB Enhanced).gb
[agent] Strategy: medium
[agent] Evolve params: {"stuck_threshold": 4, "door_cooldown": 10, "waypoint_skip_distance": 3, "axis_preference_map_0": "y", "bt_max_snapshots": 8, "bt_restore_threshold": 19, "bt_max_attempts": 3, "bt_snapshot_interval": 34, "hp_run_threshold": 0.2, "hp_heal_threshold": 0.15, "unknown_move_score": 10.0, "status_move_score": 0.0}
[agent] Running headless — no display
[19:09:33] Agent starting.
[19:09:33] Loaded save state from /Users/bdougie/code/pcc-labs/autotune/states/route1.state. Skipping intro.
[19:09:33] QUEST | map=12 pos=(10,34) facing=up parcel_quest phase=TO_MART map=12 parcel=False pokedex=False target=pilot-north
[19:09:33] OVERWORLD | Map: 12 | Pos: (10, 34) | Badges: 0 | Party: 1 | Action: up | Stuck: 0 | WP: 0→(10,28)
[19:09:33] BATTLE | Lv3 Rattata (normal) | Player HP: 6/22 | Action: fight
[19:09:33] BATTLE | Lv3 Rattata (normal) | Player HP: 22/22 | Action: fight
[19:09:33] BATTLE | Lv3 Rattata (normal) | Player HP: 19/22 | Action: fight
[19:09:33] BATTLE | Lv3 Rattata (normal) | Player HP: 16/22 | Action: fight
[19:09:33] BATTLE | Lv3 Rattata (normal) | Player HP: 16/22 | Action: fight
[19:09:33] Battle ended. Won: True. Total wins: 1
[19:09:33] STUCK | Map: 12 | Pos: (9, 14) | Last move: right | Streak: 2
[19:09:33] STUCK | Map: 12 | Pos: (14, 14) | Last move: up | Streak: 2
[19:09:33] OVERWORLD | Map: 12 | Pos: (15, 10) | Badges: 0 | Party: 1 | Action: up | Stuck: 0 | WP: 0→(10,28)
[19:09:33] MILESTONE | Reached Viridian City!
[19:09:33] MAP CHANGE | 12 -> 1 | Pos: (21, 35)
[19:09:33] QUEST | map=1 pos=(21,35) facing=up parcel_quest phase=TO_MART map=1 parcel=False pokedex=False target=Viridian Mart door
[19:09:34] STUCK | Map: 1 | Pos: (29, 28) | Last move: left | Streak: 2
[19:09:34] STUCK | Map: 1 | Pos: (26, 28) | Last move: left | Streak: 5
[19:09:34] OVERWORLD | Map: 1 | Pos: (19, 22) | Badges: 0 | Party: 1 | Action: up | Stuck: 0 | WP: 0→(17,17)
[19:09:34] MAP CHANGE | 1 -> 42 | Pos: (29, 19)
[19:09:34] QUEST | map=42 pos=(29,19) facing=up parcel_quest phase=TO_MART map=42 parcel=False pokedex=False target=Mart clerk (parcel)
[19:09:34] STUCK | Map: 42 | Pos: (3, 7) | Last move: left | Streak: 2
[19:09:34] STUCK | Map: 42 | Pos: (3, 7) | Last move: up | Streak: 5
[19:09:34] STUCK | Map: 42 | Pos: (3, 7) | Last move: up | Streak: 10
[19:09:34] STUCK | Map: 42 | Pos: (3, 7) | Last move: up | Streak: 20
[19:09:34] OVERWORLD | Map: 42 | Pos: (3, 7) | Badges: 0 | Party: 1 | Action: up | Stuck: 34
[19:09:34] OVERWORLD | Map: 42 | Pos: (3, 7) | Badges: 0 | Party: 1 | Action: up | Stuck: 84
[19:09:34] OVERWORLD | Map: 42 | Pos: (3, 7) | Badges: 0 | Party: 1 | Action: up | Stuck: 134
[19:09:34] OVERWORLD | Map: 42 | Pos: (3, 7) | Badges: 0 | Party: 1 | Action: up | Stuck: 184
[19:09:35] OVERWORLD | Map: 42 | Pos: (3, 7) | Badges: 0 | Party: 1 | Action: up | Stuck: 234
[19:09:35] OVERWORLD | Map: 42 | Pos: (3, 7) | Badges: 0 | Party: 1 | Action: up | Stuck: 284
[19:09:35] OVERWORLD | Map: 42 | Pos: (3, 7) | Badges: 0 | Party: 1 | Action: up | Stuck: 334
[19:09:35] OVERWORLD | Map: 42 | Pos: (3, 7) | Badges: 0 | Party: 1 | Action: up | Stuck: 384
[19:09:36] OVERWORLD | Map: 42 | Pos: (3, 7) | Badges: 0 | Party: 1 | Action: up | Stuck: 434
[19:09:36] OVERWORLD | Map: 42 | Pos: (3, 7) | Badges: 0 | Party: 1 | Action: up | Stuck: 484
[19:09:36] OVERWORLD | Map: 42 | Pos: (3, 7) | Badges: 0 | Party: 1 | Action: up | Stuck: 534
[19:09:36] OVERWORLD | Map: 42 | Pos: (3, 7) | Badges: 0 | Party: 1 | Action: up | Stuck: 584
[19:09:36] OVERWORLD | Map: 42 | Pos: (3, 7) | Badges: 0 | Party: 1 | Action: up | Stuck: 634
[19:09:37] OVERWORLD | Map: 42 | Pos: (3, 7) | Badges: 0 | Party: 1 | Action: up | Stuck: 684
[19:09:37] OVERWORLD | Map: 42 | Pos: (3, 7) | Badges: 0 | Party: 1 | Action: up | Stuck: 734
[19:09:37] OVERWORLD | Map: 42 | Pos: (3, 7) | Badges: 0 | Party: 1 | Action: up | Stuck: 784
[19:09:37] OVERWORLD | Map: 42 | Pos: (3, 7) | Badges: 0 | Party: 1 | Action: up | Stuck: 834
[19:09:37] OVERWORLD | Map: 42 | Pos: (3, 7) | Badges: 0 | Party: 1 | Action: up | Stuck: 884
[19:09:38] OVERWORLD | Map: 42 | Pos: (3, 7) | Badges: 0 | Party: 1 | Action: up | Stuck: 934
[19:09:38] OVERWORLD | Map: 42 | Pos: (3, 7) | Badges: 0 | Party: 1 | Action: up | Stuck: 984
[19:09:38] OVERWORLD | Map: 42 | Pos: (3, 7) | Badges: 0 | Party: 1 | Action: up | Stuck: 1034
[19:09:38] OVERWORLD | Map: 42 | Pos: (3, 7) | Badges: 0 | Party: 1 | Action: up | Stuck: 1084
[19:09:39] OVERWORLD | Map: 42 | Pos: (3, 7) | Badges: 0 | Party: 1 | Action: up | Stuck: 1134
[19:09:39] OVERWORLD | Map: 42 | Pos: (3, 7) | Badges: 0 | Party: 1 | Action: up | Stuck: 1184
[19:09:39] OVERWORLD | Map: 42 | Pos: (3, 7) | Badges: 0 | Party: 1 | Action: up | Stuck: 1234
[19:09:39] OVERWORLD | Map: 42 | Pos: (3, 7) | Badges: 0 | Party: 1 | Action: up | Stuck: 1284
[19:09:39] OVERWORLD | Map: 42 | Pos: (3, 7) | Badges: 0 | Party: 1 | Action: up | Stuck: 1334
[19:09:40] OVERWORLD | Map: 42 | Pos: (3, 7) | Badges: 0 | Party: 1 | Action: up | Stuck: 1384
[19:09:40] OVERWORLD | Map: 42 | Pos: (3, 7) | Badges: 0 | Party: 1 | Action: up | Stuck: 1434
[19:09:40] OVERWORLD | Map: 42 | Pos: (3, 7) | Badges: 0 | Party: 1 | Action: up | Stuck: 1484
[19:09:40] OVERWORLD | Map: 42 | Pos: (3, 7) | Badges: 0 | Party: 1 | Action: up | Stuck: 1534
[19:09:40] OVERWORLD | Map: 42 | Pos: (3, 7) | Badges: 0 | Party: 1 | Action: up | Stuck: 1584
[19:09:41] OVERWORLD | Map: 42 | Pos: (3, 7) | Badges: 0 | Party: 1 | Action: up | Stuck: 1634
[19:09:41] OVERWORLD | Map: 42 | Pos: (3, 7) | Badges: 0 | Party: 1 | Action: up | Stuck: 1684
[19:09:41] OVERWORLD | Map: 42 | Pos: (3, 7) | Badges: 0 | Party: 1 | Action: up | Stuck: 1734
[19:09:41] OVERWORLD | Map: 42 | Pos: (3, 7) | Badges: 0 | Party: 1 | Action: up | Stuck: 1784
[19:09:42] OVERWORLD | Map: 42 | Pos: (3, 7) | Badges: 0 | Party: 1 | Action: up | Stuck: 1834
[19:09:42] OVERWORLD | Map: 42 | Pos: (3, 7) | Badges: 0 | Party: 1 | Action: up | Stuck: 1884
[19:09:42] OVERWORLD | Map: 42 | Pos: (3, 7) | Badges: 0 | Party: 1 | Action: up | Stuck: 1934
[19:09:42] OVERWORLD | Map: 42 | Pos: (3, 7) | Badges: 0 | Party: 1 | Action: up | Stuck: 1984
[19:09:42] OVERWORLD | Map: 42 | Pos: (3, 7) | Badges: 0 | Party: 1 | Action: up | Stuck: 2034
[19:09:43] OVERWORLD | Map: 42 | Pos: (3, 7) | Badges: 0 | Party: 1 | Action: up | Stuck: 2084
[19:09:43] OVERWORLD | Map: 42 | Pos: (3, 7) | Badges: 0 | Party: 1 | Action: up | Stuck: 2134
[19:09:43] OVERWORLD | Map: 42 | Pos: (3, 7) | Badges: 0 | Party: 1 | Action: up | Stuck: 2184
[19:09:43] OVERWORLD | Map: 42 | Pos: (3, 7) | Badges: 0 | Party: 1 | Action: up | Stuck: 2234
[19:09:43] OVERWORLD | Map: 42 | Pos: (3, 7) | Badges: 0 | Party: 1 | Action: up | Stuck: 2284
[19:09:44] OVERWORLD | Map: 42 | Pos: (3, 7) | Badges: 0 | Party: 1 | Action: up | Stuck: 2334
[19:09:44] OVERWORLD | Map: 42 | Pos: (3, 7) | Badges: 0 | Party: 1 | Action: up | Stuck: 2384
[19:09:44] OVERWORLD | Map: 42 | Pos: (3, 7) | Badges: 0 | Party: 1 | Action: up | Stuck: 2434
[19:09:44] OVERWORLD | Map: 42 | Pos: (3, 7) | Badges: 0 | Party: 1 | Action: up | Stuck: 2484
[19:09:45] OVERWORLD | Map: 42 | Pos: (3, 7) | Badges: 0 | Party: 1 | Action: up | Stuck: 2534
[19:09:45] OVERWORLD | Map: 42 | Pos: (3, 7) | Badges: 0 | Party: 1 | Action: up | Stuck: 2584
[19:09:45] OVERWORLD | Map: 42 | Pos: (3, 7) | Badges: 0 | Party: 1 | Action: up | Stuck: 2634
[19:09:45] OVERWORLD | Map: 42 | Pos: (3, 7) | Badges: 0 | Party: 1 | Action: up | Stuck: 2684
[19:09:45] OVERWORLD | Map: 42 | Pos: (3, 7) | Badges: 0 | Party: 1 | Action: up | Stuck: 2734
[19:09:46] OVERWORLD | Map: 42 | Pos: (3, 7) | Badges: 0 | Party: 1 | Action: up | Stuck: 2784
[19:09:46] OVERWORLD | Map: 42 | Pos: (3, 7) | Badges: 0 | Party: 1 | Action: up | Stuck: 2834
[19:09:46] OVERWORLD | Map: 42 | Pos: (3, 7) | Badges: 0 | Party: 1 | Action: up | Stuck: 2884
[19:09:46] OVERWORLD | Map: 42 | Pos: (3, 7) | Badges: 0 | Party: 1 | Action: up | Stuck: 2934
[19:09:47] OVERWORLD | Map: 42 | Pos: (3, 7) | Badges: 0 | Party: 1 | Action: up | Stuck: 2984
[19:09:47] OVERWORLD | Map: 42 | Pos: (3, 7) | Badges: 0 | Party: 1 | Action: up | Stuck: 3034
[19:09:47] OVERWORLD | Map: 42 | Pos: (3, 7) | Badges: 0 | Party: 1 | Action: up | Stuck: 3084
[19:09:47] OVERWORLD | Map: 42 | Pos: (3, 7) | Badges: 0 | Party: 1 | Action: up | Stuck: 3134
[19:09:47] OVERWORLD | Map: 42 | Pos: (3, 7) | Badges: 0 | Party: 1 | Action: up | Stuck: 3184
[19:09:48] OVERWORLD | Map: 42 | Pos: (3, 7) | Badges: 0 | Party: 1 | Action: up | Stuck: 3234
[19:09:48] OVERWORLD | Map: 42 | Pos: (3, 7) | Badges: 0 | Party: 1 | Action: up | Stuck: 3284
[19:09:48] OVERWORLD | Map: 42 | Pos: (3, 7) | Badges: 0 | Party: 1 | Action: up | Stuck: 3334
[19:09:48] OVERWORLD | Map: 42 | Pos: (3, 7) | Badges: 0 | Party: 1 | Action: up | Stuck: 3384
[19:09:48] OVERWORLD | Map: 42 | Pos: (3, 7) | Badges: 0 | Party: 1 | Action: up | Stuck: 3434
[19:09:49] OVERWORLD | Map: 42 | Pos: (3, 7) | Badges: 0 | Party: 1 | Action: up | Stuck: 3484
[19:09:49] OVERWORLD | Map: 42 | Pos: (3, 7) | Badges: 0 | Party: 1 | Action: up | Stuck: 3534
[19:09:49] OVERWORLD | Map: 42 | Pos: (3, 7) | Badges: 0 | Party: 1 | Action: up | Stuck: 3584
[19:09:49] OVERWORLD | Map: 42 | Pos: (3, 7) | Badges: 0 | Party: 1 | Action: up | Stuck: 3634
[19:09:50] OVERWORLD | Map: 42 | Pos: (3, 7) | Badges: 0 | Party: 1 | Action: up | Stuck: 3684
[19:09:50] OVERWORLD | Map: 42 | Pos: (3, 7) | Badges: 0 | Party: 1 | Action: up | Stuck: 3734
[19:09:50] OVERWORLD | Map: 42 | Pos: (3, 7) | Badges: 0 | Party: 1 | Action: up | Stuck: 3784
[19:09:50] OVERWORLD | Map: 42 | Pos: (3, 7) | Badges: 0 | Party: 1 | Action: up | Stuck: 3834
[19:09:50] OVERWORLD | Map: 42 | Pos: (3, 7) | Badges: 0 | Party: 1 | Action: up | Stuck: 3884
[19:09:51] OVERWORLD | Map: 42 | Pos: (3, 7) | Badges: 0 | Party: 1 | Action: up | Stuck: 3934
[19:09:51] OVERWORLD | Map: 42 | Pos: (3, 7) | Badges: 0 | Party: 1 | Action: up | Stuck: 3984
[19:09:51] OVERWORLD | Map: 42 | Pos: (3, 7) | Badges: 0 | Party: 1 | Action: up | Stuck: 4034
[19:09:51] OVERWORLD | Map: 42 | Pos: (3, 7) | Badges: 0 | Party: 1 | Action: up | Stuck: 4084
[19:09:51] OVERWORLD | Map: 42 | Pos: (3, 7) | Badges: 0 | Party: 1 | Action: up | Stuck: 4134
[19:09:52] OVERWORLD | Map: 42 | Pos: (3, 7) | Badges: 0 | Party: 1 | Action: up | Stuck: 4184
[19:09:52] OVERWORLD | Map: 42 | Pos: (3, 7) | Badges: 0 | Party: 1 | Action: up | Stuck: 4234
[19:09:52] OVERWORLD | Map: 42 | Pos: (3, 7) | Badges: 0 | Party: 1 | Action: up | Stuck: 4284
[19:09:52] OVERWORLD | Map: 42 | Pos: (3, 7) | Badges: 0 | Party: 1 | Action: up | Stuck: 4334
[19:09:53] OVERWORLD | Map: 42 | Pos: (3, 7) | Badges: 0 | Party: 1 | Action: up | Stuck: 4384
[19:09:53] OVERWORLD | Map: 42 | Pos: (3, 7) | Badges: 0 | Party: 1 | Action: up | Stuck: 4434
[19:09:53] OVERWORLD | Map: 42 | Pos: (3, 7) | Badges: 0 | Party: 1 | Action: up | Stuck: 4484
[19:09:53] OVERWORLD | Map: 42 | Pos: (3, 7) | Badges: 0 | Party: 1 | Action: up | Stuck: 4534
[19:09:53] OVERWORLD | Map: 42 | Pos: (3, 7) | Badges: 0 | Party: 1 | Action: up | Stuck: 4584
[19:09:54] OVERWORLD | Map: 42 | Pos: (3, 7) | Badges: 0 | Party: 1 | Action: up | Stuck: 4634
[19:09:54] OVERWORLD | Map: 42 | Pos: (3, 7) | Badges: 0 | Party: 1 | Action: up | Stuck: 4684
[19:09:54] OVERWORLD | Map: 42 | Pos: (3, 7) | Badges: 0 | Party: 1 | Action: up | Stuck: 4734
[19:09:54] OVERWORLD | Map: 42 | Pos: (3, 7) | Badges: 0 | Party: 1 | Action: up | Stuck: 4784
[19:09:54] OVERWORLD | Map: 42 | Pos: (3, 7) | Badges: 0 | Party: 1 | Action: up | Stuck: 4834
[19:09:55] OVERWORLD | Map: 42 | Pos: (3, 7) | Badges: 0 | Party: 1 | Action: up | Stuck: 4884
[19:09:55] OVERWORLD | Map: 42 | Pos: (3, 7) | Badges: 0 | Party: 1 | Action: up | Stuck: 4934
[19:09:55] OVERWORLD | Map: 42 | Pos: (3, 7) | Badges: 0 | Party: 1 | Action: up | Stuck: 4984
[19:09:55] OVERWORLD | Map: 42 | Pos: (3, 7) | Badges: 0 | Party: 1 | Action: up | Stuck: 5034
[19:09:56] OVERWORLD | Map: 42 | Pos: (3, 7) | Badges: 0 | Party: 1 | Action: up | Stuck: 5084
[19:09:56] OVERWORLD | Map: 42 | Pos: (3, 7) | Badges: 0 | Party: 1 | Action: up | Stuck: 5134
[19:09:56] OVERWORLD | Map: 42 | Pos: (3, 7) | Badges: 0 | Party: 1 | Action: up | Stuck: 5184
[19:09:56] OVERWORLD | Map: 42 | Pos: (3, 7) | Badges: 0 | Party: 1 | Action: up | Stuck: 5234
[19:09:56] OVERWORLD | Map: 42 | Pos: (3, 7) | Badges: 0 | Party: 1 | Action: up | Stuck: 5284
[19:09:57] OVERWORLD | Map: 42 | Pos: (3, 7) | Badges: 0 | Party: 1 | Action: up | Stuck: 5334
[19:09:57] OVERWORLD | Map: 42 | Pos: (3, 7) | Badges: 0 | Party: 1 | Action: up | Stuck: 5384
[19:09:57] OVERWORLD | Map: 42 | Pos: (3, 7) | Badges: 0 | Party: 1 | Action: up | Stuck: 5434
[19:09:57] OVERWORLD | Map: 42 | Pos: (3, 7) | Badges: 0 | Party: 1 | Action: up | Stuck: 5484
[19:09:57] OVERWORLD | Map: 42 | Pos: (3, 7) | Badges: 0 | Party: 1 | Action: up | Stuck: 5534
[19:09:58] OVERWORLD | Map: 42 | Pos: (3, 7) | Badges: 0 | Party: 1 | Action: up | Stuck: 5584
[19:09:58] OVERWORLD | Map: 42 | Pos: (3, 7) | Badges: 0 | Party: 1 | Action: up | Stuck: 5634
[19:09:58] OVERWORLD | Map: 42 | Pos: (3, 7) | Badges: 0 | Party: 1 | Action: up | Stuck: 5684
[19:09:58] OVERWORLD | Map: 42 | Pos: (3, 7) | Badges: 0 | Party: 1 | Action: up | Stuck: 5734
[19:09:59] OVERWORLD | Map: 42 | Pos: (3, 7) | Badges: 0 | Party: 1 | Action: up | Stuck: 5784
[19:09:59] OVERWORLD | Map: 42 | Pos: (3, 7) | Badges: 0 | Party: 1 | Action: up | Stuck: 5834
[19:09:59] OVERWORLD | Map: 42 | Pos: (3, 7) | Badges: 0 | Party: 1 | Action: up | Stuck: 5884
[19:09:59] OVERWORLD | Map: 42 | Pos: (3, 7) | Badges: 0 | Party: 1 | Action: up | Stuck: 5934
[19:09:59] OVERWORLD | Map: 42 | Pos: (3, 7) | Badges: 0 | Party: 1 | Action: up | Stuck: 5984
[19:10:00] OVERWORLD | Map: 42 | Pos: (3, 7) | Badges: 0 | Party: 1 | Action: up | Stuck: 6034
[19:10:00] OVERWORLD | Map: 42 | Pos: (3, 7) | Badges: 0 | Party: 1 | Action: up | Stuck: 6084
[19:10:00] OVERWORLD | Map: 42 | Pos: (3, 7) | Badges: 0 | Party: 1 | Action: up | Stuck: 6134
[19:10:00] OVERWORLD | Map: 42 | Pos: (3, 7) | Badges: 0 | Party: 1 | Action: up | Stuck: 6184
[19:10:00] OVERWORLD | Map: 42 | Pos: (3, 7) | Badges: 0 | Party: 1 | Action: up | Stuck: 6234
[19:10:01] OVERWORLD | Map: 42 | Pos: (3, 7) | Badges: 0 | Party: 1 | Action: up | Stuck: 6284
[19:10:01] OVERWORLD | Map: 42 | Pos: (3, 7) | Badges: 0 | Party: 1 | Action: up | Stuck: 6334
[19:10:01] OVERWORLD | Map: 42 | Pos: (3, 7) | Badges: 0 | Party: 1 | Action: up | Stuck: 6384
[19:10:01] OVERWORLD | Map: 42 | Pos: (3, 7) | Badges: 0 | Party: 1 | Action: up | Stuck: 6434
[19:10:02] OVERWORLD | Map: 42 | Pos: (3, 7) | Badges: 0 | Party: 1 | Action: up | Stuck: 6484
[19:10:02] OVERWORLD | Map: 42 | Pos: (3, 7) | Badges: 0 | Party: 1 | Action: up | Stuck: 6534
[19:10:02] OVERWORLD | Map: 42 | Pos: (3, 7) | Badges: 0 | Party: 1 | Action: up | Stuck: 6584
[19:10:02] OVERWORLD | Map: 42 | Pos: (3, 7) | Badges: 0 | Party: 1 | Action: up | Stuck: 6634
[19:10:02] OVERWORLD | Map: 42 | Pos: (3, 7) | Badges: 0 | Party: 1 | Action: up | Stuck: 6684
[19:10:03] OVERWORLD | Map: 42 | Pos: (3, 7) | Badges: 0 | Party: 1 | Action: up | Stuck: 6734
[19:10:03] OVERWORLD | Map: 42 | Pos: (3, 7) | Badges: 0 | Party: 1 | Action: up | Stuck: 6784
[19:10:03] OVERWORLD | Map: 42 | Pos: (3, 7) | Badges: 0 | Party: 1 | Action: up | Stuck: 6834
[19:10:03] OVERWORLD | Map: 42 | Pos: (3, 7) | Badges: 0 | Party: 1 | Action: up | Stuck: 6884
[19:10:03] OVERWORLD | Map: 42 | Pos: (3, 7) | Badges: 0 | Party: 1 | Action: up | Stuck: 6934
[19:10:04] OVERWORLD | Map: 42 | Pos: (3, 7) | Badges: 0 | Party: 1 | Action: up | Stuck: 6984
[19:10:04] OVERWORLD | Map: 42 | Pos: (3, 7) | Badges: 0 | Party: 1 | Action: up | Stuck: 7034
[19:10:04] OVERWORLD | Map: 42 | Pos: (3, 7) | Badges: 0 | Party: 1 | Action: up | Stuck: 7084
[19:10:04] OVERWORLD | Map: 42 | Pos: (3, 7) | Badges: 0 | Party: 1 | Action: up | Stuck: 7134
[19:10:05] OVERWORLD | Map: 42 | Pos: (3, 7) | Badges: 0 | Party: 1 | Action: up | Stuck: 7184
[19:10:05] OVERWORLD | Map: 42 | Pos: (3, 7) | Badges: 0 | Party: 1 | Action: up | Stuck: 7234
[19:10:05] OVERWORLD | Map: 42 | Pos: (3, 7) | Badges: 0 | Party: 1 | Action: up | Stuck: 7284
[19:10:05] OVERWORLD | Map: 42 | Pos: (3, 7) | Badges: 0 | Party: 1 | Action: up | Stuck: 7334
[19:10:05] OVERWORLD | Map: 42 | Pos: (3, 7) | Badges: 0 | Party: 1 | Action: up | Stuck: 7384
[19:10:06] OVERWORLD | Map: 42 | Pos: (3, 7) | Badges: 0 | Party: 1 | Action: up | Stuck: 7434
[19:10:06] OVERWORLD | Map: 42 | Pos: (3, 7) | Badges: 0 | Party: 1 | Action: up | Stuck: 7484
[19:10:06] OVERWORLD | Map: 42 | Pos: (3, 7) | Badges: 0 | Party: 1 | Action: up | Stuck: 7534
[19:10:06] OVERWORLD | Map: 42 | Pos: (3, 7) | Badges: 0 | Party: 1 | Action: up | Stuck: 7584
[19:10:06] OVERWORLD | Map: 42 | Pos: (3, 7) | Badges: 0 | Party: 1 | Action: up | Stuck: 7634
[19:10:07] OVERWORLD | Map: 42 | Pos: (3, 7) | Badges: 0 | Party: 1 | Action: up | Stuck: 7684
[19:10:07] OVERWORLD | Map: 42 | Pos: (3, 7) | Badges: 0 | Party: 1 | Action: up | Stuck: 7734
[19:10:07] OVERWORLD | Map: 42 | Pos: (3, 7) | Badges: 0 | Party: 1 | Action: up | Stuck: 7784
[19:10:07] OVERWORLD | Map: 42 | Pos: (3, 7) | Badges: 0 | Party: 1 | Action: up | Stuck: 7834
[19:10:08] OVERWORLD | Map: 42 | Pos: (3, 7) | Badges: 0 | Party: 1 | Action: up | Stuck: 7884
[19:10:08] OVERWORLD | Map: 42 | Pos: (3, 7) | Badges: 0 | Party: 1 | Action: up | Stuck: 7934
[19:10:08] OVERWORLD | Map: 42 | Pos: (3, 7) | Badges: 0 | Party: 1 | Action: up | Stuck: 7984
[19:10:08] OVERWORLD | Map: 42 | Pos: (3, 7) | Badges: 0 | Party: 1 | Action: up | Stuck: 8034
[19:10:08] OVERWORLD | Map: 42 | Pos: (3, 7) | Badges: 0 | Party: 1 | Action: up | Stuck: 8084
[19:10:09] OVERWORLD | Map: 42 | Pos: (3, 7) | Badges: 0 | Party: 1 | Action: up | Stuck: 8134
[19:10:09] OVERWORLD | Map: 42 | Pos: (3, 7) | Badges: 0 | Party: 1 | Action: up | Stuck: 8184
[19:10:09] OVERWORLD | Map: 42 | Pos: (3, 7) | Badges: 0 | Party: 1 | Action: up | Stuck: 8234
[19:10:09] OVERWORLD | Map: 42 | Pos: (3, 7) | Badges: 0 | Party: 1 | Action: up | Stuck: 8284
[19:10:09] OVERWORLD | Map: 42 | Pos: (3, 7) | Badges: 0 | Party: 1 | Action: up | Stuck: 8334
[19:10:10] OVERWORLD | Map: 42 | Pos: (3, 7) | Badges: 0 | Party: 1 | Action: up | Stuck: 8384
[19:10:10] OVERWORLD | Map: 42 | Pos: (3, 7) | Badges: 0 | Party: 1 | Action: up | Stuck: 8434
[19:10:10] OVERWORLD | Map: 42 | Pos: (3, 7) | Badges: 0 | Party: 1 | Action: up | Stuck: 8484
[19:10:10] OVERWORLD | Map: 42 | Pos: (3, 7) | Badges: 0 | Party: 1 | Action: up | Stuck: 8534
[19:10:11] OVERWORLD | Map: 42 | Pos: (3, 7) | Badges: 0 | Party: 1 | Action: up | Stuck: 8584
[19:10:11] OVERWORLD | Map: 42 | Pos: (3, 7) | Badges: 0 | Party: 1 | Action: up | Stuck: 8634
[19:10:11] OVERWORLD | Map: 42 | Pos: (3, 7) | Badges: 0 | Party: 1 | Action: up | Stuck: 8684
[19:10:11] OVERWORLD | Map: 42 | Pos: (3, 7) | Badges: 0 | Party: 1 | Action: up | Stuck: 8734
[19:10:11] OVERWORLD | Map: 42 | Pos: (3, 7) | Badges: 0 | Party: 1 | Action: up | Stuck: 8784
[19:10:12] OVERWORLD | Map: 42 | Pos: (3, 7) | Badges: 0 | Party: 1 | Action: up | Stuck: 8834
[19:10:12] OVERWORLD | Map: 42 | Pos: (3, 7) | Badges: 0 | Party: 1 | Action: up | Stuck: 8884
[19:10:12] OVERWORLD | Map: 42 | Pos: (3, 7) | Badges: 0 | Party: 1 | Action: up | Stuck: 8934
[19:10:12] OVERWORLD | Map: 42 | Pos: (3, 7) | Badges: 0 | Party: 1 | Action: up | Stuck: 8984
[19:10:12] OVERWORLD | Map: 42 | Pos: (3, 7) | Badges: 0 | Party: 1 | Action: up | Stuck: 9034
[19:10:13] OVERWORLD | Map: 42 | Pos: (3, 7) | Badges: 0 | Party: 1 | Action: up | Stuck: 9084
[19:10:13] OVERWORLD | Map: 42 | Pos: (3, 7) | Badges: 0 | Party: 1 | Action: up | Stuck: 9134
[19:10:13] OVERWORLD | Map: 42 | Pos: (3, 7) | Badges: 0 | Party: 1 | Action: up | Stuck: 9184
[19:10:13] OVERWORLD | Map: 42 | Pos: (3, 7) | Badges: 0 | Party: 1 | Action: up | Stuck: 9234
[19:10:14] OVERWORLD | Map: 42 | Pos: (3, 7) | Badges: 0 | Party: 1 | Action: up | Stuck: 9284
[19:10:14] OVERWORLD | Map: 42 | Pos: (3, 7) | Badges: 0 | Party: 1 | Action: up | Stuck: 9334
[19:10:14] OVERWORLD | Map: 42 | Pos: (3, 7) | Badges: 0 | Party: 1 | Action: up | Stuck: 9384
[19:10:14] OVERWORLD | Map: 42 | Pos: (3, 7) | Badges: 0 | Party: 1 | Action: up | Stuck: 9434
[19:10:14] OVERWORLD | Map: 42 | Pos: (3, 7) | Badges: 0 | Party: 1 | Action: up | Stuck: 9484
[19:10:15] OVERWORLD | Map: 42 | Pos: (3, 7) | Badges: 0 | Party: 1 | Action: up | Stuck: 9534
[19:10:15] OVERWORLD | Map: 42 | Pos: (3, 7) | Badges: 0 | Party: 1 | Action: up | Stuck: 9584
[19:10:15] OVERWORLD | Map: 42 | Pos: (3, 7) | Badges: 0 | Party: 1 | Action: up | Stuck: 9634
[19:10:15] OVERWORLD | Map: 42 | Pos: (3, 7) | Badges: 0 | Party: 1 | Action: up | Stuck: 9684
[19:10:15] OVERWORLD | Map: 42 | Pos: (3, 7) | Badges: 0 | Party: 1 | Action: up | Stuck: 9734
[19:10:16] OVERWORLD | Map: 42 | Pos: (3, 7) | Badges: 0 | Party: 1 | Action: up | Stuck: 9784
[19:10:16] OVERWORLD | Map: 42 | Pos: (3, 7) | Badges: 0 | Party: 1 | Action: up | Stuck: 9834
[19:10:16] OVERWORLD | Map: 42 | Pos: (3, 7) | Badges: 0 | Party: 1 | Action: up | Stuck: 9884
[19:10:16] OVERWORLD | Map: 42 | Pos: (3, 7) | Badges: 0 | Party: 1 | Action: up | Stuck: 9934
[19:10:17] OVERWORLD | Map: 42 | Pos: (3, 7) | Badges: 0 | Party: 1 | Action: up | Stuck: 9984
[19:10:17] OVERWORLD | Map: 42 | Pos: (3, 7) | Badges: 0 | Party: 1 | Action: up | Stuck: 10034
[19:10:17] OVERWORLD | Map: 42 | Pos: (3, 7) | Badges: 0 | Party: 1 | Action: up | Stuck: 10084
[19:10:17] OVERWORLD | Map: 42 | Pos: (3, 7) | Badges: 0 | Party: 1 | Action: up | Stuck: 10134
[19:10:17] OVERWORLD | Map: 42 | Pos: (3, 7) | Badges: 0 | Party: 1 | Action: up | Stuck: 10184
[19:10:18] OVERWORLD | Map: 42 | Pos: (3, 7) | Badges: 0 | Party: 1 | Action: up | Stuck: 10234
[19:10:18] OVERWORLD | Map: 42 | Pos: (3, 7) | Badges: 0 | Party: 1 | Action: up | Stuck: 10284
[19:10:18] OVERWORLD | Map: 42 | Pos: (3, 7) | Badges: 0 | Party: 1 | Action: up | Stuck: 10334
[19:10:18] OVERWORLD | Map: 42 | Pos: (3, 7) | Badges: 0 | Party: 1 | Action: up | Stuck: 10384
[19:10:18] OVERWORLD | Map: 42 | Pos: (3, 7) | Badges: 0 | Party: 1 | Action: up | Stuck: 10434
[19:10:19] OVERWORLD | Map: 42 | Pos: (3, 7) | Badges: 0 | Party: 1 | Action: up | Stuck: 10484
[19:10:19] OVERWORLD | Map: 42 | Pos: (3, 7) | Badges: 0 | Party: 1 | Action: up | Stuck: 10534
[19:10:19] OVERWORLD | Map: 42 | Pos: (3, 7) | Badges: 0 | Party: 1 | Action: up | Stuck: 10584
[19:10:19] OVERWORLD | Map: 42 | Pos: (3, 7) | Badges: 0 | Party: 1 | Action: up | Stuck: 10634
[19:10:20] OVERWORLD | Map: 42 | Pos: (3, 7) | Badges: 0 | Party: 1 | Action: up | Stuck: 10684
[19:10:20] OVERWORLD | Map: 42 | Pos: (3, 7) | Badges: 0 | Party: 1 | Action: up | Stuck: 10734
[19:10:20] OVERWORLD | Map: 42 | Pos: (3, 7) | Badges: 0 | Party: 1 | Action: up | Stuck: 10784
[19:10:20] OVERWORLD | Map: 42 | Pos: (3, 7) | Badges: 0 | Party: 1 | Action: up | Stuck: 10834
[19:10:20] OVERWORLD | Map: 42 | Pos: (3, 7) | Badges: 0 | Party: 1 | Action: up | Stuck: 10884
[19:10:21] OVERWORLD | Map: 42 | Pos: (3, 7) | Badges: 0 | Party: 1 | Action: up | Stuck: 10934
[19:10:21] OVERWORLD | Map: 42 | Pos: (3, 7) | Badges: 0 | Party: 1 | Action: up | Stuck: 10984
[19:10:21] OVERWORLD | Map: 42 | Pos: (3, 7) | Badges: 0 | Party: 1 | Action: up | Stuck: 11034
[19:10:21] OVERWORLD | Map: 42 | Pos: (3, 7) | Badges: 0 | Party: 1 | Action: up | Stuck: 11084
[19:10:21] OVERWORLD | Map: 42 | Pos: (3, 7) | Badges: 0 | Party: 1 | Action: up | Stuck: 11134
[19:10:22] OVERWORLD | Map: 42 | Pos: (3, 7) | Badges: 0 | Party: 1 | Action: up | Stuck: 11184
[19:10:22] OVERWORLD | Map: 42 | Pos: (3, 7) | Badges: 0 | Party: 1 | Action: up | Stuck: 11234
[19:10:22] OVERWORLD | Map: 42 | Pos: (3, 7) | Badges: 0 | Party: 1 | Action: up | Stuck: 11284
[19:10:22] OVERWORLD | Map: 42 | Pos: (3, 7) | Badges: 0 | Party: 1 | Action: up | Stuck: 11334
[19:10:23] OVERWORLD | Map: 42 | Pos: (3, 7) | Badges: 0 | Party: 1 | Action: up | Stuck: 11384
[19:10:23] OVERWORLD | Map: 42 | Pos: (3, 7) | Badges: 0 | Party: 1 | Action: up | Stuck: 11434
[19:10:23] OVERWORLD | Map: 42 | Pos: (3, 7) | Badges: 0 | Party: 1 | Action: up | Stuck: 11484
[19:10:23] OVERWORLD | Map: 42 | Pos: (3, 7) | Badges: 0 | Party: 1 | Action: up | Stuck: 11534
[19:10:23] OVERWORLD | Map: 42 | Pos: (3, 7) | Badges: 0 | Party: 1 | Action: up | Stuck: 11584
[19:10:24] OVERWORLD | Map: 42 | Pos: (3, 7) | Badges: 0 | Party: 1 | Action: up | Stuck: 11634
[19:10:24] OVERWORLD | Map: 42 | Pos: (3, 7) | Badges: 0 | Party: 1 | Action: up | Stuck: 11684
[19:10:24] OVERWORLD | Map: 42 | Pos: (3, 7) | Badges: 0 | Party: 1 | Action: up | Stuck: 11734
[19:10:24] OVERWORLD | Map: 42 | Pos: (3, 7) | Badges: 0 | Party: 1 | Action: up | Stuck: 11784
[19:10:24] OVERWORLD | Map: 42 | Pos: (3, 7) | Badges: 0 | Party: 1 | Action: up | Stuck: 11834
[19:10:25] OVERWORLD | Map: 42 | Pos: (3, 7) | Badges: 0 | Party: 1 | Action: up | Stuck: 11884
[19:10:25] OVERWORLD | Map: 42 | Pos: (3, 7) | Badges: 0 | Party: 1 | Action: up | Stuck: 11934
[19:10:25] OVERWORLD | Map: 42 | Pos: (3, 7) | Badges: 0 | Party: 1 | Action: up | Stuck: 11984
[19:10:25] OVERWORLD | Map: 42 | Pos: (3, 7) | Badges: 0 | Party: 1 | Action: up | Stuck: 12034
[19:10:26] OVERWORLD | Map: 42 | Pos: (3, 7) | Badges: 0 | Party: 1 | Action: up | Stuck: 12084
[19:10:26] OVERWORLD | Map: 42 | Pos: (3, 7) | Badges: 0 | Party: 1 | Action: up | Stuck: 12134
[19:10:26] OVERWORLD | Map: 42 | Pos: (3, 7) | Badges: 0 | Party: 1 | Action: up | Stuck: 12184
[19:10:26] OVERWORLD | Map: 42 | Pos: (3, 7) | Badges: 0 | Party: 1 | Action: up | Stuck: 12234
[19:10:26] OVERWORLD | Map: 42 | Pos: (3, 7) | Badges: 0 | Party: 1 | Action: up | Stuck: 12284
[19:10:27] OVERWORLD | Map: 42 | Pos: (3, 7) | Badges: 0 | Party: 1 | Action: up | Stuck: 12334
[19:10:27] OVERWORLD | Map: 42 | Pos: (3, 7) | Badges: 0 | Party: 1 | Action: up | Stuck: 12384
[19:10:27] OVERWORLD | Map: 42 | Pos: (3, 7) | Badges: 0 | Party: 1 | Action: up | Stuck: 12434
[19:10:27] OVERWORLD | Map: 42 | Pos: (3, 7) | Badges: 0 | Party: 1 | Action: up | Stuck: 12484
[19:10:27] OVERWORLD | Map: 42 | Pos: (3, 7) | Badges: 0 | Party: 1 | Action: up | Stuck: 12534
[19:10:28] OVERWORLD | Map: 42 | Pos: (3, 7) | Badges: 0 | Party: 1 | Action: up | Stuck: 12584
[19:10:28] OVERWORLD | Map: 42 | Pos: (3, 7) | Badges: 0 | Party: 1 | Action: up | Stuck: 12634
[19:10:28] OVERWORLD | Map: 42 | Pos: (3, 7) | Badges: 0 | Party: 1 | Action: up | Stuck: 12684
[19:10:28] OVERWORLD | Map: 42 | Pos: (3, 7) | Badges: 0 | Party: 1 | Action: up | Stuck: 12734
[19:10:29] OVERWORLD | Map: 42 | Pos: (3, 7) | Badges: 0 | Party: 1 | Action: up | Stuck: 12784
[19:10:29] OVERWORLD | Map: 42 | Pos: (3, 7) | Badges: 0 | Party: 1 | Action: up | Stuck: 12834
[19:10:29] OVERWORLD | Map: 42 | Pos: (3, 7) | Badges: 0 | Party: 1 | Action: up | Stuck: 12884
[19:10:29] OVERWORLD | Map: 42 | Pos: (3, 7) | Badges: 0 | Party: 1 | Action: up | Stuck: 12934
[19:10:29] OVERWORLD | Map: 42 | Pos: (3, 7) | Badges: 0 | Party: 1 | Action: up | Stuck: 12984
[19:10:30] OVERWORLD | Map: 42 | Pos: (3, 7) | Badges: 0 | Party: 1 | Action: up | Stuck: 13034
[19:10:30] OVERWORLD | Map: 42 | Pos: (3, 7) | Badges: 0 | Party: 1 | Action: up | Stuck: 13084
[19:10:30] OVERWORLD | Map: 42 | Pos: (3, 7) | Badges: 0 | Party: 1 | Action: up | Stuck: 13134
[19:10:30] OVERWORLD | Map: 42 | Pos: (3, 7) | Badges: 0 | Party: 1 | Action: up | Stuck: 13184
[19:10:31] OVERWORLD | Map: 42 | Pos: (3, 7) | Badges: 0 | Party: 1 | Action: up | Stuck: 13234
[19:10:31] OVERWORLD | Map: 42 | Pos: (3, 7) | Badges: 0 | Party: 1 | Action: up | Stuck: 13284
[19:10:31] OVERWORLD | Map: 42 | Pos: (3, 7) | Badges: 0 | Party: 1 | Action: up | Stuck: 13334
[19:10:31] OVERWORLD | Map: 42 | Pos: (3, 7) | Badges: 0 | Party: 1 | Action: up | Stuck: 13384
[19:10:31] OVERWORLD | Map: 42 | Pos: (3, 7) | Badges: 0 | Party: 1 | Action: up | Stuck: 13434
[19:10:32] OVERWORLD | Map: 42 | Pos: (3, 7) | Badges: 0 | Party: 1 | Action: up | Stuck: 13484
[19:10:32] OVERWORLD | Map: 42 | Pos: (3, 7) | Badges: 0 | Party: 1 | Action: up | Stuck: 13534
[19:10:32] OVERWORLD | Map: 42 | Pos: (3, 7) | Badges: 0 | Party: 1 | Action: up | Stuck: 13584
[19:10:32] OVERWORLD | Map: 42 | Pos: (3, 7) | Badges: 0 | Party: 1 | Action: up | Stuck: 13634
[19:10:32] OVERWORLD | Map: 42 | Pos: (3, 7) | Badges: 0 | Party: 1 | Action: up | Stuck: 13684
[19:10:33] OVERWORLD | Map: 42 | Pos: (3, 7) | Badges: 0 | Party: 1 | Action: up | Stuck: 13734
[19:10:33] OVERWORLD | Map: 42 | Pos: (3, 7) | Badges: 0 | Party: 1 | Action: up | Stuck: 13784
[19:10:33] OVERWORLD | Map: 42 | Pos: (3, 7) | Badges: 0 | Party: 1 | Action: up | Stuck: 13834
[19:10:33] OVERWORLD | Map: 42 | Pos: (3, 7) | Badges: 0 | Party: 1 | Action: up | Stuck: 13884
[19:10:34] OVERWORLD | Map: 42 | Pos: (3, 7) | Badges: 0 | Party: 1 | Action: up | Stuck: 13934
[19:10:34] OVERWORLD | Map: 42 | Pos: (3, 7) | Badges: 0 | Party: 1 | Action: up | Stuck: 13984
[19:10:34] OVERWORLD | Map: 42 | Pos: (3, 7) | Badges: 0 | Party: 1 | Action: up | Stuck: 14034
[19:10:34] OVERWORLD | Map: 42 | Pos: (3, 7) | Badges: 0 | Party: 1 | Action: up | Stuck: 14084
[19:10:34] OVERWORLD | Map: 42 | Pos: (3, 7) | Badges: 0 | Party: 1 | Action: up | Stuck: 14134
[19:10:35] OVERWORLD | Map: 42 | Pos: (3, 7) | Badges: 0 | Party: 1 | Action: up | Stuck: 14184
[19:10:35] OVERWORLD | Map: 42 | Pos: (3, 7) | Badges: 0 | Party: 1 | Action: up | Stuck: 14234
[19:10:35] OVERWORLD | Map: 42 | Pos: (3, 7) | Badges: 0 | Party: 1 | Action: up | Stuck: 14284
[19:10:35] OVERWORLD | Map: 42 | Pos: (3, 7) | Badges: 0 | Party: 1 | Action: up | Stuck: 14334
[19:10:35] OVERWORLD | Map: 42 | Pos: (3, 7) | Badges: 0 | Party: 1 | Action: up | Stuck: 14384
[19:10:36] OVERWORLD | Map: 42 | Pos: (3, 7) | Badges: 0 | Party: 1 | Action: up | Stuck: 14434
[19:10:36] OVERWORLD | Map: 42 | Pos: (3, 7) | Badges: 0 | Party: 1 | Action: up | Stuck: 14484
[19:10:36] OVERWORLD | Map: 42 | Pos: (3, 7) | Badges: 0 | Party: 1 | Action: up | Stuck: 14534
[19:10:36] OVERWORLD | Map: 42 | Pos: (3, 7) | Badges: 0 | Party: 1 | Action: up | Stuck: 14584
[19:10:37] OVERWORLD | Map: 42 | Pos: (3, 7) | Badges: 0 | Party: 1 | Action: up | Stuck: 14634
[19:10:37] OVERWORLD | Map: 42 | Pos: (3, 7) | Badges: 0 | Party: 1 | Action: up | Stuck: 14684
[19:10:37] OVERWORLD | Map: 42 | Pos: (3, 7) | Badges: 0 | Party: 1 | Action: up | Stuck: 14734
[19:10:37] OVERWORLD | Map: 42 | Pos: (3, 7) | Badges: 0 | Party: 1 | Action: up | Stuck: 14784
[19:10:37] OVERWORLD | Map: 42 | Pos: (3, 7) | Badges: 0 | Party: 1 | Action: up | Stuck: 14834
[19:10:38] OVERWORLD | Map: 42 | Pos: (3, 7) | Badges: 0 | Party: 1 | Action: up | Stuck: 14884
[19:10:38] OVERWORLD | Map: 42 | Pos: (3, 7) | Badges: 0 | Party: 1 | Action: up | Stuck: 14934
[19:10:38] OVERWORLD | Map: 42 | Pos: (3, 7) | Badges: 0 | Party: 1 | Action: up | Stuck: 14984
[19:10:38] OVERWORLD | Map: 42 | Pos: (3, 7) | Badges: 0 | Party: 1 | Action: up | Stuck: 15034
[19:10:38] OVERWORLD | Map: 42 | Pos: (3, 7) | Badges: 0 | Party: 1 | Action: up | Stuck: 15084
[19:10:39] OVERWORLD | Map: 42 | Pos: (3, 7) | Badges: 0 | Party: 1 | Action: up | Stuck: 15134
[19:10:39] OVERWORLD | Map: 42 | Pos: (3, 7) | Badges: 0 | Party: 1 | Action: up | Stuck: 15184
[19:10:39] OVERWORLD | Map: 42 | Pos: (3, 7) | Badges: 0 | Party: 1 | Action: up | Stuck: 15234
[19:10:39] OVERWORLD | Map: 42 | Pos: (3, 7) | Badges: 0 | Party: 1 | Action: up | Stuck: 15284
[19:10:40] OVERWORLD | Map: 42 | Pos: (3, 7) | Badges: 0 | Party: 1 | Action: up | Stuck: 15334
[19:10:40] OVERWORLD | Map: 42 | Pos: (3, 7) | Badges: 0 | Party: 1 | Action: up | Stuck: 15384
[19:10:40] OVERWORLD | Map: 42 | Pos: (3, 7) | Badges: 0 | Party: 1 | Action: up | Stuck: 15434
[19:10:40] OVERWORLD | Map: 42 | Pos: (3, 7) | Badges: 0 | Party: 1 | Action: up | Stuck: 15484
[19:10:40] OVERWORLD | Map: 42 | Pos: (3, 7) | Badges: 0 | Party: 1 | Action: up | Stuck: 15534
[19:10:41] OVERWORLD | Map: 42 | Pos: (3, 7) | Badges: 0 | Party: 1 | Action: up | Stuck: 15584
[19:10:41] OVERWORLD | Map: 42 | Pos: (3, 7) | Badges: 0 | Party: 1 | Action: up | Stuck: 15634
[19:10:41] OVERWORLD | Map: 42 | Pos: (3, 7) | Badges: 0 | Party: 1 | Action: up | Stuck: 15684
[19:10:41] OVERWORLD | Map: 42 | Pos: (3, 7) | Badges: 0 | Party: 1 | Action: up | Stuck: 15734
[19:10:41] OVERWORLD | Map: 42 | Pos: (3, 7) | Badges: 0 | Party: 1 | Action: up | Stuck: 15784
[19:10:42] OVERWORLD | Map: 42 | Pos: (3, 7) | Badges: 0 | Party: 1 | Action: up | Stuck: 15834
[19:10:42] OVERWORLD | Map: 42 | Pos: (3, 7) | Badges: 0 | Party: 1 | Action: up | Stuck: 15884
[19:10:42] OVERWORLD | Map: 42 | Pos: (3, 7) | Badges: 0 | Party: 1 | Action: up | Stuck: 15934
[19:10:42] OVERWORLD | Map: 42 | Pos: (3, 7) | Badges: 0 | Party: 1 | Action: up | Stuck: 15984
[19:10:43] OVERWORLD | Map: 42 | Pos: (3, 7) | Badges: 0 | Party: 1 | Action: up | Stuck: 16034
[19:10:43] OVERWORLD | Map: 42 | Pos: (3, 7) | Badges: 0 | Party: 1 | Action: up | Stuck: 16084
[19:10:43] OVERWORLD | Map: 42 | Pos: (3, 7) | Badges: 0 | Party: 1 | Action: up | Stuck: 16134
[19:10:43] OVERWORLD | Map: 42 | Pos: (3, 7) | Badges: 0 | Party: 1 | Action: up | Stuck: 16184
[19:10:43] OVERWORLD | Map: 42 | Pos: (3, 7) | Badges: 0 | Party: 1 | Action: up | Stuck: 16234
[19:10:44] OVERWORLD | Map: 42 | Pos: (3, 7) | Badges: 0 | Party: 1 | Action: up | Stuck: 16284
[19:10:44] OVERWORLD | Map: 42 | Pos: (3, 7) | Badges: 0 | Party: 1 | Action: up | Stuck: 16334
[19:10:44] OVERWORLD | Map: 42 | Pos: (3, 7) | Badges: 0 | Party: 1 | Action: up | Stuck: 16384
[19:10:44] OVERWORLD | Map: 42 | Pos: (3, 7) | Badges: 0 | Party: 1 | Action: up | Stuck: 16434
[19:10:44] OVERWORLD | Map: 42 | Pos: (3, 7) | Badges: 0 | Party: 1 | Action: up | Stuck: 16484
[19:10:45] OVERWORLD | Map: 42 | Pos: (3, 7) | Badges: 0 | Party: 1 | Action: up | Stuck: 16534
[19:10:45] OVERWORLD | Map: 42 | Pos: (3, 7) | Badges: 0 | Party: 1 | Action: up | Stuck: 16584
[19:10:45] OVERWORLD | Map: 42 | Pos: (3, 7) | Badges: 0 | Party: 1 | Action: up | Stuck: 16634
[19:10:45] OVERWORLD | Map: 42 | Pos: (3, 7) | Badges: 0 | Party: 1 | Action: up | Stuck: 16684
[19:10:46] OVERWORLD | Map: 42 | Pos: (3, 7) | Badges: 0 | Party: 1 | Action: up | Stuck: 16734
[19:10:46] OVERWORLD | Map: 42 | Pos: (3, 7) | Badges: 0 | Party: 1 | Action: up | Stuck: 16784
[19:10:46] OVERWORLD | Map: 42 | Pos: (3, 7) | Badges: 0 | Party: 1 | Action: up | Stuck: 16834
[19:10:46] OVERWORLD | Map: 42 | Pos: (3, 7) | Badges: 0 | Party: 1 | Action: up | Stuck: 16884
[19:10:46] OVERWORLD | Map: 42 | Pos: (3, 7) | Badges: 0 | Party: 1 | Action: up | Stuck: 16934
[19:10:47] OVERWORLD | Map: 42 | Pos: (3, 7) | Badges: 0 | Party: 1 | Action: up | Stuck: 16984
[19:10:47] OVERWORLD | Map: 42 | Pos: (3, 7) | Badges: 0 | Party: 1 | Action: up | Stuck: 17034
[19:10:47] OVERWORLD | Map: 42 | Pos: (3, 7) | Badges: 0 | Party: 1 | Action: up | Stuck: 17084
[19:10:47] OVERWORLD | Map: 42 | Pos: (3, 7) | Badges: 0 | Party: 1 | Action: up | Stuck: 17134
[19:10:47] OVERWORLD | Map: 42 | Pos: (3, 7) | Badges: 0 | Party: 1 | Action: up | Stuck: 17184
[19:10:48] OVERWORLD | Map: 42 | Pos: (3, 7) | Badges: 0 | Party: 1 | Action: up | Stuck: 17234
[19:10:48] OVERWORLD | Map: 42 | Pos: (3, 7) | Badges: 0 | Party: 1 | Action: up | Stuck: 17284
[19:10:48] OVERWORLD | Map: 42 | Pos: (3, 7) | Badges: 0 | Party: 1 | Action: up | Stuck: 17334
[19:10:48] OVERWORLD | Map: 42 | Pos: (3, 7) | Badges: 0 | Party: 1 | Action: up | Stuck: 17384
[19:10:49] OVERWORLD | Map: 42 | Pos: (3, 7) | Badges: 0 | Party: 1 | Action: up | Stuck: 17434
[19:10:49] OVERWORLD | Map: 42 | Pos: (3, 7) | Badges: 0 | Party: 1 | Action: up | Stuck: 17484
[19:10:49] OVERWORLD | Map: 42 | Pos: (3, 7) | Badges: 0 | Party: 1 | Action: up | Stuck: 17534
[19:10:49] OVERWORLD | Map: 42 | Pos: (3, 7) | Badges: 0 | Party: 1 | Action: up | Stuck: 17584
[19:10:49] OVERWORLD | Map: 42 | Pos: (3, 7) | Badges: 0 | Party: 1 | Action: up | Stuck: 17634
[19:10:50] OVERWORLD | Map: 42 | Pos: (3, 7) | Badges: 0 | Party: 1 | Action: up | Stuck: 17684
[19:10:50] OVERWORLD | Map: 42 | Pos: (3, 7) | Badges: 0 | Party: 1 | Action: up | Stuck: 17734
[19:10:50] OVERWORLD | Map: 42 | Pos: (3, 7) | Badges: 0 | Party: 1 | Action: up | Stuck: 17784
[19:10:50] OVERWORLD | Map: 42 | Pos: (3, 7) | Badges: 0 | Party: 1 | Action: up | Stuck: 17834
[19:10:50] Session complete. Turns: 18000 | Wins: 1
[19:10:50] POKEDEX | Wrote /Users/bdougie/code/pcc-labs/pokemon-kafka/pokedex/log235.md
