UserWarning: Using SDL2 binaries from pysdl2-dll 2.32.0
[agent] Loaded ROM: /Users/bdougie/code/pcc-labs/autotune/rom/Pokemon - Red Version (USA, Europe) (SGB Enhanced).gb
[agent] Strategy: medium
[agent] Evolve params: {"stuck_threshold": 4, "door_cooldown": 10, "waypoint_skip_distance": 3, "axis_preference_map_0": "y", "bt_max_snapshots": 8, "bt_restore_threshold": 19, "bt_max_attempts": 3, "bt_snapshot_interval": 34, "hp_run_threshold": 0.2, "hp_heal_threshold": 0.15, "unknown_move_score": 10.0, "status_move_score": 0.0}
[agent] Running headless — no display
[19:28:01] Agent starting.
[19:28:01] Loaded save state from /Users/bdougie/code/pcc-labs/autotune/states/route1.state. Skipping intro.
[19:28:01] QUEST | map=12 pos=(10,34) facing=up parcel_quest phase=TO_MART map=12 parcel=False pokedex=False target=pilot-north
[19:28:01] OVERWORLD | Map: 12 | Pos: (10, 34) | Badges: 0 | Party: 1 | Action: up | Stuck: 0 | WP: 0→(10,28)
[19:28:01] BATTLE | Lv3 Rattata (normal) | Player HP: 6/22 | Action: fight
[19:28:01] BATTLE | Lv3 Rattata (normal) | Player HP: 22/22 | Action: fight
[19:28:01] BATTLE | Lv3 Rattata (normal) | Player HP: 19/22 | Action: fight
[19:28:01] BATTLE | Lv3 Rattata (normal) | Player HP: 16/22 | Action: fight
[19:28:01] BATTLE | Lv3 Rattata (normal) | Player HP: 16/22 | Action: fight
[19:28:01] Battle ended. Won: True. Total wins: 1
[19:28:01] STUCK | Map: 12 | Pos: (9, 14) | Last move: right | Streak: 2
[19:28:01] STUCK | Map: 12 | Pos: (14, 14) | Last move: up | Streak: 2
[19:28:01] OVERWORLD | Map: 12 | Pos: (15, 10) | Badges: 0 | Party: 1 | Action: up | Stuck: 0 | WP: 0→(10,28)
[19:28:01] MILESTONE | Reached Viridian City!
[19:28:01] MAP CHANGE | 12 -> 1 | Pos: (21, 35)
[19:28:01] QUEST | map=1 pos=(21,35) facing=up parcel_quest phase=TO_MART map=1 parcel=False pokedex=False target=Viridian Mart door
[19:28:01] STUCK | Map: 1 | Pos: (29, 28) | Last move: left | Streak: 2
[19:28:01] STUCK | Map: 1 | Pos: (26, 28) | Last move: left | Streak: 5
[19:28:01] OVERWORLD | Map: 1 | Pos: (19, 22) | Badges: 0 | Party: 1 | Action: up | Stuck: 0 | WP: 0→(17,17)
[19:28:01] MAP CHANGE | 1 -> 42 | Pos: (29, 19)
[19:28:01] STUCK | Map: 42 | Pos: (3, 7) | Last move: a | Streak: 2
[19:28:01] STUCK | Map: 42 | Pos: (2, 5) | Last move: a | Streak: 2
[19:28:01] STUCK | Map: 42 | Pos: (2, 5) | Last move: a | Streak: 5
[19:28:01] STUCK | Map: 42 | Pos: (2, 5) | Last move: a | Streak: 10
[19:28:01] QUEST | map=42 pos=(2,5) facing=left parcel_quest phase=TO_OAK map=42 parcel=True pokedex=False target=Mart exit
[19:28:01] STUCK | Map: 42 | Pos: (3, 7) | Last move: a | Streak: 2
[19:28:01] STUCK | Map: 42 | Pos: (3, 7) | Last move: a | Streak: 5
[19:28:01] STUCK | Map: 42 | Pos: (3, 7) | Last move: down | Streak: 10
[19:28:01] OVERWORLD | Map: 42 | Pos: (3, 7) | Badges: 0 | Party: 1 | Action: up | Stuck: 14
[19:28:01] STUCK | Map: 42 | Pos: (3, 7) | Last move: a | Streak: 20
[19:28:02] OVERWORLD | Map: 42 | Pos: (3, 7) | Badges: 0 | Party: 1 | Action: a | Stuck: 64
[19:28:02] OVERWORLD | Map: 42 | Pos: (3, 6) | Badges: 0 | Party: 1 | Action: down | Stuck: 114
[19:28:02] OVERWORLD | Map: 42 | Pos: (3, 7) | Badges: 0 | Party: 1 | Action: up | Stuck: 164
[19:28:02] OVERWORLD | Map: 42 | Pos: (3, 7) | Badges: 0 | Party: 1 | Action: a | Stuck: 214
[19:28:02] OVERWORLD | Map: 42 | Pos: (3, 6) | Badges: 0 | Party: 1 | Action: down | Stuck: 264
[19:28:02] OVERWORLD | Map: 42 | Pos: (3, 7) | Badges: 0 | Party: 1 | Action: up | Stuck: 314
[19:28:03] OVERWORLD | Map: 42 | Pos: (3, 7) | Badges: 0 | Party: 1 | Action: a | Stuck: 364
[19:28:03] OVERWORLD | Map: 42 | Pos: (3, 6) | Badges: 0 | Party: 1 | Action: down | Stuck: 414
[19:28:03] OVERWORLD | Map: 42 | Pos: (3, 7) | Badges: 0 | Party: 1 | Action: up | Stuck: 464
[19:28:03] OVERWORLD | Map: 42 | Pos: (3, 7) | Badges: 0 | Party: 1 | Action: a | Stuck: 514
[19:28:03] OVERWORLD | Map: 42 | Pos: (3, 6) | Badges: 0 | Party: 1 | Action: down | Stuck: 564
[19:28:03] OVERWORLD | Map: 42 | Pos: (3, 7) | Badges: 0 | Party: 1 | Action: up | Stuck: 614
[19:28:03] OVERWORLD | Map: 42 | Pos: (3, 7) | Badges: 0 | Party: 1 | Action: a | Stuck: 664
[19:28:04] OVERWORLD | Map: 42 | Pos: (3, 6) | Badges: 0 | Party: 1 | Action: down | Stuck: 714
[19:28:04] OVERWORLD | Map: 42 | Pos: (3, 7) | Badges: 0 | Party: 1 | Action: up | Stuck: 764
[19:28:04] OVERWORLD | Map: 42 | Pos: (3, 7) | Badges: 0 | Party: 1 | Action: a | Stuck: 814
[19:28:04] OVERWORLD | Map: 42 | Pos: (3, 6) | Badges: 0 | Party: 1 | Action: down | Stuck: 864
[19:28:04] OVERWORLD | Map: 42 | Pos: (3, 7) | Badges: 0 | Party: 1 | Action: up | Stuck: 914
[19:28:04] OVERWORLD | Map: 42 | Pos: (3, 7) | Badges: 0 | Party: 1 | Action: a | Stuck: 964
[19:28:04] OVERWORLD | Map: 42 | Pos: (3, 6) | Badges: 0 | Party: 1 | Action: down | Stuck: 1014
[19:28:05] OVERWORLD | Map: 42 | Pos: (3, 7) | Badges: 0 | Party: 1 | Action: up | Stuck: 1064
[19:28:05] OVERWORLD | Map: 42 | Pos: (3, 7) | Badges: 0 | Party: 1 | Action: a | Stuck: 1114
[19:28:05] OVERWORLD | Map: 42 | Pos: (3, 6) | Badges: 0 | Party: 1 | Action: down | Stuck: 1164
[19:28:05] OVERWORLD | Map: 42 | Pos: (3, 7) | Badges: 0 | Party: 1 | Action: up | Stuck: 1214
[19:28:05] OVERWORLD | Map: 42 | Pos: (3, 7) | Badges: 0 | Party: 1 | Action: a | Stuck: 1264
[19:28:05] OVERWORLD | Map: 42 | Pos: (3, 6) | Badges: 0 | Party: 1 | Action: down | Stuck: 1314
[19:28:06] OVERWORLD | Map: 42 | Pos: (3, 7) | Badges: 0 | Party: 1 | Action: up | Stuck: 1364
[19:28:06] OVERWORLD | Map: 42 | Pos: (3, 7) | Badges: 0 | Party: 1 | Action: a | Stuck: 1414
[19:28:06] OVERWORLD | Map: 42 | Pos: (3, 6) | Badges: 0 | Party: 1 | Action: down | Stuck: 1464
[19:28:06] OVERWORLD | Map: 42 | Pos: (3, 7) | Badges: 0 | Party: 1 | Action: up | Stuck: 1514
[19:28:06] OVERWORLD | Map: 42 | Pos: (3, 7) | Badges: 0 | Party: 1 | Action: a | Stuck: 1564
[19:28:06] OVERWORLD | Map: 42 | Pos: (3, 6) | Badges: 0 | Party: 1 | Action: down | Stuck: 1614
[19:28:06] OVERWORLD | Map: 42 | Pos: (3, 7) | Badges: 0 | Party: 1 | Action: up | Stuck: 1664
[19:28:07] OVERWORLD | Map: 42 | Pos: (3, 7) | Badges: 0 | Party: 1 | Action: a | Stuck: 1714
[19:28:07] OVERWORLD | Map: 42 | Pos: (3, 6) | Badges: 0 | Party: 1 | Action: down | Stuck: 1764
[19:28:07] OVERWORLD | Map: 42 | Pos: (3, 7) | Badges: 0 | Party: 1 | Action: up | Stuck: 1814
[19:28:07] OVERWORLD | Map: 42 | Pos: (3, 7) | Badges: 0 | Party: 1 | Action: a | Stuck: 1864
[19:28:07] OVERWORLD | Map: 42 | Pos: (3, 6) | Badges: 0 | Party: 1 | Action: down | Stuck: 1914
[19:28:07] OVERWORLD | Map: 42 | Pos: (3, 7) | Badges: 0 | Party: 1 | Action: up | Stuck: 1964
[19:28:08] OVERWORLD | Map: 42 | Pos: (3, 7) | Badges: 0 | Party: 1 | Action: a | Stuck: 2014
[19:28:08] OVERWORLD | Map: 42 | Pos: (3, 6) | Badges: 0 | Party: 1 | Action: down | Stuck: 2064
[19:28:08] OVERWORLD | Map: 42 | Pos: (3, 7) | Badges: 0 | Party: 1 | Action: up | Stuck: 2114
[19:28:08] OVERWORLD | Map: 42 | Pos: (3, 7) | Badges: 0 | Party: 1 | Action: a | Stuck: 2164
[19:28:08] OVERWORLD | Map: 42 | Pos: (3, 6) | Badges: 0 | Party: 1 | Action: down | Stuck: 2214
[19:28:08] OVERWORLD | Map: 42 | Pos: (3, 7) | Badges: 0 | Party: 1 | Action: up | Stuck: 2264
[19:28:09] OVERWORLD | Map: 42 | Pos: (3, 7) | Badges: 0 | Party: 1 | Action: a | Stuck: 2314
[19:28:09] OVERWORLD | Map: 42 | Pos: (3, 6) | Badges: 0 | Party: 1 | Action: down | Stuck: 2364
[19:28:09] OVERWORLD | Map: 42 | Pos: (3, 7) | Badges: 0 | Party: 1 | Action: up | Stuck: 2414
[19:28:09] OVERWORLD | Map: 42 | Pos: (3, 7) | Badges: 0 | Party: 1 | Action: a | Stuck: 2464
[19:28:09] OVERWORLD | Map: 42 | Pos: (3, 6) | Badges: 0 | Party: 1 | Action: down | Stuck: 2514
[19:28:09] OVERWORLD | Map: 42 | Pos: (3, 7) | Badges: 0 | Party: 1 | Action: up | Stuck: 2564
[19:28:09] OVERWORLD | Map: 42 | Pos: (3, 7) | Badges: 0 | Party: 1 | Action: a | Stuck: 2614
[19:28:10] OVERWORLD | Map: 42 | Pos: (3, 6) | Badges: 0 | Party: 1 | Action: down | Stuck: 2664
[19:28:10] OVERWORLD | Map: 42 | Pos: (3, 7) | Badges: 0 | Party: 1 | Action: up | Stuck: 2714
[19:28:10] OVERWORLD | Map: 42 | Pos: (3, 7) | Badges: 0 | Party: 1 | Action: a | Stuck: 2764
[19:28:10] OVERWORLD | Map: 42 | Pos: (3, 6) | Badges: 0 | Party: 1 | Action: down | Stuck: 2814
[19:28:10] OVERWORLD | Map: 42 | Pos: (3, 7) | Badges: 0 | Party: 1 | Action: up | Stuck: 2864
[19:28:10] OVERWORLD | Map: 42 | Pos: (3, 7) | Badges: 0 | Party: 1 | Action: a | Stuck: 2914
[19:28:11] OVERWORLD | Map: 42 | Pos: (3, 6) | Badges: 0 | Party: 1 | Action: down | Stuck: 2964
[19:28:11] OVERWORLD | Map: 42 | Pos: (3, 7) | Badges: 0 | Party: 1 | Action: up | Stuck: 3014
[19:28:11] OVERWORLD | Map: 42 | Pos: (3, 7) | Badges: 0 | Party: 1 | Action: a | Stuck: 3064
[19:28:11] OVERWORLD | Map: 42 | Pos: (3, 6) | Badges: 0 | Party: 1 | Action: down | Stuck: 3114
[19:28:11] OVERWORLD | Map: 42 | Pos: (3, 7) | Badges: 0 | Party: 1 | Action: up | Stuck: 3164
[19:28:11] OVERWORLD | Map: 42 | Pos: (3, 7) | Badges: 0 | Party: 1 | Action: a | Stuck: 3214
[19:28:11] OVERWORLD | Map: 42 | Pos: (3, 6) | Badges: 0 | Party: 1 | Action: down | Stuck: 3264
[19:28:12] OVERWORLD | Map: 42 | Pos: (3, 7) | Badges: 0 | Party: 1 | Action: up | Stuck: 3314
[19:28:12] OVERWORLD | Map: 42 | Pos: (3, 7) | Badges: 0 | Party: 1 | Action: a | Stuck: 3364
[19:28:12] OVERWORLD | Map: 42 | Pos: (3, 6) | Badges: 0 | Party: 1 | Action: down | Stuck: 3414
[19:28:12] OVERWORLD | Map: 42 | Pos: (3, 7) | Badges: 0 | Party: 1 | Action: up | Stuck: 3464
[19:28:12] OVERWORLD | Map: 42 | Pos: (3, 7) | Badges: 0 | Party: 1 | Action: a | Stuck: 3514
[19:28:12] OVERWORLD | Map: 42 | Pos: (3, 6) | Badges: 0 | Party: 1 | Action: down | Stuck: 3564
[19:28:13] OVERWORLD | Map: 42 | Pos: (3, 7) | Badges: 0 | Party: 1 | Action: up | Stuck: 3614
[19:28:13] OVERWORLD | Map: 42 | Pos: (3, 7) | Badges: 0 | Party: 1 | Action: a | Stuck: 3664
[19:28:13] OVERWORLD | Map: 42 | Pos: (3, 6) | Badges: 0 | Party: 1 | Action: down | Stuck: 3714
[19:28:13] OVERWORLD | Map: 42 | Pos: (3, 7) | Badges: 0 | Party: 1 | Action: up | Stuck: 3764
[19:28:13] OVERWORLD | Map: 42 | Pos: (3, 7) | Badges: 0 | Party: 1 | Action: a | Stuck: 3814
[19:28:13] OVERWORLD | Map: 42 | Pos: (3, 6) | Badges: 0 | Party: 1 | Action: down | Stuck: 3864
[19:28:13] OVERWORLD | Map: 42 | Pos: (3, 7) | Badges: 0 | Party: 1 | Action: up | Stuck: 3914
[19:28:14] OVERWORLD | Map: 42 | Pos: (3, 7) | Badges: 0 | Party: 1 | Action: a | Stuck: 3964
[19:28:14] OVERWORLD | Map: 42 | Pos: (3, 6) | Badges: 0 | Party: 1 | Action: down | Stuck: 4014
[19:28:14] OVERWORLD | Map: 42 | Pos: (3, 7) | Badges: 0 | Party: 1 | Action: up | Stuck: 4064
[19:28:14] OVERWORLD | Map: 42 | Pos: (3, 7) | Badges: 0 | Party: 1 | Action: a | Stuck: 4114
[19:28:14] OVERWORLD | Map: 42 | Pos: (3, 6) | Badges: 0 | Party: 1 | Action: down | Stuck: 4164
[19:28:14] OVERWORLD | Map: 42 | Pos: (3, 7) | Badges: 0 | Party: 1 | Action: up | Stuck: 4214
[19:28:15] OVERWORLD | Map: 42 | Pos: (3, 7) | Badges: 0 | Party: 1 | Action: a | Stuck: 4264
[19:28:15] OVERWORLD | Map: 42 | Pos: (3, 6) | Badges: 0 | Party: 1 | Action: down | Stuck: 4314
[19:28:15] OVERWORLD | Map: 42 | Pos: (3, 7) | Badges: 0 | Party: 1 | Action: up | Stuck: 4364
[19:28:15] OVERWORLD | Map: 42 | Pos: (3, 7) | Badges: 0 | Party: 1 | Action: a | Stuck: 4414
[19:28:15] OVERWORLD | Map: 42 | Pos: (3, 6) | Badges: 0 | Party: 1 | Action: down | Stuck: 4464
[19:28:15] OVERWORLD | Map: 42 | Pos: (3, 7) | Badges: 0 | Party: 1 | Action: up | Stuck: 4514
[19:28:15] OVERWORLD | Map: 42 | Pos: (3, 7) | Badges: 0 | Party: 1 | Action: a | Stuck: 4564
[19:28:16] OVERWORLD | Map: 42 | Pos: (3, 6) | Badges: 0 | Party: 1 | Action: down | Stuck: 4614
[19:28:16] OVERWORLD | Map: 42 | Pos: (3, 7) | Badges: 0 | Party: 1 | Action: up | Stuck: 4664
[19:28:16] OVERWORLD | Map: 42 | Pos: (3, 7) | Badges: 0 | Party: 1 | Action: a | Stuck: 4714
[19:28:16] OVERWORLD | Map: 42 | Pos: (3, 6) | Badges: 0 | Party: 1 | Action: down | Stuck: 4764
[19:28:16] OVERWORLD | Map: 42 | Pos: (3, 7) | Badges: 0 | Party: 1 | Action: up | Stuck: 4814
[19:28:16] OVERWORLD | Map: 42 | Pos: (3, 7) | Badges: 0 | Party: 1 | Action: a | Stuck: 4864
[19:28:17] OVERWORLD | Map: 42 | Pos: (3, 6) | Badges: 0 | Party: 1 | Action: down | Stuck: 4914
[19:28:17] OVERWORLD | Map: 42 | Pos: (3, 7) | Badges: 0 | Party: 1 | Action: up | Stuck: 4964
[19:28:17] OVERWORLD | Map: 42 | Pos: (3, 7) | Badges: 0 | Party: 1 | Action: a | Stuck: 5014
[19:28:17] OVERWORLD | Map: 42 | Pos: (3, 6) | Badges: 0 | Party: 1 | Action: down | Stuck: 5064
[19:28:17] OVERWORLD | Map: 42 | Pos: (3, 7) | Badges: 0 | Party: 1 | Action: up | Stuck: 5114
[19:28:17] OVERWORLD | Map: 42 | Pos: (3, 7) | Badges: 0 | Party: 1 | Action: a | Stuck: 5164
[19:28:17] OVERWORLD | Map: 42 | Pos: (3, 6) | Badges: 0 | Party: 1 | Action: down | Stuck: 5214
[19:28:18] OVERWORLD | Map: 42 | Pos: (3, 7) | Badges: 0 | Party: 1 | Action: up | Stuck: 5264
[19:28:18] OVERWORLD | Map: 42 | Pos: (3, 7) | Badges: 0 | Party: 1 | Action: a | Stuck: 5314
[19:28:18] OVERWORLD | Map: 42 | Pos: (3, 6) | Badges: 0 | Party: 1 | Action: down | Stuck: 5364
[19:28:18] OVERWORLD | Map: 42 | Pos: (3, 7) | Badges: 0 | Party: 1 | Action: up | Stuck: 5414
[19:28:18] OVERWORLD | Map: 42 | Pos: (3, 7) | Badges: 0 | Party: 1 | Action: a | Stuck: 5464
[19:28:18] OVERWORLD | Map: 42 | Pos: (3, 6) | Badges: 0 | Party: 1 | Action: down | Stuck: 5514
[19:28:19] OVERWORLD | Map: 42 | Pos: (3, 7) | Badges: 0 | Party: 1 | Action: up | Stuck: 5564
[19:28:19] OVERWORLD | Map: 42 | Pos: (3, 7) | Badges: 0 | Party: 1 | Action: a | Stuck: 5614
[19:28:19] OVERWORLD | Map: 42 | Pos: (3, 6) | Badges: 0 | Party: 1 | Action: down | Stuck: 5664
[19:28:19] OVERWORLD | Map: 42 | Pos: (3, 7) | Badges: 0 | Party: 1 | Action: up | Stuck: 5714
[19:28:19] OVERWORLD | Map: 42 | Pos: (3, 7) | Badges: 0 | Party: 1 | Action: a | Stuck: 5764
[19:28:19] OVERWORLD | Map: 42 | Pos: (3, 6) | Badges: 0 | Party: 1 | Action: down | Stuck: 5814
[19:28:20] OVERWORLD | Map: 42 | Pos: (3, 7) | Badges: 0 | Party: 1 | Action: up | Stuck: 5864
[19:28:20] OVERWORLD | Map: 42 | Pos: (3, 7) | Badges: 0 | Party: 1 | Action: a | Stuck: 5914
[19:28:20] OVERWORLD | Map: 42 | Pos: (3, 6) | Badges: 0 | Party: 1 | Action: down | Stuck: 5964
[19:28:20] OVERWORLD | Map: 42 | Pos: (3, 7) | Badges: 0 | Party: 1 | Action: up | Stuck: 6014
[19:28:20] OVERWORLD | Map: 42 | Pos: (3, 7) | Badges: 0 | Party: 1 | Action: a | Stuck: 6064
[19:28:20] OVERWORLD | Map: 42 | Pos: (3, 6) | Badges: 0 | Party: 1 | Action: down | Stuck: 6114
[19:28:21] OVERWORLD | Map: 42 | Pos: (3, 7) | Badges: 0 | Party: 1 | Action: up | Stuck: 6164
[19:28:21] OVERWORLD | Map: 42 | Pos: (3, 7) | Badges: 0 | Party: 1 | Action: a | Stuck: 6214
[19:28:21] OVERWORLD | Map: 42 | Pos: (3, 6) | Badges: 0 | Party: 1 | Action: down | Stuck: 6264
[19:28:21] OVERWORLD | Map: 42 | Pos: (3, 7) | Badges: 0 | Party: 1 | Action: up | Stuck: 6314
[19:28:21] OVERWORLD | Map: 42 | Pos: (3, 7) | Badges: 0 | Party: 1 | Action: a | Stuck: 6364
[19:28:21] OVERWORLD | Map: 42 | Pos: (3, 6) | Badges: 0 | Party: 1 | Action: down | Stuck: 6414
[19:28:21] OVERWORLD | Map: 42 | Pos: (3, 7) | Badges: 0 | Party: 1 | Action: up | Stuck: 6464
[19:28:22] OVERWORLD | Map: 42 | Pos: (3, 7) | Badges: 0 | Party: 1 | Action: a | Stuck: 6514
[19:28:22] OVERWORLD | Map: 42 | Pos: (3, 6) | Badges: 0 | Party: 1 | Action: down | Stuck: 6564
[19:28:22] OVERWORLD | Map: 42 | Pos: (3, 7) | Badges: 0 | Party: 1 | Action: up | Stuck: 6614
[19:28:22] OVERWORLD | Map: 42 | Pos: (3, 7) | Badges: 0 | Party: 1 | Action: a | Stuck: 6664
[19:28:22] OVERWORLD | Map: 42 | Pos: (3, 6) | Badges: 0 | Party: 1 | Action: down | Stuck: 6714
[19:28:22] OVERWORLD | Map: 42 | Pos: (3, 7) | Badges: 0 | Party: 1 | Action: up | Stuck: 6764
[19:28:23] OVERWORLD | Map: 42 | Pos: (3, 7) | Badges: 0 | Party: 1 | Action: a | Stuck: 6814
[19:28:23] OVERWORLD | Map: 42 | Pos: (3, 6) | Badges: 0 | Party: 1 | Action: down | Stuck: 6864
[19:28:23] OVERWORLD | Map: 42 | Pos: (3, 7) | Badges: 0 | Party: 1 | Action: up | Stuck: 6914
[19:28:23] OVERWORLD | Map: 42 | Pos: (3, 7) | Badges: 0 | Party: 1 | Action: a | Stuck: 6964
[19:28:23] OVERWORLD | Map: 42 | Pos: (3, 6) | Badges: 0 | Party: 1 | Action: down | Stuck: 7014
[19:28:23] OVERWORLD | Map: 42 | Pos: (3, 7) | Badges: 0 | Party: 1 | Action: up | Stuck: 7064
[19:28:23] OVERWORLD | Map: 42 | Pos: (3, 7) | Badges: 0 | Party: 1 | Action: a | Stuck: 7114
[19:28:24] OVERWORLD | Map: 42 | Pos: (3, 6) | Badges: 0 | Party: 1 | Action: down | Stuck: 7164
[19:28:24] OVERWORLD | Map: 42 | Pos: (3, 7) | Badges: 0 | Party: 1 | Action: up | Stuck: 7214
[19:28:24] OVERWORLD | Map: 42 | Pos: (3, 7) | Badges: 0 | Party: 1 | Action: a | Stuck: 7264
[19:28:24] OVERWORLD | Map: 42 | Pos: (3, 6) | Badges: 0 | Party: 1 | Action: down | Stuck: 7314
[19:28:24] OVERWORLD | Map: 42 | Pos: (3, 7) | Badges: 0 | Party: 1 | Action: up | Stuck: 7364
[19:28:24] OVERWORLD | Map: 42 | Pos: (3, 7) | Badges: 0 | Party: 1 | Action: a | Stuck: 7414
[19:28:25] OVERWORLD | Map: 42 | Pos: (3, 6) | Badges: 0 | Party: 1 | Action: down | Stuck: 7464
[19:28:25] OVERWORLD | Map: 42 | Pos: (3, 7) | Badges: 0 | Party: 1 | Action: up | Stuck: 7514
[19:28:25] OVERWORLD | Map: 42 | Pos: (3, 7) | Badges: 0 | Party: 1 | Action: a | Stuck: 7564
[19:28:25] OVERWORLD | Map: 42 | Pos: (3, 6) | Badges: 0 | Party: 1 | Action: down | Stuck: 7614
[19:28:25] OVERWORLD | Map: 42 | Pos: (3, 7) | Badges: 0 | Party: 1 | Action: up | Stuck: 7664
[19:28:25] OVERWORLD | Map: 42 | Pos: (3, 7) | Badges: 0 | Party: 1 | Action: a | Stuck: 7714
[19:28:25] OVERWORLD | Map: 42 | Pos: (3, 6) | Badges: 0 | Party: 1 | Action: down | Stuck: 7764
[19:28:26] OVERWORLD | Map: 42 | Pos: (3, 7) | Badges: 0 | Party: 1 | Action: up | Stuck: 7814
[19:28:26] OVERWORLD | Map: 42 | Pos: (3, 7) | Badges: 0 | Party: 1 | Action: a | Stuck: 7864
[19:28:26] OVERWORLD | Map: 42 | Pos: (3, 6) | Badges: 0 | Party: 1 | Action: down | Stuck: 7914
[19:28:26] OVERWORLD | Map: 42 | Pos: (3, 7) | Badges: 0 | Party: 1 | Action: up | Stuck: 7964
[19:28:26] OVERWORLD | Map: 42 | Pos: (3, 7) | Badges: 0 | Party: 1 | Action: a | Stuck: 8014
[19:28:26] OVERWORLD | Map: 42 | Pos: (3, 6) | Badges: 0 | Party: 1 | Action: down | Stuck: 8064
[19:28:27] OVERWORLD | Map: 42 | Pos: (3, 7) | Badges: 0 | Party: 1 | Action: up | Stuck: 8114
[19:28:27] OVERWORLD | Map: 42 | Pos: (3, 7) | Badges: 0 | Party: 1 | Action: a | Stuck: 8164
[19:28:27] OVERWORLD | Map: 42 | Pos: (3, 6) | Badges: 0 | Party: 1 | Action: down | Stuck: 8214
[19:28:27] OVERWORLD | Map: 42 | Pos: (3, 7) | Badges: 0 | Party: 1 | Action: up | Stuck: 8264
[19:28:27] OVERWORLD | Map: 42 | Pos: (3, 7) | Badges: 0 | Party: 1 | Action: a | Stuck: 8314
[19:28:27] OVERWORLD | Map: 42 | Pos: (3, 6) | Badges: 0 | Party: 1 | Action: down | Stuck: 8364
[19:28:28] OVERWORLD | Map: 42 | Pos: (3, 7) | Badges: 0 | Party: 1 | Action: up | Stuck: 8414
[19:28:28] OVERWORLD | Map: 42 | Pos: (3, 7) | Badges: 0 | Party: 1 | Action: a | Stuck: 8464
[19:28:28] OVERWORLD | Map: 42 | Pos: (3, 6) | Badges: 0 | Party: 1 | Action: down | Stuck: 8514
[19:28:28] OVERWORLD | Map: 42 | Pos: (3, 7) | Badges: 0 | Party: 1 | Action: up | Stuck: 8564
[19:28:28] OVERWORLD | Map: 42 | Pos: (3, 7) | Badges: 0 | Party: 1 | Action: a | Stuck: 8614
[19:28:28] OVERWORLD | Map: 42 | Pos: (3, 6) | Badges: 0 | Party: 1 | Action: down | Stuck: 8664
[19:28:28] OVERWORLD | Map: 42 | Pos: (3, 7) | Badges: 0 | Party: 1 | Action: up | Stuck: 8714
[19:28:29] OVERWORLD | Map: 42 | Pos: (3, 7) | Badges: 0 | Party: 1 | Action: a | Stuck: 8764
[19:28:29] OVERWORLD | Map: 42 | Pos: (3, 6) | Badges: 0 | Party: 1 | Action: down | Stuck: 8814
[19:28:29] OVERWORLD | Map: 42 | Pos: (3, 7) | Badges: 0 | Party: 1 | Action: up | Stuck: 8864
[19:28:29] OVERWORLD | Map: 42 | Pos: (3, 7) | Badges: 0 | Party: 1 | Action: a | Stuck: 8914
[19:28:29] OVERWORLD | Map: 42 | Pos: (3, 6) | Badges: 0 | Party: 1 | Action: down | Stuck: 8964
[19:28:29] OVERWORLD | Map: 42 | Pos: (3, 7) | Badges: 0 | Party: 1 | Action: up | Stuck: 9014
[19:28:30] OVERWORLD | Map: 42 | Pos: (3, 7) | Badges: 0 | Party: 1 | Action: a | Stuck: 9064
[19:28:30] OVERWORLD | Map: 42 | Pos: (3, 6) | Badges: 0 | Party: 1 | Action: down | Stuck: 9114
[19:28:30] OVERWORLD | Map: 42 | Pos: (3, 7) | Badges: 0 | Party: 1 | Action: up | Stuck: 9164
[19:28:30] OVERWORLD | Map: 42 | Pos: (3, 7) | Badges: 0 | Party: 1 | Action: a | Stuck: 9214
[19:28:30] OVERWORLD | Map: 42 | Pos: (3, 6) | Badges: 0 | Party: 1 | Action: down | Stuck: 9264
[19:28:30] OVERWORLD | Map: 42 | Pos: (3, 7) | Badges: 0 | Party: 1 | Action: up | Stuck: 9314
[19:28:30] OVERWORLD | Map: 42 | Pos: (3, 7) | Badges: 0 | Party: 1 | Action: a | Stuck: 9364
[19:28:31] OVERWORLD | Map: 42 | Pos: (3, 6) | Badges: 0 | Party: 1 | Action: down | Stuck: 9414
[19:28:31] OVERWORLD | Map: 42 | Pos: (3, 7) | Badges: 0 | Party: 1 | Action: up | Stuck: 9464
[19:28:31] OVERWORLD | Map: 42 | Pos: (3, 7) | Badges: 0 | Party: 1 | Action: a | Stuck: 9514
[19:28:31] OVERWORLD | Map: 42 | Pos: (3, 6) | Badges: 0 | Party: 1 | Action: down | Stuck: 9564
[19:28:31] OVERWORLD | Map: 42 | Pos: (3, 7) | Badges: 0 | Party: 1 | Action: up | Stuck: 9614
[19:28:31] OVERWORLD | Map: 42 | Pos: (3, 7) | Badges: 0 | Party: 1 | Action: a | Stuck: 9664
[19:28:32] OVERWORLD | Map: 42 | Pos: (3, 6) | Badges: 0 | Party: 1 | Action: down | Stuck: 9714
[19:28:32] OVERWORLD | Map: 42 | Pos: (3, 7) | Badges: 0 | Party: 1 | Action: up | Stuck: 9764
[19:28:32] OVERWORLD | Map: 42 | Pos: (3, 7) | Badges: 0 | Party: 1 | Action: a | Stuck: 9814
[19:28:32] OVERWORLD | Map: 42 | Pos: (3, 6) | Badges: 0 | Party: 1 | Action: down | Stuck: 9864
[19:28:32] OVERWORLD | Map: 42 | Pos: (3, 7) | Badges: 0 | Party: 1 | Action: up | Stuck: 9914
[19:28:32] OVERWORLD | Map: 42 | Pos: (3, 7) | Badges: 0 | Party: 1 | Action: a | Stuck: 9964
[19:28:32] OVERWORLD | Map: 42 | Pos: (3, 6) | Badges: 0 | Party: 1 | Action: down | Stuck: 10014
[19:28:33] OVERWORLD | Map: 42 | Pos: (3, 7) | Badges: 0 | Party: 1 | Action: up | Stuck: 10064
[19:28:33] OVERWORLD | Map: 42 | Pos: (3, 7) | Badges: 0 | Party: 1 | Action: a | Stuck: 10114
[19:28:33] OVERWORLD | Map: 42 | Pos: (3, 6) | Badges: 0 | Party: 1 | Action: down | Stuck: 10164
[19:28:33] OVERWORLD | Map: 42 | Pos: (3, 7) | Badges: 0 | Party: 1 | Action: up | Stuck: 10214
[19:28:33] OVERWORLD | Map: 42 | Pos: (3, 7) | Badges: 0 | Party: 1 | Action: a | Stuck: 10264
[19:28:33] OVERWORLD | Map: 42 | Pos: (3, 6) | Badges: 0 | Party: 1 | Action: down | Stuck: 10314
[19:28:34] OVERWORLD | Map: 42 | Pos: (3, 7) | Badges: 0 | Party: 1 | Action: up | Stuck: 10364
[19:28:34] OVERWORLD | Map: 42 | Pos: (3, 7) | Badges: 0 | Party: 1 | Action: a | Stuck: 10414
[19:28:34] OVERWORLD | Map: 42 | Pos: (3, 6) | Badges: 0 | Party: 1 | Action: down | Stuck: 10464
[19:28:34] OVERWORLD | Map: 42 | Pos: (3, 7) | Badges: 0 | Party: 1 | Action: up | Stuck: 10514
[19:28:34] OVERWORLD | Map: 42 | Pos: (3, 7) | Badges: 0 | Party: 1 | Action: a | Stuck: 10564
[19:28:34] OVERWORLD | Map: 42 | Pos: (3, 6) | Badges: 0 | Party: 1 | Action: down | Stuck: 10614
[19:28:34] OVERWORLD | Map: 42 | Pos: (3, 7) | Badges: 0 | Party: 1 | Action: up | Stuck: 10664
[19:28:35] OVERWORLD | Map: 42 | Pos: (3, 7) | Badges: 0 | Party: 1 | Action: a | Stuck: 10714
[19:28:35] OVERWORLD | Map: 42 | Pos: (3, 6) | Badges: 0 | Party: 1 | Action: down | Stuck: 10764
[19:28:35] OVERWORLD | Map: 42 | Pos: (3, 7) | Badges: 0 | Party: 1 | Action: up | Stuck: 10814
[19:28:35] OVERWORLD | Map: 42 | Pos: (3, 7) | Badges: 0 | Party: 1 | Action: a | Stuck: 10864
[19:28:35] OVERWORLD | Map: 42 | Pos: (3, 6) | Badges: 0 | Party: 1 | Action: down | Stuck: 10914
[19:28:35] OVERWORLD | Map: 42 | Pos: (3, 7) | Badges: 0 | Party: 1 | Action: up | Stuck: 10964
[19:28:36] OVERWORLD | Map: 42 | Pos: (3, 7) | Badges: 0 | Party: 1 | Action: a | Stuck: 11014
[19:28:36] OVERWORLD | Map: 42 | Pos: (3, 6) | Badges: 0 | Party: 1 | Action: down | Stuck: 11064
[19:28:36] OVERWORLD | Map: 42 | Pos: (3, 7) | Badges: 0 | Party: 1 | Action: up | Stuck: 11114
[19:28:36] OVERWORLD | Map: 42 | Pos: (3, 7) | Badges: 0 | Party: 1 | Action: a | Stuck: 11164
[19:28:36] OVERWORLD | Map: 42 | Pos: (3, 6) | Badges: 0 | Party: 1 | Action: down | Stuck: 11214
[19:28:36] OVERWORLD | Map: 42 | Pos: (3, 7) | Badges: 0 | Party: 1 | Action: up | Stuck: 11264
[19:28:36] OVERWORLD | Map: 42 | Pos: (3, 7) | Badges: 0 | Party: 1 | Action: a | Stuck: 11314
[19:28:37] OVERWORLD | Map: 42 | Pos: (3, 6) | Badges: 0 | Party: 1 | Action: down | Stuck: 11364
[19:28:37] OVERWORLD | Map: 42 | Pos: (3, 7) | Badges: 0 | Party: 1 | Action: up | Stuck: 11414
[19:28:37] OVERWORLD | Map: 42 | Pos: (3, 7) | Badges: 0 | Party: 1 | Action: a | Stuck: 11464
[19:28:37] OVERWORLD | Map: 42 | Pos: (3, 6) | Badges: 0 | Party: 1 | Action: down | Stuck: 11514
[19:28:37] OVERWORLD | Map: 42 | Pos: (3, 7) | Badges: 0 | Party: 1 | Action: up | Stuck: 11564
[19:28:37] OVERWORLD | Map: 42 | Pos: (3, 7) | Badges: 0 | Party: 1 | Action: a | Stuck: 11614
[19:28:38] OVERWORLD | Map: 42 | Pos: (3, 6) | Badges: 0 | Party: 1 | Action: down | Stuck: 11664
[19:28:38] OVERWORLD | Map: 42 | Pos: (3, 7) | Badges: 0 | Party: 1 | Action: up | Stuck: 11714
[19:28:38] OVERWORLD | Map: 42 | Pos: (3, 7) | Badges: 0 | Party: 1 | Action: a | Stuck: 11764
[19:28:38] OVERWORLD | Map: 42 | Pos: (3, 6) | Badges: 0 | Party: 1 | Action: down | Stuck: 11814
[19:28:38] OVERWORLD | Map: 42 | Pos: (3, 7) | Badges: 0 | Party: 1 | Action: up | Stuck: 11864
[19:28:38] OVERWORLD | Map: 42 | Pos: (3, 7) | Badges: 0 | Party: 1 | Action: a | Stuck: 11914
[19:28:39] OVERWORLD | Map: 42 | Pos: (3, 6) | Badges: 0 | Party: 1 | Action: down | Stuck: 11964
[19:28:39] OVERWORLD | Map: 42 | Pos: (3, 7) | Badges: 0 | Party: 1 | Action: up | Stuck: 12014
[19:28:39] OVERWORLD | Map: 42 | Pos: (3, 7) | Badges: 0 | Party: 1 | Action: a | Stuck: 12064
[19:28:39] OVERWORLD | Map: 42 | Pos: (3, 6) | Badges: 0 | Party: 1 | Action: down | Stuck: 12114
[19:28:39] OVERWORLD | Map: 42 | Pos: (3, 7) | Badges: 0 | Party: 1 | Action: up | Stuck: 12164
[19:28:39] OVERWORLD | Map: 42 | Pos: (3, 7) | Badges: 0 | Party: 1 | Action: a | Stuck: 12214
[19:28:39] OVERWORLD | Map: 42 | Pos: (3, 6) | Badges: 0 | Party: 1 | Action: down | Stuck: 12264
[19:28:40] OVERWORLD | Map: 42 | Pos: (3, 7) | Badges: 0 | Party: 1 | Action: up | Stuck: 12314
[19:28:40] OVERWORLD | Map: 42 | Pos: (3, 7) | Badges: 0 | Party: 1 | Action: a | Stuck: 12364
[19:28:40] OVERWORLD | Map: 42 | Pos: (3, 6) | Badges: 0 | Party: 1 | Action: down | Stuck: 12414
[19:28:40] OVERWORLD | Map: 42 | Pos: (3, 7) | Badges: 0 | Party: 1 | Action: up | Stuck: 12464
[19:28:40] OVERWORLD | Map: 42 | Pos: (3, 7) | Badges: 0 | Party: 1 | Action: a | Stuck: 12514
[19:28:40] OVERWORLD | Map: 42 | Pos: (3, 6) | Badges: 0 | Party: 1 | Action: down | Stuck: 12564
[19:28:41] OVERWORLD | Map: 42 | Pos: (3, 7) | Badges: 0 | Party: 1 | Action: up | Stuck: 12614
[19:28:41] OVERWORLD | Map: 42 | Pos: (3, 7) | Badges: 0 | Party: 1 | Action: a | Stuck: 12664
[19:28:41] OVERWORLD | Map: 42 | Pos: (3, 6) | Badges: 0 | Party: 1 | Action: down | Stuck: 12714
[19:28:41] OVERWORLD | Map: 42 | Pos: (3, 7) | Badges: 0 | Party: 1 | Action: up | Stuck: 12764
[19:28:41] OVERWORLD | Map: 42 | Pos: (3, 7) | Badges: 0 | Party: 1 | Action: a | Stuck: 12814
[19:28:41] OVERWORLD | Map: 42 | Pos: (3, 6) | Badges: 0 | Party: 1 | Action: down | Stuck: 12864
[19:28:41] OVERWORLD | Map: 42 | Pos: (3, 7) | Badges: 0 | Party: 1 | Action: up | Stuck: 12914
[19:28:42] OVERWORLD | Map: 42 | Pos: (3, 7) | Badges: 0 | Party: 1 | Action: a | Stuck: 12964
[19:28:42] OVERWORLD | Map: 42 | Pos: (3, 6) | Badges: 0 | Party: 1 | Action: down | Stuck: 13014
[19:28:42] OVERWORLD | Map: 42 | Pos: (3, 7) | Badges: 0 | Party: 1 | Action: up | Stuck: 13064
[19:28:42] OVERWORLD | Map: 42 | Pos: (3, 7) | Badges: 0 | Party: 1 | Action: a | Stuck: 13114
[19:28:42] OVERWORLD | Map: 42 | Pos: (3, 6) | Badges: 0 | Party: 1 | Action: down | Stuck: 13164
[19:28:42] OVERWORLD | Map: 42 | Pos: (3, 7) | Badges: 0 | Party: 1 | Action: up | Stuck: 13214
[19:28:43] OVERWORLD | Map: 42 | Pos: (3, 7) | Badges: 0 | Party: 1 | Action: a | Stuck: 13264
[19:28:43] OVERWORLD | Map: 42 | Pos: (3, 6) | Badges: 0 | Party: 1 | Action: down | Stuck: 13314
[19:28:43] OVERWORLD | Map: 42 | Pos: (3, 7) | Badges: 0 | Party: 1 | Action: up | Stuck: 13364
[19:28:43] OVERWORLD | Map: 42 | Pos: (3, 7) | Badges: 0 | Party: 1 | Action: a | Stuck: 13414
[19:28:43] OVERWORLD | Map: 42 | Pos: (3, 6) | Badges: 0 | Party: 1 | Action: down | Stuck: 13464
[19:28:43] OVERWORLD | Map: 42 | Pos: (3, 7) | Badges: 0 | Party: 1 | Action: up | Stuck: 13514
[19:28:43] OVERWORLD | Map: 42 | Pos: (3, 7) | Badges: 0 | Party: 1 | Action: a | Stuck: 13564
[19:28:44] OVERWORLD | Map: 42 | Pos: (3, 6) | Badges: 0 | Party: 1 | Action: down | Stuck: 13614
[19:28:44] OVERWORLD | Map: 42 | Pos: (3, 7) | Badges: 0 | Party: 1 | Action: up | Stuck: 13664
[19:28:44] OVERWORLD | Map: 42 | Pos: (3, 7) | Badges: 0 | Party: 1 | Action: a | Stuck: 13714
[19:28:44] OVERWORLD | Map: 42 | Pos: (3, 6) | Badges: 0 | Party: 1 | Action: down | Stuck: 13764
[19:28:44] OVERWORLD | Map: 42 | Pos: (3, 7) | Badges: 0 | Party: 1 | Action: up | Stuck: 13814
[19:28:44] OVERWORLD | Map: 42 | Pos: (3, 7) | Badges: 0 | Party: 1 | Action: a | Stuck: 13864
[19:28:45] OVERWORLD | Map: 42 | Pos: (3, 6) | Badges: 0 | Party: 1 | Action: down | Stuck: 13914
[19:28:45] OVERWORLD | Map: 42 | Pos: (3, 7) | Badges: 0 | Party: 1 | Action: up | Stuck: 13964
[19:28:45] OVERWORLD | Map: 42 | Pos: (3, 7) | Badges: 0 | Party: 1 | Action: a | Stuck: 14014
[19:28:45] OVERWORLD | Map: 42 | Pos: (3, 6) | Badges: 0 | Party: 1 | Action: down | Stuck: 14064
[19:28:45] OVERWORLD | Map: 42 | Pos: (3, 7) | Badges: 0 | Party: 1 | Action: up | Stuck: 14114
[19:28:45] OVERWORLD | Map: 42 | Pos: (3, 7) | Badges: 0 | Party: 1 | Action: a | Stuck: 14164
[19:28:45] OVERWORLD | Map: 42 | Pos: (3, 6) | Badges: 0 | Party: 1 | Action: down | Stuck: 14214
[19:28:46] OVERWORLD | Map: 42 | Pos: (3, 7) | Badges: 0 | Party: 1 | Action: up | Stuck: 14264
[19:28:46] OVERWORLD | Map: 42 | Pos: (3, 7) | Badges: 0 | Party: 1 | Action: a | Stuck: 14314
[19:28:46] OVERWORLD | Map: 42 | Pos: (3, 6) | Badges: 0 | Party: 1 | Action: down | Stuck: 14364
[19:28:46] OVERWORLD | Map: 42 | Pos: (3, 7) | Badges: 0 | Party: 1 | Action: up | Stuck: 14414
[19:28:46] OVERWORLD | Map: 42 | Pos: (3, 7) | Badges: 0 | Party: 1 | Action: a | Stuck: 14464
[19:28:46] OVERWORLD | Map: 42 | Pos: (3, 6) | Badges: 0 | Party: 1 | Action: down | Stuck: 14514
[19:28:47] OVERWORLD | Map: 42 | Pos: (3, 7) | Badges: 0 | Party: 1 | Action: up | Stuck: 14564
[19:28:47] OVERWORLD | Map: 42 | Pos: (3, 7) | Badges: 0 | Party: 1 | Action: a | Stuck: 14614
[19:28:47] OVERWORLD | Map: 42 | Pos: (3, 6) | Badges: 0 | Party: 1 | Action: down | Stuck: 14664
[19:28:47] OVERWORLD | Map: 42 | Pos: (3, 7) | Badges: 0 | Party: 1 | Action: up | Stuck: 14714
[19:28:47] OVERWORLD | Map: 42 | Pos: (3, 7) | Badges: 0 | Party: 1 | Action: a | Stuck: 14764
[19:28:47] OVERWORLD | Map: 42 | Pos: (3, 6) | Badges: 0 | Party: 1 | Action: down | Stuck: 14814
[19:28:47] OVERWORLD | Map: 42 | Pos: (3, 7) | Badges: 0 | Party: 1 | Action: up | Stuck: 14864
[19:28:48] OVERWORLD | Map: 42 | Pos: (3, 7) | Badges: 0 | Party: 1 | Action: a | Stuck: 14914
[19:28:48] OVERWORLD | Map: 42 | Pos: (3, 6) | Badges: 0 | Party: 1 | Action: down | Stuck: 14964
[19:28:48] OVERWORLD | Map: 42 | Pos: (3, 7) | Badges: 0 | Party: 1 | Action: up | Stuck: 15014
[19:28:48] OVERWORLD | Map: 42 | Pos: (3, 7) | Badges: 0 | Party: 1 | Action: a | Stuck: 15064
[19:28:48] OVERWORLD | Map: 42 | Pos: (3, 6) | Badges: 0 | Party: 1 | Action: down | Stuck: 15114
[19:28:48] OVERWORLD | Map: 42 | Pos: (3, 7) | Badges: 0 | Party: 1 | Action: up | Stuck: 15164
[19:28:49] OVERWORLD | Map: 42 | Pos: (3, 7) | Badges: 0 | Party: 1 | Action: a | Stuck: 15214
[19:28:49] OVERWORLD | Map: 42 | Pos: (3, 6) | Badges: 0 | Party: 1 | Action: down | Stuck: 15264
[19:28:49] OVERWORLD | Map: 42 | Pos: (3, 7) | Badges: 0 | Party: 1 | Action: up | Stuck: 15314
[19:28:49] OVERWORLD | Map: 42 | Pos: (3, 7) | Badges: 0 | Party: 1 | Action: a | Stuck: 15364
[19:28:49] OVERWORLD | Map: 42 | Pos: (3, 6) | Badges: 0 | Party: 1 | Action: down | Stuck: 15414
[19:28:49] OVERWORLD | Map: 42 | Pos: (3, 7) | Badges: 0 | Party: 1 | Action: up | Stuck: 15464
[19:28:49] OVERWORLD | Map: 42 | Pos: (3, 7) | Badges: 0 | Party: 1 | Action: a | Stuck: 15514
[19:28:50] OVERWORLD | Map: 42 | Pos: (3, 6) | Badges: 0 | Party: 1 | Action: down | Stuck: 15564
[19:28:50] OVERWORLD | Map: 42 | Pos: (3, 7) | Badges: 0 | Party: 1 | Action: up | Stuck: 15614
[19:28:50] OVERWORLD | Map: 42 | Pos: (3, 7) | Badges: 0 | Party: 1 | Action: a | Stuck: 15664
[19:28:50] OVERWORLD | Map: 42 | Pos: (3, 6) | Badges: 0 | Party: 1 | Action: down | Stuck: 15714
[19:28:50] OVERWORLD | Map: 42 | Pos: (3, 7) | Badges: 0 | Party: 1 | Action: up | Stuck: 15764
[19:28:50] OVERWORLD | Map: 42 | Pos: (3, 7) | Badges: 0 | Party: 1 | Action: a | Stuck: 15814
[19:28:51] OVERWORLD | Map: 42 | Pos: (3, 6) | Badges: 0 | Party: 1 | Action: down | Stuck: 15864
[19:28:51] OVERWORLD | Map: 42 | Pos: (3, 7) | Badges: 0 | Party: 1 | Action: up | Stuck: 15914
[19:28:51] OVERWORLD | Map: 42 | Pos: (3, 7) | Badges: 0 | Party: 1 | Action: a | Stuck: 15964
[19:28:51] OVERWORLD | Map: 42 | Pos: (3, 6) | Badges: 0 | Party: 1 | Action: down | Stuck: 16014
[19:28:51] OVERWORLD | Map: 42 | Pos: (3, 7) | Badges: 0 | Party: 1 | Action: up | Stuck: 16064
[19:28:51] OVERWORLD | Map: 42 | Pos: (3, 7) | Badges: 0 | Party: 1 | Action: a | Stuck: 16114
[19:28:52] OVERWORLD | Map: 42 | Pos: (3, 6) | Badges: 0 | Party: 1 | Action: down | Stuck: 16164
[19:28:52] OVERWORLD | Map: 42 | Pos: (3, 7) | Badges: 0 | Party: 1 | Action: up | Stuck: 16214
[19:28:52] OVERWORLD | Map: 42 | Pos: (3, 7) | Badges: 0 | Party: 1 | Action: a | Stuck: 16264
[19:28:52] OVERWORLD | Map: 42 | Pos: (3, 6) | Badges: 0 | Party: 1 | Action: down | Stuck: 16314
[19:28:52] OVERWORLD | Map: 42 | Pos: (3, 7) | Badges: 0 | Party: 1 | Action: up | Stuck: 16364
[19:28:52] OVERWORLD | Map: 42 | Pos: (3, 7) | Badges: 0 | Party: 1 | Action: a | Stuck: 16414
[19:28:52] OVERWORLD | Map: 42 | Pos: (3, 6) | Badges: 0 | Party: 1 | Action: down | Stuck: 16464
[19:28:53] OVERWORLD | Map: 42 | Pos: (3, 7) | Badges: 0 | Party: 1 | Action: up | Stuck: 16514
[19:28:53] OVERWORLD | Map: 42 | Pos: (3, 7) | Badges: 0 | Party: 1 | Action: a | Stuck: 16564
[19:28:53] OVERWORLD | Map: 42 | Pos: (3, 6) | Badges: 0 | Party: 1 | Action: down | Stuck: 16614
[19:28:53] OVERWORLD | Map: 42 | Pos: (3, 7) | Badges: 0 | Party: 1 | Action: up | Stuck: 16664
[19:28:53] OVERWORLD | Map: 42 | Pos: (3, 7) | Badges: 0 | Party: 1 | Action: a | Stuck: 16714
[19:28:53] OVERWORLD | Map: 42 | Pos: (3, 6) | Badges: 0 | Party: 1 | Action: down | Stuck: 16764
[19:28:54] OVERWORLD | Map: 42 | Pos: (3, 7) | Badges: 0 | Party: 1 | Action: up | Stuck: 16814
[19:28:54] OVERWORLD | Map: 42 | Pos: (3, 7) | Badges: 0 | Party: 1 | Action: a | Stuck: 16864
[19:28:54] OVERWORLD | Map: 42 | Pos: (3, 6) | Badges: 0 | Party: 1 | Action: down | Stuck: 16914
[19:28:54] OVERWORLD | Map: 42 | Pos: (3, 7) | Badges: 0 | Party: 1 | Action: up | Stuck: 16964
[19:28:54] OVERWORLD | Map: 42 | Pos: (3, 7) | Badges: 0 | Party: 1 | Action: a | Stuck: 17014
[19:28:54] OVERWORLD | Map: 42 | Pos: (3, 6) | Badges: 0 | Party: 1 | Action: down | Stuck: 17064
[19:28:54] OVERWORLD | Map: 42 | Pos: (3, 7) | Badges: 0 | Party: 1 | Action: up | Stuck: 17114
[19:28:55] OVERWORLD | Map: 42 | Pos: (3, 7) | Badges: 0 | Party: 1 | Action: a | Stuck: 17164
[19:28:55] OVERWORLD | Map: 42 | Pos: (3, 6) | Badges: 0 | Party: 1 | Action: down | Stuck: 17214
[19:28:55] OVERWORLD | Map: 42 | Pos: (3, 7) | Badges: 0 | Party: 1 | Action: up | Stuck: 17264
[19:28:55] OVERWORLD | Map: 42 | Pos: (3, 7) | Badges: 0 | Party: 1 | Action: a | Stuck: 17314
[19:28:55] OVERWORLD | Map: 42 | Pos: (3, 6) | Badges: 0 | Party: 1 | Action: down | Stuck: 17364
[19:28:55] OVERWORLD | Map: 42 | Pos: (3, 7) | Badges: 0 | Party: 1 | Action: up | Stuck: 17414
[19:28:56] OVERWORLD | Map: 42 | Pos: (3, 7) | Badges: 0 | Party: 1 | Action: a | Stuck: 17464
[19:28:56] OVERWORLD | Map: 42 | Pos: (3, 6) | Badges: 0 | Party: 1 | Action: down | Stuck: 17514
[19:28:56] OVERWORLD | Map: 42 | Pos: (3, 7) | Badges: 0 | Party: 1 | Action: up | Stuck: 17564
[19:28:56] OVERWORLD | Map: 42 | Pos: (3, 7) | Badges: 0 | Party: 1 | Action: a | Stuck: 17614
[19:28:56] OVERWORLD | Map: 42 | Pos: (3, 6) | Badges: 0 | Party: 1 | Action: down | Stuck: 17664
[19:28:56] OVERWORLD | Map: 42 | Pos: (3, 7) | Badges: 0 | Party: 1 | Action: up | Stuck: 17714
[19:28:56] OVERWORLD | Map: 42 | Pos: (3, 7) | Badges: 0 | Party: 1 | Action: a | Stuck: 17764
[19:28:57] OVERWORLD | Map: 42 | Pos: (3, 6) | Badges: 0 | Party: 1 | Action: down | Stuck: 17814
[19:28:57] OVERWORLD | Map: 42 | Pos: (3, 7) | Badges: 0 | Party: 1 | Action: up | Stuck: 17864
[19:28:57] OVERWORLD | Map: 42 | Pos: (3, 7) | Badges: 0 | Party: 1 | Action: a | Stuck: 17914
[19:28:57] OVERWORLD | Map: 42 | Pos: (3, 6) | Badges: 0 | Party: 1 | Action: down | Stuck: 17964
[19:28:57] OVERWORLD | Map: 42 | Pos: (3, 7) | Badges: 0 | Party: 1 | Action: up | Stuck: 18014
[19:28:57] OVERWORLD | Map: 42 | Pos: (3, 7) | Badges: 0 | Party: 1 | Action: a | Stuck: 18064
[19:28:58] OVERWORLD | Map: 42 | Pos: (3, 6) | Badges: 0 | Party: 1 | Action: down | Stuck: 18114
[19:28:58] OVERWORLD | Map: 42 | Pos: (3, 7) | Badges: 0 | Party: 1 | Action: up | Stuck: 18164
[19:28:58] OVERWORLD | Map: 42 | Pos: (3, 7) | Badges: 0 | Party: 1 | Action: a | Stuck: 18214
[19:28:58] OVERWORLD | Map: 42 | Pos: (3, 6) | Badges: 0 | Party: 1 | Action: down | Stuck: 18264
[19:28:58] OVERWORLD | Map: 42 | Pos: (3, 7) | Badges: 0 | Party: 1 | Action: up | Stuck: 18314
[19:28:58] OVERWORLD | Map: 42 | Pos: (3, 7) | Badges: 0 | Party: 1 | Action: a | Stuck: 18364
[19:28:58] OVERWORLD | Map: 42 | Pos: (3, 6) | Badges: 0 | Party: 1 | Action: down | Stuck: 18414
[19:28:59] OVERWORLD | Map: 42 | Pos: (3, 7) | Badges: 0 | Party: 1 | Action: up | Stuck: 18464
[19:28:59] OVERWORLD | Map: 42 | Pos: (3, 7) | Badges: 0 | Party: 1 | Action: a | Stuck: 18514
[19:28:59] OVERWORLD | Map: 42 | Pos: (3, 6) | Badges: 0 | Party: 1 | Action: down | Stuck: 18564
[19:28:59] OVERWORLD | Map: 42 | Pos: (3, 7) | Badges: 0 | Party: 1 | Action: up | Stuck: 18614
[19:28:59] OVERWORLD | Map: 42 | Pos: (3, 7) | Badges: 0 | Party: 1 | Action: a | Stuck: 18664
[19:28:59] OVERWORLD | Map: 42 | Pos: (3, 6) | Badges: 0 | Party: 1 | Action: down | Stuck: 18714
[19:29:00] OVERWORLD | Map: 42 | Pos: (3, 7) | Badges: 0 | Party: 1 | Action: up | Stuck: 18764
[19:29:00] OVERWORLD | Map: 42 | Pos: (3, 7) | Badges: 0 | Party: 1 | Action: a | Stuck: 18814
[19:29:00] OVERWORLD | Map: 42 | Pos: (3, 6) | Badges: 0 | Party: 1 | Action: down | Stuck: 18864
[19:29:00] OVERWORLD | Map: 42 | Pos: (3, 7) | Badges: 0 | Party: 1 | Action: up | Stuck: 18914
[19:29:00] OVERWORLD | Map: 42 | Pos: (3, 7) | Badges: 0 | Party: 1 | Action: a | Stuck: 18964
[19:29:00] OVERWORLD | Map: 42 | Pos: (3, 6) | Badges: 0 | Party: 1 | Action: down | Stuck: 19014
[19:29:00] OVERWORLD | Map: 42 | Pos: (3, 7) | Badges: 0 | Party: 1 | Action: up | Stuck: 19064
[19:29:01] OVERWORLD | Map: 42 | Pos: (3, 7) | Badges: 0 | Party: 1 | Action: a | Stuck: 19114
[19:29:01] OVERWORLD | Map: 42 | Pos: (3, 6) | Badges: 0 | Party: 1 | Action: down | Stuck: 19164
[19:29:01] OVERWORLD | Map: 42 | Pos: (3, 7) | Badges: 0 | Party: 1 | Action: up | Stuck: 19214
[19:29:01] OVERWORLD | Map: 42 | Pos: (3, 7) | Badges: 0 | Party: 1 | Action: a | Stuck: 19264
[19:29:01] OVERWORLD | Map: 42 | Pos: (3, 6) | Badges: 0 | Party: 1 | Action: down | Stuck: 19314
[19:29:01] OVERWORLD | Map: 42 | Pos: (3, 7) | Badges: 0 | Party: 1 | Action: up | Stuck: 19364
[19:29:02] OVERWORLD | Map: 42 | Pos: (3, 7) | Badges: 0 | Party: 1 | Action: a | Stuck: 19414
[19:29:02] OVERWORLD | Map: 42 | Pos: (3, 6) | Badges: 0 | Party: 1 | Action: down | Stuck: 19464
[19:29:02] OVERWORLD | Map: 42 | Pos: (3, 7) | Badges: 0 | Party: 1 | Action: up | Stuck: 19514
[19:29:02] OVERWORLD | Map: 42 | Pos: (3, 7) | Badges: 0 | Party: 1 | Action: a | Stuck: 19564
[19:29:02] OVERWORLD | Map: 42 | Pos: (3, 6) | Badges: 0 | Party: 1 | Action: down | Stuck: 19614
[19:29:02] OVERWORLD | Map: 42 | Pos: (3, 7) | Badges: 0 | Party: 1 | Action: up | Stuck: 19664
[19:29:02] OVERWORLD | Map: 42 | Pos: (3, 7) | Badges: 0 | Party: 1 | Action: a | Stuck: 19714
[19:29:03] OVERWORLD | Map: 42 | Pos: (3, 6) | Badges: 0 | Party: 1 | Action: down | Stuck: 19764
[19:29:03] OVERWORLD | Map: 42 | Pos: (3, 7) | Badges: 0 | Party: 1 | Action: up | Stuck: 19814
[19:29:03] OVERWORLD | Map: 42 | Pos: (3, 7) | Badges: 0 | Party: 1 | Action: a | Stuck: 19864
[19:29:03] OVERWORLD | Map: 42 | Pos: (3, 6) | Badges: 0 | Party: 1 | Action: down | Stuck: 19914
[19:29:03] OVERWORLD | Map: 42 | Pos: (3, 7) | Badges: 0 | Party: 1 | Action: up | Stuck: 19964
[19:29:03] OVERWORLD | Map: 42 | Pos: (3, 7) | Badges: 0 | Party: 1 | Action: a | Stuck: 20014
[19:29:04] OVERWORLD | Map: 42 | Pos: (3, 6) | Badges: 0 | Party: 1 | Action: down | Stuck: 20064
[19:29:04] OVERWORLD | Map: 42 | Pos: (3, 7) | Badges: 0 | Party: 1 | Action: up | Stuck: 20114
[19:29:04] OVERWORLD | Map: 42 | Pos: (3, 7) | Badges: 0 | Party: 1 | Action: a | Stuck: 20164
[19:29:04] OVERWORLD | Map: 42 | Pos: (3, 6) | Badges: 0 | Party: 1 | Action: down | Stuck: 20214
[19:29:04] OVERWORLD | Map: 42 | Pos: (3, 7) | Badges: 0 | Party: 1 | Action: up | Stuck: 20264
[19:29:04] OVERWORLD | Map: 42 | Pos: (3, 7) | Badges: 0 | Party: 1 | Action: a | Stuck: 20314
[19:29:04] OVERWORLD | Map: 42 | Pos: (3, 6) | Badges: 0 | Party: 1 | Action: down | Stuck: 20364
[19:29:05] OVERWORLD | Map: 42 | Pos: (3, 7) | Badges: 0 | Party: 1 | Action: up | Stuck: 20414
[19:29:05] OVERWORLD | Map: 42 | Pos: (3, 7) | Badges: 0 | Party: 1 | Action: a | Stuck: 20464
[19:29:05] OVERWORLD | Map: 42 | Pos: (3, 6) | Badges: 0 | Party: 1 | Action: down | Stuck: 20514
[19:29:05] OVERWORLD | Map: 42 | Pos: (3, 7) | Badges: 0 | Party: 1 | Action: up | Stuck: 20564
[19:29:05] OVERWORLD | Map: 42 | Pos: (3, 7) | Badges: 0 | Party: 1 | Action: a | Stuck: 20614
[19:29:05] OVERWORLD | Map: 42 | Pos: (3, 6) | Badges: 0 | Party: 1 | Action: down | Stuck: 20664
[19:29:06] OVERWORLD | Map: 42 | Pos: (3, 7) | Badges: 0 | Party: 1 | Action: up | Stuck: 20714
[19:29:06] OVERWORLD | Map: 42 | Pos: (3, 7) | Badges: 0 | Party: 1 | Action: a | Stuck: 20764
[19:29:06] OVERWORLD | Map: 42 | Pos: (3, 6) | Badges: 0 | Party: 1 | Action: down | Stuck: 20814
[19:29:06] OVERWORLD | Map: 42 | Pos: (3, 7) | Badges: 0 | Party: 1 | Action: up | Stuck: 20864
[19:29:06] OVERWORLD | Map: 42 | Pos: (3, 7) | Badges: 0 | Party: 1 | Action: a | Stuck: 20914
[19:29:06] OVERWORLD | Map: 42 | Pos: (3, 6) | Badges: 0 | Party: 1 | Action: down | Stuck: 20964
[19:29:06] OVERWORLD | Map: 42 | Pos: (3, 7) | Badges: 0 | Party: 1 | Action: up | Stuck: 21014
[19:29:07] OVERWORLD | Map: 42 | Pos: (3, 7) | Badges: 0 | Party: 1 | Action: a | Stuck: 21064
[19:29:07] OVERWORLD | Map: 42 | Pos: (3, 6) | Badges: 0 | Party: 1 | Action: down | Stuck: 21114
[19:29:07] OVERWORLD | Map: 42 | Pos: (3, 7) | Badges: 0 | Party: 1 | Action: up | Stuck: 21164
[19:29:07] OVERWORLD | Map: 42 | Pos: (3, 7) | Badges: 0 | Party: 1 | Action: a | Stuck: 21214
[19:29:07] OVERWORLD | Map: 42 | Pos: (3, 6) | Badges: 0 | Party: 1 | Action: down | Stuck: 21264
[19:29:07] OVERWORLD | Map: 42 | Pos: (3, 7) | Badges: 0 | Party: 1 | Action: up | Stuck: 21314
[19:29:08] OVERWORLD | Map: 42 | Pos: (3, 7) | Badges: 0 | Party: 1 | Action: a | Stuck: 21364
[19:29:08] OVERWORLD | Map: 42 | Pos: (3, 6) | Badges: 0 | Party: 1 | Action: down | Stuck: 21414
[19:29:08] OVERWORLD | Map: 42 | Pos: (3, 7) | Badges: 0 | Party: 1 | Action: up | Stuck: 21464
[19:29:08] OVERWORLD | Map: 42 | Pos: (3, 7) | Badges: 0 | Party: 1 | Action: a | Stuck: 21514
[19:29:08] OVERWORLD | Map: 42 | Pos: (3, 6) | Badges: 0 | Party: 1 | Action: down | Stuck: 21564
[19:29:08] OVERWORLD | Map: 42 | Pos: (3, 7) | Badges: 0 | Party: 1 | Action: up | Stuck: 21614
[19:29:09] OVERWORLD | Map: 42 | Pos: (3, 7) | Badges: 0 | Party: 1 | Action: a | Stuck: 21664
[19:29:09] OVERWORLD | Map: 42 | Pos: (3, 6) | Badges: 0 | Party: 1 | Action: down | Stuck: 21714
[19:29:09] OVERWORLD | Map: 42 | Pos: (3, 7) | Badges: 0 | Party: 1 | Action: up | Stuck: 21764
[19:29:09] OVERWORLD | Map: 42 | Pos: (3, 7) | Badges: 0 | Party: 1 | Action: a | Stuck: 21814
[19:29:09] Session complete. Turns: 22000 | Wins: 1
[19:29:09] POKEDEX | Wrote /Users/bdougie/code/pcc-labs/pokemon-kafka/pokedex/log240.md
