UserWarning: Using SDL2 binaries from pysdl2-dll 2.32.0
[agent] Loaded ROM: /Users/bdougie/code/pcc-labs/autotune/rom/Pokemon - Red Version (USA, Europe) (SGB Enhanced).gb
[agent] Strategy: medium
[agent] Evolve params: {"stuck_threshold": 4, "door_cooldown": 10, "waypoint_skip_distance": 3, "axis_preference_map_0": "y", "bt_max_snapshots": 8, "bt_restore_threshold": 19, "bt_max_attempts": 3, "bt_snapshot_interval": 34, "hp_run_threshold": 0.2, "hp_heal_threshold": 0.15, "unknown_move_score": 10.0, "status_move_score": 0.0}
[agent] Running headless — no display
[16:43:32] Agent starting.
[16:43:32] Loaded save state from /Users/bdougie/code/pcc-labs/autotune/states/route1.state. Skipping intro.
[16:43:32] QUEST | map=12 pos=(10,34) facing=up parcel_quest phase=TO_MART map=12 parcel=False pokedex=False target=None
[16:43:32] OVERWORLD | Map: 12 | Pos: (10, 34) | Badges: 0 | Party: 1 | Action: up | Stuck: 0 | WP: 0→(10,33)
[16:43:32] BATTLE | Lv3 Pidgey (normal/flying) | Player HP: 6/22 | Action: fight
[16:43:32] BATTLE | Lv3 Pidgey (normal/flying) | Player HP: 22/22 | Action: fight
[16:43:32] BATTLE | Lv3 Pidgey (normal/flying) | Player HP: 19/22 | Action: fight
[16:43:32] BATTLE | Lv3 Pidgey (normal/flying) | Player HP: 16/22 | Action: fight
[16:43:32] BATTLE | Lv3 Pidgey (normal/flying) | Player HP: 13/22 | Action: fight
[16:43:32] Battle ended. Won: True. Total wins: 1
[16:43:32] STUCK | Map: 12 | Pos: (10, 32) | Last move: up | Streak: 2
[16:43:32] BATTLE | Lv3 Pidgey (normal/flying) | Player HP: 13/22 | Action: fight
[16:43:32] BATTLE | Lv3 Pidgey (normal/flying) | Player HP: 13/22 | Action: fight
[16:43:32] BATTLE | Lv3 Pidgey (normal/flying) | Player HP: 10/22 | Action: fight
[16:43:32] BATTLE | Lv3 Pidgey (normal/flying) | Player HP: 7/22 | Action: fight
[16:43:32] Battle ended. Won: True. Total wins: 2
[16:43:32] LEVEL UP | Lv6 -> Lv7
[16:43:32] STUCK | Map: 12 | Pos: (5, 28) | Last move: up | Streak: 2
[16:43:32] STUCK | Map: 12 | Pos: (5, 28) | Last move: up | Streak: 5
[16:43:32] STUCK | Map: 12 | Pos: (5, 28) | Last move: up | Streak: 2
[16:43:32] STUCK | Map: 12 | Pos: (5, 28) | Last move: up | Streak: 5
[16:43:32] STUCK | Map: 12 | Pos: (7, 28) | Last move: right | Streak: 10
[16:43:32] BATTLE | Lv3 Rattata (normal) | Player HP: 9/24 | Action: fight
[16:43:32] BATTLE | Lv3 Rattata (normal) | Player HP: 9/24 | Action: fight
[16:43:32] BATTLE | Lv3 Rattata (normal) | Player HP: 6/24 | Action: fight
[16:43:32] BATTLE | Lv3 Rattata (normal) | Player HP: 6/24 | Action: fight
[16:43:32] Battle ended. Won: True. Total wins: 3
[16:43:32] STUCK | Map: 12 | Pos: (7, 28) | Last move: up | Streak: 2
[16:43:32] OVERWORLD | Map: 12 | Pos: (6, 28) | Badges: 0 | Party: 1 | Action: up | Stuck: 1 | WP: 2→(5,20)
[16:43:32] STUCK | Map: 12 | Pos: (6, 24) | Last move: up | Streak: 2
[16:43:32] STUCK | Map: 12 | Pos: (6, 24) | Last move: right | Streak: 5
[16:43:32] STUCK | Map: 12 | Pos: (6, 24) | Last move: up | Streak: 10
[16:43:32] STUCK | Map: 12 | Pos: (6, 24) | Last move: up | Streak: 2
[16:43:32] STUCK | Map: 12 | Pos: (6, 24) | Last move: right | Streak: 5
[16:43:32] STUCK | Map: 12 | Pos: (6, 24) | Last move: up | Streak: 10
[16:43:33] STUCK | Map: 12 | Pos: (6, 24) | Last move: up | Streak: 2
[16:43:33] STUCK | Map: 12 | Pos: (6, 24) | Last move: right | Streak: 5
[16:43:33] STUCK | Map: 12 | Pos: (6, 24) | Last move: up | Streak: 10
[16:43:33] STUCK | Map: 12 | Pos: (8, 26) | Last move: down | Streak: 20
[16:43:33] BATTLE | Lv2 Rattata (normal) | Player HP: 6/24 | Action: fight
[16:43:33] BATTLE | Lv2 Rattata (normal) | Player HP: 6/24 | Action: fight
[16:43:33] BATTLE | Lv2 Rattata (normal) | Player HP: 4/24 | Action: run
[16:43:33] BATTLE | Lv2 Rattata (normal) | Player HP: 2/24 | Action: run
[16:43:33] Battle ended. Won: True. Total wins: 4
[16:43:33] STUCK | Map: 12 | Pos: (5, 28) | Last move: up | Streak: 2
[16:43:33] STUCK | Map: 12 | Pos: (5, 28) | Last move: up | Streak: 5
[16:43:33] BATTLE | Lv3 Rattata (normal) | Player HP: 2/24 | Action: run
[16:43:33] BATTLE | Lv3 Rattata (normal) | Player HP: 2/24 | Action: run
[16:43:33] BATTLE | Lv3 Rattata (normal) | Player HP: 2/24 | Action: run
[16:43:33] BATTLE | Lv3 Rattata (normal) | Player HP: 0/24 | Action: fight
[16:43:33] Battle ended. Won: True. Total wins: 5
[16:43:33] MAP CHANGE | 12 -> 0 | Pos: (5, 6)
[16:43:33] QUEST | map=0 pos=(5,6) facing=right parcel_quest phase=TO_MART map=0 parcel=False pokedex=False target=None
[16:43:33] MAP CHANGE | 0 -> 37 | Pos: (5, 5)
[16:43:33] SCREENSHOT | /Users/bdougie/code/pcc-labs/pokemon-kafka/frames/turn120_house_1f.png
[16:43:33] DIAG | House 1F at (5,5) collision map:
[16:43:33] # # # # # # # # # #
# # # # # # # # # #
# # # # # # # # # #
# # # # # # # # # #
# # # # @ # # # # #
# # # # # # # # # #
# # # # # # # # # #
# # # # # # # # # #
# # # # # # # # # #
[16:43:33] QUEST | map=37 pos=(5,5) facing=up parcel_quest phase=TO_MART map=37 parcel=False pokedex=False target=None
[16:43:33] STUCK | Map: 37 | Pos: (2, 7) | Last move: left | Streak: 2
[16:43:33] MAP CHANGE | 37 -> 0 | Pos: (5, 5)
[16:43:33] STUCK | Map: 0 | Pos: (5, 6) | Last move: a | Streak: 2
[16:43:33] OVERWORLD | Map: 0 | Pos: (5, 6) | Badges: 0 | Party: 1 | Action: a | Stuck: 3 | WP: 0→(8,10)
[16:43:33] STUCK | Map: 0 | Pos: (5, 7) | Last move: down | Streak: 2
[16:43:33] QUEST | map=0 pos=(1,7) facing=left parcel_quest phase=TO_MART map=0 parcel=False pokedex=False target=None
[16:43:33] STUCK | Map: 0 | Pos: (3, 7) | Last move: right | Streak: 2
[16:43:33] OVERWORLD | Map: 0 | Pos: (3, 6) | Badges: 0 | Party: 1 | Action: right | Stuck: 1 | WP: 0→(8,10)
[16:43:33] OVERWORLD | Map: 0 | Pos: (10, 0) | Badges: 0 | Party: 1 | Action: up | Stuck: 0 | WP: 0→(8,10)
[16:43:33] MAP CHANGE | 0 -> 12 | Pos: (10, 34)
[16:43:33] QUEST | map=12 pos=(10,34) facing=up parcel_quest phase=TO_MART map=12 parcel=False pokedex=False target=None
[16:43:33] BATTLE | Lv4 Rattata (normal) | Player HP: 0/24 | Action: run
[16:43:33] BATTLE | Lv4 Rattata (normal) | Player HP: 24/24 | Action: fight
[16:43:33] BATTLE | Lv4 Rattata (normal) | Player HP: 21/24 | Action: fight
[16:43:33] BATTLE | Lv4 Rattata (normal) | Player HP: 21/24 | Action: fight
[16:43:33] BATTLE | Lv4 Rattata (normal) | Player HP: 23/26 | Action: fight
[16:43:33] Battle ended. Won: True. Total wins: 6
[16:43:33] LEVEL UP | Lv7 -> Lv8
[16:43:33] BATTLE | Lv2 Pidgey (normal/flying) | Player HP: 23/26 | Action: fight
[16:43:33] BATTLE | Lv2 Pidgey (normal/flying) | Player HP: 23/26 | Action: fight
[16:43:34] BATTLE | Lv2 Pidgey (normal/flying) | Player HP: 21/26 | Action: fight
[16:43:34] Battle ended. Won: True. Total wins: 7
[16:43:34] BATTLE | Lv3 Pidgey (normal/flying) | Player HP: 21/26 | Action: fight
[16:43:34] BATTLE | Lv3 Pidgey (normal/flying) | Player HP: 21/26 | Action: fight
[16:43:34] BATTLE | Lv3 Pidgey (normal/flying) | Player HP: 18/26 | Action: fight
[16:43:34] BATTLE | Lv3 Pidgey (normal/flying) | Player HP: 15/26 | Action: fight
[16:43:34] Battle ended. Won: True. Total wins: 8
[16:43:34] STUCK | Map: 12 | Pos: (6, 29) | Last move: down | Streak: 2
[16:43:34] STUCK | Map: 12 | Pos: (5, 28) | Last move: up | Streak: 2
[16:43:34] STUCK | Map: 12 | Pos: (5, 28) | Last move: up | Streak: 5
[16:43:34] STUCK | Map: 12 | Pos: (5, 28) | Last move: up | Streak: 2
[16:43:34] STUCK | Map: 12 | Pos: (5, 28) | Last move: up | Streak: 5
[16:43:34] OVERWORLD | Map: 12 | Pos: (5, 28) | Badges: 0 | Party: 1 | Action: right | Stuck: 9 | WP: 2→(5,20)
[16:43:34] STUCK | Map: 12 | Pos: (7, 28) | Last move: right | Streak: 10
[16:43:34] BATTLE | Lv3 Pidgey (normal/flying) | Player HP: 15/26 | Action: fight
[16:43:34] BATTLE | Lv3 Pidgey (normal/flying) | Player HP: 15/26 | Action: fight
[16:43:34] BATTLE | Lv3 Pidgey (normal/flying) | Player HP: 13/26 | Action: fight
[16:43:34] BATTLE | Lv3 Pidgey (normal/flying) | Player HP: 11/26 | Action: fight
[16:43:34] BATTLE | Lv3 Pidgey (normal/flying) | Player HP: 9/26 | Action: fight
[16:43:34] Battle ended. Won: True. Total wins: 9
[16:43:34] STUCK | Map: 12 | Pos: (5, 25) | Last move: up | Streak: 2
[16:43:34] STUCK | Map: 12 | Pos: (5, 25) | Last move: up | Streak: 5
[16:43:34] STUCK | Map: 12 | Pos: (6, 24) | Last move: up | Streak: 2
[16:43:34] STUCK | Map: 12 | Pos: (6, 24) | Last move: left | Streak: 5
[16:43:34] STUCK | Map: 12 | Pos: (6, 24) | Last move: up | Streak: 10
[16:43:34] STUCK | Map: 12 | Pos: (5, 24) | Last move: up | Streak: 2
[16:43:34] STUCK | Map: 12 | Pos: (5, 24) | Last move: up | Streak: 5
[16:43:34] STUCK | Map: 12 | Pos: (7, 24) | Last move: right | Streak: 10
[16:43:34] STUCK | Map: 12 | Pos: (7, 24) | Last move: up | Streak: 2
[16:43:34] OVERWORLD | Map: 12 | Pos: (5, 24) | Badges: 0 | Party: 1 | Action: up | Stuck: 3 | WP: 2→(5,20)
[16:43:34] STUCK | Map: 12 | Pos: (5, 24) | Last move: up | Streak: 5
[16:43:34] STUCK | Map: 12 | Pos: (7, 24) | Last move: right | Streak: 10
[16:43:34] STUCK | Map: 12 | Pos: (5, 25) | Last move: up | Streak: 2
[16:43:34] STUCK | Map: 12 | Pos: (5, 25) | Last move: up | Streak: 5
[16:43:34] STUCK | Map: 12 | Pos: (5, 24) | Last move: up | Streak: 2
[16:43:34] STUCK | Map: 12 | Pos: (5, 24) | Last move: up | Streak: 5
[16:43:34] STUCK | Map: 12 | Pos: (5, 24) | Last move: up | Streak: 2
[16:43:34] STUCK | Map: 12 | Pos: (5, 24) | Last move: up | Streak: 5
[16:43:34] STUCK | Map: 12 | Pos: (7, 24) | Last move: right | Streak: 10
[16:43:34] STUCK | Map: 12 | Pos: (7, 24) | Last move: up | Streak: 2
[16:43:34] OVERWORLD | Map: 12 | Pos: (6, 24) | Badges: 0 | Party: 1 | Action: up | Stuck: 1 | WP: 2→(5,20)
[16:43:34] STUCK | Map: 12 | Pos: (6, 24) | Last move: up | Streak: 2
[16:43:34] STUCK | Map: 12 | Pos: (5, 24) | Last move: up | Streak: 5
[16:43:34] STUCK | Map: 12 | Pos: (7, 24) | Last move: right | Streak: 10
[16:43:34] STUCK | Map: 12 | Pos: (6, 24) | Last move: up | Streak: 2
[16:43:34] STUCK | Map: 12 | Pos: (5, 24) | Last move: up | Streak: 5
[16:43:34] STUCK | Map: 12 | Pos: (7, 24) | Last move: right | Streak: 10
[16:43:34] BACKTRACK | Restored to turn 272 map=12 (6,25) attempt=1
[16:43:35] STUCK | Map: 12 | Pos: (5, 24) | Last move: up | Streak: 2
[16:43:35] STUCK | Map: 12 | Pos: (5, 24) | Last move: up | Streak: 5
[16:43:35] STUCK | Map: 12 | Pos: (5, 24) | Last move: up | Streak: 2
[16:43:35] OVERWORLD | Map: 12 | Pos: (5, 24) | Badges: 0 | Party: 1 | Action: up | Stuck: 2 | WP: 2→(5,20)
[16:43:35] STUCK | Map: 12 | Pos: (5, 24) | Last move: up | Streak: 5
[16:43:35] STUCK | Map: 12 | Pos: (7, 24) | Last move: right | Streak: 10
[16:43:35] STUCK | Map: 12 | Pos: (7, 24) | Last move: up | Streak: 2
[16:43:35] STUCK | Map: 12 | Pos: (5, 24) | Last move: up | Streak: 5
[16:43:35] STUCK | Map: 12 | Pos: (7, 24) | Last move: right | Streak: 10
[16:43:35] STUCK | Map: 12 | Pos: (5, 26) | Last move: up | Streak: 2
[16:43:35] STUCK | Map: 12 | Pos: (5, 26) | Last move: up | Streak: 5
[16:43:35] STUCK | Map: 12 | Pos: (7, 26) | Last move: right | Streak: 10
[16:43:35] STUCK | Map: 12 | Pos: (5, 24) | Last move: up | Streak: 2
[16:43:35] STUCK | Map: 12 | Pos: (5, 24) | Last move: up | Streak: 5
[16:43:35] STUCK | Map: 12 | Pos: (7, 24) | Last move: right | Streak: 10
[16:43:35] OVERWORLD | Map: 12 | Pos: (7, 24) | Badges: 0 | Party: 1 | Action: up | Stuck: 1 | WP: 2→(5,20)
[16:43:35] STUCK | Map: 12 | Pos: (7, 24) | Last move: up | Streak: 2
[16:43:35] STUCK | Map: 12 | Pos: (5, 24) | Last move: up | Streak: 5
[16:43:35] STUCK | Map: 12 | Pos: (7, 24) | Last move: right | Streak: 10
[16:43:35] STUCK | Map: 12 | Pos: (5, 24) | Last move: up | Streak: 2
[16:43:35] STUCK | Map: 12 | Pos: (5, 24) | Last move: up | Streak: 5
[16:43:35] STUCK | Map: 12 | Pos: (5, 24) | Last move: up | Streak: 2
[16:43:35] STUCK | Map: 12 | Pos: (5, 24) | Last move: up | Streak: 5
[16:43:35] STUCK | Map: 12 | Pos: (7, 24) | Last move: right | Streak: 10
[16:43:35] STUCK | Map: 12 | Pos: (7, 24) | Last move: up | Streak: 2
[16:43:35] STUCK | Map: 12 | Pos: (6, 24) | Last move: up | Streak: 2
[16:43:35] STUCK | Map: 12 | Pos: (5, 24) | Last move: up | Streak: 5
[16:43:35] OVERWORLD | Map: 12 | Pos: (5, 24) | Badges: 0 | Party: 1 | Action: right | Stuck: 9 | WP: 2→(5,20)
[16:43:35] STUCK | Map: 12 | Pos: (7, 24) | Last move: right | Streak: 10
[16:43:35] STUCK | Map: 12 | Pos: (6, 24) | Last move: up | Streak: 2
[16:43:35] STUCK | Map: 12 | Pos: (6, 24) | Last move: left | Streak: 5
[16:43:35] STUCK | Map: 12 | Pos: (7, 24) | Last move: right | Streak: 10
[16:43:35] BACKTRACK | Restored to turn 272 map=12 (6,25) attempt=2
[16:43:35] STUCK | Map: 12 | Pos: (5, 24) | Last move: up | Streak: 2
[16:43:35] STUCK | Map: 12 | Pos: (5, 24) | Last move: up | Streak: 5
[16:43:35] STUCK | Map: 12 | Pos: (5, 24) | Last move: up | Streak: 2
[16:43:35] STUCK | Map: 12 | Pos: (5, 24) | Last move: up | Streak: 5
[16:43:35] STUCK | Map: 12 | Pos: (7, 24) | Last move: right | Streak: 10
[16:43:35] OVERWORLD | Map: 12 | Pos: (7, 24) | Badges: 0 | Party: 1 | Action: right | Stuck: 10 | WP: 2→(5,20)
[16:43:35] STUCK | Map: 12 | Pos: (7, 24) | Last move: up | Streak: 2
[16:43:35] STUCK | Map: 12 | Pos: (5, 24) | Last move: up | Streak: 5
[16:43:35] STUCK | Map: 12 | Pos: (7, 24) | Last move: right | Streak: 10
[16:43:35] STUCK | Map: 12 | Pos: (5, 26) | Last move: up | Streak: 2
[16:43:35] STUCK | Map: 12 | Pos: (5, 26) | Last move: up | Streak: 5
[16:43:35] STUCK | Map: 12 | Pos: (7, 26) | Last move: right | Streak: 10
[16:43:35] STUCK | Map: 12 | Pos: (5, 24) | Last move: up | Streak: 2
[16:43:35] STUCK | Map: 12 | Pos: (5, 24) | Last move: up | Streak: 5
[16:43:35] STUCK | Map: 12 | Pos: (7, 24) | Last move: right | Streak: 10
[16:43:35] STUCK | Map: 12 | Pos: (7, 24) | Last move: up | Streak: 2
[16:43:35] STUCK | Map: 12 | Pos: (5, 24) | Last move: up | Streak: 5
[16:43:35] OVERWORLD | Map: 12 | Pos: (5, 24) | Badges: 0 | Party: 1 | Action: right | Stuck: 9 | WP: 2→(5,20)
[16:43:35] STUCK | Map: 12 | Pos: (7, 24) | Last move: right | Streak: 10
[16:43:35] STUCK | Map: 12 | Pos: (5, 24) | Last move: up | Streak: 2
[16:43:35] STUCK | Map: 12 | Pos: (5, 24) | Last move: up | Streak: 5
[16:43:35] STUCK | Map: 12 | Pos: (5, 24) | Last move: up | Streak: 2
[16:43:35] STUCK | Map: 12 | Pos: (5, 24) | Last move: up | Streak: 5
[16:43:35] STUCK | Map: 12 | Pos: (7, 24) | Last move: right | Streak: 10
[16:43:35] STUCK | Map: 12 | Pos: (7, 24) | Last move: up | Streak: 2
[16:43:35] STUCK | Map: 12 | Pos: (6, 24) | Last move: up | Streak: 2
[16:43:35] STUCK | Map: 12 | Pos: (5, 24) | Last move: up | Streak: 5
[16:43:35] STUCK | Map: 12 | Pos: (7, 24) | Last move: right | Streak: 10
[16:43:35] OVERWORLD | Map: 12 | Pos: (6, 25) | Badges: 0 | Party: 1 | Action: up | Stuck: 1 | WP: 2→(5,20)
[16:43:35] STUCK | Map: 12 | Pos: (6, 24) | Last move: up | Streak: 2
[16:43:35] STUCK | Map: 12 | Pos: (6, 24) | Last move: left | Streak: 5
[16:43:35] STUCK | Map: 12 | Pos: (7, 24) | Last move: right | Streak: 10
[16:43:35] BACKTRACK | Restored to turn 272 map=12 (6,25) attempt=3
[16:43:35] STUCK | Map: 12 | Pos: (5, 24) | Last move: up | Streak: 2
[16:43:35] STUCK | Map: 12 | Pos: (5, 24) | Last move: up | Streak: 5
[16:43:35] STUCK | Map: 12 | Pos: (5, 24) | Last move: up | Streak: 2
[16:43:35] STUCK | Map: 12 | Pos: (5, 24) | Last move: up | Streak: 5
[16:43:35] STUCK | Map: 12 | Pos: (7, 24) | Last move: right | Streak: 10
[16:43:35] STUCK | Map: 12 | Pos: (7, 24) | Last move: up | Streak: 2
[16:43:35] STUCK | Map: 12 | Pos: (5, 24) | Last move: up | Streak: 5
[16:43:35] OVERWORLD | Map: 12 | Pos: (5, 24) | Badges: 0 | Party: 1 | Action: up | Stuck: 7 | WP: 2→(5,20)
[16:43:35] STUCK | Map: 12 | Pos: (7, 24) | Last move: right | Streak: 10
[16:43:35] STUCK | Map: 12 | Pos: (5, 26) | Last move: up | Streak: 2
[16:43:35] STUCK | Map: 12 | Pos: (5, 26) | Last move: up | Streak: 5
[16:43:35] STUCK | Map: 12 | Pos: (7, 26) | Last move: right | Streak: 10
[16:43:35] STUCK | Map: 12 | Pos: (5, 24) | Last move: up | Streak: 2
[16:43:35] STUCK | Map: 12 | Pos: (5, 24) | Last move: up | Streak: 5
[16:43:35] STUCK | Map: 12 | Pos: (7, 24) | Last move: right | Streak: 10
[16:43:35] STUCK | Map: 12 | Pos: (7, 24) | Last move: up | Streak: 2
[16:43:35] STUCK | Map: 12 | Pos: (5, 24) | Last move: up | Streak: 5
[16:43:36] STUCK | Map: 12 | Pos: (7, 24) | Last move: right | Streak: 10
[16:43:36] OVERWORLD | Map: 12 | Pos: (6, 25) | Badges: 0 | Party: 1 | Action: up | Stuck: 1 | WP: 2→(5,20)
[16:43:36] STUCK | Map: 12 | Pos: (5, 24) | Last move: up | Streak: 2
[16:43:36] STUCK | Map: 12 | Pos: (5, 24) | Last move: up | Streak: 5
[16:43:36] PROGRESS STALL | No progress for 501 turns, forcing backtrack restore
[16:43:36] BACKTRACK | Restored to turn 170 map=12 (4,29) attempt=1
[16:43:36] BATTLE | Lv3 Pidgey (normal/flying) | Player HP: 21/26 | Action: fight
[16:43:36] BATTLE | Lv3 Pidgey (normal/flying) | Player HP: 21/26 | Action: fight
[16:43:36] BATTLE | Lv3 Pidgey (normal/flying) | Player HP: 18/26 | Action: fight
[16:43:36] BATTLE | Lv3 Pidgey (normal/flying) | Player HP: 15/26 | Action: fight
[16:43:36] Battle ended. Won: True. Total wins: 10
[16:43:36] STUCK | Map: 12 | Pos: (5, 24) | Last move: up | Streak: 2
[16:43:36] STUCK | Map: 12 | Pos: (5, 24) | Last move: up | Streak: 5
[16:43:36] STUCK | Map: 12 | Pos: (5, 24) | Last move: up | Streak: 2
[16:43:36] STUCK | Map: 12 | Pos: (5, 24) | Last move: up | Streak: 5
[16:43:36] STUCK | Map: 12 | Pos: (7, 24) | Last move: right | Streak: 10
[16:43:36] STUCK | Map: 12 | Pos: (7, 24) | Last move: up | Streak: 2
[16:43:36] STUCK | Map: 12 | Pos: (5, 24) | Last move: up | Streak: 5
[16:43:36] OVERWORLD | Map: 12 | Pos: (5, 24) | Badges: 0 | Party: 1 | Action: up | Stuck: 8 | WP: 2→(5,20)
[16:43:36] STUCK | Map: 12 | Pos: (7, 24) | Last move: right | Streak: 10
[16:43:36] STUCK | Map: 12 | Pos: (5, 26) | Last move: up | Streak: 2
[16:43:36] STUCK | Map: 12 | Pos: (5, 26) | Last move: up | Streak: 5
[16:43:36] STUCK | Map: 12 | Pos: (7, 26) | Last move: right | Streak: 10
[16:43:36] STUCK | Map: 12 | Pos: (6, 24) | Last move: up | Streak: 2
[16:43:36] STUCK | Map: 12 | Pos: (6, 24) | Last move: left | Streak: 5
[16:43:36] STUCK | Map: 12 | Pos: (6, 24) | Last move: up | Streak: 10
[16:43:36] STUCK | Map: 12 | Pos: (5, 25) | Last move: up | Streak: 2
[16:43:36] STUCK | Map: 12 | Pos: (5, 25) | Last move: up | Streak: 5
[16:43:36] STUCK | Map: 12 | Pos: (6, 24) | Last move: up | Streak: 2
[16:43:36] OVERWORLD | Map: 12 | Pos: (6, 24) | Badges: 0 | Party: 1 | Action: left | Stuck: 2 | WP: 2→(5,20)
[16:43:36] STUCK | Map: 12 | Pos: (6, 24) | Last move: left | Streak: 5
[16:43:36] STUCK | Map: 12 | Pos: (5, 24) | Last move: up | Streak: 2
[16:43:36] STUCK | Map: 12 | Pos: (5, 24) | Last move: up | Streak: 5
[16:43:36] STUCK | Map: 12 | Pos: (5, 24) | Last move: up | Streak: 2
[16:43:36] STUCK | Map: 12 | Pos: (5, 24) | Last move: up | Streak: 5
[16:43:36] STUCK | Map: 12 | Pos: (7, 24) | Last move: right | Streak: 10
[16:43:36] STUCK | Map: 12 | Pos: (7, 24) | Last move: up | Streak: 2
[16:43:36] STUCK | Map: 12 | Pos: (5, 24) | Last move: up | Streak: 5
[16:43:36] STUCK | Map: 12 | Pos: (7, 24) | Last move: right | Streak: 10
[16:43:36] STUCK | Map: 12 | Pos: (5, 24) | Last move: up | Streak: 2
[16:43:36] STUCK | Map: 12 | Pos: (5, 24) | Last move: up | Streak: 5
[16:43:36] OVERWORLD | Map: 12 | Pos: (5, 24) | Badges: 0 | Party: 1 | Action: up | Stuck: 6 | WP: 2→(5,20)
[16:43:36] STUCK | Map: 12 | Pos: (5, 24) | Last move: up | Streak: 2
[16:43:36] STUCK | Map: 12 | Pos: (5, 24) | Last move: up | Streak: 5
[16:43:36] STUCK | Map: 12 | Pos: (7, 24) | Last move: right | Streak: 10
[16:43:36] STUCK | Map: 12 | Pos: (7, 24) | Last move: up | Streak: 2
[16:43:36] STUCK | Map: 12 | Pos: (5, 24) | Last move: up | Streak: 5
[16:43:36] STUCK | Map: 12 | Pos: (7, 24) | Last move: right | Streak: 10
[16:43:36] STUCK | Map: 12 | Pos: (5, 25) | Last move: up | Streak: 2
[16:43:36] STUCK | Map: 12 | Pos: (5, 25) | Last move: up | Streak: 5
[16:43:36] STUCK | Map: 12 | Pos: (5, 24) | Last move: up | Streak: 2
[16:43:36] STUCK | Map: 12 | Pos: (5, 24) | Last move: up | Streak: 5
[16:43:36] OVERWORLD | Map: 12 | Pos: (5, 24) | Badges: 0 | Party: 1 | Action: up | Stuck: 5 | WP: 2→(5,20)
[16:43:36] STUCK | Map: 12 | Pos: (5, 24) | Last move: up | Streak: 2
[16:43:36] STUCK | Map: 12 | Pos: (5, 24) | Last move: up | Streak: 5
[16:43:36] STUCK | Map: 12 | Pos: (7, 24) | Last move: right | Streak: 10
[16:43:36] STUCK | Map: 12 | Pos: (7, 24) | Last move: up | Streak: 2
[16:43:36] STUCK | Map: 12 | Pos: (5, 24) | Last move: up | Streak: 5
[16:43:36] STUCK | Map: 12 | Pos: (7, 24) | Last move: right | Streak: 10
[16:43:36] STUCK | Map: 12 | Pos: (5, 24) | Last move: up | Streak: 2
[16:43:36] STUCK | Map: 12 | Pos: (5, 24) | Last move: up | Streak: 5
[16:43:36] STUCK | Map: 12 | Pos: (5, 24) | Last move: up | Streak: 2
[16:43:36] STUCK | Map: 12 | Pos: (5, 24) | Last move: up | Streak: 5
[16:43:36] OVERWORLD | Map: 12 | Pos: (5, 24) | Badges: 0 | Party: 1 | Action: up | Stuck: 5 | WP: 2→(5,20)
[16:43:36] STUCK | Map: 12 | Pos: (7, 24) | Last move: right | Streak: 10
[16:43:36] STUCK | Map: 12 | Pos: (7, 24) | Last move: up | Streak: 2
[16:43:36] STUCK | Map: 12 | Pos: (5, 24) | Last move: up | Streak: 5
[16:43:36] STUCK | Map: 12 | Pos: (7, 24) | Last move: right | Streak: 10
[16:43:36] STUCK | Map: 12 | Pos: (5, 26) | Last move: up | Streak: 2
[16:43:37] STUCK | Map: 12 | Pos: (5, 25) | Last move: up | Streak: 2
[16:43:37] STUCK | Map: 12 | Pos: (5, 25) | Last move: up | Streak: 5
[16:43:37] STUCK | Map: 12 | Pos: (6, 24) | Last move: up | Streak: 2
[16:43:37] STUCK | Map: 12 | Pos: (6, 24) | Last move: left | Streak: 5
[16:43:37] STUCK | Map: 12 | Pos: (6, 24) | Last move: up | Streak: 10
[16:43:37] OVERWORLD | Map: 12 | Pos: (5, 24) | Badges: 0 | Party: 1 | Action: up | Stuck: 1 | WP: 2→(5,20)
[16:43:37] STUCK | Map: 12 | Pos: (5, 24) | Last move: up | Streak: 2
[16:43:37] STUCK | Map: 12 | Pos: (5, 24) | Last move: up | Streak: 5
[16:43:37] STUCK | Map: 12 | Pos: (7, 24) | Last move: right | Streak: 10
[16:43:37] STUCK | Map: 12 | Pos: (7, 24) | Last move: up | Streak: 2
[16:43:37] STUCK | Map: 12 | Pos: (5, 24) | Last move: up | Streak: 5
[16:43:37] STUCK | Map: 12 | Pos: (7, 24) | Last move: right | Streak: 10
[16:43:37] STUCK | Map: 12 | Pos: (5, 24) | Last move: up | Streak: 2
[16:43:37] STUCK | Map: 12 | Pos: (5, 24) | Last move: up | Streak: 5
[16:43:37] STUCK | Map: 12 | Pos: (5, 24) | Last move: up | Streak: 2
[16:43:37] STUCK | Map: 12 | Pos: (5, 24) | Last move: up | Streak: 5
[16:43:37] STUCK | Map: 12 | Pos: (7, 24) | Last move: right | Streak: 10
[16:43:37] OVERWORLD | Map: 12 | Pos: (9, 24) | Badges: 0 | Party: 1 | Action: left | Stuck: 0 | WP: 2→(5,20)
[16:43:37] STUCK | Map: 12 | Pos: (7, 24) | Last move: up | Streak: 2
[16:43:37] STUCK | Map: 12 | Pos: (5, 24) | Last move: up | Streak: 5
[16:43:37] STUCK | Map: 12 | Pos: (7, 24) | Last move: right | Streak: 10
[16:43:37] STUCK | Map: 12 | Pos: (5, 26) | Last move: up | Streak: 2
[16:43:37] STUCK | Map: 12 | Pos: (5, 26) | Last move: up | Streak: 5
[16:43:37] STUCK | Map: 12 | Pos: (5, 25) | Last move: up | Streak: 2
[16:43:37] STUCK | Map: 12 | Pos: (5, 25) | Last move: up | Streak: 5
[16:43:37] STUCK | Map: 12 | Pos: (6, 24) | Last move: up | Streak: 2
[16:43:37] STUCK | Map: 12 | Pos: (5, 24) | Last move: up | Streak: 2
[16:43:37] STUCK | Map: 12 | Pos: (5, 24) | Last move: up | Streak: 5
[16:43:37] OVERWORLD | Map: 12 | Pos: (7, 24) | Badges: 0 | Party: 1 | Action: left | Stuck: 0 | WP: 2→(5,20)
[16:43:37] STUCK | Map: 12 | Pos: (5, 24) | Last move: up | Streak: 2
[16:43:37] STUCK | Map: 12 | Pos: (5, 24) | Last move: up | Streak: 5
[16:43:37] STUCK | Map: 12 | Pos: (7, 24) | Last move: right | Streak: 10
[16:43:37] STUCK | Map: 12 | Pos: (7, 24) | Last move: up | Streak: 2
[16:43:37] STUCK | Map: 12 | Pos: (5, 24) | Last move: up | Streak: 5
[16:43:37] STUCK | Map: 12 | Pos: (7, 24) | Last move: right | Streak: 10
[16:43:37] STUCK | Map: 12 | Pos: (5, 25) | Last move: up | Streak: 2
[16:43:37] STUCK | Map: 12 | Pos: (5, 25) | Last move: up | Streak: 5
[16:43:37] STUCK | Map: 12 | Pos: (5, 24) | Last move: up | Streak: 2
[16:43:37] STUCK | Map: 12 | Pos: (5, 24) | Last move: up | Streak: 5
[16:43:37] OVERWORLD | Map: 12 | Pos: (7, 24) | Badges: 0 | Party: 1 | Action: left | Stuck: 0 | WP: 2→(5,20)
[16:43:37] STUCK | Map: 12 | Pos: (5, 24) | Last move: up | Streak: 2
[16:43:37] STUCK | Map: 12 | Pos: (5, 24) | Last move: up | Streak: 5
[16:43:37] STUCK | Map: 12 | Pos: (7, 24) | Last move: right | Streak: 10
[16:43:37] STUCK | Map: 12 | Pos: (7, 24) | Last move: up | Streak: 2
[16:43:37] STUCK | Map: 12 | Pos: (5, 24) | Last move: up | Streak: 5
[16:43:37] STUCK | Map: 12 | Pos: (7, 24) | Last move: right | Streak: 10
[16:43:37] STUCK | Map: 12 | Pos: (5, 24) | Last move: up | Streak: 2
[16:43:37] STUCK | Map: 12 | Pos: (5, 24) | Last move: up | Streak: 5
[16:43:37] STUCK | Map: 12 | Pos: (5, 24) | Last move: up | Streak: 2
[16:43:37] STUCK | Map: 12 | Pos: (5, 24) | Last move: up | Streak: 5
[16:43:37] STUCK | Map: 12 | Pos: (7, 24) | Last move: right | Streak: 10
[16:43:37] OVERWORLD | Map: 12 | Pos: (7, 24) | Badges: 0 | Party: 1 | Action: right | Stuck: 10 | WP: 2→(5,20)
[16:43:37] STUCK | Map: 12 | Pos: (7, 24) | Last move: up | Streak: 2
[16:43:37] STUCK | Map: 12 | Pos: (5, 24) | Last move: up | Streak: 5
[16:43:37] STUCK | Map: 12 | Pos: (7, 24) | Last move: right | Streak: 10
[16:43:37] PROGRESS STALL | No progress for 501 turns, forcing backtrack restore
[16:43:37] BACKTRACK | Restored to turn 1190 map=12 (7,24) attempt=1
[16:43:37] STUCK | Map: 12 | Pos: (5, 24) | Last move: up | Streak: 2
[16:43:37] STUCK | Map: 12 | Pos: (5, 24) | Last move: up | Streak: 5
[16:43:37] STUCK | Map: 12 | Pos: (5, 24) | Last move: up | Streak: 2
[16:43:37] STUCK | Map: 12 | Pos: (5, 24) | Last move: up | Streak: 5
[16:43:37] STUCK | Map: 12 | Pos: (7, 24) | Last move: right | Streak: 10
[16:43:37] STUCK | Map: 12 | Pos: (7, 24) | Last move: up | Streak: 2
[16:43:37] STUCK | Map: 12 | Pos: (6, 24) | Last move: up | Streak: 2
[16:43:37] STUCK | Map: 12 | Pos: (5, 24) | Last move: left | Streak: 5
[16:43:37] STUCK | Map: 12 | Pos: (7, 24) | Last move: right | Streak: 10
[16:43:37] OVERWORLD | Map: 12 | Pos: (9, 24) | Badges: 0 | Party: 1 | Action: down | Stuck: 11 | WP: 2→(5,20)
[16:43:37] STUCK | Map: 12 | Pos: (5, 26) | Last move: up | Streak: 2
[16:43:37] STUCK | Map: 12 | Pos: (5, 26) | Last move: up | Streak: 5
[16:43:37] STUCK | Map: 12 | Pos: (5, 25) | Last move: up | Streak: 2
[16:43:37] STUCK | Map: 12 | Pos: (5, 25) | Last move: up | Streak: 5
[16:43:37] STUCK | Map: 12 | Pos: (6, 24) | Last move: up | Streak: 2
[16:43:37] STUCK | Map: 12 | Pos: (5, 24) | Last move: up | Streak: 2
[16:43:37] STUCK | Map: 12 | Pos: (5, 24) | Last move: up | Streak: 5
[16:43:37] STUCK | Map: 12 | Pos: (5, 24) | Last move: up | Streak: 2
[16:43:37] STUCK | Map: 12 | Pos: (5, 24) | Last move: up | Streak: 5
[16:43:37] STUCK | Map: 12 | Pos: (7, 24) | Last move: right | Streak: 10
[16:43:37] OVERWORLD | Map: 12 | Pos: (7, 24) | Badges: 0 | Party: 1 | Action: right | Stuck: 10 | WP: 2→(5,20)
[16:43:37] STUCK | Map: 12 | Pos: (7, 24) | Last move: up | Streak: 2
[16:43:37] STUCK | Map: 12 | Pos: (5, 24) | Last move: up | Streak: 5
[16:43:37] STUCK | Map: 12 | Pos: (7, 24) | Last move: right | Streak: 10
[16:43:37] STUCK | Map: 12 | Pos: (5, 25) | Last move: up | Streak: 2
[16:43:37] STUCK | Map: 12 | Pos: (5, 25) | Last move: up | Streak: 5
[16:43:38] STUCK | Map: 12 | Pos: (6, 24) | Last move: up | Streak: 2
[16:43:38] STUCK | Map: 12 | Pos: (6, 24) | Last move: left | Streak: 5
[16:43:38] STUCK | Map: 12 | Pos: (5, 24) | Last move: up | Streak: 2
[16:43:38] STUCK | Map: 12 | Pos: (5, 24) | Last move: up | Streak: 5
[16:43:38] STUCK | Map: 12 | Pos: (5, 24) | Last move: up | Streak: 2
[16:43:38] OVERWORLD | Map: 12 | Pos: (5, 24) | Badges: 0 | Party: 1 | Action: up | Stuck: 4 | WP: 2→(5,20)
[16:43:38] STUCK | Map: 12 | Pos: (5, 24) | Last move: up | Streak: 5
[16:43:38] STUCK | Map: 12 | Pos: (7, 24) | Last move: right | Streak: 10
[16:43:38] STUCK | Map: 12 | Pos: (7, 24) | Last move: up | Streak: 2
[16:43:38] STUCK | Map: 12 | Pos: (5, 24) | Last move: up | Streak: 5
[16:43:38] STUCK | Map: 12 | Pos: (7, 24) | Last move: right | Streak: 10
[16:43:38] STUCK | Map: 12 | Pos: (5, 25) | Last move: up | Streak: 2
[16:43:38] STUCK | Map: 12 | Pos: (5, 25) | Last move: up | Streak: 5
[16:43:38] STUCK | Map: 12 | Pos: (6, 24) | Last move: up | Streak: 2
[16:43:38] STUCK | Map: 12 | Pos: (6, 24) | Last move: left | Streak: 5
[16:43:38] STUCK | Map: 12 | Pos: (6, 24) | Last move: up | Streak: 10
[16:43:38] STUCK | Map: 12 | Pos: (5, 24) | Last move: up | Streak: 2
[16:43:38] OVERWORLD | Map: 12 | Pos: (5, 24) | Badges: 0 | Party: 1 | Action: up | Stuck: 3 | WP: 2→(5,20)
[16:43:38] STUCK | Map: 12 | Pos: (5, 24) | Last move: up | Streak: 5
[16:43:38] STUCK | Map: 12 | Pos: (7, 24) | Last move: right | Streak: 10
[16:43:38] STUCK | Map: 12 | Pos: (7, 24) | Last move: up | Streak: 2
[16:43:38] STUCK | Map: 12 | Pos: (5, 24) | Last move: up | Streak: 5
[16:43:38] STUCK | Map: 12 | Pos: (7, 24) | Last move: right | Streak: 10
[16:43:38] STUCK | Map: 12 | Pos: (5, 24) | Last move: up | Streak: 2
[16:43:38] STUCK | Map: 12 | Pos: (5, 24) | Last move: up | Streak: 5
[16:43:38] STUCK | Map: 12 | Pos: (6, 24) | Last move: up | Streak: 2
[16:43:38] STUCK | Map: 12 | Pos: (6, 24) | Last move: left | Streak: 5
[16:43:38] STUCK | Map: 12 | Pos: (6, 24) | Last move: up | Streak: 10
[16:43:38] OVERWORLD | Map: 12 | Pos: (5, 26) | Badges: 0 | Party: 1 | Action: up | Stuck: 0 | WP: 2→(5,20)
[16:43:38] STUCK | Map: 12 | Pos: (5, 25) | Last move: up | Streak: 2
[16:43:38] STUCK | Map: 12 | Pos: (5, 25) | Last move: up | Streak: 5
[16:43:38] STUCK | Map: 12 | Pos: (6, 24) | Last move: up | Streak: 2
[16:43:38] STUCK | Map: 12 | Pos: (6, 24) | Last move: left | Streak: 5
[16:43:38] STUCK | Map: 12 | Pos: (6, 24) | Last move: up | Streak: 10
[16:43:38] STUCK | Map: 12 | Pos: (6, 24) | Last move: up | Streak: 2
[16:43:38] STUCK | Map: 12 | Pos: (6, 24) | Last move: left | Streak: 5
[16:43:38] STUCK | Map: 12 | Pos: (5, 24) | Last move: up | Streak: 2
[16:43:38] STUCK | Map: 12 | Pos: (5, 24) | Last move: up | Streak: 5
[16:43:38] STUCK | Map: 12 | Pos: (5, 24) | Last move: up | Streak: 2
[16:43:38] STUCK | Map: 12 | Pos: (5, 24) | Last move: up | Streak: 5
[16:43:38] OVERWORLD | Map: 12 | Pos: (5, 24) | Badges: 0 | Party: 1 | Action: up | Stuck: 8 | WP: 2→(5,20)
[16:43:38] STUCK | Map: 12 | Pos: (7, 24) | Last move: right | Streak: 10
[16:43:38] STUCK | Map: 12 | Pos: (7, 24) | Last move: up | Streak: 2
[16:43:38] STUCK | Map: 12 | Pos: (5, 24) | Last move: up | Streak: 5
[16:43:38] STUCK | Map: 12 | Pos: (7, 24) | Last move: right | Streak: 10
[16:43:38] STUCK | Map: 12 | Pos: (5, 24) | Last move: up | Streak: 2
[16:43:38] STUCK | Map: 12 | Pos: (5, 24) | Last move: up | Streak: 5
[16:43:38] STUCK | Map: 12 | Pos: (5, 24) | Last move: up | Streak: 2
[16:43:38] STUCK | Map: 12 | Pos: (5, 24) | Last move: up | Streak: 5
[16:43:38] STUCK | Map: 12 | Pos: (7, 24) | Last move: right | Streak: 10
[16:43:38] STUCK | Map: 12 | Pos: (7, 24) | Last move: up | Streak: 2
[16:43:38] STUCK | Map: 12 | Pos: (6, 24) | Last move: up | Streak: 2
[16:43:38] STUCK | Map: 12 | Pos: (5, 24) | Last move: up | Streak: 5
[16:43:38] OVERWORLD | Map: 12 | Pos: (5, 24) | Badges: 0 | Party: 1 | Action: up | Stuck: 5 | WP: 2→(5,20)
[16:43:38] STUCK | Map: 12 | Pos: (7, 24) | Last move: right | Streak: 10
[16:43:38] STUCK | Map: 12 | Pos: (5, 26) | Last move: up | Streak: 2
[16:43:38] STUCK | Map: 12 | Pos: (5, 25) | Last move: up | Streak: 2
[16:43:38] STUCK | Map: 12 | Pos: (5, 25) | Last move: up | Streak: 5
[16:43:38] STUCK | Map: 12 | Pos: (6, 24) | Last move: up | Streak: 2
[16:43:38] STUCK | Map: 12 | Pos: (5, 24) | Last move: up | Streak: 2
[16:43:38] STUCK | Map: 12 | Pos: (5, 24) | Last move: up | Streak: 5
[16:43:38] STUCK | Map: 12 | Pos: (5, 24) | Last move: up | Streak: 2
[16:43:38] STUCK | Map: 12 | Pos: (5, 24) | Last move: up | Streak: 5
[16:43:38] STUCK | Map: 12 | Pos: (7, 24) | Last move: right | Streak: 10
[16:43:38] OVERWORLD | Map: 12 | Pos: (9, 24) | Badges: 0 | Party: 1 | Action: left | Stuck: 0 | WP: 2→(5,20)
[16:43:38] STUCK | Map: 12 | Pos: (7, 24) | Last move: up | Streak: 2
[16:43:38] STUCK | Map: 12 | Pos: (6, 24) | Last move: up | Streak: 2
[16:43:38] STUCK | Map: 12 | Pos: (5, 24) | Last move: left | Streak: 5
[16:43:38] STUCK | Map: 12 | Pos: (7, 24) | Last move: right | Streak: 10
[16:43:38] STUCK | Map: 12 | Pos: (6, 24) | Last move: up | Streak: 2
[16:43:38] STUCK | Map: 12 | Pos: (5, 24) | Last move: up | Streak: 5
[16:43:38] STUCK | Map: 12 | Pos: (5, 24) | Last move: up | Streak: 2
[16:43:38] STUCK | Map: 12 | Pos: (5, 24) | Last move: up | Streak: 5
[16:43:38] STUCK | Map: 12 | Pos: (7, 24) | Last move: right | Streak: 10
[16:43:38] STUCK | Map: 12 | Pos: (7, 24) | Last move: up | Streak: 2
[16:43:38] STUCK | Map: 12 | Pos: (5, 24) | Last move: up | Streak: 5
[16:43:38] OVERWORLD | Map: 12 | Pos: (5, 24) | Badges: 0 | Party: 1 | Action: right | Stuck: 9 | WP: 2→(5,20)
[16:43:38] STUCK | Map: 12 | Pos: (7, 24) | Last move: right | Streak: 10
[16:43:38] STUCK | Map: 12 | Pos: (5, 25) | Last move: up | Streak: 2
[16:43:38] STUCK | Map: 12 | Pos: (5, 25) | Last move: up | Streak: 5
[16:43:38] STUCK | Map: 12 | Pos: (5, 24) | Last move: up | Streak: 2
[16:43:38] STUCK | Map: 12 | Pos: (5, 24) | Last move: up | Streak: 5
[16:43:39] STUCK | Map: 12 | Pos: (5, 24) | Last move: up | Streak: 2
[16:43:39] STUCK | Map: 12 | Pos: (5, 24) | Last move: up | Streak: 5
[16:43:39] STUCK | Map: 12 | Pos: (7, 24) | Last move: right | Streak: 10
[16:43:39] STUCK | Map: 12 | Pos: (7, 24) | Last move: up | Streak: 2
[16:43:39] STUCK | Map: 12 | Pos: (6, 24) | Last move: up | Streak: 2
[16:43:39] STUCK | Map: 12 | Pos: (5, 24) | Last move: up | Streak: 5
[16:43:39] OVERWORLD | Map: 12 | Pos: (5, 24) | Badges: 0 | Party: 1 | Action: up | Stuck: 7 | WP: 2→(5,20)
[16:43:39] STUCK | Map: 12 | Pos: (7, 24) | Last move: right | Streak: 10
[16:43:39] STUCK | Map: 12 | Pos: (5, 26) | Last move: up | Streak: 2
[16:43:39] STUCK | Map: 12 | Pos: (5, 25) | Last move: up | Streak: 2
[16:43:39] PROGRESS STALL | No progress for 501 turns, forcing backtrack restore
[16:43:39] BACKTRACK | Restored to turn 1666 map=12 (6,25) attempt=1
[16:43:39] STUCK | Map: 12 | Pos: (5, 24) | Last move: up | Streak: 2
[16:43:39] STUCK | Map: 12 | Pos: (5, 24) | Last move: up | Streak: 5
[16:43:39] STUCK | Map: 12 | Pos: (5, 24) | Last move: up | Streak: 2
[16:43:39] STUCK | Map: 12 | Pos: (5, 24) | Last move: up | Streak: 5
[16:43:39] STUCK | Map: 12 | Pos: (7, 24) | Last move: right | Streak: 10
[16:43:39] STUCK | Map: 12 | Pos: (7, 24) | Last move: up | Streak: 2
[16:43:39] STUCK | Map: 12 | Pos: (5, 24) | Last move: up | Streak: 5
[16:43:39] STUCK | Map: 12 | Pos: (7, 24) | Last move: right | Streak: 10
[16:43:39] OVERWORLD | Map: 12 | Pos: (7, 24) | Badges: 0 | Party: 1 | Action: right | Stuck: 10 | WP: 2→(5,20)
[16:43:39] STUCK | Map: 12 | Pos: (5, 24) | Last move: up | Streak: 2
[16:43:39] STUCK | Map: 12 | Pos: (5, 24) | Last move: up | Streak: 5
[16:43:39] STUCK | Map: 12 | Pos: (5, 24) | Last move: up | Streak: 2
[16:43:39] STUCK | Map: 12 | Pos: (5, 24) | Last move: up | Streak: 5
[16:43:39] STUCK | Map: 12 | Pos: (7, 24) | Last move: right | Streak: 10
[16:43:39] STUCK | Map: 12 | Pos: (7, 24) | Last move: up | Streak: 2
[16:43:39] STUCK | Map: 12 | Pos: (5, 24) | Last move: up | Streak: 5
[16:43:39] STUCK | Map: 12 | Pos: (7, 24) | Last move: right | Streak: 10
[16:43:39] STUCK | Map: 12 | Pos: (5, 25) | Last move: up | Streak: 2
[16:43:39] STUCK | Map: 12 | Pos: (5, 25) | Last move: up | Streak: 5
[16:43:39] OVERWORLD | Map: 12 | Pos: (5, 25) | Badges: 0 | Party: 1 | Action: up | Stuck: 6 | WP: 2→(5,20)
[16:43:39] STUCK | Map: 12 | Pos: (5, 24) | Last move: up | Streak: 2
[16:43:39] STUCK | Map: 12 | Pos: (5, 24) | Last move: up | Streak: 5
[16:43:39] STUCK | Map: 12 | Pos: (5, 24) | Last move: up | Streak: 2
[16:43:39] STUCK | Map: 12 | Pos: (5, 24) | Last move: up | Streak: 5
[16:43:39] STUCK | Map: 12 | Pos: (7, 24) | Last move: right | Streak: 10
[16:43:39] STUCK | Map: 12 | Pos: (7, 24) | Last move: up | Streak: 2
[16:43:39] STUCK | Map: 12 | Pos: (5, 24) | Last move: up | Streak: 5
[16:43:39] STUCK | Map: 12 | Pos: (7, 24) | Last move: right | Streak: 10
[16:43:39] STUCK | Map: 12 | Pos: (5, 26) | Last move: up | Streak: 2
[16:43:39] STUCK | Map: 12 | Pos: (5, 26) | Last move: up | Streak: 5
[16:43:39] OVERWORLD | Map: 12 | Pos: (5, 25) | Badges: 0 | Party: 1 | Action: up | Stuck: 1 | WP: 2→(5,20)
[16:43:39] STUCK | Map: 12 | Pos: (5, 25) | Last move: up | Streak: 2
[16:43:39] STUCK | Map: 12 | Pos: (5, 25) | Last move: up | Streak: 5
[16:43:39] STUCK | Map: 12 | Pos: (6, 24) | Last move: up | Streak: 2
[16:43:39] STUCK | Map: 12 | Pos: (6, 24) | Last move: left | Streak: 5
[16:43:39] STUCK | Map: 12 | Pos: (5, 24) | Last move: up | Streak: 2
[16:43:39] STUCK | Map: 12 | Pos: (5, 24) | Last move: up | Streak: 5
[16:43:39] STUCK | Map: 12 | Pos: (5, 24) | Last move: up | Streak: 2
[16:43:39] STUCK | Map: 12 | Pos: (5, 24) | Last move: up | Streak: 5
[16:43:39] STUCK | Map: 12 | Pos: (7, 24) | Last move: right | Streak: 10
[16:43:39] STUCK | Map: 12 | Pos: (7, 24) | Last move: up | Streak: 2
[16:43:39] STUCK | Map: 12 | Pos: (5, 24) | Last move: up | Streak: 5
[16:43:39] STUCK | Map: 12 | Pos: (7, 24) | Last move: right | Streak: 10
[16:43:39] OVERWORLD | Map: 12 | Pos: (7, 24) | Badges: 0 | Party: 1 | Action: right | Stuck: 10 | WP: 2→(5,20)
[16:43:39] STUCK | Map: 12 | Pos: (5, 26) | Last move: up | Streak: 2
[16:43:39] STUCK | Map: 12 | Pos: (5, 26) | Last move: up | Streak: 5
[16:43:39] STUCK | Map: 12 | Pos: (5, 25) | Last move: up | Streak: 2
[16:43:39] STUCK | Map: 12 | Pos: (5, 25) | Last move: up | Streak: 5
[16:43:39] STUCK | Map: 12 | Pos: (6, 24) | Last move: up | Streak: 2
[16:43:39] STUCK | Map: 12 | Pos: (6, 24) | Last move: left | Streak: 5
[16:43:39] STUCK | Map: 12 | Pos: (5, 24) | Last move: up | Streak: 2
[16:43:39] STUCK | Map: 12 | Pos: (5, 24) | Last move: up | Streak: 5
[16:43:39] STUCK | Map: 12 | Pos: (5, 24) | Last move: up | Streak: 2
[16:43:39] STUCK | Map: 12 | Pos: (5, 24) | Last move: up | Streak: 5
[16:43:39] OVERWORLD | Map: 12 | Pos: (5, 24) | Badges: 0 | Party: 1 | Action: right | Stuck: 9 | WP: 2→(5,20)
[16:43:39] STUCK | Map: 12 | Pos: (7, 24) | Last move: right | Streak: 10
[16:43:39] STUCK | Map: 12 | Pos: (7, 24) | Last move: up | Streak: 2
[16:43:39] STUCK | Map: 12 | Pos: (5, 24) | Last move: up | Streak: 5
[16:43:39] STUCK | Map: 12 | Pos: (7, 24) | Last move: right | Streak: 10
[16:43:39] STUCK | Map: 12 | Pos: (5, 25) | Last move: up | Streak: 2
[16:43:39] STUCK | Map: 12 | Pos: (5, 25) | Last move: up | Streak: 5
[16:43:39] STUCK | Map: 12 | Pos: (6, 24) | Last move: up | Streak: 2
[16:43:39] STUCK | Map: 12 | Pos: (5, 24) | Last move: up | Streak: 2
[16:43:39] STUCK | Map: 12 | Pos: (5, 24) | Last move: up | Streak: 5
[16:43:39] STUCK | Map: 12 | Pos: (5, 24) | Last move: up | Streak: 2
[16:43:39] OVERWORLD | Map: 12 | Pos: (5, 24) | Badges: 0 | Party: 1 | Action: up | Stuck: 4 | WP: 2→(5,20)
[16:43:39] STUCK | Map: 12 | Pos: (5, 24) | Last move: up | Streak: 5
[16:43:39] STUCK | Map: 12 | Pos: (7, 24) | Last move: right | Streak: 10
[16:43:39] STUCK | Map: 12 | Pos: (7, 24) | Last move: up | Streak: 2
[16:43:39] STUCK | Map: 12 | Pos: (5, 24) | Last move: up | Streak: 5
[16:43:39] STUCK | Map: 12 | Pos: (7, 24) | Last move: right | Streak: 10
[16:43:40] STUCK | Map: 12 | Pos: (5, 24) | Last move: up | Streak: 2
[16:43:40] STUCK | Map: 12 | Pos: (5, 24) | Last move: up | Streak: 5
[16:43:40] STUCK | Map: 12 | Pos: (5, 24) | Last move: up | Streak: 2
[16:43:40] STUCK | Map: 12 | Pos: (5, 24) | Last move: up | Streak: 5
[16:43:40] STUCK | Map: 12 | Pos: (7, 24) | Last move: right | Streak: 10
[16:43:40] STUCK | Map: 12 | Pos: (7, 24) | Last move: up | Streak: 2
[16:43:40] OVERWORLD | Map: 12 | Pos: (5, 24) | Badges: 0 | Party: 1 | Action: up | Stuck: 3 | WP: 2→(5,20)
[16:43:40] STUCK | Map: 12 | Pos: (5, 24) | Last move: up | Streak: 5
[16:43:40] STUCK | Map: 12 | Pos: (7, 24) | Last move: right | Streak: 10
[16:43:40] STUCK | Map: 12 | Pos: (5, 24) | Last move: up | Streak: 2
[16:43:40] STUCK | Map: 12 | Pos: (5, 24) | Last move: up | Streak: 5
[16:43:40] STUCK | Map: 12 | Pos: (5, 24) | Last move: up | Streak: 2
[16:43:40] STUCK | Map: 12 | Pos: (5, 24) | Last move: up | Streak: 5
[16:43:40] STUCK | Map: 12 | Pos: (7, 24) | Last move: right | Streak: 10
[16:43:40] STUCK | Map: 12 | Pos: (7, 24) | Last move: up | Streak: 2
[16:43:40] STUCK | Map: 12 | Pos: (5, 24) | Last move: up | Streak: 5
[16:43:40] STUCK | Map: 12 | Pos: (7, 24) | Last move: right | Streak: 10
[16:43:40] OVERWORLD | Map: 12 | Pos: (7, 26) | Badges: 0 | Party: 1 | Action: left | Stuck: 0 | WP: 2→(5,20)
[16:43:40] STUCK | Map: 12 | Pos: (5, 24) | Last move: up | Streak: 2
[16:43:40] STUCK | Map: 12 | Pos: (5, 24) | Last move: up | Streak: 5
[16:43:40] STUCK | Map: 12 | Pos: (5, 24) | Last move: up | Streak: 2
[16:43:40] STUCK | Map: 12 | Pos: (5, 24) | Last move: up | Streak: 5
[16:43:40] STUCK | Map: 12 | Pos: (7, 24) | Last move: right | Streak: 10
[16:43:40] STUCK | Map: 12 | Pos: (7, 24) | Last move: up | Streak: 2
[16:43:40] STUCK | Map: 12 | Pos: (5, 24) | Last move: up | Streak: 5
[16:43:40] STUCK | Map: 12 | Pos: (7, 24) | Last move: right | Streak: 10
[16:43:40] STUCK | Map: 12 | Pos: (5, 26) | Last move: up | Streak: 2
[16:43:40] STUCK | Map: 12 | Pos: (5, 26) | Last move: up | Streak: 5
[16:43:40] STUCK | Map: 12 | Pos: (5, 25) | Last move: up | Streak: 2
[16:43:40] OVERWORLD | Map: 12 | Pos: (5, 25) | Badges: 0 | Party: 1 | Action: up | Stuck: 3 | WP: 2→(5,20)
[16:43:40] STUCK | Map: 12 | Pos: (5, 25) | Last move: up | Streak: 5
[16:43:40] STUCK | Map: 12 | Pos: (6, 24) | Last move: up | Streak: 2
[16:43:40] STUCK | Map: 12 | Pos: (6, 24) | Last move: left | Streak: 5
[16:43:40] STUCK | Map: 12 | Pos: (5, 24) | Last move: up | Streak: 2
[16:43:40] STUCK | Map: 12 | Pos: (5, 24) | Last move: up | Streak: 5
[16:43:40] STUCK | Map: 12 | Pos: (5, 24) | Last move: up | Streak: 2
[16:43:40] STUCK | Map: 12 | Pos: (5, 24) | Last move: up | Streak: 5
[16:43:40] STUCK | Map: 12 | Pos: (7, 24) | Last move: right | Streak: 10
[16:43:40] STUCK | Map: 12 | Pos: (7, 24) | Last move: up | Streak: 2
[16:43:40] STUCK | Map: 12 | Pos: (5, 24) | Last move: up | Streak: 5
[16:43:40] STUCK | Map: 12 | Pos: (7, 24) | Last move: right | Streak: 10
[16:43:40] OVERWORLD | Map: 12 | Pos: (7, 24) | Badges: 0 | Party: 1 | Action: right | Stuck: 10 | WP: 2→(5,20)
[16:43:40] STUCK | Map: 12 | Pos: (5, 24) | Last move: up | Streak: 2
[16:43:40] STUCK | Map: 12 | Pos: (5, 24) | Last move: up | Streak: 5
[16:43:40] PROGRESS STALL | No progress for 501 turns, forcing backtrack restore
[16:43:40] BACKTRACK | Restored to turn 1904 map=12 (5,26) attempt=1
[16:43:40] STUCK | Map: 12 | Pos: (5, 26) | Last move: up | Streak: 2
[16:43:40] STUCK | Map: 12 | Pos: (5, 26) | Last move: up | Streak: 5
[16:43:40] STUCK | Map: 12 | Pos: (5, 25) | Last move: up | Streak: 2
[16:43:40] STUCK | Map: 12 | Pos: (5, 25) | Last move: up | Streak: 5
[16:43:40] STUCK | Map: 12 | Pos: (6, 24) | Last move: up | Streak: 2
[16:43:40] STUCK | Map: 12 | Pos: (6, 24) | Last move: left | Streak: 5
[16:43:40] STUCK | Map: 12 | Pos: (5, 24) | Last move: up | Streak: 2
[16:43:40] STUCK | Map: 12 | Pos: (5, 24) | Last move: up | Streak: 5
[16:43:40] OVERWORLD | Map: 12 | Pos: (5, 24) | Badges: 0 | Party: 1 | Action: up | Stuck: 7 | WP: 2→(5,20)
[16:43:40] STUCK | Map: 12 | Pos: (5, 24) | Last move: up | Streak: 2
[16:43:40] STUCK | Map: 12 | Pos: (5, 24) | Last move: up | Streak: 5
[16:43:40] STUCK | Map: 12 | Pos: (7, 24) | Last move: right | Streak: 10
[16:43:40] STUCK | Map: 12 | Pos: (7, 24) | Last move: up | Streak: 2
[16:43:40] STUCK | Map: 12 | Pos: (5, 24) | Last move: up | Streak: 5
[16:43:40] STUCK | Map: 12 | Pos: (7, 24) | Last move: right | Streak: 10
[16:43:40] STUCK | Map: 12 | Pos: (5, 25) | Last move: up | Streak: 2
[16:43:40] STUCK | Map: 12 | Pos: (5, 25) | Last move: up | Streak: 5
[16:43:40] STUCK | Map: 12 | Pos: (6, 24) | Last move: up | Streak: 2
[16:43:40] STUCK | Map: 12 | Pos: (5, 24) | Last move: up | Streak: 2
[16:43:40] OVERWORLD | Map: 12 | Pos: (5, 24) | Badges: 0 | Party: 1 | Action: up | Stuck: 2 | WP: 2→(5,20)
[16:43:40] STUCK | Map: 12 | Pos: (5, 24) | Last move: up | Streak: 5
[16:43:40] STUCK | Map: 12 | Pos: (5, 24) | Last move: up | Streak: 2
[16:43:40] STUCK | Map: 12 | Pos: (5, 24) | Last move: up | Streak: 5
[16:43:40] STUCK | Map: 12 | Pos: (7, 24) | Last move: right | Streak: 10
[16:43:40] STUCK | Map: 12 | Pos: (7, 24) | Last move: up | Streak: 2
[16:43:40] STUCK | Map: 12 | Pos: (5, 24) | Last move: up | Streak: 5
[16:43:40] STUCK | Map: 12 | Pos: (7, 24) | Last move: right | Streak: 10
[16:43:40] STUCK | Map: 12 | Pos: (5, 24) | Last move: up | Streak: 2
[16:43:40] STUCK | Map: 12 | Pos: (5, 24) | Last move: up | Streak: 5
[16:43:40] STUCK | Map: 12 | Pos: (5, 24) | Last move: up | Streak: 2
[16:43:40] OVERWORLD | Map: 12 | Pos: (5, 24) | Badges: 0 | Party: 1 | Action: up | Stuck: 2 | WP: 2→(5,20)
[16:43:40] STUCK | Map: 12 | Pos: (5, 24) | Last move: up | Streak: 5
[16:43:40] STUCK | Map: 12 | Pos: (7, 24) | Last move: right | Streak: 10
[16:43:40] STUCK | Map: 12 | Pos: (7, 24) | Last move: up | Streak: 2
[16:43:40] STUCK | Map: 12 | Pos: (5, 24) | Last move: up | Streak: 5
[16:43:40] STUCK | Map: 12 | Pos: (7, 24) | Last move: right | Streak: 10
[16:43:40] STUCK | Map: 12 | Pos: (5, 24) | Last move: up | Streak: 2
[16:43:41] STUCK | Map: 12 | Pos: (5, 24) | Last move: up | Streak: 5
[16:43:41] STUCK | Map: 12 | Pos: (5, 24) | Last move: up | Streak: 2
[16:43:41] STUCK | Map: 12 | Pos: (5, 24) | Last move: up | Streak: 5
[16:43:41] STUCK | Map: 12 | Pos: (7, 24) | Last move: right | Streak: 10
[16:43:41] OVERWORLD | Map: 12 | Pos: (7, 24) | Badges: 0 | Party: 1 | Action: up | Stuck: 1 | WP: 2→(5,20)
[16:43:41] STUCK | Map: 12 | Pos: (7, 24) | Last move: up | Streak: 2
[16:43:41] STUCK | Map: 12 | Pos: (5, 24) | Last move: up | Streak: 5
[16:43:41] STUCK | Map: 12 | Pos: (7, 24) | Last move: right | Streak: 10
[16:43:41] STUCK | Map: 12 | Pos: (5, 24) | Last move: up | Streak: 2
[16:43:41] STUCK | Map: 12 | Pos: (5, 24) | Last move: up | Streak: 5
[16:43:41] STUCK | Map: 12 | Pos: (5, 24) | Last move: up | Streak: 2
[16:43:41] STUCK | Map: 12 | Pos: (5, 24) | Last move: up | Streak: 5
[16:43:41] STUCK | Map: 12 | Pos: (7, 24) | Last move: right | Streak: 10
[16:43:41] STUCK | Map: 12 | Pos: (7, 24) | Last move: up | Streak: 2
[16:43:41] STUCK | Map: 12 | Pos: (5, 24) | Last move: up | Streak: 5
[16:43:41] STUCK | Map: 12 | Pos: (7, 24) | Last move: right | Streak: 10
[16:43:41] OVERWORLD | Map: 12 | Pos: (9, 24) | Badges: 0 | Party: 1 | Action: down | Stuck: 11 | WP: 2→(5,20)
[16:43:41] STUCK | Map: 12 | Pos: (5, 26) | Last move: up | Streak: 2
[16:43:41] STUCK | Map: 12 | Pos: (5, 26) | Last move: up | Streak: 5
[16:43:41] STUCK | Map: 12 | Pos: (5, 25) | Last move: up | Streak: 2
[16:43:41] STUCK | Map: 12 | Pos: (5, 25) | Last move: up | Streak: 5
[16:43:41] STUCK | Map: 12 | Pos: (6, 24) | Last move: up | Streak: 2
[16:43:41] STUCK | Map: 12 | Pos: (6, 24) | Last move: left | Streak: 5
[16:43:41] STUCK | Map: 12 | Pos: (5, 24) | Last move: up | Streak: 2
[16:43:41] STUCK | Map: 12 | Pos: (5, 24) | Last move: up | Streak: 5
[16:43:41] STUCK | Map: 12 | Pos: (5, 24) | Last move: up | Streak: 2
[16:43:41] STUCK | Map: 12 | Pos: (5, 24) | Last move: up | Streak: 5
[16:43:41] OVERWORLD | Map: 12 | Pos: (5, 24) | Badges: 0 | Party: 1 | Action: right | Stuck: 9 | WP: 2→(5,20)
[16:43:41] STUCK | Map: 12 | Pos: (7, 24) | Last move: right | Streak: 10
[16:43:41] STUCK | Map: 12 | Pos: (7, 24) | Last move: up | Streak: 2
[16:43:41] STUCK | Map: 12 | Pos: (5, 24) | Last move: up | Streak: 5
[16:43:41] STUCK | Map: 12 | Pos: (7, 24) | Last move: right | Streak: 10
[16:43:41] STUCK | Map: 12 | Pos: (5, 24) | Last move: up | Streak: 2
[16:43:41] STUCK | Map: 12 | Pos: (5, 24) | Last move: up | Streak: 5
[16:43:41] STUCK | Map: 12 | Pos: (5, 24) | Last move: up | Streak: 2
[16:43:41] STUCK | Map: 12 | Pos: (5, 24) | Last move: up | Streak: 5
[16:43:41] STUCK | Map: 12 | Pos: (7, 24) | Last move: right | Streak: 10
[16:43:41] STUCK | Map: 12 | Pos: (7, 24) | Last move: up | Streak: 2
[16:43:41] STUCK | Map: 12 | Pos: (5, 24) | Last move: up | Streak: 5
[16:43:41] OVERWORLD | Map: 12 | Pos: (5, 24) | Badges: 0 | Party: 1 | Action: up | Stuck: 8 | WP: 2→(5,20)
[16:43:41] STUCK | Map: 12 | Pos: (7, 24) | Last move: right | Streak: 10
[16:43:41] STUCK | Map: 12 | Pos: (5, 26) | Last move: up | Streak: 2
[16:43:41] STUCK | Map: 12 | Pos: (5, 25) | Last move: up | Streak: 2
[16:43:41] STUCK | Map: 12 | Pos: (5, 25) | Last move: up | Streak: 5
[16:43:41] STUCK | Map: 12 | Pos: (5, 24) | Last move: up | Streak: 2
[16:43:41] STUCK | Map: 12 | Pos: (5, 24) | Last move: up | Streak: 5
[16:43:41] STUCK | Map: 12 | Pos: (5, 24) | Last move: up | Streak: 2
[16:43:41] STUCK | Map: 12 | Pos: (5, 24) | Last move: up | Streak: 5
[16:43:41] STUCK | Map: 12 | Pos: (7, 24) | Last move: right | Streak: 10
[16:43:41] STUCK | Map: 12 | Pos: (7, 24) | Last move: up | Streak: 2
[16:43:41] STUCK | Map: 12 | Pos: (5, 24) | Last move: up | Streak: 5
[16:43:41] OVERWORLD | Map: 12 | Pos: (5, 24) | Badges: 0 | Party: 1 | Action: up | Stuck: 7 | WP: 2→(5,20)
[16:43:41] STUCK | Map: 12 | Pos: (7, 24) | Last move: right | Streak: 10
[16:43:41] STUCK | Map: 12 | Pos: (5, 26) | Last move: up | Streak: 2
[16:43:41] STUCK | Map: 12 | Pos: (5, 25) | Last move: up | Streak: 2
[16:43:41] STUCK | Map: 12 | Pos: (5, 25) | Last move: up | Streak: 5
[16:43:41] STUCK | Map: 12 | Pos: (6, 24) | Last move: up | Streak: 2
[16:43:41] STUCK | Map: 12 | Pos: (6, 24) | Last move: left | Streak: 5
[16:43:41] STUCK | Map: 12 | Pos: (5, 24) | Last move: up | Streak: 2
[16:43:41] STUCK | Map: 12 | Pos: (5, 24) | Last move: up | Streak: 5
[16:43:41] STUCK | Map: 12 | Pos: (5, 24) | Last move: up | Streak: 2
[16:43:41] STUCK | Map: 12 | Pos: (5, 24) | Last move: up | Streak: 5
[16:43:41] OVERWORLD | Map: 12 | Pos: (5, 24) | Badges: 0 | Party: 1 | Action: right | Stuck: 9 | WP: 2→(5,20)
[16:43:41] STUCK | Map: 12 | Pos: (7, 24) | Last move: right | Streak: 10
[16:43:41] STUCK | Map: 12 | Pos: (7, 24) | Last move: up | Streak: 2
[16:43:41] STUCK | Map: 12 | Pos: (5, 24) | Last move: up | Streak: 5
[16:43:41] STUCK | Map: 12 | Pos: (7, 24) | Last move: right | Streak: 10
[16:43:41] STUCK | Map: 12 | Pos: (5, 25) | Last move: up | Streak: 2
[16:43:41] STUCK | Map: 12 | Pos: (5, 25) | Last move: up | Streak: 5
[16:43:41] STUCK | Map: 12 | Pos: (6, 24) | Last move: up | Streak: 2
[16:43:41] STUCK | Map: 12 | Pos: (5, 24) | Last move: up | Streak: 2
[16:43:41] STUCK | Map: 12 | Pos: (5, 24) | Last move: up | Streak: 5
[16:43:41] STUCK | Map: 12 | Pos: (5, 24) | Last move: up | Streak: 2
[16:43:41] STUCK | Map: 12 | Pos: (5, 24) | Last move: up | Streak: 5
[16:43:41] OVERWORLD | Map: 12 | Pos: (5, 24) | Badges: 0 | Party: 1 | Action: up | Stuck: 5 | WP: 2→(5,20)
[16:43:41] STUCK | Map: 12 | Pos: (7, 24) | Last move: right | Streak: 10
[16:43:41] STUCK | Map: 12 | Pos: (7, 24) | Last move: up | Streak: 2
[16:43:41] STUCK | Map: 12 | Pos: (5, 24) | Last move: up | Streak: 5
[16:43:41] STUCK | Map: 12 | Pos: (7, 24) | Last move: right | Streak: 10
[16:43:41] PROGRESS STALL | No progress for 501 turns, forcing backtrack restore
[16:43:41] BACKTRACK | Restored to turn 2652 map=12 (9,24) attempt=1
[16:43:41] STUCK | Map: 12 | Pos: (5, 24) | Last move: up | Streak: 2
[16:43:41] STUCK | Map: 12 | Pos: (5, 24) | Last move: up | Streak: 5
[16:43:41] STUCK | Map: 12 | Pos: (7, 24) | Last move: right | Streak: 10
[16:43:42] STUCK | Map: 12 | Pos: (7, 24) | Last move: up | Streak: 2
[16:43:42] STUCK | Map: 12 | Pos: (5, 24) | Last move: up | Streak: 5
[16:43:42] STUCK | Map: 12 | Pos: (7, 24) | Last move: right | Streak: 10
[16:43:42] OVERWORLD | Map: 12 | Pos: (5, 24) | Badges: 0 | Party: 1 | Action: up | Stuck: 1 | WP: 2→(5,20)
[16:43:42] STUCK | Map: 12 | Pos: (5, 24) | Last move: up | Streak: 2
[16:43:42] STUCK | Map: 12 | Pos: (5, 24) | Last move: up | Streak: 5
[16:43:42] STUCK | Map: 12 | Pos: (5, 24) | Last move: up | Streak: 2
[16:43:42] STUCK | Map: 12 | Pos: (5, 24) | Last move: up | Streak: 5
[16:43:42] STUCK | Map: 12 | Pos: (7, 24) | Last move: right | Streak: 10
[16:43:42] STUCK | Map: 12 | Pos: (7, 24) | Last move: up | Streak: 2
[16:43:42] STUCK | Map: 12 | Pos: (5, 24) | Last move: up | Streak: 5
[16:43:42] STUCK | Map: 12 | Pos: (7, 24) | Last move: right | Streak: 10
[16:43:42] STUCK | Map: 12 | Pos: (5, 25) | Last move: up | Streak: 2
[16:43:42] STUCK | Map: 12 | Pos: (5, 25) | Last move: up | Streak: 5
[16:43:42] STUCK | Map: 12 | Pos: (6, 24) | Last move: up | Streak: 2
[16:43:42] OVERWORLD | Map: 12 | Pos: (6, 24) | Badges: 0 | Party: 1 | Action: left | Stuck: 2 | WP: 2→(5,20)
[16:43:42] STUCK | Map: 12 | Pos: (6, 24) | Last move: left | Streak: 5
[16:43:42] STUCK | Map: 12 | Pos: (5, 24) | Last move: up | Streak: 2
[16:43:42] STUCK | Map: 12 | Pos: (5, 24) | Last move: up | Streak: 5
[16:43:42] STUCK | Map: 12 | Pos: (5, 24) | Last move: up | Streak: 2
[16:43:42] STUCK | Map: 12 | Pos: (5, 24) | Last move: up | Streak: 5
[16:43:42] STUCK | Map: 12 | Pos: (7, 24) | Last move: right | Streak: 10
[16:43:42] STUCK | Map: 12 | Pos: (7, 24) | Last move: up | Streak: 2
[16:43:42] STUCK | Map: 12 | Pos: (6, 24) | Last move: up | Streak: 2
[16:43:42] STUCK | Map: 12 | Pos: (5, 24) | Last move: up | Streak: 5
[16:43:42] STUCK | Map: 12 | Pos: (7, 24) | Last move: right | Streak: 10
[16:43:42] STUCK | Map: 12 | Pos: (5, 25) | Last move: up | Streak: 2
[16:43:42] STUCK | Map: 12 | Pos: (5, 25) | Last move: up | Streak: 5
[16:43:42] OVERWORLD | Map: 12 | Pos: (5, 25) | Badges: 0 | Party: 1 | Action: up | Stuck: 6 | WP: 2→(5,20)
[16:43:42] STUCK | Map: 12 | Pos: (5, 24) | Last move: up | Streak: 2
[16:43:42] STUCK | Map: 12 | Pos: (5, 24) | Last move: up | Streak: 5
[16:43:42] STUCK | Map: 12 | Pos: (5, 24) | Last move: up | Streak: 2
[16:43:42] STUCK | Map: 12 | Pos: (5, 24) | Last move: up | Streak: 5
[16:43:42] STUCK | Map: 12 | Pos: (7, 24) | Last move: right | Streak: 10
[16:43:42] STUCK | Map: 12 | Pos: (7, 24) | Last move: up | Streak: 2
[16:43:42] STUCK | Map: 12 | Pos: (5, 24) | Last move: up | Streak: 5
[16:43:42] STUCK | Map: 12 | Pos: (7, 24) | Last move: right | Streak: 10
[16:43:42] STUCK | Map: 12 | Pos: (5, 24) | Last move: up | Streak: 2
[16:43:42] OVERWORLD | Map: 12 | Pos: (5, 24) | Badges: 0 | Party: 1 | Action: up | Stuck: 2 | WP: 2→(5,20)
[16:43:42] STUCK | Map: 12 | Pos: (5, 24) | Last move: up | Streak: 5
[16:43:42] STUCK | Map: 12 | Pos: (5, 24) | Last move: up | Streak: 2
[16:43:42] STUCK | Map: 12 | Pos: (5, 24) | Last move: up | Streak: 5
[16:43:42] STUCK | Map: 12 | Pos: (7, 24) | Last move: right | Streak: 10
[16:43:42] STUCK | Map: 12 | Pos: (7, 24) | Last move: up | Streak: 2
[16:43:42] STUCK | Map: 12 | Pos: (5, 24) | Last move: up | Streak: 5
[16:43:42] STUCK | Map: 12 | Pos: (7, 24) | Last move: right | Streak: 10
[16:43:42] STUCK | Map: 12 | Pos: (5, 24) | Last move: up | Streak: 2
[16:43:42] STUCK | Map: 12 | Pos: (5, 24) | Last move: up | Streak: 5
[16:43:42] STUCK | Map: 12 | Pos: (5, 24) | Last move: up | Streak: 2
[16:43:42] OVERWORLD | Map: 12 | Pos: (5, 24) | Badges: 0 | Party: 1 | Action: up | Stuck: 2 | WP: 2→(5,20)
[16:43:42] STUCK | Map: 12 | Pos: (5, 24) | Last move: up | Streak: 5
[16:43:42] STUCK | Map: 12 | Pos: (7, 24) | Last move: right | Streak: 10
[16:43:42] STUCK | Map: 12 | Pos: (7, 24) | Last move: up | Streak: 2
[16:43:42] STUCK | Map: 12 | Pos: (5, 24) | Last move: up | Streak: 5
[16:43:42] STUCK | Map: 12 | Pos: (7, 24) | Last move: right | Streak: 10
[16:43:42] STUCK | Map: 12 | Pos: (5, 26) | Last move: up | Streak: 2
[16:43:42] STUCK | Map: 12 | Pos: (5, 25) | Last move: up | Streak: 2
[16:43:42] STUCK | Map: 12 | Pos: (5, 25) | Last move: up | Streak: 5
[16:43:42] STUCK | Map: 12 | Pos: (5, 24) | Last move: up | Streak: 2
[16:43:42] STUCK | Map: 12 | Pos: (5, 24) | Last move: up | Streak: 5
[16:43:42] Session complete. Turns: 3000 | Wins: 10
[16:43:42] POKEDEX | Wrote /Users/bdougie/code/pcc-labs/pokemon-kafka/pokedex/log199.md
